#
# A fatal error has been detected by the Java Runtime Environment:
#
#  EXCEPTION_ACCESS_VIOLATION (0xc0000005) at pc=0x0000000071b22cbd, pid=11024, tid=14136
#
# JRE version: OpenJDK Runtime Environment (16.0.1+9) (build 16.0.1+9-24)
# Java VM: OpenJDK 64-Bit Server VM (16.0.1+9-24, mixed mode, sharing, tiered, compressed oops, compressed class ptrs, g1 gc, windows-amd64)
# Problematic frame:
# C  [QtGui4.dll+0x62cbd]
#
# No core dump will be written. Minidumps are not enabled by default on client versions of Windows
#
# If you would like to submit a bug report, please visit:
#   https://bugreport.java.com/bugreport/crash.jsp
# The crash happened outside the Java Virtual Machine in native code.
# See problematic frame for where to report the bug.
#

---------------  S U M M A R Y ------------

Command Line: -Dfile.encoding=UTF-8 --module-path=C:\Users\dam_aap\Desktop\ProyectoConjunto\gym\Gimansio3.0\Gimnasio1.0\Interfaz\NetBeans\GymDam\build\classes gymdam.GymDam

Host: Intel(R) Core(TM) i5-9500 CPU @ 3.00GHz, 6 cores, 7G,  Windows 10 , 64 bit Build 19041 (10.0.19041.1466)
Time: Thu Feb 17 13:54:03 2022 Hora estándar romance elapsed time: 201.524518 seconds (0d 0h 3m 21s)

---------------  T H R E A D  ---------------

Current thread (0x0000028106a91ce0):  JavaThread "Unknown thread" [_thread_in_native, id=14136, stack(0x000000ab2f600000,0x000000ab2f700000)]

Stack: [0x000000ab2f600000,0x000000ab2f700000],  sp=0x000000ab2f6feb60,  free space=1018k
Native frames: (J=compiled Java code, j=interpreted, Vv=VM code, C=native code)
C  [QtGui4.dll+0x62cbd]

Java frames: (J=compiled Java code, j=interpreted, Vv=VM code)
J 737  com.trolltech.qt.internal.QtJambiObject.finalize()V (0 bytes) @ 0x0000028177aab76b [0x0000028177aab720+0x000000000000004b]
J 731 c1 java.lang.ref.Finalizer.runFinalizer(Ljdk/internal/access/JavaLangAccess;)V java.base@16.0.1 (131 bytes) @ 0x0000028170650e24 [0x00000281706507c0+0x0000000000000664]
j  java.lang.ref.Finalizer$FinalizerThread.run()V+46 java.base@16.0.1
v  ~StubRoutines::call_stub

siginfo: EXCEPTION_ACCESS_VIOLATION (0xc0000005), reading address 0x0000000000000008


Register to memory mapping:

RIP=0x0000000071b22cbd QtGui4.dll
RAX=0x0 is NULL
RBX=0x00000000ffffffff is an unallocated location in the heap
RCX=0x000002810810b430 points into unknown readable memory: 0x0000000000000001 | 01 00 00 00 00 00 00 00
RDX=0x0000000000000001 is an unknown value
RSP=0x000000ab2f6feb60 is pointing into the stack for thread: 0x0000028106a91ce0
RBP=0x0000000000000005 is an unknown value
RSI=0x00000281084d6c90 points into unknown readable memory: 0x0000000072113148 | 48 31 11 72 00 00 00 00
RDI=0x00000281084d6c90 points into unknown readable memory: 0x0000000072113148 | 48 31 11 72 00 00 00 00
R8 =0x0000000000000178 is an unknown value
R9 =0x0000000000000040 is an unknown value
R10=0x0000000000000140 is an unknown value
R11=0xdffffffafffe3fff is an unknown value
R12=0x00000281084d4ee0 points into unknown readable memory: 0x00000000720bfe58 | 58 fe 0b 72 00 00 00 00
R13=0x0000028108591140 points into unknown readable memory: 0x00000000721291f0 | f0 91 12 72 00 00 00 00
R14=0x0 is NULL
R15=0x0 is NULL


Registers:
RAX=0x0000000000000000, RBX=0x00000000ffffffff, RCX=0x000002810810b430, RDX=0x0000000000000001
RSP=0x000000ab2f6feb60, RBP=0x0000000000000005, RSI=0x00000281084d6c90, RDI=0x00000281084d6c90
R8 =0x0000000000000178, R9 =0x0000000000000040, R10=0x0000000000000140, R11=0xdffffffafffe3fff
R12=0x00000281084d4ee0, R13=0x0000028108591140, R14=0x0000000000000000, R15=0x0000000000000000
RIP=0x0000000071b22cbd, EFLAGS=0x0000000000010202

Top of Stack: (sp=0x000000ab2f6feb60)
0x000000ab2f6feb60:   000002810810b430 00000000ffffffff
0x000000ab2f6feb70:   0000000000000005 00007ff8b30e69d8
0x000000ab2f6feb80:   0000028100000000 0000000000000005
0x000000ab2f6feb90:   fffffffffffffffe 00000281084d4ee0
0x000000ab2f6feba0:   0000000000000000 0000000071e3b1ce
0x000000ab2f6febb0:   0000028107ad0cc0 0000000000000001
0x000000ab2f6febc0:   000002810810b430 0000000000000000
0x000000ab2f6febd0:   0000000000000001 0000000071e3aa44
0x000000ab2f6febe0:   00000281084d6c90 0000000000000005
0x000000ab2f6febf0:   00000281084d6a60 0000000000000004
0x000000ab2f6fec00:   fffffffffffffffe 0000000000000004
0x000000ab2f6fec10:   00000281084d6c90 00007ff874cb29a5
0x000000ab2f6fec20:   00000281084d6c90 0000028100000000
0x000000ab2f6fec30:   0000028107ad0a80 00000000726ee0a8
0x000000ab2f6fec40:   fffffffffffffffe 00000000723c6298
0x000000ab2f6fec50:   0000028108591140 000000007254ab73 

Instructions: (pc=0x0000000071b22cbd)
0x0000000071b22bbd:   8b 0e 48 3b cb 74 1b ff 15 66 9b 58 00 84 c0 75
0x0000000071b22bcd:   0e ba 08 00 00 00 48 8b 0e ff 15 c4 9d 58 00 48
0x0000000071b22bdd:   89 1e 48 83 c4 38 41 5e 5f 5e 5b c3 cc cc cc cc
0x0000000071b22bed:   cc cc cc 40 57 48 83 ec 20 48 8b 41 f8 48 8b fa
0x0000000071b22bfd:   48 3b 90 40 01 00 00 74 6c 48 8b 41 f8 48 89 5c
0x0000000071b22c0d:   24 30 48 8d 59 f0 f7 80 c8 01 00 00 00 00 00 10
0x0000000071b22c1d:   74 0c 48 8b 43 20 48 8b 08 48 85 c9 75 22 41 b0
0x0000000071b22c2d:   01 ba 64 00 00 00 48 8b cb e8 95 2c 00 00 48 8b
0x0000000071b22c3d:   4b 08 33 d2 e8 fa 7b ff ff 48 8b 43 20 48 8b 08
0x0000000071b22c4d:   48 8b d7 ff 15 12 cf 58 00 48 8b 5c 24 30 85 c0
0x0000000071b22c5d:   75 13 48 8d 0d 52 db 59 00 48 83 c4 20 5f 48 ff
0x0000000071b22c6d:   25 fe a6 58 00 48 83 c4 20 5f c3 cc cc cc cc cc
0x0000000071b22c7d:   cc cc cc 85 d2 74 68 57 48 83 ec 40 48 c7 44 24
0x0000000071b22c8d:   30 fe ff ff ff 48 89 5c 24 50 8b da 48 8b f9 c7
0x0000000071b22c9d:   44 24 20 00 00 00 00 45 33 c9 45 33 c0 33 d2 48
0x0000000071b22cad:   8d 4c 24 60 e8 ba ba fd ff 90 ff 15 bb 9b 58 00
0x0000000071b22cbd:   48 8b 48 08 48 81 c1 28 01 00 00 4c 8d 4c 24 60
0x0000000071b22ccd:   4c 8b c7 8b d3 e8 f9 8c fe ff 90 48 8d 4c 24 60
0x0000000071b22cdd:   e8 ee e2 fc ff 48 8b 5c 24 50 48 83 c4 40 5f c3
0x0000000071b22ced:   cc cc cc 48 89 5c 24 10 48 89 6c 24 18 48 89 74
0x0000000071b22cfd:   24 20 57 48 81 ec 90 00 00 00 48 8b 05 62 4e 8a
0x0000000071b22d0d:   00 48 33 c4 48 89 84 24 80 00 00 00 48 8b f1 48
0x0000000071b22d1d:   8b 09 48 8b fa 48 83 c1 68 ba 01 00 00 00 ff 15
0x0000000071b22d2d:   ef 99 58 00 84 c0 74 08 48 8b ce e8 f3 7b fa ff
0x0000000071b22d3d:   48 8b 0e 48 8b d1 48 8b d9 4c 63 49 6c 8b 69 70
0x0000000071b22d4d:   4d 85 c9 78 42 48 8d 44 24 20 41 ba 08 00 00 00
0x0000000071b22d5d:   4c 2b d0 4a 8b 5c ca 08 48 3b d9 74 20 44 8b 07
0x0000000071b22d6d:   0f 1f 00 44 39 43 f8 7d 14 4b 8d 04 ca 48 8b d3
0x0000000071b22d7d:   48 03 c3 48 8b 5c 04 20 48 3b d9 75 e6 4a 89 54
0x0000000071b22d8d:   cc 20 49 ff c9 79 cc 48 3b d9 74 3d 8b 43 f8 39
0x0000000071b22d9d:   07 7c 36 48 8b 0e 4c 8b cb 48 8b 5b 08 48 3b d9
0x0000000071b22dad:   74 0e 8b 43 f8 41 39 41 f8 7c 05 40 b7 01 eb 03 


Stack slot to memory mapping:
stack at sp + 0 slots: 0x000002810810b430 points into unknown readable memory: 0x0000000000000001 | 01 00 00 00 00 00 00 00
stack at sp + 1 slots: 0x00000000ffffffff is an unallocated location in the heap
stack at sp + 2 slots: 0x0000000000000005 is an unknown value
stack at sp + 3 slots: 0x00007ff8b30e69d8 MSVCR120.dll
stack at sp + 4 slots: 0x0000028100000000 points into unknown readable memory: 0x0000000000000000 | 00 00 00 00 00 00 00 00
stack at sp + 5 slots: 0x0000000000000005 is an unknown value
stack at sp + 6 slots: 0xfffffffffffffffe is an unknown value
stack at sp + 7 slots: 0x00000281084d4ee0 points into unknown readable memory: 0x00000000720bfe58 | 58 fe 0b 72 00 00 00 00


---------------  P R O C E S S  ---------------

Threads class SMR info:
_java_thread_list=0x0000028107afc970, length=15, elements={
0x0000028106a90f10, 0x0000028106a91ce0, 0x0000028106aa00a0, 0x0000028106aa0bb0,
0x0000028106aa34d0, 0x0000028106aa4df0, 0x0000028106ab0200, 0x0000028106ab0b50,
0x0000028106abd0e0, 0x0000028106a6bc80, 0x0000028107612790, 0x000002810759dd70,
0x000002816700f6c0, 0x0000028107f053a0, 0x00000281080a7c00
}

Java Threads: ( => current thread )
  0x0000028106a90f10 JavaThread "Reference Handler" daemon [_thread_blocked, id=13964, stack(0x000000ab2f500000,0x000000ab2f600000)]
=>0x0000028106a91ce0 JavaThread "Finalizer" daemon [_thread_in_native, id=14136, stack(0x000000ab2f600000,0x000000ab2f700000)]
  0x0000028106aa00a0 JavaThread "Signal Dispatcher" daemon [_thread_blocked, id=12644, stack(0x000000ab2f700000,0x000000ab2f800000)]
  0x0000028106aa0bb0 JavaThread "Attach Listener" daemon [_thread_blocked, id=2280, stack(0x000000ab2f800000,0x000000ab2f900000)]
  0x0000028106aa34d0 JavaThread "Service Thread" daemon [_thread_blocked, id=14304, stack(0x000000ab2f900000,0x000000ab2fa00000)]
  0x0000028106aa4df0 JavaThread "Monitor Deflation Thread" daemon [_thread_blocked, id=6120, stack(0x000000ab2fa00000,0x000000ab2fb00000)]
  0x0000028106ab0200 JavaThread "C2 CompilerThread0" daemon [_thread_blocked, id=12372, stack(0x000000ab2fb00000,0x000000ab2fc00000)]
  0x0000028106ab0b50 JavaThread "C1 CompilerThread0" daemon [_thread_blocked, id=7576, stack(0x000000ab2fc00000,0x000000ab2fd00000)]
  0x0000028106abd0e0 JavaThread "Sweeper thread" daemon [_thread_blocked, id=5504, stack(0x000000ab2fd00000,0x000000ab2fe00000)]
  0x0000028106a6bc80 JavaThread "Common-Cleaner" daemon [_thread_blocked, id=7632, stack(0x000000ab2fe00000,0x000000ab2ff00000)]
  0x0000028107612790 JavaThread "Notification Thread" daemon [_thread_blocked, id=13592, stack(0x000000ab2ff00000,0x000000ab30000000)]
  0x000002810759dd70 JavaThread "Java2D Disposer" daemon [_thread_blocked, id=14348, stack(0x000000ab30800000,0x000000ab30900000)]
  0x000002816700f6c0 JavaThread "DestroyJavaVM" [_thread_blocked, id=11516, stack(0x000000ab2ee00000,0x000000ab2ef00000)]
  0x0000028107f053a0 JavaThread "AWT-Shutdown" [_thread_blocked, id=14212, stack(0x000000ab30b00000,0x000000ab30c00000)]
  0x00000281080a7c00 JavaThread "Thread-2" daemon [_thread_in_native, id=13216, stack(0x000000ab30700000,0x000000ab30800000)]

Other Threads:
  0x0000028106a8a0b0 VMThread "VM Thread" [stack: 0x000000ab2f400000,0x000000ab2f500000] [id=10544]
  0x0000028167010740 WatcherThread [stack: 0x000000ab30000000,0x000000ab30100000] [id=9692]
  0x0000028167051220 GCTaskThread "GC Thread#0" [stack: 0x000000ab2ef00000,0x000000ab2f000000] [id=9004]
  0x0000028107ed1970 GCTaskThread "GC Thread#1" [stack: 0x000000ab30100000,0x000000ab30200000] [id=15220]
  0x0000028107ed1c80 GCTaskThread "GC Thread#2" [stack: 0x000000ab30300000,0x000000ab30400000] [id=6676]
  0x00000281080f0360 GCTaskThread "GC Thread#3" [stack: 0x000000ab30400000,0x000000ab30500000] [id=13700]
  0x00000281080ea700 GCTaskThread "GC Thread#4" [stack: 0x000000ab30500000,0x000000ab30600000] [id=6408]
  0x00000281080eaa10 GCTaskThread "GC Thread#5" [stack: 0x000000ab30600000,0x000000ab30700000] [id=6108]
  0x0000028167062bc0 ConcurrentGCThread "G1 Main Marker" [stack: 0x000000ab2f000000,0x000000ab2f100000] [id=10016]
  0x0000028167063d60 ConcurrentGCThread "G1 Conc#0" [stack: 0x000000ab2f100000,0x000000ab2f200000] [id=2248]
  0x00000281670e55d0 ConcurrentGCThread "G1 Refine#0" [stack: 0x000000ab2f200000,0x000000ab2f300000] [id=9920]
  0x00000281670e5fe0 ConcurrentGCThread "G1 Service" [stack: 0x000000ab2f300000,0x000000ab2f400000] [id=5552]

Threads with active compile tasks:

VM state: not at safepoint (normal execution)

VM Mutex/Monitor currently owned by a thread: None

Heap address: 0x0000000083600000, size: 1994 MB, Compressed Oops mode: 32-bit

CDS archive(s) mapped at: [0x0000000800000000-0x0000000800bb0000-0x0000000800bb0000), size 12255232, SharedBaseAddress: 0x0000000800000000, ArchiveRelocationMode: 0.
Compressed class space mapped at: 0x0000000800c00000-0x0000000840c00000, reserved size: 1073741824
Narrow klass base: 0x0000000800000000, Narrow klass shift: 3, Narrow klass range: 0x100000000

GC Precious Log:
 CPUs: 6 total, 6 available
 Memory: 7973M
 Large Page Support: Disabled
 NUMA Support: Disabled
 Compressed Oops: Enabled (32-bit)
 Heap Region Size: 1M
 Heap Min Capacity: 8M
 Heap Initial Capacity: 126M
 Heap Max Capacity: 1994M
 Pre-touch: Disabled
 Parallel Workers: 6
 Concurrent Workers: 2
 Concurrent Refinement Workers: 6
 Periodic GC: Disabled

Heap:
 garbage-first heap   total 17408K, used 4584K [0x0000000083600000, 0x0000000100000000)
  region size 1024K, 1 young (1024K), 0 survivors (0K)
 Metaspace       used 9064K, committed 9216K, reserved 1064960K
  class space    used 879K, committed 960K, reserved 1048576K

Heap Regions: E=young(eden), S=young(survivor), O=old, HS=humongous(starts), HC=humongous(continues), CS=collection set, F=free, OA=open archive, CA=closed archive, TAMS=top-at-mark-start (previous, next)
|   0|0x0000000083600000, 0x00000000836ffd20, 0x0000000083700000| 99%| O|  |TAMS 0x0000000083600000, 0x0000000083600000| Untracked 
|   1|0x0000000083700000, 0x00000000837fefb8, 0x0000000083800000| 99%| O|  |TAMS 0x0000000083700000, 0x0000000083700000| Untracked 
|   2|0x0000000083800000, 0x00000000838ffff0, 0x0000000083900000| 99%| O|  |TAMS 0x0000000083800000, 0x0000000083800000| Untracked 
|   3|0x0000000083900000, 0x0000000083a00000, 0x0000000083a00000|100%| O|  |TAMS 0x0000000083900000, 0x0000000083900000| Untracked 
|   4|0x0000000083a00000, 0x0000000083a7b3c8, 0x0000000083b00000| 48%| O|  |TAMS 0x0000000083a00000, 0x0000000083a00000| Untracked 
|   5|0x0000000083b00000, 0x0000000083b00000, 0x0000000083c00000|  0%| F|  |TAMS 0x0000000083b00000, 0x0000000083b00000| Untracked 
|   6|0x0000000083c00000, 0x0000000083c00000, 0x0000000083d00000|  0%| F|  |TAMS 0x0000000083c00000, 0x0000000083c00000| Untracked 
|   7|0x0000000083d00000, 0x0000000083d00000, 0x0000000083e00000|  0%| F|  |TAMS 0x0000000083d00000, 0x0000000083d00000| Untracked 
|   8|0x0000000083e00000, 0x0000000083e00000, 0x0000000083f00000|  0%| F|  |TAMS 0x0000000083e00000, 0x0000000083e00000| Untracked 
|   9|0x0000000083f00000, 0x0000000083f00000, 0x0000000084000000|  0%| F|  |TAMS 0x0000000083f00000, 0x0000000083f00000| Untracked 
|  10|0x0000000084000000, 0x0000000084000000, 0x0000000084100000|  0%| F|  |TAMS 0x0000000084000000, 0x0000000084000000| Untracked 
|  11|0x0000000084100000, 0x0000000084100000, 0x0000000084200000|  0%| F|  |TAMS 0x0000000084100000, 0x0000000084100000| Untracked 
|  12|0x0000000084200000, 0x0000000084200000, 0x0000000084300000|  0%| F|  |TAMS 0x0000000084200000, 0x0000000084200000| Untracked 
|  13|0x0000000084300000, 0x0000000084300000, 0x0000000084400000|  0%| F|  |TAMS 0x0000000084300000, 0x0000000084300000| Untracked 
|  14|0x0000000084400000, 0x0000000084400000, 0x0000000084500000|  0%| F|  |TAMS 0x0000000084400000, 0x0000000084400000| Untracked 
|  15|0x0000000084500000, 0x0000000084500000, 0x0000000084600000|  0%| F|  |TAMS 0x0000000084500000, 0x0000000084500000| Untracked 
|  16|0x0000000084600000, 0x000000008460a3e0, 0x0000000084700000|  4%| E|  |TAMS 0x0000000084600000, 0x0000000084600000| Complete 

Card table byte_map: [0x000002817fbd0000,0x000002817ffc0000] _byte_map_base: 0x000002817f7b5000

Marking Bits (Prev, Next): (CMBitMap*) 0x0000028167052870, (CMBitMap*) 0x0000028167052830
 Prev Bits: [0x0000028102320000, 0x0000028104248000)
 Next Bits: [0x00000281003f0000, 0x0000028102318000)

Polling page: 0x00000281670f0000

Metaspace:

Usage:
  Non-class:      7.99 MB used.
      Class:    879.80 KB used.
       Both:      8.85 MB used.

Virtual space:
  Non-class space:       16.00 MB reserved,       8.06 MB ( 50%) committed,  2 nodes.
      Class space:        1.00 GB reserved,     960.00 KB ( <1%) committed,  1 nodes.
              Both:        1.02 GB reserved,       9.00 MB ( <1%) committed. 

Chunk freelists:
   Non-Class:  3.97 MB
       Class:  3.04 MB
        Both:  7.01 MB

MaxMetaspaceSize: 17179869184.00 GB
CompressedClassSpaceSize: 1.00 GB
 - commit_granule_bytes: 65536.
 - commit_granule_words: 8192.
 - virtual_space_node_default_size: 1048576.
 - enlarge_chunks_in_place: 1.
 - new_chunks_are_fully_committed: 0.
 - uncommit_free_chunks: 1.
 - use_allocation_guard: 0.
 - handle_deallocations: 1.


Internal statistics:

num_allocs_failed_limit: 0.
num_arena_births: 94.
num_arena_deaths: 0.
num_vsnodes_births: 3.
num_vsnodes_deaths: 0.
num_space_committed: 144.
num_space_uncommitted: 0.
num_chunks_returned_to_freelist: 0.
num_chunks_taken_from_freelist: 243.
num_chunk_merges: 0.
num_chunk_splits: 171.
num_chunks_enlarged: 116.
num_purges: 0.

CodeHeap 'non-profiled nmethods': size=120000Kb used=346Kb max_used=346Kb free=119653Kb
 bounds [0x0000028177a70000, 0x0000028177ce0000, 0x000002817efa0000]
CodeHeap 'profiled nmethods': size=120000Kb used=1681Kb max_used=1681Kb free=118318Kb
 bounds [0x0000028170540000, 0x00000281707b0000, 0x0000028177a70000]
CodeHeap 'non-nmethods': size=5760Kb used=1237Kb max_used=1270Kb free=4522Kb
 bounds [0x000002816ffa0000, 0x0000028170210000, 0x0000028170540000]
 total_blobs=1583 nmethods=1036 adapters=460
 compilation: enabled
              stopped_count=0, restarted_count=0
 full_count=0

Compilation events (20 events):
Event: 201.493 Thread 0x0000028106ab0b50 1028       3       java.lang.String::getChars (54 bytes)
Event: 201.493 Thread 0x0000028106ab0b50 nmethod 1028 0x00000281706dcd10 code [0x00000281706dcf20, 0x00000281706dd398]
Event: 201.493 Thread 0x0000028106ab0b50 1029       3       java.lang.StringLatin1::getChars (12 bytes)
Event: 201.493 Thread 0x0000028106ab0b50 nmethod 1029 0x00000281706dd590 code [0x00000281706dd740, 0x00000281706dd868]
Event: 201.494 Thread 0x0000028106ab0b50 1030       3       java.lang.String::valueOf (15 bytes)
Event: 201.494 Thread 0x0000028106ab0b50 nmethod 1030 0x00000281706dd910 code [0x00000281706ddac0, 0x00000281706ddcc8]
Event: 201.495 Thread 0x0000028106ab0200 1031       4       java.lang.AbstractStringBuilder::<init> (39 bytes)
Event: 201.497 Thread 0x0000028106ab0200 nmethod 1031 0x0000028177ac6490 code [0x0000028177ac6620, 0x0000028177ac6838]
Event: 201.501 Thread 0x0000028106ab0b50 1032       3       java.lang.AbstractStringBuilder::append (55 bytes)
Event: 201.502 Thread 0x0000028106ab0b50 nmethod 1032 0x00000281706ddd90 code [0x00000281706ddf80, 0x00000281706de2b8]
Event: 201.504 Thread 0x0000028106ab0b50 1033       3       java.nio.Buffer::clear (20 bytes)
Event: 201.504 Thread 0x0000028106ab0b50 nmethod 1033 0x00000281706de410 code [0x00000281706de5a0, 0x00000281706de6b8]
Event: 201.505 Thread 0x0000028106ab0b50 1034       3       sun.nio.cs.UTF_8$Encoder::encodeArrayLoop (489 bytes)
Event: 201.507 Thread 0x0000028106ab0b50 nmethod 1034 0x00000281706de790 code [0x00000281706ded80, 0x00000281706e20e8]
Event: 201.507 Thread 0x0000028106ab0b50 1035       3       java.nio.Buffer::flip (20 bytes)
Event: 201.507 Thread 0x0000028106ab0b50 nmethod 1035 0x00000281706e3190 code [0x00000281706e3320, 0x00000281706e3438]
Event: 201.508 Thread 0x0000028106ab0b50 1037   !   3       java.io.BufferedWriter::write (117 bytes)
Event: 201.517 Thread 0x0000028106ab0b50 nmethod 1037 0x00000281706e3510 code [0x00000281706e3720, 0x00000281706e3d08]
Event: 201.517 Thread 0x0000028106ab0b50 1036       3       java.io.Writer::write (11 bytes)
Event: 201.517 Thread 0x0000028106ab0b50 nmethod 1036 0x00000281706e4090 code [0x00000281706e4260, 0x00000281706e4548]

GC Heap History (6 events):
Event: 2.939 GC heap before
{Heap before GC invocations=0 (full 0):
 garbage-first heap   total 129024K, used 20480K [0x0000000083600000, 0x0000000100000000)
  region size 1024K, 21 young (21504K), 0 survivors (0K)
 Metaspace       used 4830K, committed 4992K, reserved 1056768K
  class space    used 413K, committed 512K, reserved 1048576K
}
Event: 2.942 GC heap after
{Heap after GC invocations=1 (full 0):
 garbage-first heap   total 129024K, used 3931K [0x0000000083600000, 0x0000000100000000)
  region size 1024K, 3 young (3072K), 3 survivors (3072K)
 Metaspace       used 4830K, committed 4992K, reserved 1056768K
  class space    used 413K, committed 512K, reserved 1048576K
}
Event: 201.460 GC heap before
{Heap before GC invocations=1 (full 0):
 garbage-first heap   total 129024K, used 13147K [0x0000000083600000, 0x0000000100000000)
  region size 1024K, 13 young (13312K), 3 survivors (3072K)
 Metaspace       used 8984K, committed 9152K, reserved 1056768K
  class space    used 873K, committed 960K, reserved 1048576K
}
Event: 201.470 GC heap after
{Heap after GC invocations=2 (full 1):
 garbage-first heap   total 20480K, used 4644K [0x0000000083600000, 0x0000000100000000)
  region size 1024K, 0 young (0K), 0 survivors (0K)
 Metaspace       used 8984K, committed 9152K, reserved 1056768K
  class space    used 873K, committed 960K, reserved 1048576K
}
Event: 201.508 GC heap before
{Heap before GC invocations=2 (full 1):
 garbage-first heap   total 20480K, used 4644K [0x0000000083600000, 0x0000000100000000)
  region size 1024K, 1 young (1024K), 0 survivors (0K)
 Metaspace       used 9051K, committed 9216K, reserved 1064960K
  class space    used 878K, committed 960K, reserved 1048576K
}
Event: 201.517 GC heap after
{Heap after GC invocations=3 (full 2):
 garbage-first heap   total 17408K, used 4586K [0x0000000083600000, 0x0000000100000000)
  region size 1024K, 0 young (0K), 0 survivors (0K)
 Metaspace       used 9051K, committed 9216K, reserved 1064960K
  class space    used 878K, committed 960K, reserved 1048576K
}

Deoptimization events (20 events):
Event: 0.132 Thread 0x000002816700f6c0 DEOPT PACKING pc=0x00000281705741e8 sp=0x000000ab2eefcab0
Event: 0.132 Thread 0x000002816700f6c0 DEOPT UNPACKING pc=0x000002816ffedece sp=0x000000ab2eefbf40 mode 0
Event: 0.247 Thread 0x000002816700f6c0 DEOPT PACKING pc=0x000002817057d2ae sp=0x000000ab2eefed30
Event: 0.247 Thread 0x000002816700f6c0 DEOPT UNPACKING pc=0x000002816ffedece sp=0x000000ab2eefe1e0 mode 0
Event: 13.370 Thread 0x000002816700f6c0 Uncommon trap: trap_request=0xffffff45 fr.pc=0x0000028177a7ef10 relative=0x0000000000000910
Event: 13.370 Thread 0x000002816700f6c0 Uncommon trap: reason=unstable_if action=reinterpret pc=0x0000028177a7ef10 method=java.util.HashMap.putVal(ILjava/lang/Object;Ljava/lang/Object;ZZ)Ljava/lang/Object; @ 81 c2
Event: 13.370 Thread 0x000002816700f6c0 DEOPT PACKING pc=0x0000028177a7ef10 sp=0x000000ab2eef9050
Event: 13.370 Thread 0x000002816700f6c0 DEOPT UNPACKING pc=0x000002816ffed72e sp=0x000000ab2eef8ff0 mode 2
Event: 13.397 Thread 0x000002816700f6c0 Uncommon trap: trap_request=0xffffff3d fr.pc=0x0000028177aaecdc relative=0x0000000000000b7c
Event: 13.397 Thread 0x000002816700f6c0 Uncommon trap: reason=unstable_fused_if action=reinterpret pc=0x0000028177aaecdc method=java.util.HashMap.resize()[Ljava/util/HashMap$Node; @ 31 c2
Event: 13.397 Thread 0x000002816700f6c0 DEOPT PACKING pc=0x0000028177aaecdc sp=0x000000ab2eef9610
Event: 13.397 Thread 0x000002816700f6c0 DEOPT UNPACKING pc=0x000002816ffed72e sp=0x000000ab2eef9598 mode 2
Event: 13.399 Thread 0x000002816700f6c0 Uncommon trap: trap_request=0xffffff45 fr.pc=0x0000028177ab8988 relative=0x00000000000002c8
Event: 13.399 Thread 0x000002816700f6c0 Uncommon trap: reason=unstable_if action=reinterpret pc=0x0000028177ab8988 method=java.util.HashMap.hash(Ljava/lang/Object;)I @ 1 c2
Event: 13.399 Thread 0x000002816700f6c0 DEOPT PACKING pc=0x0000028177ab8988 sp=0x000000ab2eef9c80
Event: 13.399 Thread 0x000002816700f6c0 DEOPT UNPACKING pc=0x000002816ffed72e sp=0x000000ab2eef9b88 mode 2
Event: 13.399 Thread 0x000002816700f6c0 Uncommon trap: trap_request=0xffffff45 fr.pc=0x0000028177ab7abc relative=0x000000000000009c
Event: 13.399 Thread 0x000002816700f6c0 Uncommon trap: reason=unstable_if action=reinterpret pc=0x0000028177ab7abc method=java.util.HashMap.hash(Ljava/lang/Object;)I @ 1 c2
Event: 13.399 Thread 0x000002816700f6c0 DEOPT PACKING pc=0x0000028177ab7abc sp=0x000000ab2eef9c40
Event: 13.399 Thread 0x000002816700f6c0 DEOPT UNPACKING pc=0x000002816ffed72e sp=0x000000ab2eef9bd8 mode 2

Classes unloaded (0 events):
No events

Classes redefined (0 events):
No events

Internal exceptions (16 events):
Event: 0.057 Thread 0x000002816700f6c0 Exception <a 'sun/nio/fs/WindowsException'{0x000000008b235790}> (0x000000008b235790) 
thrown [t:\workspace\open\src\hotspot\share\prims\jni.cpp, line 579]
Event: 0.058 Thread 0x000002816700f6c0 Exception <a 'sun/nio/fs/WindowsException'{0x000000008b235db0}> (0x000000008b235db0) 
thrown [t:\workspace\open\src\hotspot\share\prims\jni.cpp, line 579]
Event: 0.059 Thread 0x000002816700f6c0 Exception <a 'sun/nio/fs/WindowsException'{0x000000008b238620}> (0x000000008b238620) 
thrown [t:\workspace\open\src\hotspot\share\prims\jni.cpp, line 579]
Event: 0.151 Thread 0x000002816700f6c0 Exception <a 'java/lang/NoSuchMethodError'{0x000000008a6a37a8}: 'void java.lang.invoke.DirectMethodHandle$Holder.invokeSpecial(java.lang.Object, java.lang.Object, java.lang.Object)'> (0x000000008a6a37a8) 
thrown [t:\workspace\open\src\hotspot\share\interpreter\linkResolver.cpp, line 790]
Event: 0.153 Thread 0x000002816700f6c0 Exception <a 'java/lang/NoSuchMethodError'{0x000000008a6b3e48}: 'java.lang.Object java.lang.invoke.DirectMethodHandle$Holder.invokeStatic(java.lang.Object)'> (0x000000008a6b3e48) 
thrown [t:\workspace\open\src\hotspot\share\interpreter\linkResolver.cpp, line 790]
Event: 13.327 Thread 0x000002816700f6c0 Exception <a 'java/lang/ClassNotFoundException'{0x000000008ae99da0}: sun/awt/resources/spi/awtProvider> (0x000000008ae99da0) 
thrown [t:\workspace\open\src\hotspot\share\classfile\systemDictionary.cpp, line 256]
Event: 13.333 Thread 0x000002816700f6c0 Exception <a 'java/io/FileNotFoundException'{0x000000008aec88c0}> (0x000000008aec88c0) 
thrown [t:\workspace\open\src\hotspot\share\prims\jni.cpp, line 579]
Event: 13.333 Thread 0x000002816700f6c0 Exception <a 'java/io/FileNotFoundException'{0x000000008aec9e58}> (0x000000008aec9e58) 
thrown [t:\workspace\open\src\hotspot\share\prims\jni.cpp, line 579]
Event: 13.353 Thread 0x000002816700f6c0 Exception <a 'java/lang/NoSuchMethodError'{0x000000008ad0e650}: 'java.lang.Object java.lang.invoke.DirectMethodHandle$Holder.invokeStaticInit(java.lang.Object)'> (0x000000008ad0e650) 
thrown [t:\workspace\open\src\hotspot\share\interpreter\linkResolver.cpp, line 790]
Event: 13.375 Thread 0x000002816700f6c0 Exception <a 'java/lang/NoSuchMethodError'{0x000000008ad7f860}: 'java.lang.Object java.lang.invoke.DirectMethodHandle$Holder.newInvokeSpecial(java.lang.Object, java.lang.Object, java.lang.Object, java.lang.Object, java.lang.Object)'> (0x000000008ad7f860) 
thrown [t:\workspace\open\src\hotspot\share\interpreter\linkResolver.cpp, line 790]
Event: 13.376 Thread 0x000002816700f6c0 Exception <a 'java/lang/NoSuchMethodError'{0x000000008adb96f0}: 'java.lang.Object java.lang.invoke.DirectMethodHandle$Holder.invokeStatic(java.lang.Object, int, java.lang.Object, java.lang.Object, java.lang.Object, java.lang.Object)'> (0x000000008adb96f0) 
thrown [t:\workspace\open\src\hotspot\share\interpreter\linkResolver.cpp, line 790]
Event: 13.378 Thread 0x000002816700f6c0 Exception <a 'java/lang/NoSuchMethodError'{0x000000008addf7b8}: 'java.lang.Object java.lang.invoke.DirectMethodHandle$Holder.invokeStatic(java.lang.Object, int, java.lang.Object)'> (0x000000008addf7b8) 
thrown [t:\workspace\open\src\hotspot\share\interpreter\linkResolver.cpp, line 790]
Event: 13.393 Thread 0x000002816700f6c0 Exception <a 'java/lang/ClassNotFoundException'{0x000000008ac9c648}: com/sun/swing/internal/plaf/metal/resources/spi/metalProvider> (0x000000008ac9c648) 
thrown [t:\workspace\open\src\hotspot\share\classfile\systemDictionary.cpp, line 256]
Event: 13.394 Thread 0x000002816700f6c0 Exception <a 'java/lang/ClassNotFoundException'{0x000000008aca0970}: com/sun/swing/internal/plaf/basic/resources/spi/basicProvider> (0x000000008aca0970) 
thrown [t:\workspace\open\src\hotspot\share\classfile\systemDictionary.cpp, line 256]
Event: 13.399 Thread 0x000002816700f6c0 Implicit null exception at 0x0000028177ab870e to 0x0000028177ab8968
Event: 13.399 Thread 0x000002816700f6c0 Implicit null exception at 0x0000028177ab7a2f to 0x0000028177ab7aad

Events (20 events):
Event: 201.471 loading class java/lang/ref/Finalizer$2 done
Event: 201.471 loading class java/lang/ref/Finalizer$1
Event: 201.471 loading class java/lang/ref/Finalizer$1 done
Event: 201.471 Thread 0x0000028107fbd490 Thread added: 0x0000028107fbd490
Event: 201.471 Thread 0x0000028107fbd490 Thread exited: 0x0000028107fbd490
Event: 201.478 Thread 0x000002816700f6c0 Thread exited: 0x000002816700f6c0
Event: 201.478 Thread 0x000002816700f6c0 Thread added: 0x000002816700f6c0
Event: 201.478 Thread 0x0000028107fbd490 Thread added: 0x0000028107fbd490
Event: 201.478 Thread 0x0000028107fbc710 Thread added: 0x0000028107fbc710
Event: 201.479 Thread 0x0000028107f053a0 Thread added: 0x0000028107f053a0
Event: 201.481 loading class java/lang/Throwable$WrappedPrintStream
Event: 201.481 loading class java/lang/Throwable$PrintStreamOrWriter
Event: 201.481 loading class java/lang/Throwable$PrintStreamOrWriter done
Event: 201.481 loading class java/lang/Throwable$WrappedPrintStream done
Event: 201.481 loading class java/lang/StackTraceElement$HashedModules
Event: 201.481 loading class java/lang/StackTraceElement$HashedModules done
Event: 201.482 Thread 0x000002810762ee30 Thread exited: 0x000002810762ee30
Event: 201.508 Executing  VM operation: G1CollectFull
Event: 201.517 Executing  VM operation: G1CollectFull done
Event: 201.517 Thread 0x00000281080a7c00 Thread added: 0x00000281080a7c00


Dynamic libraries:
0x00007ff659dd0000 - 0x00007ff659dde000 	C:\jdk-16.0.1\bin\java.exe
0x00007ff8dd2d0000 - 0x00007ff8dd4c5000 	C:\WINDOWS\SYSTEM32\ntdll.dll
0x00007ff8dc110000 - 0x00007ff8dc1ce000 	C:\WINDOWS\System32\KERNEL32.DLL
0x00007ff8dac80000 - 0x00007ff8daf48000 	C:\WINDOWS\System32\KERNELBASE.dll
0x00007ff8db210000 - 0x00007ff8db310000 	C:\WINDOWS\System32\ucrtbase.dll
0x00007ff8ced20000 - 0x00007ff8ced38000 	C:\jdk-16.0.1\bin\jli.dll
0x00007ff8b6130000 - 0x00007ff8b6149000 	C:\jdk-16.0.1\bin\VCRUNTIME140.dll
0x00007ff8db670000 - 0x00007ff8db811000 	C:\WINDOWS\System32\USER32.dll
0x00007ff8dab40000 - 0x00007ff8dab62000 	C:\WINDOWS\System32\win32u.dll
0x00007ff8cfa90000 - 0x00007ff8cfd2a000 	C:\WINDOWS\WinSxS\amd64_microsoft.windows.common-controls_6595b64144ccf1df_6.0.19041.1110_none_60b5254171f9507e\COMCTL32.dll
0x00007ff8dd260000 - 0x00007ff8dd28b000 	C:\WINDOWS\System32\GDI32.dll
0x00007ff8dba30000 - 0x00007ff8dbace000 	C:\WINDOWS\System32\msvcrt.dll
0x00007ff8daf50000 - 0x00007ff8db05d000 	C:\WINDOWS\System32\gdi32full.dll
0x00007ff8db0c0000 - 0x00007ff8db15d000 	C:\WINDOWS\System32\msvcp_win.dll
0x00007ff8dc380000 - 0x00007ff8dc3b0000 	C:\WINDOWS\System32\IMM32.DLL
0x00007ff8aa3a0000 - 0x00007ff8aa3ac000 	C:\jdk-16.0.1\bin\vcruntime140_1.dll
0x00007ff88fd90000 - 0x00007ff88fe21000 	C:\jdk-16.0.1\bin\msvcp140.dll
0x00007ff890030000 - 0x00007ff890bdb000 	C:\jdk-16.0.1\bin\server\jvm.dll
0x00007ff8dc000000 - 0x00007ff8dc0ae000 	C:\WINDOWS\System32\ADVAPI32.dll
0x00007ff8dcd40000 - 0x00007ff8dcddc000 	C:\WINDOWS\System32\sechost.dll
0x00007ff8db900000 - 0x00007ff8dba25000 	C:\WINDOWS\System32\RPCRT4.dll
0x00007ff8dc4a0000 - 0x00007ff8dc4a8000 	C:\WINDOWS\System32\PSAPI.DLL
0x00007ff8d4600000 - 0x00007ff8d4609000 	C:\WINDOWS\SYSTEM32\WSOCK32.dll
0x00007ff8cff40000 - 0x00007ff8cff67000 	C:\WINDOWS\SYSTEM32\WINMM.dll
0x00007ff8d5b50000 - 0x00007ff8d5b5a000 	C:\WINDOWS\SYSTEM32\VERSION.dll
0x00007ff8dc410000 - 0x00007ff8dc47b000 	C:\WINDOWS\System32\WS2_32.dll
0x00007ff8d88f0000 - 0x00007ff8d8902000 	C:\WINDOWS\SYSTEM32\kernel.appcore.dll
0x00007ff8a6d30000 - 0x00007ff8a6d3a000 	C:\jdk-16.0.1\bin\jimage.dll
0x00007ff8cea00000 - 0x00007ff8cebe4000 	C:\WINDOWS\SYSTEM32\DBGHELP.DLL
0x00007ff8ce6f0000 - 0x00007ff8ce71c000 	C:\WINDOWS\SYSTEM32\dbgcore.DLL
0x00007ff8dabf0000 - 0x00007ff8dac72000 	C:\WINDOWS\System32\bcryptPrimitives.dll
0x00007ff8a56b0000 - 0x00007ff8a56d5000 	C:\jdk-16.0.1\bin\java.dll
0x00007ff8dc5f0000 - 0x00007ff8dcd34000 	C:\WINDOWS\System32\SHELL32.dll
0x00007ff8d8af0000 - 0x00007ff8d9285000 	C:\WINDOWS\SYSTEM32\windows.storage.dll
0x00007ff8db310000 - 0x00007ff8db665000 	C:\WINDOWS\System32\combase.dll
0x00007ff8da360000 - 0x00007ff8da38e000 	C:\WINDOWS\SYSTEM32\Wldp.dll
0x00007ff8dc540000 - 0x00007ff8dc5ed000 	C:\WINDOWS\System32\SHCORE.dll
0x00007ff8db8a0000 - 0x00007ff8db8f5000 	C:\WINDOWS\System32\shlwapi.dll
0x00007ff8da920000 - 0x00007ff8da93f000 	C:\WINDOWS\SYSTEM32\profapi.dll
0x00007ff899900000 - 0x00007ff899919000 	C:\jdk-16.0.1\bin\net.dll
0x00007ff8d4270000 - 0x00007ff8d437c000 	C:\WINDOWS\SYSTEM32\WINHTTP.dll
0x00007ff8da0c0000 - 0x00007ff8da12a000 	C:\WINDOWS\system32\mswsock.dll
0x00007ff88ffd0000 - 0x00007ff88ffe3000 	C:\jdk-16.0.1\bin\nio.dll
0x00007ff88ffb0000 - 0x00007ff88ffc8000 	C:\jdk-16.0.1\bin\zip.dll
0x00007ff8a6d20000 - 0x00007ff8a6d30000 	C:\jdk-16.0.1\bin\verify.dll
0x0000000072430000 - 0x000000007270e000 	C:\Users\dam_aap\AppData\Local\Temp\QtJambi_dam_aap_amd64_4.8.7_msvc2013x64-20150908-1314\lib\QtCore4.dll
0x00007ff8dc250000 - 0x00007ff8dc37a000 	C:\WINDOWS\System32\ole32.dll
0x00007ff8b1a00000 - 0x00007ff8b1aa6000 	C:\WINDOWS\SYSTEM32\MSVCP120.dll
0x00007ff8b3080000 - 0x00007ff8b316f000 	C:\WINDOWS\SYSTEM32\MSVCR120.dll
0x00007ff8ba240000 - 0x00007ff8ba280000 	C:\Users\dam_aap\AppData\Local\Temp\QtJambi_dam_aap_amd64_4.8.7_msvc2013x64-20150908-1314\lib\qtjambi.dll
0x00007ff88f1b0000 - 0x00007ff88f2df000 	C:\Users\dam_aap\AppData\Local\Temp\QtJambi_dam_aap_amd64_4.8.7_msvc2013x64-20150908-1314\lib\com_trolltech_qt_core.dll
0x0000000071ac0000 - 0x000000007242e000 	C:\Users\dam_aap\AppData\Local\Temp\QtJambi_dam_aap_amd64_4.8.7_msvc2013x64-20150908-1314\lib\QtGui4.dll
0x00007ff8dcf00000 - 0x00007ff8dcfda000 	C:\WINDOWS\System32\COMDLG32.dll
0x00007ff8dd190000 - 0x00007ff8dd25d000 	C:\WINDOWS\System32\OLEAUT32.dll
0x00007ff8a4c90000 - 0x00007ff8a4d25000 	C:\WINDOWS\SYSTEM32\WINSPOOL.DRV
0x00007ff874b00000 - 0x00007ff87522f000 	C:\Users\dam_aap\AppData\Local\Temp\QtJambi_dam_aap_amd64_4.8.7_msvc2013x64-20150908-1314\lib\com_trolltech_qt_gui.dll
0x00007ff8d8410000 - 0x00007ff8d84ae000 	C:\WINDOWS\system32\uxtheme.dll
0x00007ff8dcde0000 - 0x00007ff8dcef5000 	C:\WINDOWS\System32\MSCTF.dll
0x00007ff8d76e0000 - 0x00007ff8d76ed000 	C:\Users\dam_aap\AppData\Local\Temp\QtJambi_dam_aap_amd64_4.8.7_msvc2013x64-20150908-1314\plugins\imageformats\qgif4.dll
0x00007ff8d75f0000 - 0x00007ff8d75fe000 	C:\Users\dam_aap\AppData\Local\Temp\QtJambi_dam_aap_amd64_4.8.7_msvc2013x64-20150908-1314\plugins\imageformats\qico4.dll
0x00007ff8b3000000 - 0x00007ff8b303d000 	C:\Users\dam_aap\AppData\Local\Temp\QtJambi_dam_aap_amd64_4.8.7_msvc2013x64-20150908-1314\plugins\imageformats\qjpeg4.dll
0x00007ff8b19b0000 - 0x00007ff8b19f9000 	C:\Users\dam_aap\AppData\Local\Temp\QtJambi_dam_aap_amd64_4.8.7_msvc2013x64-20150908-1314\plugins\imageformats\qmng4.dll
0x00007ff8b1950000 - 0x00007ff8b19ab000 	C:\Users\dam_aap\AppData\Local\Temp\QtJambi_dam_aap_amd64_4.8.7_msvc2013x64-20150908-1314\plugins\imageformats\qtiff4.dll
0x00007ff8d32d0000 - 0x00007ff8d33c9000 	C:\WINDOWS\SYSTEM32\textinputframework.dll
0x00007ff8d7ed0000 - 0x00007ff8d7fc2000 	C:\WINDOWS\System32\CoreMessaging.dll
0x00007ff8d7a70000 - 0x00007ff8d7dce000 	C:\WINDOWS\System32\CoreUIComponents.dll
0x00007ff8d9630000 - 0x00007ff8d9663000 	C:\WINDOWS\SYSTEM32\ntmarta.dll
0x00007ff8d7440000 - 0x00007ff8d7594000 	C:\WINDOWS\SYSTEM32\wintypes.dll
0x00007ff8b0b00000 - 0x00007ff8b0bb0000 	C:\WINDOWS\WinSxS\amd64_microsoft.windows.common-controls_6595b64144ccf1df_5.82.19041.1110_none_792d1c772443f647\comctl32.dll
0x00007ff88fe30000 - 0x00007ff88ffaf000 	C:\jdk-16.0.1\bin\awt.dll
0x00007ff8d8150000 - 0x00007ff8d81e0000 	C:\WINDOWS\SYSTEM32\apphelp.dll
0x00007ff8d8710000 - 0x00007ff8d873f000 	C:\WINDOWS\system32\DWMAPI.DLL
0x00007ff8ce840000 - 0x00007ff8ce965000 	C:\WINDOWS\system32\opengl32.dll
0x00007ff8ce2b0000 - 0x00007ff8ce2dc000 	C:\WINDOWS\SYSTEM32\GLU32.dll
0x00007ff8dbf50000 - 0x00007ff8dbff9000 	C:\WINDOWS\System32\clbcatq.dll
0x00007ff8c1b40000 - 0x00007ff8c1b7b000 	C:\WINDOWS\SYSTEM32\dxcore.dll
0x00007ff8dab70000 - 0x00007ff8dabbe000 	C:\WINDOWS\System32\cfgmgr32.dll

dbghelp: loaded successfully - version: 4.0.5 - missing functions: none
symbol engine: initialized successfully - sym options: 0x614 - pdb path: .;C:\jdk-16.0.1\bin;C:\WINDOWS\SYSTEM32;C:\WINDOWS\WinSxS\amd64_microsoft.windows.common-controls_6595b64144ccf1df_6.0.19041.1110_none_60b5254171f9507e;C:\jdk-16.0.1\bin\server;C:\Users\dam_aap\AppData\Local\Temp\QtJambi_dam_aap_amd64_4.8.7_msvc2013x64-20150908-1314\lib;C:\Users\dam_aap\AppData\Local\Temp\QtJambi_dam_aap_amd64_4.8.7_msvc2013x64-20150908-1314\plugins\imageformats;C:\WINDOWS\WinSxS\amd64_microsoft.windows.common-controls_6595b64144ccf1df_5.82.19041.1110_none_792d1c772443f647

VM Arguments:
jvm_args: -Dfile.encoding=UTF-8 --module-path=C:\Users\dam_aap\Desktop\ProyectoConjunto\gym\Gimansio3.0\Gimnasio1.0\Interfaz\NetBeans\GymDam\build\classes 
java_command: gymdam.GymDam
java_class_path (initial): D:\qtjambi-community-4.8.7-win64-msvc2013\qtjambi-4.8.7.jar;D:\qtjambi-community-4.8.7-win64-msvc2013\qtjambi-designer-4.8.7.jar;D:\qtjambi-community-4.8.7-win64-msvc2013\qtjambi-examples-4.8.7.jar;D:\qtjambi-community-4.8.7-win64-msvc2013\qtjambi-examples-src.jar;D:\qtjambi-community-4.8.7-win64-msvc2013\qtjambi-native-win64-msvc2013x64-4.8.7.jar;D:\qtjambi-community-4.8.7-win64-msvc2013\qtjambi-src.jar;C:\Users\dam_aap\Desktop\json\json-20211205.jar;C:\Program Files\NetBeans-12.4\netbeans\ide\modules\ext\jaxb\jaxb-impl.jar;C:\Program Files\NetBeans-12.4\netbeans\ide\modules\ext\jaxb\jaxb-xjc.jar;C:\Program Files\NetBeans-12.4\netbeans\java\modules\ext\jaxws22\FastInfoset.jar;C:\Program Files\NetBeans-12.4\netbeans\java\modules\ext\jaxws22\gmbal-api-only.jar;C:\Program Files\NetBeans-12.4\netbeans\java\modules\ext\jaxws22\ha-api.jar;C:\Program Files\NetBeans-12.4\netbeans\java\modules\ext\jaxws22\javax.mail_1.4.jar;C:\Program Files\NetBeans-12.4\netbeans\java\modules\ext\jaxws22\jaxws-rt.jar;C:\Program Files\NetBeans-12.4\netbeans\java\modules\ext\jaxws22\jaxws-tools.jar;C:\Program Files\NetBeans-12.4\netbeans\java\modules\ext\jaxws22\management-api.jar;C:\Program Files\NetBeans-12.4\netbeans\java\modules\ext\jaxws22\mimepull.jar;C:\Program Files\NetBeans-12.4\netbeans\java\modules\ext\jaxws22\policy.jar;C:\Program Files\NetBeans-12.4\netbeans\java\modules\ext\jaxws22\saaj-impl.jar;C:\Program Files\NetBeans-12.4\netbeans\java\modules\ext\jaxws22\stax-ex.jar;C:\Program Files\NetBeans-12.4\netbeans\java\modules\ext\jaxws22\stax2-api.jar;C:\Program Files\NetBeans-12.4\netbeans\java\modules\ext\jaxws22\streambuffer.jar;C:\Program Files\NetBeans-12.4\netbeans\java\modules\ext\jaxws22\woodstox-core-asl.jar;C:\Program Files\NetBeans-12.4\netbeans\java\modules\ext\jaxws22\api\jaxws-api.jar;C:\Program Files\NetBeans-12.4\netbeans\java\modules\ext\jaxws22\api\jsr181-api.jar;C:\Program Files\NetBeans-12.4\netbeans\java\modules\ext\jaxws22\api\java
Launcher Type: SUN_STANDARD

[Global flags]
     intx CICompilerCount                          = 3                                         {product} {ergonomic}
     uint ConcGCThreads                            = 2                                         {product} {ergonomic}
     uint G1ConcRefinementThreads                  = 6                                         {product} {ergonomic}
   size_t G1HeapRegionSize                         = 1048576                                   {product} {ergonomic}
    uintx GCDrainStackTargetSize                   = 64                                        {product} {ergonomic}
   size_t InitialHeapSize                          = 132120576                                 {product} {ergonomic}
   size_t MarkStackSize                            = 4194304                                   {product} {ergonomic}
   size_t MaxHeapSize                              = 2090860544                                {product} {ergonomic}
   size_t MaxNewSize                               = 1254096896                                {product} {ergonomic}
   size_t MinHeapDeltaBytes                        = 1048576                                   {product} {ergonomic}
   size_t MinHeapSize                              = 8388608                                   {product} {ergonomic}
    uintx NonNMethodCodeHeapSize                   = 5832780                                {pd product} {ergonomic}
    uintx NonProfiledCodeHeapSize                  = 122912730                              {pd product} {ergonomic}
    uintx ProfiledCodeHeapSize                     = 122912730                              {pd product} {ergonomic}
    uintx ReservedCodeCacheSize                    = 251658240                              {pd product} {ergonomic}
     bool SegmentedCodeCache                       = true                                      {product} {ergonomic}
   size_t SoftMaxHeapSize                          = 2090860544                             {manageable} {ergonomic}
     bool UseCompressedClassPointers               = true                           {product lp64_product} {ergonomic}
     bool UseCompressedOops                        = true                           {product lp64_product} {ergonomic}
     bool UseG1GC                                  = true                                      {product} {ergonomic}
     bool UseLargePagesIndividualAllocation        = false                                  {pd product} {ergonomic}

Logging:
Log output configuration:
 #0: stdout all=warning uptime,level,tags
 #1: stderr all=off uptime,level,tags

Environment Variables:
JAVA_HOME=c:\jdk-16.0.1
PATH=C:\Program Files (x86)\VMware\VMware Player\bin\;C:\jdk-16.0.1\bin;C:\WINDOWS\system32;C:\WINDOWS;C:\WINDOWS\System32\Wbem;C:\WINDOWS\System32\WindowsPowerShell\v1.0\;C:\WINDOWS\System32\OpenSSH\;C:\Program Files\PowerShell\7\;C:\Program Files\Microsoft SQL Server\Client SDK\ODBC\170\Tools\Binn\;C:\Program Files (x86)\Microsoft SQL Server\150\Tools\Binn\;C:\Program Files\Microsoft SQL Server\150\Tools\Binn\;C:\Program Files\Microsoft SQL Server\150\DTS\Binn\;C:\Program Files\Azure Data Studio\bin;C:\Program Files\dotnet\;C:\ProgramData\chocolatey\bin;C:\flutter\bin;C:\Users\dam_aap\AppData\Local\Microsoft\WindowsApps;D:\Microsoft VS Code\bin;C:\Users\dam_aap\AppData\Local\Programs\Git\cmd;C:\Users\dam_aap\AppData\Local\gitkraken\bin
USERNAME=dam_aap
OS=Windows_NT
PROCESSOR_IDENTIFIER=Intel64 Family 6 Model 158 Stepping 10, GenuineIntel



---------------  S Y S T E M  ---------------

OS:
 Windows 10 , 64 bit Build 19041 (10.0.19041.1466)
OS uptime: 0 days 5:45 hours

CPU: total 6 (initial active 6) (6 cores per cpu, 1 threads per core) family 6 model 158 stepping 10 microcode 0xb4, cx8, cmov, fxsr, mmx, 3dnowpref, sse, sse2, sse3, ssse3, sse4.1, sse4.2, popcnt, lzcnt, tsc, tscinvbit, avx, avx2, aes, erms, clmul, bmi1, bmi2, rtm, adx, fma, vzeroupper, clflush, clflushopt

Memory: 4k page, system-wide physical 7973M (1292M free)
TotalPageFile size 14885M (AvailPageFile size 3911M)
current process WorkingSet (physical memory assigned to process): 75M, peak: 107M
current process commit charge ("private bytes"): 115M, peak: 243M

vm_info: OpenJDK 64-Bit Server VM (16.0.1+9-24) for windows-amd64 JRE (16.0.1+9-24), built on Mar 26 2021 19:30:07 by "mach5one" with MS VC++ 16.7 (VS2019)

END.
