#
# A fatal error has been detected by the Java Runtime Environment:
#
#  EXCEPTION_ACCESS_VIOLATION (0xc0000005) at pc=0x0000000071b22cbd, pid=12188, tid=13608
#
# JRE version: OpenJDK Runtime Environment (16.0.1+9) (build 16.0.1+9-24)
# Java VM: OpenJDK 64-Bit Server VM (16.0.1+9-24, mixed mode, sharing, tiered, compressed oops, compressed class ptrs, g1 gc, windows-amd64)
# Problematic frame:
# C  [QtGui4.dll+0x62cbd]
#
# No core dump will be written. Minidumps are not enabled by default on client versions of Windows
#
# If you would like to submit a bug report, please visit:
#   https://bugreport.java.com/bugreport/crash.jsp
# The crash happened outside the Java Virtual Machine in native code.
# See problematic frame for where to report the bug.
#

---------------  S U M M A R Y ------------

Command Line: -Dfile.encoding=UTF-8 --module-path=C:\Users\dam_aap\Desktop\ProyectoConjunto\gym\Gimansio3.0\Gimnasio1.0\Interfaz\NetBeans\GymDam\build\classes gymdam.GymDam

Host: Intel(R) Core(TM) i5-9500 CPU @ 3.00GHz, 6 cores, 7G,  Windows 10 , 64 bit Build 19041 (10.0.19041.1466)
Time: Thu Feb 17 12:41:57 2022 Hora estándar romance elapsed time: 48.282479 seconds (0d 0h 0m 48s)

---------------  T H R E A D  ---------------

Current thread (0x000002d5b7f8e9c0):  JavaThread "Finalizer" daemon [_thread_in_native, id=13608, stack(0x000000f972900000,0x000000f972a00000)]

Stack: [0x000000f972900000,0x000000f972a00000],  sp=0x000000f9729feac0,  free space=1018k
Native frames: (J=compiled Java code, j=interpreted, Vv=VM code, C=native code)
C  [QtGui4.dll+0x62cbd]

Java frames: (J=compiled Java code, j=interpreted, Vv=VM code)
J 1062  com.trolltech.qt.internal.QtJambiObject.finalize()V (0 bytes) @ 0x000002d5a97c23eb [0x000002d5a97c23a0+0x000000000000004b]
J 1057 c1 java.lang.ref.Finalizer.runFinalizer(Ljdk/internal/access/JavaLangAccess;)V java.base@16.0.1 (131 bytes) @ 0x000002d5a23ddaa4 [0x000002d5a23dd440+0x0000000000000664]
j  java.lang.ref.Finalizer$FinalizerThread.run()V+46 java.base@16.0.1
v  ~StubRoutines::call_stub

siginfo: EXCEPTION_ACCESS_VIOLATION (0xc0000005), reading address 0x0000000000000008


Register to memory mapping:

RIP=0x0000000071b22cbd QtGui4.dll
RAX=0x0 is NULL
RBX=0x00000000ffffffff is an unallocated location in the heap
RCX=0x000002d5b9c70700 points into unknown readable memory: 0x0000000000000001 | 01 00 00 00 00 00 00 00
RDX=0x0000000000000001 is an unknown value
RSP=0x000000f9729feac0 is pointing into the stack for thread: 0x000002d5b7f8e9c0
RBP=0x0000000000000001 is an unknown value
RSI=0x000002d5b9683a40 points into unknown readable memory: 0x0000000072113148 | 48 31 11 72 00 00 00 00
RDI=0x000002d5b9683a40 points into unknown readable memory: 0x0000000072113148 | 48 31 11 72 00 00 00 00
R8 =0x000000000000008d is an unknown value
R9 =0x0000000000000040 is an unknown value
R10=0x0000000000000080 is an unknown value
R11=0x10055ea075f4d131 is an unknown value
R12=0x000002d5b9682d20 points into unknown readable memory: 0x00000000720bfe58 | 58 fe 0b 72 00 00 00 00
R13=0x000002d5b8f17e90 points into unknown readable memory: 0x00000000721291f0 | f0 91 12 72 00 00 00 00
R14=0x0 is NULL
R15=0x0 is NULL


Registers:
RAX=0x0000000000000000, RBX=0x00000000ffffffff, RCX=0x000002d5b9c70700, RDX=0x0000000000000001
RSP=0x000000f9729feac0, RBP=0x0000000000000001, RSI=0x000002d5b9683a40, RDI=0x000002d5b9683a40
R8 =0x000000000000008d, R9 =0x0000000000000040, R10=0x0000000000000080, R11=0x10055ea075f4d131
R12=0x000002d5b9682d20, R13=0x000002d5b8f17e90, R14=0x0000000000000000, R15=0x0000000000000000
RIP=0x0000000071b22cbd, EFLAGS=0x0000000000010206

Top of Stack: (sp=0x000000f9729feac0)
0x000000f9729feac0:   000002d5b9c70700 00000000ffffffff
0x000000f9729fead0:   0000000000000001 00007ff8b1a269d8
0x000000f9729feae0:   000002d500000000 0000000000000001
0x000000f9729feaf0:   fffffffffffffffe 000002d5b9682d20
0x000000f9729feb00:   0000000000000000 0000000071e3b1ce
0x000000f9729feb10:   000002d5b9b4cc00 0000000000000001
0x000000f9729feb20:   000002d5b9c70700 0000000000000000
0x000000f9729feb30:   0000000000000001 0000000071e3aa44
0x000000f9729feb40:   000002d5b9683a40 0000000000000001
0x000000f9729feb50:   000002d5b9683d60 0000000000000000
0x000000f9729feb60:   fffffffffffffffe 0000000000000000
0x000000f9729feb70:   000002d5b9683a40 00007ff874cb29a5
0x000000f9729feb80:   000002d5b9683a40 000002d500000000
0x000000f9729feb90:   000002d5b9b44050 00000000726ee0a8
0x000000f9729feba0:   fffffffffffffffe 00000000723c6298
0x000000f9729febb0:   000002d5b8f17e90 000000007254ab73 

Instructions: (pc=0x0000000071b22cbd)
0x0000000071b22bbd:   8b 0e 48 3b cb 74 1b ff 15 66 9b 58 00 84 c0 75
0x0000000071b22bcd:   0e ba 08 00 00 00 48 8b 0e ff 15 c4 9d 58 00 48
0x0000000071b22bdd:   89 1e 48 83 c4 38 41 5e 5f 5e 5b c3 cc cc cc cc
0x0000000071b22bed:   cc cc cc 40 57 48 83 ec 20 48 8b 41 f8 48 8b fa
0x0000000071b22bfd:   48 3b 90 40 01 00 00 74 6c 48 8b 41 f8 48 89 5c
0x0000000071b22c0d:   24 30 48 8d 59 f0 f7 80 c8 01 00 00 00 00 00 10
0x0000000071b22c1d:   74 0c 48 8b 43 20 48 8b 08 48 85 c9 75 22 41 b0
0x0000000071b22c2d:   01 ba 64 00 00 00 48 8b cb e8 95 2c 00 00 48 8b
0x0000000071b22c3d:   4b 08 33 d2 e8 fa 7b ff ff 48 8b 43 20 48 8b 08
0x0000000071b22c4d:   48 8b d7 ff 15 12 cf 58 00 48 8b 5c 24 30 85 c0
0x0000000071b22c5d:   75 13 48 8d 0d 52 db 59 00 48 83 c4 20 5f 48 ff
0x0000000071b22c6d:   25 fe a6 58 00 48 83 c4 20 5f c3 cc cc cc cc cc
0x0000000071b22c7d:   cc cc cc 85 d2 74 68 57 48 83 ec 40 48 c7 44 24
0x0000000071b22c8d:   30 fe ff ff ff 48 89 5c 24 50 8b da 48 8b f9 c7
0x0000000071b22c9d:   44 24 20 00 00 00 00 45 33 c9 45 33 c0 33 d2 48
0x0000000071b22cad:   8d 4c 24 60 e8 ba ba fd ff 90 ff 15 bb 9b 58 00
0x0000000071b22cbd:   48 8b 48 08 48 81 c1 28 01 00 00 4c 8d 4c 24 60
0x0000000071b22ccd:   4c 8b c7 8b d3 e8 f9 8c fe ff 90 48 8d 4c 24 60
0x0000000071b22cdd:   e8 ee e2 fc ff 48 8b 5c 24 50 48 83 c4 40 5f c3
0x0000000071b22ced:   cc cc cc 48 89 5c 24 10 48 89 6c 24 18 48 89 74
0x0000000071b22cfd:   24 20 57 48 81 ec 90 00 00 00 48 8b 05 62 4e 8a
0x0000000071b22d0d:   00 48 33 c4 48 89 84 24 80 00 00 00 48 8b f1 48
0x0000000071b22d1d:   8b 09 48 8b fa 48 83 c1 68 ba 01 00 00 00 ff 15
0x0000000071b22d2d:   ef 99 58 00 84 c0 74 08 48 8b ce e8 f3 7b fa ff
0x0000000071b22d3d:   48 8b 0e 48 8b d1 48 8b d9 4c 63 49 6c 8b 69 70
0x0000000071b22d4d:   4d 85 c9 78 42 48 8d 44 24 20 41 ba 08 00 00 00
0x0000000071b22d5d:   4c 2b d0 4a 8b 5c ca 08 48 3b d9 74 20 44 8b 07
0x0000000071b22d6d:   0f 1f 00 44 39 43 f8 7d 14 4b 8d 04 ca 48 8b d3
0x0000000071b22d7d:   48 03 c3 48 8b 5c 04 20 48 3b d9 75 e6 4a 89 54
0x0000000071b22d8d:   cc 20 49 ff c9 79 cc 48 3b d9 74 3d 8b 43 f8 39
0x0000000071b22d9d:   07 7c 36 48 8b 0e 4c 8b cb 48 8b 5b 08 48 3b d9
0x0000000071b22dad:   74 0e 8b 43 f8 41 39 41 f8 7c 05 40 b7 01 eb 03 


Stack slot to memory mapping:
stack at sp + 0 slots: 0x000002d5b9c70700 points into unknown readable memory: 0x0000000000000001 | 01 00 00 00 00 00 00 00
stack at sp + 1 slots: 0x00000000ffffffff is an unallocated location in the heap
stack at sp + 2 slots: 0x0000000000000001 is an unknown value
stack at sp + 3 slots: 0x00007ff8b1a269d8 MSVCR120.dll
stack at sp + 4 slots: 0x000002d500000000 is an unknown value
stack at sp + 5 slots: 0x0000000000000001 is an unknown value
stack at sp + 6 slots: 0xfffffffffffffffe is an unknown value
stack at sp + 7 slots: 0x000002d5b9682d20 points into unknown readable memory: 0x00000000720bfe58 | 58 fe 0b 72 00 00 00 00


---------------  P R O C E S S  ---------------

Threads class SMR info:
_java_thread_list=0x000002d5b963e880, length=18, elements={
0x000002d5b7f8d4f0, 0x000002d5b7f8e9c0, 0x000002d5b7f9b3f0, 0x000002d5b7f9bf00,
0x000002d5b7f9e910, 0x000002d5b7fa0320, 0x000002d5b7fa3060, 0x000002d5b7fa7050,
0x000002d5b7fab6c0, 0x000002d5b8c3c7a0, 0x000002d5b8cee170, 0x000002d5b92c9a40,
0x000002d5b8dd0c40, 0x000002d5b8c02600, 0x000002d5b8c020b0, 0x000002d5b8c01610,
0x000002d5b8c02b50, 0x000002d5b8c030a0
}

Java Threads: ( => current thread )
  0x000002d5b7f8d4f0 JavaThread "Reference Handler" daemon [_thread_blocked, id=1816, stack(0x000000f972800000,0x000000f972900000)]
=>0x000002d5b7f8e9c0 JavaThread "Finalizer" daemon [_thread_in_native, id=13608, stack(0x000000f972900000,0x000000f972a00000)]
  0x000002d5b7f9b3f0 JavaThread "Signal Dispatcher" daemon [_thread_blocked, id=13988, stack(0x000000f972a00000,0x000000f972b00000)]
  0x000002d5b7f9bf00 JavaThread "Attach Listener" daemon [_thread_blocked, id=14504, stack(0x000000f972b00000,0x000000f972c00000)]
  0x000002d5b7f9e910 JavaThread "Service Thread" daemon [_thread_blocked, id=8392, stack(0x000000f972c00000,0x000000f972d00000)]
  0x000002d5b7fa0320 JavaThread "Monitor Deflation Thread" daemon [_thread_blocked, id=10296, stack(0x000000f972d00000,0x000000f972e00000)]
  0x000002d5b7fa3060 JavaThread "C2 CompilerThread0" daemon [_thread_blocked, id=10288, stack(0x000000f972e00000,0x000000f972f00000)]
  0x000002d5b7fa7050 JavaThread "C1 CompilerThread0" daemon [_thread_blocked, id=11432, stack(0x000000f972f00000,0x000000f973000000)]
  0x000002d5b7fab6c0 JavaThread "Sweeper thread" daemon [_thread_blocked, id=4144, stack(0x000000f973000000,0x000000f973100000)]
  0x000002d5b8c3c7a0 JavaThread "Common-Cleaner" daemon [_thread_blocked, id=14444, stack(0x000000f973100000,0x000000f973200000)]
  0x000002d5b8cee170 JavaThread "Notification Thread" daemon [_thread_blocked, id=6172, stack(0x000000f973200000,0x000000f973300000)]
  0x000002d5b92c9a40 JavaThread "qtjambi-com.trolltech.qt.QThreadManager$NativeResourcesReleaseThread" daemon [_thread_blocked, id=12592, stack(0x000000f973500000,0x000000f973600000)]
  0x000002d5b8dd0c40 JavaThread "Java2D Disposer" daemon [_thread_blocked, id=3320, stack(0x000000f973a00000,0x000000f973b00000)]
  0x000002d5b8c02600 JavaThread "Thread-2" daemon [_thread_in_native, id=1528, stack(0x000000f973d00000,0x000000f973e00000)]
  0x000002d5b8c020b0 JavaThread "DestroyJavaVM" [_thread_blocked, id=13612, stack(0x000000f972100000,0x000000f972200000)]
  0x000002d5b8c01610 JavaThread "qtjambi-com.trolltech.qt.QtJambi_LibraryShutdown" [_thread_blocked, id=12336, stack(0x000000f973b00000,0x000000f973c00000)]
  0x000002d5b8c02b50 JavaThread "AWT-Shutdown" [_thread_blocked, id=14656, stack(0x000000f974200000,0x000000f974300000)]
  0x000002d5b8c030a0 JavaThread "Secondary finalizer" [_thread_in_native, id=13484, stack(0x000000f973c00000,0x000000f973d00000)]

Other Threads:
  0x000002d5b7f87890 VMThread "VM Thread" [stack: 0x000000f972700000,0x000000f972800000] [id=14680]
  0x000002d59a523710 WatcherThread [stack: 0x000000f973300000,0x000000f973400000] [id=13864]
  0x000002d59a5611b0 GCTaskThread "GC Thread#0" [stack: 0x000000f972200000,0x000000f972300000] [id=11460]
  0x000002d5b96b9890 GCTaskThread "GC Thread#1" [stack: 0x000000f973400000,0x000000f973500000] [id=12060]
  0x000002d5b96b9ba0 GCTaskThread "GC Thread#2" [stack: 0x000000f973600000,0x000000f973700000] [id=14980]
  0x000002d5b9a57010 GCTaskThread "GC Thread#3" [stack: 0x000000f973700000,0x000000f973800000] [id=12176]
  0x000002d5b9a57320 GCTaskThread "GC Thread#4" [stack: 0x000000f973800000,0x000000f973900000] [id=2560]
  0x000002d5b9a57a40 GCTaskThread "GC Thread#5" [stack: 0x000000f973900000,0x000000f973a00000] [id=15220]
  0x000002d59a571c30 ConcurrentGCThread "G1 Main Marker" [stack: 0x000000f972300000,0x000000f972400000] [id=14228]
  0x000002d59a572720 ConcurrentGCThread "G1 Conc#0" [stack: 0x000000f972400000,0x000000f972500000] [id=10252]
  0x000002d59a5f1aa0 ConcurrentGCThread "G1 Refine#0" [stack: 0x000000f972500000,0x000000f972600000] [id=8092]
  0x000002d59a5f25a0 ConcurrentGCThread "G1 Service" [stack: 0x000000f972600000,0x000000f972700000] [id=1536]

Threads with active compile tasks:

VM state: not at safepoint (normal execution)

VM Mutex/Monitor currently owned by a thread: None

Heap address: 0x0000000083600000, size: 1994 MB, Compressed Oops mode: 32-bit

CDS archive(s) mapped at: [0x0000000800000000-0x0000000800bb0000-0x0000000800bb0000), size 12255232, SharedBaseAddress: 0x0000000800000000, ArchiveRelocationMode: 0.
Compressed class space mapped at: 0x0000000800c00000-0x0000000840c00000, reserved size: 1073741824
Narrow klass base: 0x0000000800000000, Narrow klass shift: 3, Narrow klass range: 0x100000000

GC Precious Log:
 CPUs: 6 total, 6 available
 Memory: 7973M
 Large Page Support: Disabled
 NUMA Support: Disabled
 Compressed Oops: Enabled (32-bit)
 Heap Region Size: 1M
 Heap Min Capacity: 8M
 Heap Initial Capacity: 126M
 Heap Max Capacity: 1994M
 Pre-touch: Disabled
 Parallel Workers: 6
 Concurrent Workers: 2
 Concurrent Refinement Workers: 6
 Periodic GC: Disabled

Heap:
 garbage-first heap   total 20480K, used 4662K [0x0000000083600000, 0x0000000100000000)
  region size 1024K, 1 young (1024K), 0 survivors (0K)
 Metaspace       used 9122K, committed 9280K, reserved 1064960K
  class space    used 881K, committed 960K, reserved 1048576K

Heap Regions: E=young(eden), S=young(survivor), O=old, HS=humongous(starts), HC=humongous(continues), CS=collection set, F=free, OA=open archive, CA=closed archive, TAMS=top-at-mark-start (previous, next)
|   0|0x0000000083600000, 0x00000000836ffff0, 0x0000000083700000| 99%| O|  |TAMS 0x0000000083600000, 0x0000000083600000| Untracked 
|   1|0x0000000083700000, 0x00000000837fefd0, 0x0000000083800000| 99%| O|  |TAMS 0x0000000083700000, 0x0000000083700000| Untracked 
|   2|0x0000000083800000, 0x0000000083900000, 0x0000000083900000|100%| O|  |TAMS 0x0000000083800000, 0x0000000083800000| Untracked 
|   3|0x0000000083900000, 0x00000000839f0b88, 0x0000000083a00000| 94%| O|  |TAMS 0x0000000083900000, 0x0000000083900000| Untracked 
|   4|0x0000000083a00000, 0x0000000083a52e38, 0x0000000083b00000| 32%| O|  |TAMS 0x0000000083a00000, 0x0000000083a00000| Untracked 
|   5|0x0000000083b00000, 0x0000000083b00000, 0x0000000083c00000|  0%| F|  |TAMS 0x0000000083b00000, 0x0000000083b00000| Untracked 
|   6|0x0000000083c00000, 0x0000000083c00000, 0x0000000083d00000|  0%| F|  |TAMS 0x0000000083c00000, 0x0000000083c00000| Untracked 
|   7|0x0000000083d00000, 0x0000000083d00000, 0x0000000083e00000|  0%| F|  |TAMS 0x0000000083d00000, 0x0000000083d00000| Untracked 
|   8|0x0000000083e00000, 0x0000000083e00000, 0x0000000083f00000|  0%| F|  |TAMS 0x0000000083e00000, 0x0000000083e00000| Untracked 
|   9|0x0000000083f00000, 0x0000000083f00000, 0x0000000084000000|  0%| F|  |TAMS 0x0000000083f00000, 0x0000000083f00000| Untracked 
|  10|0x0000000084000000, 0x0000000084000000, 0x0000000084100000|  0%| F|  |TAMS 0x0000000084000000, 0x0000000084000000| Untracked 
|  11|0x0000000084100000, 0x0000000084100000, 0x0000000084200000|  0%| F|  |TAMS 0x0000000084100000, 0x0000000084100000| Untracked 
|  12|0x0000000084200000, 0x0000000084200000, 0x0000000084300000|  0%| F|  |TAMS 0x0000000084200000, 0x0000000084200000| Untracked 
|  13|0x0000000084300000, 0x0000000084300000, 0x0000000084400000|  0%| F|  |TAMS 0x0000000084300000, 0x0000000084300000| Untracked 
|  14|0x0000000084400000, 0x0000000084400000, 0x0000000084500000|  0%| F|  |TAMS 0x0000000084400000, 0x0000000084400000| Untracked 
|  15|0x0000000084500000, 0x0000000084500000, 0x0000000084600000|  0%| F|  |TAMS 0x0000000084500000, 0x0000000084500000| Untracked 
|  16|0x0000000084600000, 0x0000000084600000, 0x0000000084700000|  0%| F|  |TAMS 0x0000000084600000, 0x0000000084600000| Untracked 
|  17|0x0000000084700000, 0x0000000084700000, 0x0000000084800000|  0%| F|  |TAMS 0x0000000084700000, 0x0000000084700000| Untracked 
|  27|0x0000000085100000, 0x000000008510bf30, 0x0000000085200000|  4%| E|  |TAMS 0x0000000085100000, 0x0000000085100000| Complete 
| 104|0x0000000089e00000, 0x0000000089e4af28, 0x0000000089f00000| 29%| O|  |TAMS 0x0000000089e00000, 0x0000000089e00000| Untracked 

Card table byte_map: [0x000002d5b1190000,0x000002d5b1580000] _byte_map_base: 0x000002d5b0d75000

Marking Bits (Prev, Next): (CMBitMap*) 0x000002d59a5618a0, (CMBitMap*) 0x000002d59a5618e0
 Prev Bits: [0x000002d5b1970000, 0x000002d5b3898000)
 Next Bits: [0x000002d5b38a0000, 0x000002d5b57c8000)

Polling page: 0x000002d598420000

Metaspace:

Usage:
  Non-class:      8.05 MB used.
      Class:    881.12 KB used.
       Both:      8.91 MB used.

Virtual space:
  Non-class space:       16.00 MB reserved,       8.12 MB ( 51%) committed,  2 nodes.
      Class space:        1.00 GB reserved,     960.00 KB ( <1%) committed,  1 nodes.
              Both:        1.02 GB reserved,       9.06 MB ( <1%) committed. 

Chunk freelists:
   Non-Class:  3.56 MB
       Class:  3.00 MB
        Both:  6.56 MB

MaxMetaspaceSize: 17179869184.00 GB
CompressedClassSpaceSize: 1.00 GB
 - commit_granule_bytes: 65536.
 - commit_granule_words: 8192.
 - virtual_space_node_default_size: 1048576.
 - enlarge_chunks_in_place: 1.
 - new_chunks_are_fully_committed: 0.
 - uncommit_free_chunks: 1.
 - use_allocation_guard: 0.
 - handle_deallocations: 1.


Internal statistics:

num_allocs_failed_limit: 0.
num_arena_births: 94.
num_arena_deaths: 0.
num_vsnodes_births: 3.
num_vsnodes_deaths: 0.
num_space_committed: 145.
num_space_uncommitted: 0.
num_chunks_returned_to_freelist: 0.
num_chunks_taken_from_freelist: 244.
num_chunk_merges: 0.
num_chunk_splits: 173.
num_chunks_enlarged: 119.
num_purges: 0.

CodeHeap 'non-profiled nmethods': size=120000Kb used=395Kb max_used=395Kb free=119604Kb
 bounds [0x000002d5a9760000, 0x000002d5a99d0000, 0x000002d5b0c90000]
CodeHeap 'profiled nmethods': size=120000Kb used=1768Kb max_used=1768Kb free=118231Kb
 bounds [0x000002d5a2230000, 0x000002d5a24a0000, 0x000002d5a9760000]
CodeHeap 'non-nmethods': size=5760Kb used=1238Kb max_used=1271Kb free=4521Kb
 bounds [0x000002d5a1c90000, 0x000002d5a1f00000, 0x000002d5a2230000]
 total_blobs=1629 nmethods=1082 adapters=460
 compilation: enabled
              stopped_count=0, restarted_count=0
 full_count=0

Compilation events (20 events):
Event: 48.246 Thread 0x000002d5b7fa7050 1075       3       java.lang.Integer::stringSize (47 bytes)
Event: 48.246 Thread 0x000002d5b7fa7050 nmethod 1075 0x000002d5a23e2890 code [0x000002d5a23e2a40, 0x000002d5a23e2c98]
Event: 48.246 Thread 0x000002d5b7fa7050 1076       3       java.lang.Integer::getChars (131 bytes)
Event: 48.246 Thread 0x000002d5b7fa7050 nmethod 1076 0x000002d5a23e2d90 code [0x000002d5a23e2f60, 0x000002d5a23e3398]
Event: 48.246 Thread 0x000002d5b7fa7050 1077       3       java.nio.Buffer::flip (20 bytes)
Event: 48.246 Thread 0x000002d5b7fa7050 nmethod 1077 0x000002d5a23e3610 code [0x000002d5a23e37a0, 0x000002d5a23e38b8]
Event: 48.246 Thread 0x000002d5b7fa7050 1078       3       jdk.internal.misc.VM::initLevel (4 bytes)
Event: 48.247 Thread 0x000002d5b7fa7050 nmethod 1078 0x000002d5a23e3990 code [0x000002d5a23e3b20, 0x000002d5a23e3c18]
Event: 48.247 Thread 0x000002d5b7fa7050 1079       3       sun.nio.cs.UTF_8$Encoder::encodeArrayLoop (489 bytes)
Event: 48.248 Thread 0x000002d5b7fa7050 nmethod 1079 0x000002d5a23e3c90 code [0x000002d5a23e4280, 0x000002d5a23e75e8]
Event: 48.248 Thread 0x000002d5b7fa7050 1080       3       jdk.internal.misc.VM::isModuleSystemInited (13 bytes)
Event: 48.248 Thread 0x000002d5b7fa7050 nmethod 1080 0x000002d5a23e8690 code [0x000002d5a23e8840, 0x000002d5a23e89f8]
Event: 48.252 Thread 0x000002d5b7fa3060 1081       4       java.lang.System::getSecurityManager (12 bytes)
Event: 48.253 Thread 0x000002d5b7fa3060 nmethod 1081 0x000002d5a97c2a10 code [0x000002d5a97c2b80, 0x000002d5a97c2bf8]
Event: 48.253 Thread 0x000002d5b7fa7050 1083   !   3       java.io.BufferedWriter::write (117 bytes)
Event: 48.253 Thread 0x000002d5b7fa7050 nmethod 1083 0x000002d5a23e8a90 code [0x000002d5a23e8ca0, 0x000002d5a23e9288]
Event: 48.253 Thread 0x000002d5b7fa7050 1082       3       java.io.Writer::write (11 bytes)
Event: 48.253 Thread 0x000002d5b7fa7050 nmethod 1082 0x000002d5a23e9610 code [0x000002d5a23e97e0, 0x000002d5a23e9ac8]
Event: 48.253 Thread 0x000002d5b7fa7050 1084       3       java.io.PrintStream::ensureOpen (18 bytes)
Event: 48.261 Thread 0x000002d5b7fa7050 nmethod 1084 0x000002d5a23e9c10 code [0x000002d5a23e9dc0, 0x000002d5a23e9fe8]

GC Heap History (6 events):
Event: 2.587 GC heap before
{Heap before GC invocations=0 (full 0):
 garbage-first heap   total 129024K, used 20480K [0x0000000083600000, 0x0000000100000000)
  region size 1024K, 21 young (21504K), 0 survivors (0K)
 Metaspace       used 6233K, committed 6400K, reserved 1056768K
  class space    used 542K, committed 640K, reserved 1048576K
}
Event: 2.590 GC heap after
{Heap after GC invocations=1 (full 0):
 garbage-first heap   total 129024K, used 4189K [0x0000000083600000, 0x0000000100000000)
  region size 1024K, 3 young (3072K), 3 survivors (3072K)
 Metaspace       used 6233K, committed 6400K, reserved 1056768K
  class space    used 542K, committed 640K, reserved 1048576K
}
Event: 48.192 GC heap before
{Heap before GC invocations=1 (full 0):
 garbage-first heap   total 129024K, used 18525K [0x0000000083600000, 0x0000000100000000)
  region size 1024K, 18 young (18432K), 3 survivors (3072K)
 Metaspace       used 9046K, committed 9216K, reserved 1064960K
  class space    used 874K, committed 960K, reserved 1048576K
}
Event: 48.198 GC heap after
{Heap after GC invocations=2 (full 1):
 garbage-first heap   total 20480K, used 4813K [0x0000000083600000, 0x0000000100000000)
  region size 1024K, 0 young (0K), 0 survivors (0K)
 Metaspace       used 9046K, committed 9216K, reserved 1064960K
  class space    used 874K, committed 960K, reserved 1048576K
}
Event: 48.253 GC heap before
{Heap before GC invocations=2 (full 1):
 garbage-first heap   total 20480K, used 4813K [0x0000000083600000, 0x0000000100000000)
  region size 1024K, 1 young (1024K), 0 survivors (0K)
 Metaspace       used 9122K, committed 9280K, reserved 1064960K
  class space    used 881K, committed 960K, reserved 1048576K
}
Event: 48.261 GC heap after
{Heap after GC invocations=3 (full 2):
 garbage-first heap   total 20480K, used 4662K [0x0000000083600000, 0x0000000100000000)
  region size 1024K, 0 young (0K), 0 survivors (0K)
 Metaspace       used 9122K, committed 9280K, reserved 1064960K
  class space    used 881K, committed 960K, reserved 1048576K
}

Deoptimization events (20 events):
Event: 2.644 Thread 0x000002d59a522690 Uncommon trap: trap_request=0xffffff45 fr.pc=0x000002d5a97aa95c relative=0x00000000000014bc
Event: 2.644 Thread 0x000002d59a522690 Uncommon trap: reason=unstable_if action=reinterpret pc=0x000002d5a97aa95c method=java.util.HashMap.hash(Ljava/lang/Object;)I @ 1 c2
Event: 2.644 Thread 0x000002d59a522690 DEOPT PACKING pc=0x000002d5a97aa95c sp=0x000000f9721f9450
Event: 2.644 Thread 0x000002d59a522690 DEOPT UNPACKING pc=0x000002d5a1cdd72e sp=0x000000f9721f9400 mode 2
Event: 2.645 Thread 0x000002d59a522690 Uncommon trap: trap_request=0xffffff3d fr.pc=0x000002d5a97a525c relative=0x0000000000000b7c
Event: 2.645 Thread 0x000002d59a522690 Uncommon trap: reason=unstable_fused_if action=reinterpret pc=0x000002d5a97a525c method=java.util.HashMap.resize()[Ljava/util/HashMap$Node; @ 31 c2
Event: 2.645 Thread 0x000002d59a522690 DEOPT PACKING pc=0x000002d5a97a525c sp=0x000000f9721f8f30
Event: 2.645 Thread 0x000002d59a522690 DEOPT UNPACKING pc=0x000002d5a1cdd72e sp=0x000000f9721f8eb8 mode 2
Event: 30.403 Thread 0x000002d59a522690 DEOPT PACKING pc=0x000002d5a23bad7c sp=0x000000f9721f99a0
Event: 30.403 Thread 0x000002d59a522690 DEOPT UNPACKING pc=0x000002d5a1cddece sp=0x000000f9721f8ea0 mode 0
Event: 30.403 Thread 0x000002d59a522690 Uncommon trap: trap_request=0xfffffff4 fr.pc=0x000002d5a97b552c relative=0x0000000000002e2c
Event: 30.403 Thread 0x000002d59a522690 Uncommon trap: reason=null_check action=make_not_entrant pc=0x000002d5a97b552c method=com.trolltech.qt.internal.QtJambiInternal.isSignal(Ljava/lang/Class;)Z @ 3 c2
Event: 30.403 Thread 0x000002d59a522690 DEOPT PACKING pc=0x000002d5a97b552c sp=0x000000f9721f99a0
Event: 30.403 Thread 0x000002d59a522690 DEOPT UNPACKING pc=0x000002d5a1cdd72e sp=0x000000f9721f98a8 mode 2
Event: 41.806 Thread 0x000002d59a522690 Uncommon trap: trap_request=0xffffff45 fr.pc=0x000002d5a97704bc relative=0x000000000000009c
Event: 41.806 Thread 0x000002d59a522690 Uncommon trap: reason=unstable_if action=reinterpret pc=0x000002d5a97704bc method=java.util.HashMap.hash(Ljava/lang/Object;)I @ 1 c2
Event: 41.806 Thread 0x000002d59a522690 DEOPT PACKING pc=0x000002d5a97704bc sp=0x000000f9721f9460
Event: 41.806 Thread 0x000002d59a522690 DEOPT UNPACKING pc=0x000002d5a1cdd72e sp=0x000000f9721f93f8 mode 2
Event: 41.810 Thread 0x000002d59a522690 DEOPT PACKING pc=0x000002d5a233985a sp=0x000000f9721f7b70
Event: 41.810 Thread 0x000002d59a522690 DEOPT UNPACKING pc=0x000002d5a1cddece sp=0x000000f9721f70a8 mode 0

Classes unloaded (0 events):
No events

Classes redefined (0 events):
No events

Internal exceptions (17 events):
Event: 0.064 Thread 0x000002d59a522690 Exception <a 'sun/nio/fs/WindowsException'{0x000000008b235790}> (0x000000008b235790) 
thrown [t:\workspace\open\src\hotspot\share\prims\jni.cpp, line 579]
Event: 0.064 Thread 0x000002d59a522690 Exception <a 'sun/nio/fs/WindowsException'{0x000000008b235db0}> (0x000000008b235db0) 
thrown [t:\workspace\open\src\hotspot\share\prims\jni.cpp, line 579]
Event: 0.065 Thread 0x000002d59a522690 Exception <a 'sun/nio/fs/WindowsException'{0x000000008b238620}> (0x000000008b238620) 
thrown [t:\workspace\open\src\hotspot\share\prims\jni.cpp, line 579]
Event: 0.170 Thread 0x000002d59a522690 Exception <a 'java/lang/NoSuchMethodError'{0x000000008a50f4e0}: 'void java.lang.invoke.DirectMethodHandle$Holder.invokeSpecial(java.lang.Object, java.lang.Object, java.lang.Object)'> (0x000000008a50f4e0) 
thrown [t:\workspace\open\src\hotspot\share\interpreter\linkResolver.cpp, line 790]
Event: 0.172 Thread 0x000002d59a522690 Exception <a 'java/lang/NoSuchMethodError'{0x000000008a51fb80}: 'java.lang.Object java.lang.invoke.DirectMethodHandle$Holder.invokeStatic(java.lang.Object)'> (0x000000008a51fb80) 
thrown [t:\workspace\open\src\hotspot\share\interpreter\linkResolver.cpp, line 790]
Event: 2.564 Thread 0x000002d59a522690 Exception <a 'java/lang/ClassNotFoundException'{0x0000000089f945a0}: sun/awt/resources/spi/awtProvider> (0x0000000089f945a0) 
thrown [t:\workspace\open\src\hotspot\share\classfile\systemDictionary.cpp, line 256]
Event: 2.570 Thread 0x000002d59a522690 Exception <a 'java/io/FileNotFoundException'{0x0000000089fc32a8}> (0x0000000089fc32a8) 
thrown [t:\workspace\open\src\hotspot\share\prims\jni.cpp, line 579]
Event: 2.571 Thread 0x000002d59a522690 Exception <a 'java/io/FileNotFoundException'{0x0000000089fc45c8}> (0x0000000089fc45c8) 
thrown [t:\workspace\open\src\hotspot\share\prims\jni.cpp, line 579]
Event: 2.597 Thread 0x000002d59a522690 Exception <a 'java/lang/NoSuchMethodError'{0x000000008b309210}: 'java.lang.Object java.lang.invoke.DirectMethodHandle$Holder.invokeStaticInit(java.lang.Object)'> (0x000000008b309210) 
thrown [t:\workspace\open\src\hotspot\share\interpreter\linkResolver.cpp, line 790]
Event: 2.620 Thread 0x000002d59a522690 Exception <a 'java/lang/NoSuchMethodError'{0x000000008b379fd8}: 'java.lang.Object java.lang.invoke.DirectMethodHandle$Holder.newInvokeSpecial(java.lang.Object, java.lang.Object, java.lang.Object, java.lang.Object, java.lang.Object)'> (0x000000008b379fd8) 
thrown [t:\workspace\open\src\hotspot\share\interpreter\linkResolver.cpp, line 790]
Event: 2.621 Thread 0x000002d59a522690 Exception <a 'java/lang/NoSuchMethodError'{0x000000008b3f4c60}: 'java.lang.Object java.lang.invoke.DirectMethodHandle$Holder.invokeStatic(java.lang.Object, int, java.lang.Object, java.lang.Object, java.lang.Object, java.lang.Object)'> (0x000000008b3f4c60) 
thrown [t:\workspace\open\src\hotspot\share\interpreter\linkResolver.cpp, line 790]
Event: 2.624 Thread 0x000002d59a522690 Exception <a 'java/lang/NoSuchMethodError'{0x000000008b21b438}: 'java.lang.Object java.lang.invoke.DirectMethodHandle$Holder.invokeStatic(java.lang.Object, int, java.lang.Object)'> (0x000000008b21b438) 
thrown [t:\workspace\open\src\hotspot\share\interpreter\linkResolver.cpp, line 790]
Event: 2.640 Thread 0x000002d59a522690 Exception <a 'java/lang/ClassNotFoundException'{0x000000008b2d7f30}: com/sun/swing/internal/plaf/metal/resources/spi/metalProvider> (0x000000008b2d7f30) 
thrown [t:\workspace\open\src\hotspot\share\classfile\systemDictionary.cpp, line 256]
Event: 2.641 Thread 0x000002d59a522690 Exception <a 'java/lang/ClassNotFoundException'{0x000000008b2dc008}: com/sun/swing/internal/plaf/basic/resources/spi/basicProvider> (0x000000008b2dc008) 
thrown [t:\workspace\open\src\hotspot\share\classfile\systemDictionary.cpp, line 256]
Event: 2.644 Thread 0x000002d59a522690 Implicit null exception at 0x000002d5a97a94e0 to 0x000002d5a97aa945
Event: 30.403 Thread 0x000002d59a522690 Implicit null exception at 0x000002d5a97b3ee4 to 0x000002d5a97b54e8
Event: 41.806 Thread 0x000002d59a522690 Implicit null exception at 0x000002d5a977042f to 0x000002d5a97704ad

Events (20 events):
Event: 48.199 loading class java/lang/ref/Finalizer$1
Event: 48.199 loading class java/lang/ref/Finalizer$1 done
Event: 48.199 Thread 0x000002d5b9bb6760 Thread added: 0x000002d5b9bb6760
Event: 48.202 Thread 0x000002d5b9bb6760 Thread exited: 0x000002d5b9bb6760
Event: 48.202 Thread 0x000002d5b8c02600 Thread added: 0x000002d5b8c02600
Event: 48.214 Thread 0x000002d59a522690 Thread exited: 0x000002d59a522690
Event: 48.214 Thread 0x000002d5b8c020b0 Thread added: 0x000002d5b8c020b0
Event: 48.214 Thread 0x000002d5b8c01610 Thread added: 0x000002d5b8c01610
Event: 48.215 Thread 0x000002d5b8c035f0 Thread added: 0x000002d5b8c035f0
Event: 48.215 Thread 0x000002d5b8c02b50 Thread added: 0x000002d5b8c02b50
Event: 48.217 loading class java/lang/Throwable$WrappedPrintStream
Event: 48.217 loading class java/lang/Throwable$PrintStreamOrWriter
Event: 48.217 loading class java/lang/Throwable$PrintStreamOrWriter done
Event: 48.217 loading class java/lang/Throwable$WrappedPrintStream done
Event: 48.218 Thread 0x000002d5b96b5880 Thread exited: 0x000002d5b96b5880
Event: 48.218 loading class java/lang/StackTraceElement$HashedModules
Event: 48.218 loading class java/lang/StackTraceElement$HashedModules done
Event: 48.253 Executing  VM operation: G1CollectFull
Event: 48.261 Executing  VM operation: G1CollectFull done
Event: 48.261 Thread 0x000002d5b8c030a0 Thread added: 0x000002d5b8c030a0


Dynamic libraries:
0x00007ff659dd0000 - 0x00007ff659dde000 	C:\jdk-16.0.1\bin\java.exe
0x00007ff8dd2d0000 - 0x00007ff8dd4c5000 	C:\WINDOWS\SYSTEM32\ntdll.dll
0x00007ff8dc110000 - 0x00007ff8dc1ce000 	C:\WINDOWS\System32\KERNEL32.DLL
0x00007ff8dac80000 - 0x00007ff8daf48000 	C:\WINDOWS\System32\KERNELBASE.dll
0x00007ff8db210000 - 0x00007ff8db310000 	C:\WINDOWS\System32\ucrtbase.dll
0x00007ff8ced20000 - 0x00007ff8ced38000 	C:\jdk-16.0.1\bin\jli.dll
0x00007ff8b6130000 - 0x00007ff8b6149000 	C:\jdk-16.0.1\bin\VCRUNTIME140.dll
0x00007ff8db670000 - 0x00007ff8db811000 	C:\WINDOWS\System32\USER32.dll
0x00007ff8dab40000 - 0x00007ff8dab62000 	C:\WINDOWS\System32\win32u.dll
0x00007ff8cfa90000 - 0x00007ff8cfd2a000 	C:\WINDOWS\WinSxS\amd64_microsoft.windows.common-controls_6595b64144ccf1df_6.0.19041.1110_none_60b5254171f9507e\COMCTL32.dll
0x00007ff8dd260000 - 0x00007ff8dd28b000 	C:\WINDOWS\System32\GDI32.dll
0x00007ff8dba30000 - 0x00007ff8dbace000 	C:\WINDOWS\System32\msvcrt.dll
0x00007ff8daf50000 - 0x00007ff8db05d000 	C:\WINDOWS\System32\gdi32full.dll
0x00007ff8db0c0000 - 0x00007ff8db15d000 	C:\WINDOWS\System32\msvcp_win.dll
0x00007ff8dc380000 - 0x00007ff8dc3b0000 	C:\WINDOWS\System32\IMM32.DLL
0x00007ff8aa3a0000 - 0x00007ff8aa3ac000 	C:\jdk-16.0.1\bin\vcruntime140_1.dll
0x00007ff88fd90000 - 0x00007ff88fe21000 	C:\jdk-16.0.1\bin\msvcp140.dll
0x00007ff890030000 - 0x00007ff890bdb000 	C:\jdk-16.0.1\bin\server\jvm.dll
0x00007ff8dc000000 - 0x00007ff8dc0ae000 	C:\WINDOWS\System32\ADVAPI32.dll
0x00007ff8dcd40000 - 0x00007ff8dcddc000 	C:\WINDOWS\System32\sechost.dll
0x00007ff8db900000 - 0x00007ff8dba25000 	C:\WINDOWS\System32\RPCRT4.dll
0x00007ff8dc4a0000 - 0x00007ff8dc4a8000 	C:\WINDOWS\System32\PSAPI.DLL
0x00007ff8d4600000 - 0x00007ff8d4609000 	C:\WINDOWS\SYSTEM32\WSOCK32.dll
0x00007ff8cff40000 - 0x00007ff8cff67000 	C:\WINDOWS\SYSTEM32\WINMM.dll
0x00007ff8d5b50000 - 0x00007ff8d5b5a000 	C:\WINDOWS\SYSTEM32\VERSION.dll
0x00007ff8dc410000 - 0x00007ff8dc47b000 	C:\WINDOWS\System32\WS2_32.dll
0x00007ff8d88f0000 - 0x00007ff8d8902000 	C:\WINDOWS\SYSTEM32\kernel.appcore.dll
0x00007ff8a6d30000 - 0x00007ff8a6d3a000 	C:\jdk-16.0.1\bin\jimage.dll
0x00007ff8cea00000 - 0x00007ff8cebe4000 	C:\WINDOWS\SYSTEM32\DBGHELP.DLL
0x00007ff8ce6f0000 - 0x00007ff8ce71c000 	C:\WINDOWS\SYSTEM32\dbgcore.DLL
0x00007ff8dabf0000 - 0x00007ff8dac72000 	C:\WINDOWS\System32\bcryptPrimitives.dll
0x00007ff8a56b0000 - 0x00007ff8a56d5000 	C:\jdk-16.0.1\bin\java.dll
0x00007ff8dc5f0000 - 0x00007ff8dcd34000 	C:\WINDOWS\System32\SHELL32.dll
0x00007ff8d8af0000 - 0x00007ff8d9285000 	C:\WINDOWS\SYSTEM32\windows.storage.dll
0x00007ff8db310000 - 0x00007ff8db665000 	C:\WINDOWS\System32\combase.dll
0x00007ff8da360000 - 0x00007ff8da38e000 	C:\WINDOWS\SYSTEM32\Wldp.dll
0x00007ff8dc540000 - 0x00007ff8dc5ed000 	C:\WINDOWS\System32\SHCORE.dll
0x00007ff8db8a0000 - 0x00007ff8db8f5000 	C:\WINDOWS\System32\shlwapi.dll
0x00007ff8da920000 - 0x00007ff8da93f000 	C:\WINDOWS\SYSTEM32\profapi.dll
0x00007ff899900000 - 0x00007ff899919000 	C:\jdk-16.0.1\bin\net.dll
0x00007ff8d4270000 - 0x00007ff8d437c000 	C:\WINDOWS\SYSTEM32\WINHTTP.dll
0x00007ff8da0c0000 - 0x00007ff8da12a000 	C:\WINDOWS\system32\mswsock.dll
0x00007ff88ffd0000 - 0x00007ff88ffe3000 	C:\jdk-16.0.1\bin\nio.dll
0x00007ff88ffb0000 - 0x00007ff88ffc8000 	C:\jdk-16.0.1\bin\zip.dll
0x00007ff8a6d20000 - 0x00007ff8a6d30000 	C:\jdk-16.0.1\bin\verify.dll
0x0000000072430000 - 0x000000007270e000 	C:\Users\dam_aap\AppData\Local\Temp\QtJambi_dam_aap_amd64_4.8.7_msvc2013x64-20150908-1314\lib\QtCore4.dll
0x00007ff8dc250000 - 0x00007ff8dc37a000 	C:\WINDOWS\System32\ole32.dll
0x00007ff8b30c0000 - 0x00007ff8b3166000 	C:\WINDOWS\SYSTEM32\MSVCP120.dll
0x00007ff8b19c0000 - 0x00007ff8b1aaf000 	C:\WINDOWS\SYSTEM32\MSVCR120.dll
0x00007ff8d4e20000 - 0x00007ff8d4e60000 	C:\Users\dam_aap\AppData\Local\Temp\QtJambi_dam_aap_amd64_4.8.7_msvc2013x64-20150908-1314\lib\qtjambi.dll
0x00007ff88f1b0000 - 0x00007ff88f2df000 	C:\Users\dam_aap\AppData\Local\Temp\QtJambi_dam_aap_amd64_4.8.7_msvc2013x64-20150908-1314\lib\com_trolltech_qt_core.dll
0x0000000071ac0000 - 0x000000007242e000 	C:\Users\dam_aap\AppData\Local\Temp\QtJambi_dam_aap_amd64_4.8.7_msvc2013x64-20150908-1314\lib\QtGui4.dll
0x00007ff8dcf00000 - 0x00007ff8dcfda000 	C:\WINDOWS\System32\COMDLG32.dll
0x00007ff8dd190000 - 0x00007ff8dd25d000 	C:\WINDOWS\System32\OLEAUT32.dll
0x00007ff8a4c90000 - 0x00007ff8a4d25000 	C:\WINDOWS\SYSTEM32\WINSPOOL.DRV
0x00007ff874b00000 - 0x00007ff87522f000 	C:\Users\dam_aap\AppData\Local\Temp\QtJambi_dam_aap_amd64_4.8.7_msvc2013x64-20150908-1314\lib\com_trolltech_qt_gui.dll
0x00007ff8d8410000 - 0x00007ff8d84ae000 	C:\WINDOWS\system32\uxtheme.dll
0x00007ff8dcde0000 - 0x00007ff8dcef5000 	C:\WINDOWS\System32\MSCTF.dll
0x00007ff8d4e10000 - 0x00007ff8d4e1d000 	C:\Users\dam_aap\AppData\Local\Temp\QtJambi_dam_aap_amd64_4.8.7_msvc2013x64-20150908-1314\plugins\imageformats\qgif4.dll
0x00007ff8ced10000 - 0x00007ff8ced1e000 	C:\Users\dam_aap\AppData\Local\Temp\QtJambi_dam_aap_amd64_4.8.7_msvc2013x64-20150908-1314\plugins\imageformats\qico4.dll
0x00007ff8cecd0000 - 0x00007ff8ced0d000 	C:\Users\dam_aap\AppData\Local\Temp\QtJambi_dam_aap_amd64_4.8.7_msvc2013x64-20150908-1314\plugins\imageformats\qjpeg4.dll
0x00007ff8b3070000 - 0x00007ff8b30b9000 	C:\Users\dam_aap\AppData\Local\Temp\QtJambi_dam_aap_amd64_4.8.7_msvc2013x64-20150908-1314\plugins\imageformats\qmng4.dll
0x00007ff8b1960000 - 0x00007ff8b19bb000 	C:\Users\dam_aap\AppData\Local\Temp\QtJambi_dam_aap_amd64_4.8.7_msvc2013x64-20150908-1314\plugins\imageformats\qtiff4.dll
0x00007ff8d32d0000 - 0x00007ff8d33c9000 	C:\WINDOWS\SYSTEM32\textinputframework.dll
0x00007ff8d7ed0000 - 0x00007ff8d7fc2000 	C:\WINDOWS\System32\CoreMessaging.dll
0x00007ff8d7a70000 - 0x00007ff8d7dce000 	C:\WINDOWS\System32\CoreUIComponents.dll
0x00007ff8d9630000 - 0x00007ff8d9663000 	C:\WINDOWS\SYSTEM32\ntmarta.dll
0x00007ff8d7440000 - 0x00007ff8d7594000 	C:\WINDOWS\SYSTEM32\wintypes.dll
0x00007ff8b0b00000 - 0x00007ff8b0bb0000 	C:\WINDOWS\WinSxS\amd64_microsoft.windows.common-controls_6595b64144ccf1df_5.82.19041.1110_none_792d1c772443f647\comctl32.dll
0x00007ff88fe30000 - 0x00007ff88ffaf000 	C:\jdk-16.0.1\bin\awt.dll
0x00007ff8d8150000 - 0x00007ff8d81e0000 	C:\WINDOWS\SYSTEM32\apphelp.dll
0x00007ff8d8710000 - 0x00007ff8d873f000 	C:\WINDOWS\system32\DWMAPI.DLL
0x00007ff8ce840000 - 0x00007ff8ce965000 	C:\WINDOWS\system32\opengl32.dll
0x00007ff8ce2b0000 - 0x00007ff8ce2dc000 	C:\WINDOWS\SYSTEM32\GLU32.dll
0x00007ff8dbf50000 - 0x00007ff8dbff9000 	C:\WINDOWS\System32\clbcatq.dll
0x00007ff8c1b40000 - 0x00007ff8c1b7b000 	C:\WINDOWS\SYSTEM32\dxcore.dll
0x00007ff8dab70000 - 0x00007ff8dabbe000 	C:\WINDOWS\System32\cfgmgr32.dll

dbghelp: loaded successfully - version: 4.0.5 - missing functions: none
symbol engine: initialized successfully - sym options: 0x614 - pdb path: .;C:\jdk-16.0.1\bin;C:\WINDOWS\SYSTEM32;C:\WINDOWS\WinSxS\amd64_microsoft.windows.common-controls_6595b64144ccf1df_6.0.19041.1110_none_60b5254171f9507e;C:\jdk-16.0.1\bin\server;C:\Users\dam_aap\AppData\Local\Temp\QtJambi_dam_aap_amd64_4.8.7_msvc2013x64-20150908-1314\lib;C:\Users\dam_aap\AppData\Local\Temp\QtJambi_dam_aap_amd64_4.8.7_msvc2013x64-20150908-1314\plugins\imageformats;C:\WINDOWS\WinSxS\amd64_microsoft.windows.common-controls_6595b64144ccf1df_5.82.19041.1110_none_792d1c772443f647

VM Arguments:
jvm_args: -Dfile.encoding=UTF-8 --module-path=C:\Users\dam_aap\Desktop\ProyectoConjunto\gym\Gimansio3.0\Gimnasio1.0\Interfaz\NetBeans\GymDam\build\classes 
java_command: gymdam.GymDam
java_class_path (initial): D:\qtjambi-community-4.8.7-win64-msvc2013\qtjambi-4.8.7.jar;D:\qtjambi-community-4.8.7-win64-msvc2013\qtjambi-designer-4.8.7.jar;D:\qtjambi-community-4.8.7-win64-msvc2013\qtjambi-examples-4.8.7.jar;D:\qtjambi-community-4.8.7-win64-msvc2013\qtjambi-examples-src.jar;D:\qtjambi-community-4.8.7-win64-msvc2013\qtjambi-native-win64-msvc2013x64-4.8.7.jar;D:\qtjambi-community-4.8.7-win64-msvc2013\qtjambi-src.jar;C:\Users\dam_aap\Desktop\json\json-20211205.jar;C:\Program Files\NetBeans-12.4\netbeans\ide\modules\ext\jaxb\jaxb-impl.jar;C:\Program Files\NetBeans-12.4\netbeans\ide\modules\ext\jaxb\jaxb-xjc.jar;C:\Program Files\NetBeans-12.4\netbeans\java\modules\ext\jaxws22\FastInfoset.jar;C:\Program Files\NetBeans-12.4\netbeans\java\modules\ext\jaxws22\gmbal-api-only.jar;C:\Program Files\NetBeans-12.4\netbeans\java\modules\ext\jaxws22\ha-api.jar;C:\Program Files\NetBeans-12.4\netbeans\java\modules\ext\jaxws22\javax.mail_1.4.jar;C:\Program Files\NetBeans-12.4\netbeans\java\modules\ext\jaxws22\jaxws-rt.jar;C:\Program Files\NetBeans-12.4\netbeans\java\modules\ext\jaxws22\jaxws-tools.jar;C:\Program Files\NetBeans-12.4\netbeans\java\modules\ext\jaxws22\management-api.jar;C:\Program Files\NetBeans-12.4\netbeans\java\modules\ext\jaxws22\mimepull.jar;C:\Program Files\NetBeans-12.4\netbeans\java\modules\ext\jaxws22\policy.jar;C:\Program Files\NetBeans-12.4\netbeans\java\modules\ext\jaxws22\saaj-impl.jar;C:\Program Files\NetBeans-12.4\netbeans\java\modules\ext\jaxws22\stax-ex.jar;C:\Program Files\NetBeans-12.4\netbeans\java\modules\ext\jaxws22\stax2-api.jar;C:\Program Files\NetBeans-12.4\netbeans\java\modules\ext\jaxws22\streambuffer.jar;C:\Program Files\NetBeans-12.4\netbeans\java\modules\ext\jaxws22\woodstox-core-asl.jar;C:\Program Files\NetBeans-12.4\netbeans\java\modules\ext\jaxws22\api\jaxws-api.jar;C:\Program Files\NetBeans-12.4\netbeans\java\modules\ext\jaxws22\api\jsr181-api.jar;C:\Program Files\NetBeans-12.4\netbeans\java\modules\ext\jaxws22\api\java
Launcher Type: SUN_STANDARD

[Global flags]
     intx CICompilerCount                          = 3                                         {product} {ergonomic}
     uint ConcGCThreads                            = 2                                         {product} {ergonomic}
     uint G1ConcRefinementThreads                  = 6                                         {product} {ergonomic}
   size_t G1HeapRegionSize                         = 1048576                                   {product} {ergonomic}
    uintx GCDrainStackTargetSize                   = 64                                        {product} {ergonomic}
   size_t InitialHeapSize                          = 132120576                                 {product} {ergonomic}
   size_t MarkStackSize                            = 4194304                                   {product} {ergonomic}
   size_t MaxHeapSize                              = 2090860544                                {product} {ergonomic}
   size_t MaxNewSize                               = 1254096896                                {product} {ergonomic}
   size_t MinHeapDeltaBytes                        = 1048576                                   {product} {ergonomic}
   size_t MinHeapSize                              = 8388608                                   {product} {ergonomic}
    uintx NonNMethodCodeHeapSize                   = 5832780                                {pd product} {ergonomic}
    uintx NonProfiledCodeHeapSize                  = 122912730                              {pd product} {ergonomic}
    uintx ProfiledCodeHeapSize                     = 122912730                              {pd product} {ergonomic}
    uintx ReservedCodeCacheSize                    = 251658240                              {pd product} {ergonomic}
     bool SegmentedCodeCache                       = true                                      {product} {ergonomic}
   size_t SoftMaxHeapSize                          = 2090860544                             {manageable} {ergonomic}
     bool UseCompressedClassPointers               = true                           {product lp64_product} {ergonomic}
     bool UseCompressedOops                        = true                           {product lp64_product} {ergonomic}
     bool UseG1GC                                  = true                                      {product} {ergonomic}
     bool UseLargePagesIndividualAllocation        = false                                  {pd product} {ergonomic}

Logging:
Log output configuration:
 #0: stdout all=warning uptime,level,tags
 #1: stderr all=off uptime,level,tags

Environment Variables:
JAVA_HOME=c:\jdk-16.0.1
PATH=C:\Program Files (x86)\VMware\VMware Player\bin\;C:\jdk-16.0.1\bin;C:\WINDOWS\system32;C:\WINDOWS;C:\WINDOWS\System32\Wbem;C:\WINDOWS\System32\WindowsPowerShell\v1.0\;C:\WINDOWS\System32\OpenSSH\;C:\Program Files\PowerShell\7\;C:\Program Files\Microsoft SQL Server\Client SDK\ODBC\170\Tools\Binn\;C:\Program Files (x86)\Microsoft SQL Server\150\Tools\Binn\;C:\Program Files\Microsoft SQL Server\150\Tools\Binn\;C:\Program Files\Microsoft SQL Server\150\DTS\Binn\;C:\Program Files\Azure Data Studio\bin;C:\Program Files\dotnet\;C:\ProgramData\chocolatey\bin;C:\flutter\bin;C:\Users\dam_aap\AppData\Local\Microsoft\WindowsApps;D:\Microsoft VS Code\bin;C:\Users\dam_aap\AppData\Local\Programs\Git\cmd;C:\Users\dam_aap\AppData\Local\gitkraken\bin
USERNAME=dam_aap
OS=Windows_NT
PROCESSOR_IDENTIFIER=Intel64 Family 6 Model 158 Stepping 10, GenuineIntel



---------------  S Y S T E M  ---------------

OS:
 Windows 10 , 64 bit Build 19041 (10.0.19041.1466)
OS uptime: 0 days 4:33 hours

CPU: total 6 (initial active 6) (6 cores per cpu, 1 threads per core) family 6 model 158 stepping 10 microcode 0xb4, cx8, cmov, fxsr, mmx, 3dnowpref, sse, sse2, sse3, ssse3, sse4.1, sse4.2, popcnt, lzcnt, tsc, tscinvbit, avx, avx2, aes, erms, clmul, bmi1, bmi2, rtm, adx, fma, vzeroupper, clflush, clflushopt

Memory: 4k page, system-wide physical 7973M (870M free)
TotalPageFile size 14885M (AvailPageFile size 3938M)
current process WorkingSet (physical memory assigned to process): 85M, peak: 112M
current process commit charge ("private bytes"): 127M, peak: 249M

vm_info: OpenJDK 64-Bit Server VM (16.0.1+9-24) for windows-amd64 JRE (16.0.1+9-24), built on Mar 26 2021 19:30:07 by "mach5one" with MS VC++ 16.7 (VS2019)

END.
