#
# A fatal error has been detected by the Java Runtime Environment:
#
#  EXCEPTION_ACCESS_VIOLATION (0xc0000005) at pc=0x0000000073102cbd, pid=1264, tid=10720
#
# JRE version: OpenJDK Runtime Environment (16.0.1+9) (build 16.0.1+9-24)
# Java VM: OpenJDK 64-Bit Server VM (16.0.1+9-24, mixed mode, sharing, tiered, compressed oops, compressed class ptrs, g1 gc, windows-amd64)
# Problematic frame:
# C  [QtGui4.dll+0x62cbd]
#
# No core dump will be written. Minidumps are not enabled by default on client versions of Windows
#
# If you would like to submit a bug report, please visit:
#   https://bugreport.java.com/bugreport/crash.jsp
# The crash happened outside the Java Virtual Machine in native code.
# See problematic frame for where to report the bug.
#

---------------  S U M M A R Y ------------

Command Line: -Dfile.encoding=UTF-8 --module-path=C:\Users\dam_aap\Desktop\ProyectoConjunto\gym\Gimansio3.0\Gimnasio1.0\Interfaz\NetBeans\GymDam\build\classes gymdam.GymDam

Host: Intel(R) Core(TM) i5-9500 CPU @ 3.00GHz, 6 cores, 7G,  Windows 10 , 64 bit Build 19041 (10.0.19041.1466)
Time: Mon Feb 21 08:57:36 2022 Hora estándar romance elapsed time: 6.213137 seconds (0d 0h 0m 6s)

---------------  T H R E A D  ---------------

Current thread (0x0000019c7cc4dcd0):  JavaThread "" daemon [_thread_in_native, id=10720, stack(0x0000000ae7c00000,0x0000000ae7d00000)]

Stack: [0x0000000ae7c00000,0x0000000ae7d00000],  sp=0x0000000ae7cfe8a0,  free space=1018k
Native frames: (J=compiled Java code, j=interpreted, Vv=VM code, C=native code)
C  [QtGui4.dll+0x62cbd]

Java frames: (J=compiled Java code, j=interpreted, Vv=VM code)
J 736  com.trolltech.qt.internal.QtJambiObject.finalize()V (0 bytes) @ 0x0000019c6e46bd6b [0x0000019c6e46bd20+0x000000000000004b]
J 731 c1 java.lang.ref.Finalizer.runFinalizer(Ljdk/internal/access/JavaLangAccess;)V java.base@16.0.1 (131 bytes) @ 0x0000019c67009a24 [0x0000019c670093c0+0x0000000000000664]
j  java.lang.ref.Finalizer$FinalizerThread.run()V+46 java.base@16.0.1
v  ~StubRoutines::call_stub

siginfo: EXCEPTION_ACCESS_VIOLATION (0xc0000005), reading address 0x0000000000000008


Register to memory mapping:

RIP=0x0000000073102cbd QtGui4.dll
RAX=0x0 is NULL
RBX=0x00000000ffffffff is an unallocated location in the heap
RCX=0x0000019c7d8655a0 points into unknown readable memory: 0x0000000000000001 | 01 00 00 00 00 00 00 00
RDX=0x0000000000000001 is an unknown value
RSP=0x0000000ae7cfe8a0 is pointing into the stack for thread: 0x0000019c7cc4dcd0
RBP=0x0000000000000003 is an unknown value
RSI=0x0000019c0014a070 points into unknown readable memory: 0x00000000736f3148 | 48 31 6f 73 00 00 00 00
RDI=0x0000019c0014a070 points into unknown readable memory: 0x00000000736f3148 | 48 31 6f 73 00 00 00 00
R8 =0x0000000000000048 is an unknown value
R9 =0x0000000000000040 is an unknown value
R10=0x0000000000000040 is an unknown value
R11=0x4208080028180070 is an unknown value
R12=0x0000019c7e2eebb0 points into unknown readable memory: 0x000000007369fe58 | 58 fe 69 73 00 00 00 00
R13=0x0000019c7e306b20 points into unknown readable memory: 0x00000000737091f0 | f0 91 70 73 00 00 00 00
R14=0x000000000000a000 is an unknown value
R15=0x0 is NULL


Registers:
RAX=0x0000000000000000, RBX=0x00000000ffffffff, RCX=0x0000019c7d8655a0, RDX=0x0000000000000001
RSP=0x0000000ae7cfe8a0, RBP=0x0000000000000003, RSI=0x0000019c0014a070, RDI=0x0000019c0014a070
R8 =0x0000000000000048, R9 =0x0000000000000040, R10=0x0000000000000040, R11=0x4208080028180070
R12=0x0000019c7e2eebb0, R13=0x0000019c7e306b20, R14=0x000000000000a000, R15=0x0000000000000000
RIP=0x0000000073102cbd, EFLAGS=0x0000000000010202

Top of Stack: (sp=0x0000000ae7cfe8a0)
0x0000000ae7cfe8a0:   0000019c7d8655a0 00000000ffffffff
0x0000000ae7cfe8b0:   0000000000000003 00007ffe7a2e69d8
0x0000000ae7cfe8c0:   0000019c00000000 0000000000000003
0x0000000ae7cfe8d0:   fffffffffffffffe 0000019c7e2eebb0
0x0000000ae7cfe8e0:   0000000000000000 000000007341b1ce
0x0000000ae7cfe8f0:   0000019c0015b3d0 0000000000000001
0x0000000ae7cfe900:   0000019c7d8655a0 0000000000000000
0x0000000ae7cfe910:   0000000000000001 000000007341aa44
0x0000000ae7cfe920:   0000019c0014a070 0000000000000003
0x0000000ae7cfe930:   0000019c00149bc0 0000000000000002
0x0000000ae7cfe940:   fffffffffffffffe 0000000000000002
0x0000000ae7cfe950:   0000019c0014a070 00007ffe531629a5
0x0000000ae7cfe960:   0000019c0014a070 0000019c00000000
0x0000000ae7cfe970:   0000019c7e2e0370 0000000073cce0a8
0x0000000ae7cfe980:   fffffffffffffffe 00000000739a6298
0x0000000ae7cfe990:   0000019c7e306b20 0000000073b2ab73 

Instructions: (pc=0x0000000073102cbd)
0x0000000073102bbd:   8b 0e 48 3b cb 74 1b ff 15 66 9b 58 00 84 c0 75
0x0000000073102bcd:   0e ba 08 00 00 00 48 8b 0e ff 15 c4 9d 58 00 48
0x0000000073102bdd:   89 1e 48 83 c4 38 41 5e 5f 5e 5b c3 cc cc cc cc
0x0000000073102bed:   cc cc cc 40 57 48 83 ec 20 48 8b 41 f8 48 8b fa
0x0000000073102bfd:   48 3b 90 40 01 00 00 74 6c 48 8b 41 f8 48 89 5c
0x0000000073102c0d:   24 30 48 8d 59 f0 f7 80 c8 01 00 00 00 00 00 10
0x0000000073102c1d:   74 0c 48 8b 43 20 48 8b 08 48 85 c9 75 22 41 b0
0x0000000073102c2d:   01 ba 64 00 00 00 48 8b cb e8 95 2c 00 00 48 8b
0x0000000073102c3d:   4b 08 33 d2 e8 fa 7b ff ff 48 8b 43 20 48 8b 08
0x0000000073102c4d:   48 8b d7 ff 15 12 cf 58 00 48 8b 5c 24 30 85 c0
0x0000000073102c5d:   75 13 48 8d 0d 52 db 59 00 48 83 c4 20 5f 48 ff
0x0000000073102c6d:   25 fe a6 58 00 48 83 c4 20 5f c3 cc cc cc cc cc
0x0000000073102c7d:   cc cc cc 85 d2 74 68 57 48 83 ec 40 48 c7 44 24
0x0000000073102c8d:   30 fe ff ff ff 48 89 5c 24 50 8b da 48 8b f9 c7
0x0000000073102c9d:   44 24 20 00 00 00 00 45 33 c9 45 33 c0 33 d2 48
0x0000000073102cad:   8d 4c 24 60 e8 ba ba fd ff 90 ff 15 bb 9b 58 00
0x0000000073102cbd:   48 8b 48 08 48 81 c1 28 01 00 00 4c 8d 4c 24 60
0x0000000073102ccd:   4c 8b c7 8b d3 e8 f9 8c fe ff 90 48 8d 4c 24 60
0x0000000073102cdd:   e8 ee e2 fc ff 48 8b 5c 24 50 48 83 c4 40 5f c3
0x0000000073102ced:   cc cc cc 48 89 5c 24 10 48 89 6c 24 18 48 89 74
0x0000000073102cfd:   24 20 57 48 81 ec 90 00 00 00 48 8b 05 62 4e 8a
0x0000000073102d0d:   00 48 33 c4 48 89 84 24 80 00 00 00 48 8b f1 48
0x0000000073102d1d:   8b 09 48 8b fa 48 83 c1 68 ba 01 00 00 00 ff 15
0x0000000073102d2d:   ef 99 58 00 84 c0 74 08 48 8b ce e8 f3 7b fa ff
0x0000000073102d3d:   48 8b 0e 48 8b d1 48 8b d9 4c 63 49 6c 8b 69 70
0x0000000073102d4d:   4d 85 c9 78 42 48 8d 44 24 20 41 ba 08 00 00 00
0x0000000073102d5d:   4c 2b d0 4a 8b 5c ca 08 48 3b d9 74 20 44 8b 07
0x0000000073102d6d:   0f 1f 00 44 39 43 f8 7d 14 4b 8d 04 ca 48 8b d3
0x0000000073102d7d:   48 03 c3 48 8b 5c 04 20 48 3b d9 75 e6 4a 89 54
0x0000000073102d8d:   cc 20 49 ff c9 79 cc 48 3b d9 74 3d 8b 43 f8 39
0x0000000073102d9d:   07 7c 36 48 8b 0e 4c 8b cb 48 8b 5b 08 48 3b d9
0x0000000073102dad:   74 0e 8b 43 f8 41 39 41 f8 7c 05 40 b7 01 eb 03 


Stack slot to memory mapping:
stack at sp + 0 slots: 0x0000019c7d8655a0 points into unknown readable memory: 0x0000000000000001 | 01 00 00 00 00 00 00 00
stack at sp + 1 slots: 0x00000000ffffffff is an unallocated location in the heap
stack at sp + 2 slots: 0x0000000000000003 is an unknown value
stack at sp + 3 slots: 0x00007ffe7a2e69d8 MSVCR120.dll
stack at sp + 4 slots: 0x0000019c00000000 points into unknown readable memory: 0x0000000000000000 | 00 00 00 00 00 00 00 00
stack at sp + 5 slots: 0x0000000000000003 is an unknown value
stack at sp + 6 slots: 0xfffffffffffffffe is an unknown value
stack at sp + 7 slots: 0x0000019c7e2eebb0 points into unknown readable memory: 0x000000007369fe58 | 58 fe 69 73 00 00 00 00


---------------  P R O C E S S  ---------------

Threads class SMR info:
_java_thread_list=0x0000019c7ded8790, length=15, elements={
0x0000019c7cc4ce10, 0x0000019c7cc4dcd0, 0x0000019c7cc5dd70, 0x0000019c7cc5e970,
0x0000019c7cc5f780, 0x0000019c7cc61190, 0x0000019c7cc62ed0, 0x0000019c7cc63bd0,
0x0000019c7cc68650, 0x0000019c7cc2c030, 0x0000019c7d8e1f80, 0x0000019c002cfa70,
0x0000019c5f1f31a0, 0x0000019c00150ad0, 0x0000019c7e109340
}

Java Threads: ( => current thread )
  0x0000019c7cc4ce10 JavaThread "Reference Handler" daemon [_thread_blocked, id=7332, stack(0x0000000ae7b00000,0x0000000ae7c00000)]
=>0x0000019c7cc4dcd0 JavaThread "Finalizer" daemon [_thread_in_native, id=10720, stack(0x0000000ae7c00000,0x0000000ae7d00000)]
  0x0000019c7cc5dd70 JavaThread "Signal Dispatcher" daemon [_thread_blocked, id=13424, stack(0x0000000ae7d00000,0x0000000ae7e00000)]
  0x0000019c7cc5e970 JavaThread "Attach Listener" daemon [_thread_blocked, id=12392, stack(0x0000000ae7e00000,0x0000000ae7f00000)]
  0x0000019c7cc5f780 JavaThread "Service Thread" daemon [_thread_blocked, id=7452, stack(0x0000000ae7f00000,0x0000000ae8000000)]
  0x0000019c7cc61190 JavaThread "Monitor Deflation Thread" daemon [_thread_blocked, id=6004, stack(0x0000000ae8000000,0x0000000ae8100000)]
  0x0000019c7cc62ed0 JavaThread "C2 CompilerThread0" daemon [_thread_blocked, id=7548, stack(0x0000000ae8100000,0x0000000ae8200000)]
  0x0000019c7cc63bd0 JavaThread "C1 CompilerThread0" daemon [_thread_blocked, id=1704, stack(0x0000000ae8200000,0x0000000ae8300000)]
  0x0000019c7cc68650 JavaThread "Sweeper thread" daemon [_thread_blocked, id=2152, stack(0x0000000ae8300000,0x0000000ae8400000)]
  0x0000019c7cc2c030 JavaThread "Common-Cleaner" daemon [_thread_blocked, id=8848, stack(0x0000000ae8400000,0x0000000ae8500000)]
  0x0000019c7d8e1f80 JavaThread "Notification Thread" daemon [_thread_blocked, id=572, stack(0x0000000ae8500000,0x0000000ae8600000)]
  0x0000019c002cfa70 JavaThread "Java2D Disposer" daemon [_thread_blocked, id=10628, stack(0x0000000ae8e00000,0x0000000ae8f00000)]
  0x0000019c5f1f31a0 JavaThread "DestroyJavaVM" [_thread_blocked, id=9236, stack(0x0000000ae7400000,0x0000000ae7500000)]
  0x0000019c00150ad0 JavaThread "AWT-Shutdown" [_thread_blocked, id=3156, stack(0x0000000ae9400000,0x0000000ae9500000)]
  0x0000019c7e109340 JavaThread "Thread-2" daemon [_thread_in_native, id=10012, stack(0x0000000ae8d00000,0x0000000ae8e00000)]

Other Threads:
  0x0000019c7cc471b0 VMThread "VM Thread" [stack: 0x0000000ae7a00000,0x0000000ae7b00000] [id=8572]
  0x0000019c5f1f4220 WatcherThread [stack: 0x0000000ae8600000,0x0000000ae8700000] [id=7752]
  0x0000019c5f233d40 GCTaskThread "GC Thread#0" [stack: 0x0000000ae7500000,0x0000000ae7600000] [id=12572]
  0x0000019c7e288e90 GCTaskThread "GC Thread#1" [stack: 0x0000000ae8700000,0x0000000ae8800000] [id=8292]
  0x0000019c001cb0a0 GCTaskThread "GC Thread#2" [stack: 0x0000000ae8900000,0x0000000ae8a00000] [id=10800]
  0x0000019c001cb3b0 GCTaskThread "GC Thread#3" [stack: 0x0000000ae8a00000,0x0000000ae8b00000] [id=13408]
  0x0000019c0015a9b0 GCTaskThread "GC Thread#4" [stack: 0x0000000ae8b00000,0x0000000ae8c00000] [id=12584]
  0x0000019c0015acc0 GCTaskThread "GC Thread#5" [stack: 0x0000000ae8c00000,0x0000000ae8d00000] [id=9204]
  0x0000019c5f2447c0 ConcurrentGCThread "G1 Main Marker" [stack: 0x0000000ae7600000,0x0000000ae7700000] [id=13940]
  0x0000019c5f2452b0 ConcurrentGCThread "G1 Conc#0" [stack: 0x0000000ae7700000,0x0000000ae7800000] [id=9620]
  0x0000019c5f2ca070 ConcurrentGCThread "G1 Refine#0" [stack: 0x0000000ae7800000,0x0000000ae7900000] [id=14320]
  0x0000019c5f2cbb00 ConcurrentGCThread "G1 Service" [stack: 0x0000000ae7900000,0x0000000ae7a00000] [id=13340]

Threads with active compile tasks:

VM state: not at safepoint (normal execution)

VM Mutex/Monitor currently owned by a thread: None

Heap address: 0x0000000083600000, size: 1994 MB, Compressed Oops mode: 32-bit

CDS archive(s) mapped at: [0x0000000800000000-0x0000000800bb0000-0x0000000800bb0000), size 12255232, SharedBaseAddress: 0x0000000800000000, ArchiveRelocationMode: 0.
Compressed class space mapped at: 0x0000000800c00000-0x0000000840c00000, reserved size: 1073741824
Narrow klass base: 0x0000000800000000, Narrow klass shift: 3, Narrow klass range: 0x100000000

GC Precious Log:
 CPUs: 6 total, 6 available
 Memory: 7973M
 Large Page Support: Disabled
 NUMA Support: Disabled
 Compressed Oops: Enabled (32-bit)
 Heap Region Size: 1M
 Heap Min Capacity: 8M
 Heap Initial Capacity: 126M
 Heap Max Capacity: 1994M
 Pre-touch: Disabled
 Parallel Workers: 6
 Concurrent Workers: 2
 Concurrent Refinement Workers: 6
 Periodic GC: Disabled

Heap:
 garbage-first heap   total 20480K, used 4567K [0x0000000083600000, 0x0000000100000000)
  region size 1024K, 1 young (1024K), 0 survivors (0K)
 Metaspace       used 9061K, committed 9216K, reserved 1064960K
  class space    used 876K, committed 960K, reserved 1048576K

Heap Regions: E=young(eden), S=young(survivor), O=old, HS=humongous(starts), HC=humongous(continues), CS=collection set, F=free, OA=open archive, CA=closed archive, TAMS=top-at-mark-start (previous, next)
|   0|0x0000000083600000, 0x00000000836ffd20, 0x0000000083700000| 99%| O|  |TAMS 0x0000000083600000, 0x0000000083600000| Untracked 
|   1|0x0000000083700000, 0x00000000837ffff8, 0x0000000083800000| 99%| O|  |TAMS 0x0000000083700000, 0x0000000083700000| Untracked 
|   2|0x0000000083800000, 0x00000000838ffdf0, 0x0000000083900000| 99%| O|  |TAMS 0x0000000083800000, 0x0000000083800000| Untracked 
|   3|0x0000000083900000, 0x00000000839fff70, 0x0000000083a00000| 99%| O|  |TAMS 0x0000000083900000, 0x0000000083900000| Untracked 
|   4|0x0000000083a00000, 0x0000000083a62840, 0x0000000083b00000| 38%| O|  |TAMS 0x0000000083a00000, 0x0000000083a00000| Untracked 
|   5|0x0000000083b00000, 0x0000000083b00000, 0x0000000083c00000|  0%| F|  |TAMS 0x0000000083b00000, 0x0000000083b00000| Untracked 
|   6|0x0000000083c00000, 0x0000000083c00000, 0x0000000083d00000|  0%| F|  |TAMS 0x0000000083c00000, 0x0000000083c00000| Untracked 
|   7|0x0000000083d00000, 0x0000000083d00000, 0x0000000083e00000|  0%| F|  |TAMS 0x0000000083d00000, 0x0000000083d00000| Untracked 
|   8|0x0000000083e00000, 0x0000000083e00000, 0x0000000083f00000|  0%| F|  |TAMS 0x0000000083e00000, 0x0000000083e00000| Untracked 
|   9|0x0000000083f00000, 0x0000000083f00000, 0x0000000084000000|  0%| F|  |TAMS 0x0000000083f00000, 0x0000000083f00000| Untracked 
|  10|0x0000000084000000, 0x0000000084000000, 0x0000000084100000|  0%| F|  |TAMS 0x0000000084000000, 0x0000000084000000| Untracked 
|  11|0x0000000084100000, 0x0000000084100000, 0x0000000084200000|  0%| F|  |TAMS 0x0000000084100000, 0x0000000084100000| Untracked 
|  12|0x0000000084200000, 0x0000000084200000, 0x0000000084300000|  0%| F|  |TAMS 0x0000000084200000, 0x0000000084200000| Untracked 
|  13|0x0000000084300000, 0x0000000084300000, 0x0000000084400000|  0%| F|  |TAMS 0x0000000084300000, 0x0000000084300000| Untracked 
|  14|0x0000000084400000, 0x0000000084400000, 0x0000000084500000|  0%| F|  |TAMS 0x0000000084400000, 0x0000000084400000| Untracked 
|  15|0x0000000084500000, 0x0000000084500000, 0x0000000084600000|  0%| F|  |TAMS 0x0000000084500000, 0x0000000084500000| Untracked 
|  16|0x0000000084600000, 0x00000000846139d8, 0x0000000084700000|  7%| O|  |TAMS 0x0000000084600000, 0x0000000084600000| Untracked 
|  17|0x0000000084700000, 0x0000000084700000, 0x0000000084800000|  0%| F|  |TAMS 0x0000000084700000, 0x0000000084700000| Untracked 
|  18|0x0000000084800000, 0x0000000084800000, 0x0000000084900000|  0%| F|  |TAMS 0x0000000084800000, 0x0000000084800000| Untracked 
| 104|0x0000000089e00000, 0x0000000089e0da80, 0x0000000089f00000|  5%| E|  |TAMS 0x0000000089e00000, 0x0000000089e00000| Complete 

Card table byte_map: [0x0000019c75e60000,0x0000019c76250000] _byte_map_base: 0x0000019c75a45000

Marking Bits (Prev, Next): (CMBitMap*) 0x0000019c5f234470, (CMBitMap*) 0x0000019c5f234430
 Prev Bits: [0x0000019c78570000, 0x0000019c7a498000)
 Next Bits: [0x0000019c76640000, 0x0000019c78568000)

Polling page: 0x0000019c5d140000

Metaspace:

Usage:
  Non-class:      7.99 MB used.
      Class:    876.84 KB used.
       Both:      8.85 MB used.

Virtual space:
  Non-class space:       16.00 MB reserved,       8.06 MB ( 50%) committed,  2 nodes.
      Class space:        1.00 GB reserved,     960.00 KB ( <1%) committed,  1 nodes.
              Both:        1.02 GB reserved,       9.00 MB ( <1%) committed. 

Chunk freelists:
   Non-Class:  3.97 MB
       Class:  3.05 MB
        Both:  7.02 MB

MaxMetaspaceSize: 17179869184.00 GB
CompressedClassSpaceSize: 1.00 GB
 - commit_granule_bytes: 65536.
 - commit_granule_words: 8192.
 - virtual_space_node_default_size: 1048576.
 - enlarge_chunks_in_place: 1.
 - new_chunks_are_fully_committed: 0.
 - uncommit_free_chunks: 1.
 - use_allocation_guard: 0.
 - handle_deallocations: 1.


Internal statistics:

num_allocs_failed_limit: 0.
num_arena_births: 94.
num_arena_deaths: 0.
num_vsnodes_births: 3.
num_vsnodes_deaths: 0.
num_space_committed: 144.
num_space_uncommitted: 0.
num_chunks_returned_to_freelist: 0.
num_chunks_taken_from_freelist: 243.
num_chunk_merges: 0.
num_chunk_splits: 172.
num_chunks_enlarged: 117.
num_purges: 0.

CodeHeap 'non-profiled nmethods': size=120000Kb used=346Kb max_used=346Kb free=119654Kb
 bounds [0x0000019c6e430000, 0x0000019c6e6a0000, 0x0000019c75960000]
CodeHeap 'profiled nmethods': size=120000Kb used=1621Kb max_used=1621Kb free=118378Kb
 bounds [0x0000019c66f00000, 0x0000019c67170000, 0x0000019c6e430000]
CodeHeap 'non-nmethods': size=5760Kb used=1238Kb max_used=1271Kb free=4521Kb
 bounds [0x0000019c66960000, 0x0000019c66bd0000, 0x0000019c66f00000]
 total_blobs=1560 nmethods=1013 adapters=460
 compilation: enabled
              stopped_count=0, restarted_count=0
 full_count=0

Compilation events (20 events):
Event: 6.180 Thread 0x0000019c7cc63bd0 1005       3       java.lang.String::valueOf (15 bytes)
Event: 6.180 Thread 0x0000019c7cc63bd0 nmethod 1005 0x0000019c6708de10 code [0x0000019c6708dfc0, 0x0000019c6708e1c8]
Event: 6.185 Thread 0x0000019c7cc63bd0 1006       3       java.nio.Buffer::flip (20 bytes)
Event: 6.185 Thread 0x0000019c7cc63bd0 nmethod 1006 0x0000019c6708e290 code [0x0000019c6708e420, 0x0000019c6708e538]
Event: 6.185 Thread 0x0000019c7cc63bd0 1007       3       java.nio.Buffer::clear (20 bytes)
Event: 6.185 Thread 0x0000019c7cc63bd0 nmethod 1007 0x0000019c6708e610 code [0x0000019c6708e7a0, 0x0000019c6708e8b8]
Event: 6.185 Thread 0x0000019c7cc63bd0 1008       3       java.lang.StringBuilder::append (8 bytes)
Event: 6.185 Thread 0x0000019c7cc63bd0 nmethod 1008 0x0000019c6708e990 code [0x0000019c6708eb40, 0x0000019c6708ec88]
Event: 6.185 Thread 0x0000019c7cc63bd0 1009       3       java.lang.AbstractStringBuilder::append (55 bytes)
Event: 6.185 Thread 0x0000019c7cc63bd0 nmethod 1009 0x0000019c6708ed10 code [0x0000019c6708ef00, 0x0000019c6708f238]
Event: 6.186 Thread 0x0000019c7cc63bd0 1010       3       sun.nio.cs.UTF_8$Encoder::encodeArrayLoop (489 bytes)
Event: 6.187 Thread 0x0000019c7cc63bd0 nmethod 1010 0x0000019c6708f390 code [0x0000019c6708f980, 0x0000019c67092ce8]
Event: 6.193 Thread 0x0000019c7cc62ed0 1011       4       java.lang.String::substring (58 bytes)
Event: 6.195 Thread 0x0000019c7cc63bd0 1013   !   3       java.io.BufferedWriter::write (117 bytes)
Event: 6.196 Thread 0x0000019c7cc63bd0 nmethod 1013 0x0000019c67093d90 code [0x0000019c67093fa0, 0x0000019c67094588]
Event: 6.196 Thread 0x0000019c7cc63bd0 1012       3       java.io.Writer::write (11 bytes)
Event: 6.202 Thread 0x0000019c7cc63bd0 nmethod 1012 0x0000019c67094910 code [0x0000019c67094ae0, 0x0000019c67094dc8]
Event: 6.202 Thread 0x0000019c7cc63bd0 1014  s    3       java.io.BufferedOutputStream::flush (12 bytes)
Event: 6.202 Thread 0x0000019c7cc63bd0 nmethod 1014 0x0000019c67094f10 code [0x0000019c670950e0, 0x0000019c670954f8]
Event: 6.203 Thread 0x0000019c7cc62ed0 nmethod 1011 0x0000019c6e485f10 code [0x0000019c6e4860c0, 0x0000019c6e486598]

GC Heap History (6 events):
Event: 2.060 GC heap before
{Heap before GC invocations=0 (full 0):
 garbage-first heap   total 129024K, used 20480K [0x0000000083600000, 0x0000000100000000)
  region size 1024K, 21 young (21504K), 0 survivors (0K)
 Metaspace       used 4843K, committed 4992K, reserved 1056768K
  class space    used 420K, committed 512K, reserved 1048576K
}
Event: 2.064 GC heap after
{Heap after GC invocations=1 (full 0):
 garbage-first heap   total 129024K, used 3897K [0x0000000083600000, 0x0000000100000000)
  region size 1024K, 3 young (3072K), 3 survivors (3072K)
 Metaspace       used 4843K, committed 4992K, reserved 1056768K
  class space    used 420K, committed 512K, reserved 1048576K
}
Event: 6.141 GC heap before
{Heap before GC invocations=1 (full 0):
 garbage-first heap   total 129024K, used 12089K [0x0000000083600000, 0x0000000100000000)
  region size 1024K, 12 young (12288K), 3 survivors (3072K)
 Metaspace       used 8979K, committed 9152K, reserved 1056768K
  class space    used 869K, committed 960K, reserved 1048576K
}
Event: 6.152 GC heap after
{Heap after GC invocations=2 (full 1):
 garbage-first heap   total 20480K, used 4622K [0x0000000083600000, 0x0000000100000000)
  region size 1024K, 0 young (0K), 0 survivors (0K)
 Metaspace       used 8979K, committed 9152K, reserved 1056768K
  class space    used 869K, committed 960K, reserved 1048576K
}
Event: 6.196 GC heap before
{Heap before GC invocations=2 (full 1):
 garbage-first heap   total 20480K, used 4622K [0x0000000083600000, 0x0000000100000000)
  region size 1024K, 1 young (1024K), 0 survivors (0K)
 Metaspace       used 9048K, committed 9216K, reserved 1064960K
  class space    used 875K, committed 960K, reserved 1048576K
}
Event: 6.202 GC heap after
{Heap after GC invocations=3 (full 2):
 garbage-first heap   total 20480K, used 4569K [0x0000000083600000, 0x0000000100000000)
  region size 1024K, 0 young (0K), 0 survivors (0K)
 Metaspace       used 9048K, committed 9216K, reserved 1064960K
  class space    used 875K, committed 960K, reserved 1048576K
}

Deoptimization events (20 events):
Event: 0.148 Thread 0x0000019c5f1f31a0 DEOPT PACKING pc=0x0000019c66f507f8 sp=0x0000000ae74fc7e0
Event: 0.148 Thread 0x0000019c5f1f31a0 DEOPT UNPACKING pc=0x0000019c669adece sp=0x0000000ae74fbc40 mode 0
Event: 0.151 Thread 0x0000019c5f1f31a0 DEOPT PACKING pc=0x0000019c66f35ad6 sp=0x0000000ae74fc7b0
Event: 0.151 Thread 0x0000019c5f1f31a0 DEOPT UNPACKING pc=0x0000019c669adece sp=0x0000000ae74fbc38 mode 0
Event: 0.157 Thread 0x0000019c5f1f31a0 DEOPT PACKING pc=0x0000019c66f34be8 sp=0x0000000ae74fc900
Event: 0.157 Thread 0x0000019c5f1f31a0 DEOPT UNPACKING pc=0x0000019c669adece sp=0x0000000ae74fbd90 mode 0
Event: 0.158 Thread 0x0000019c5f1f31a0 DEOPT PACKING pc=0x0000019c66f34be8 sp=0x0000000ae74fc900
Event: 0.158 Thread 0x0000019c5f1f31a0 DEOPT UNPACKING pc=0x0000019c669adece sp=0x0000000ae74fbd90 mode 0
Event: 0.161 Thread 0x0000019c5f1f31a0 DEOPT PACKING pc=0x0000019c66f34be8 sp=0x0000000ae74fc900
Event: 0.161 Thread 0x0000019c5f1f31a0 DEOPT UNPACKING pc=0x0000019c669adece sp=0x0000000ae74fbd90 mode 0
Event: 0.163 Thread 0x0000019c5f1f31a0 DEOPT PACKING pc=0x0000019c66f34be8 sp=0x0000000ae74fc900
Event: 0.163 Thread 0x0000019c5f1f31a0 DEOPT UNPACKING pc=0x0000019c669adece sp=0x0000000ae74fbd90 mode 0
Event: 3.579 Thread 0x0000019c5f1f31a0 Uncommon trap: trap_request=0xffffff45 fr.pc=0x0000019c6e43f090 relative=0x0000000000000910
Event: 3.579 Thread 0x0000019c5f1f31a0 Uncommon trap: reason=unstable_if action=reinterpret pc=0x0000019c6e43f090 method=java.util.HashMap.putVal(ILjava/lang/Object;Ljava/lang/Object;ZZ)Ljava/lang/Object; @ 81 c2
Event: 3.579 Thread 0x0000019c5f1f31a0 DEOPT PACKING pc=0x0000019c6e43f090 sp=0x0000000ae74f8eb0
Event: 3.580 Thread 0x0000019c5f1f31a0 DEOPT UNPACKING pc=0x0000019c669ad72e sp=0x0000000ae74f8e50 mode 2
Event: 3.608 Thread 0x0000019c5f1f31a0 Uncommon trap: trap_request=0xffffff3d fr.pc=0x0000019c6e4708e8 relative=0x0000000000000b88
Event: 3.608 Thread 0x0000019c5f1f31a0 Uncommon trap: reason=unstable_fused_if action=reinterpret pc=0x0000019c6e4708e8 method=java.util.HashMap.resize()[Ljava/util/HashMap$Node; @ 31 c2
Event: 3.608 Thread 0x0000019c5f1f31a0 DEOPT PACKING pc=0x0000019c6e4708e8 sp=0x0000000ae74f9470
Event: 3.608 Thread 0x0000019c5f1f31a0 DEOPT UNPACKING pc=0x0000019c669ad72e sp=0x0000000ae74f93f8 mode 2

Classes unloaded (0 events):
No events

Classes redefined (0 events):
No events

Internal exceptions (14 events):
Event: 0.073 Thread 0x0000019c5f1f31a0 Exception <a 'sun/nio/fs/WindowsException'{0x000000008b235790}> (0x000000008b235790) 
thrown [t:\workspace\open\src\hotspot\share\prims\jni.cpp, line 579]
Event: 0.073 Thread 0x0000019c5f1f31a0 Exception <a 'sun/nio/fs/WindowsException'{0x000000008b235db0}> (0x000000008b235db0) 
thrown [t:\workspace\open\src\hotspot\share\prims\jni.cpp, line 579]
Event: 0.074 Thread 0x0000019c5f1f31a0 Exception <a 'sun/nio/fs/WindowsException'{0x000000008b238620}> (0x000000008b238620) 
thrown [t:\workspace\open\src\hotspot\share\prims\jni.cpp, line 579]
Event: 0.184 Thread 0x0000019c5f1f31a0 Exception <a 'java/lang/NoSuchMethodError'{0x000000008a6a37a8}: 'void java.lang.invoke.DirectMethodHandle$Holder.invokeSpecial(java.lang.Object, java.lang.Object, java.lang.Object)'> (0x000000008a6a37a8) 
thrown [t:\workspace\open\src\hotspot\share\interpreter\linkResolver.cpp, line 790]
Event: 0.187 Thread 0x0000019c5f1f31a0 Exception <a 'java/lang/NoSuchMethodError'{0x000000008a6b3e48}: 'java.lang.Object java.lang.invoke.DirectMethodHandle$Holder.invokeStatic(java.lang.Object)'> (0x000000008a6b3e48) 
thrown [t:\workspace\open\src\hotspot\share\interpreter\linkResolver.cpp, line 790]
Event: 3.529 Thread 0x0000019c5f1f31a0 Exception <a 'java/lang/ClassNotFoundException'{0x000000008aea9f50}: sun/awt/resources/spi/awtProvider> (0x000000008aea9f50) 
thrown [t:\workspace\open\src\hotspot\share\classfile\systemDictionary.cpp, line 256]
Event: 3.535 Thread 0x0000019c5f1f31a0 Exception <a 'java/io/FileNotFoundException'{0x000000008aed8a70}> (0x000000008aed8a70) 
thrown [t:\workspace\open\src\hotspot\share\prims\jni.cpp, line 579]
Event: 3.536 Thread 0x0000019c5f1f31a0 Exception <a 'java/io/FileNotFoundException'{0x000000008aeda008}> (0x000000008aeda008) 
thrown [t:\workspace\open\src\hotspot\share\prims\jni.cpp, line 579]
Event: 3.561 Thread 0x0000019c5f1f31a0 Exception <a 'java/lang/NoSuchMethodError'{0x000000008ad1e9b0}: 'java.lang.Object java.lang.invoke.DirectMethodHandle$Holder.invokeStaticInit(java.lang.Object)'> (0x000000008ad1e9b0) 
thrown [t:\workspace\open\src\hotspot\share\interpreter\linkResolver.cpp, line 790]
Event: 3.586 Thread 0x0000019c5f1f31a0 Exception <a 'java/lang/NoSuchMethodError'{0x000000008adbc060}: 'java.lang.Object java.lang.invoke.DirectMethodHandle$Holder.newInvokeSpecial(java.lang.Object, java.lang.Object, java.lang.Object, java.lang.Object, java.lang.Object)'> (0x000000008adbc060) 
thrown [t:\workspace\open\src\hotspot\share\interpreter\linkResolver.cpp, line 790]
Event: 3.587 Thread 0x0000019c5f1f31a0 Exception <a 'java/lang/NoSuchMethodError'{0x000000008adc7b48}: 'java.lang.Object java.lang.invoke.DirectMethodHandle$Holder.invokeStatic(java.lang.Object, int, java.lang.Object, java.lang.Object, java.lang.Object, java.lang.Object)'> (0x000000008adc7b48) 
thrown [t:\workspace\open\src\hotspot\share\interpreter\linkResolver.cpp, line 790]
Event: 3.589 Thread 0x0000019c5f1f31a0 Exception <a 'java/lang/NoSuchMethodError'{0x000000008adedc10}: 'java.lang.Object java.lang.invoke.DirectMethodHandle$Holder.invokeStatic(java.lang.Object, int, java.lang.Object)'> (0x000000008adedc10) 
thrown [t:\workspace\open\src\hotspot\share\interpreter\linkResolver.cpp, line 790]
Event: 3.604 Thread 0x0000019c5f1f31a0 Exception <a 'java/lang/ClassNotFoundException'{0x000000008acaad40}: com/sun/swing/internal/plaf/metal/resources/spi/metalProvider> (0x000000008acaad40) 
thrown [t:\workspace\open\src\hotspot\share\classfile\systemDictionary.cpp, line 256]
Event: 3.605 Thread 0x0000019c5f1f31a0 Exception <a 'java/lang/ClassNotFoundException'{0x000000008acaf068}: com/sun/swing/internal/plaf/basic/resources/spi/basicProvider> (0x000000008acaf068) 
thrown [t:\workspace\open\src\hotspot\share\classfile\systemDictionary.cpp, line 256]

Events (20 events):
Event: 6.153 loading class java/lang/ref/Finalizer$2 done
Event: 6.153 loading class java/lang/ref/Finalizer$1
Event: 6.153 loading class java/lang/ref/Finalizer$1 done
Event: 6.153 Thread 0x0000019c002cff90 Thread added: 0x0000019c002cff90
Event: 6.153 Thread 0x0000019c002cff90 Thread exited: 0x0000019c002cff90
Event: 6.161 Thread 0x0000019c5f1f31a0 Thread exited: 0x0000019c5f1f31a0
Event: 6.161 Thread 0x0000019c5f1f31a0 Thread added: 0x0000019c5f1f31a0
Event: 6.161 Thread 0x0000019c002cff90 Thread added: 0x0000019c002cff90
Event: 6.161 Thread 0x0000019c7e2f3c60 Thread added: 0x0000019c7e2f3c60
Event: 6.161 Thread 0x0000019c00150ad0 Thread added: 0x0000019c00150ad0
Event: 6.162 Thread 0x0000019c0030b160 Thread exited: 0x0000019c0030b160
Event: 6.163 loading class java/lang/Throwable$WrappedPrintStream
Event: 6.163 loading class java/lang/Throwable$PrintStreamOrWriter
Event: 6.163 loading class java/lang/Throwable$PrintStreamOrWriter done
Event: 6.163 loading class java/lang/Throwable$WrappedPrintStream done
Event: 6.163 loading class java/lang/StackTraceElement$HashedModules
Event: 6.163 loading class java/lang/StackTraceElement$HashedModules done
Event: 6.196 Executing  VM operation: G1CollectFull
Event: 6.202 Executing  VM operation: G1CollectFull done
Event: 6.203 Thread 0x0000019c7e107360 Thread added: 0x0000019c7e107360


Dynamic libraries:
0x00007ff635070000 - 0x00007ff63507e000 	C:\jdk-16.0.1\bin\java.exe
0x00007ffea64d0000 - 0x00007ffea66c5000 	C:\WINDOWS\SYSTEM32\ntdll.dll
0x00007ffea63d0000 - 0x00007ffea648e000 	C:\WINDOWS\System32\KERNEL32.DLL
0x00007ffea3be0000 - 0x00007ffea3ea8000 	C:\WINDOWS\System32\KERNELBASE.dll
0x00007ffea3f40000 - 0x00007ffea4040000 	C:\WINDOWS\System32\ucrtbase.dll
0x00007ffe9f400000 - 0x00007ffe9f418000 	C:\jdk-16.0.1\bin\jli.dll
0x00007ffe9f050000 - 0x00007ffe9f069000 	C:\jdk-16.0.1\bin\VCRUNTIME140.dll
0x00007ffea6220000 - 0x00007ffea63c1000 	C:\WINDOWS\System32\USER32.dll
0x00007ffea44e0000 - 0x00007ffea4502000 	C:\WINDOWS\System32\win32u.dll
0x00007ffe982e0000 - 0x00007ffe9857a000 	C:\WINDOWS\WinSxS\amd64_microsoft.windows.common-controls_6595b64144ccf1df_6.0.19041.1110_none_60b5254171f9507e\COMCTL32.dll
0x00007ffea6060000 - 0x00007ffea608b000 	C:\WINDOWS\System32\GDI32.dll
0x00007ffea5470000 - 0x00007ffea550e000 	C:\WINDOWS\System32\msvcrt.dll
0x00007ffea4380000 - 0x00007ffea448d000 	C:\WINDOWS\System32\gdi32full.dll
0x00007ffea4250000 - 0x00007ffea42ed000 	C:\WINDOWS\System32\msvcp_win.dll
0x00007ffea6140000 - 0x00007ffea6170000 	C:\WINDOWS\System32\IMM32.DLL
0x00007ffe7efd0000 - 0x00007ffe7efdc000 	C:\jdk-16.0.1\bin\vcruntime140_1.dll
0x00007ffe5e4a0000 - 0x00007ffe5e531000 	C:\jdk-16.0.1\bin\msvcp140.dll
0x00007ffe4e0b0000 - 0x00007ffe4ec5b000 	C:\jdk-16.0.1\bin\server\jvm.dll
0x00007ffea4df0000 - 0x00007ffea4e9e000 	C:\WINDOWS\System32\ADVAPI32.dll
0x00007ffea6180000 - 0x00007ffea621c000 	C:\WINDOWS\System32\sechost.dll
0x00007ffea4510000 - 0x00007ffea4635000 	C:\WINDOWS\System32\RPCRT4.dll
0x00007ffea5df0000 - 0x00007ffea5df8000 	C:\WINDOWS\System32\PSAPI.DLL
0x00007ffe72f80000 - 0x00007ffe72f89000 	C:\WINDOWS\SYSTEM32\WSOCK32.dll
0x00007ffe98bf0000 - 0x00007ffe98c17000 	C:\WINDOWS\SYSTEM32\WINMM.dll
0x00007ffea5900000 - 0x00007ffea596b000 	C:\WINDOWS\System32\WS2_32.dll
0x00007ffe9e9a0000 - 0x00007ffe9e9aa000 	C:\WINDOWS\SYSTEM32\VERSION.dll
0x00007ffea1af0000 - 0x00007ffea1b02000 	C:\WINDOWS\SYSTEM32\kernel.appcore.dll
0x00007ffe5e490000 - 0x00007ffe5e49a000 	C:\jdk-16.0.1\bin\jimage.dll
0x00007ffe97b40000 - 0x00007ffe97d24000 	C:\WINDOWS\SYSTEM32\DBGHELP.DLL
0x00007ffe98040000 - 0x00007ffe9806c000 	C:\WINDOWS\SYSTEM32\dbgcore.DLL
0x00007ffea42f0000 - 0x00007ffea4372000 	C:\WINDOWS\System32\bcryptPrimitives.dll
0x00007ffe5e460000 - 0x00007ffe5e485000 	C:\jdk-16.0.1\bin\java.dll
0x00007ffea46a0000 - 0x00007ffea4de4000 	C:\WINDOWS\System32\SHELL32.dll
0x00007ffea1cf0000 - 0x00007ffea2485000 	C:\WINDOWS\SYSTEM32\windows.storage.dll
0x00007ffea4f80000 - 0x00007ffea52d5000 	C:\WINDOWS\System32\combase.dll
0x00007ffea3560000 - 0x00007ffea358e000 	C:\WINDOWS\SYSTEM32\Wldp.dll
0x00007ffea6090000 - 0x00007ffea613d000 	C:\WINDOWS\System32\SHCORE.dll
0x00007ffea5680000 - 0x00007ffea56d5000 	C:\WINDOWS\System32\shlwapi.dll
0x00007ffea3b20000 - 0x00007ffea3b3f000 	C:\WINDOWS\SYSTEM32\profapi.dll
0x00007ffe5e440000 - 0x00007ffe5e459000 	C:\jdk-16.0.1\bin\net.dll
0x00007ffe9ce00000 - 0x00007ffe9cf0c000 	C:\WINDOWS\SYSTEM32\WINHTTP.dll
0x00007ffea32c0000 - 0x00007ffea332a000 	C:\WINDOWS\system32\mswsock.dll
0x00007ffe4fd80000 - 0x00007ffe4fd93000 	C:\jdk-16.0.1\bin\nio.dll
0x00007ffe4fa40000 - 0x00007ffe4fa58000 	C:\jdk-16.0.1\bin\zip.dll
0x00007ffe55500000 - 0x00007ffe55510000 	C:\jdk-16.0.1\bin\verify.dll
0x0000000073a10000 - 0x0000000073cee000 	C:\Users\dam_aap\AppData\Local\Temp\QtJambi_dam_aap_amd64_4.8.7_msvc2013x64-20150908-1314\lib\QtCore4.dll
0x00007ffea52e0000 - 0x00007ffea540a000 	C:\WINDOWS\System32\ole32.dll
0x00007ffe959b0000 - 0x00007ffe95a56000 	C:\WINDOWS\SYSTEM32\MSVCP120.dll
0x00007ffe7a280000 - 0x00007ffe7a36f000 	C:\WINDOWS\SYSTEM32\MSVCR120.dll
0x00007ffe7c590000 - 0x00007ffe7c5d0000 	C:\Users\dam_aap\AppData\Local\Temp\QtJambi_dam_aap_amd64_4.8.7_msvc2013x64-20150908-1314\lib\qtjambi.dll
0x00007ffe7a150000 - 0x00007ffe7a27f000 	C:\Users\dam_aap\AppData\Local\Temp\QtJambi_dam_aap_amd64_4.8.7_msvc2013x64-20150908-1314\lib\com_trolltech_qt_core.dll
0x00000000730a0000 - 0x0000000073a0e000 	C:\Users\dam_aap\AppData\Local\Temp\QtJambi_dam_aap_amd64_4.8.7_msvc2013x64-20150908-1314\lib\QtGui4.dll
0x00007ffea4ea0000 - 0x00007ffea4f7a000 	C:\WINDOWS\System32\COMDLG32.dll
0x00007ffea5510000 - 0x00007ffea55dd000 	C:\WINDOWS\System32\OLEAUT32.dll
0x00007ffe6e3c0000 - 0x00007ffe6e455000 	C:\WINDOWS\SYSTEM32\WINSPOOL.DRV
0x00007ffe52fb0000 - 0x00007ffe536df000 	C:\Users\dam_aap\AppData\Local\Temp\QtJambi_dam_aap_amd64_4.8.7_msvc2013x64-20150908-1314\lib\com_trolltech_qt_gui.dll
0x00007ffea1610000 - 0x00007ffea16ae000 	C:\WINDOWS\system32\uxtheme.dll
0x00007ffea5700000 - 0x00007ffea5815000 	C:\WINDOWS\System32\MSCTF.dll
0x00007ffea08d0000 - 0x00007ffea08dd000 	C:\Users\dam_aap\AppData\Local\Temp\QtJambi_dam_aap_amd64_4.8.7_msvc2013x64-20150908-1314\plugins\imageformats\qgif4.dll
0x00007ffea07d0000 - 0x00007ffea07de000 	C:\Users\dam_aap\AppData\Local\Temp\QtJambi_dam_aap_amd64_4.8.7_msvc2013x64-20150908-1314\plugins\imageformats\qico4.dll
0x00007ffe7b220000 - 0x00007ffe7b25d000 	C:\Users\dam_aap\AppData\Local\Temp\QtJambi_dam_aap_amd64_4.8.7_msvc2013x64-20150908-1314\plugins\imageformats\qjpeg4.dll
0x00007ffe7b1d0000 - 0x00007ffe7b219000 	C:\Users\dam_aap\AppData\Local\Temp\QtJambi_dam_aap_amd64_4.8.7_msvc2013x64-20150908-1314\plugins\imageformats\qmng4.dll
0x00007ffe7a0f0000 - 0x00007ffe7a14b000 	C:\Users\dam_aap\AppData\Local\Temp\QtJambi_dam_aap_amd64_4.8.7_msvc2013x64-20150908-1314\plugins\imageformats\qtiff4.dll
0x00007ffe9caf0000 - 0x00007ffe9cbe9000 	C:\WINDOWS\SYSTEM32\textinputframework.dll
0x00007ffea10d0000 - 0x00007ffea11c2000 	C:\WINDOWS\System32\CoreMessaging.dll
0x00007ffea0c70000 - 0x00007ffea0fce000 	C:\WINDOWS\System32\CoreUIComponents.dll
0x00007ffea2860000 - 0x00007ffea2893000 	C:\WINDOWS\SYSTEM32\ntmarta.dll
0x00007ffea0450000 - 0x00007ffea05a4000 	C:\WINDOWS\SYSTEM32\wintypes.dll
0x00007ffe7a8e0000 - 0x00007ffe7a990000 	C:\WINDOWS\WinSxS\amd64_microsoft.windows.common-controls_6595b64144ccf1df_5.82.19041.1110_none_792d1c772443f647\comctl32.dll
0x00007ffe46970000 - 0x00007ffe46aef000 	C:\jdk-16.0.1\bin\awt.dll
0x00007ffea1350000 - 0x00007ffea13e0000 	C:\WINDOWS\SYSTEM32\apphelp.dll
0x00007ffea1910000 - 0x00007ffea193f000 	C:\WINDOWS\system32\DWMAPI.DLL
0x00007ffe975a0000 - 0x00007ffe976c5000 	C:\WINDOWS\system32\opengl32.dll
0x00007ffe96d20000 - 0x00007ffe96d4c000 	C:\WINDOWS\SYSTEM32\GLU32.dll

dbghelp: loaded successfully - version: 4.0.5 - missing functions: none
symbol engine: initialized successfully - sym options: 0x614 - pdb path: .;C:\jdk-16.0.1\bin;C:\WINDOWS\SYSTEM32;C:\WINDOWS\WinSxS\amd64_microsoft.windows.common-controls_6595b64144ccf1df_6.0.19041.1110_none_60b5254171f9507e;C:\jdk-16.0.1\bin\server;C:\Users\dam_aap\AppData\Local\Temp\QtJambi_dam_aap_amd64_4.8.7_msvc2013x64-20150908-1314\lib;C:\Users\dam_aap\AppData\Local\Temp\QtJambi_dam_aap_amd64_4.8.7_msvc2013x64-20150908-1314\plugins\imageformats;C:\WINDOWS\WinSxS\amd64_microsoft.windows.common-controls_6595b64144ccf1df_5.82.19041.1110_none_792d1c772443f647

VM Arguments:
jvm_args: -Dfile.encoding=UTF-8 --module-path=C:\Users\dam_aap\Desktop\ProyectoConjunto\gym\Gimansio3.0\Gimnasio1.0\Interfaz\NetBeans\GymDam\build\classes 
java_command: gymdam.GymDam
java_class_path (initial): D:\qtjambi-community-4.8.7-win64-msvc2013\qtjambi-4.8.7.jar;D:\qtjambi-community-4.8.7-win64-msvc2013\qtjambi-designer-4.8.7.jar;D:\qtjambi-community-4.8.7-win64-msvc2013\qtjambi-examples-4.8.7.jar;D:\qtjambi-community-4.8.7-win64-msvc2013\qtjambi-examples-src.jar;D:\qtjambi-community-4.8.7-win64-msvc2013\qtjambi-native-win64-msvc2013x64-4.8.7.jar;D:\qtjambi-community-4.8.7-win64-msvc2013\qtjambi-src.jar;C:\Users\dam_aap\Desktop\json\json-20211205.jar;C:\Program Files\NetBeans-12.4\netbeans\ide\modules\ext\jaxb\jaxb-impl.jar;C:\Program Files\NetBeans-12.4\netbeans\ide\modules\ext\jaxb\jaxb-xjc.jar;C:\Program Files\NetBeans-12.4\netbeans\java\modules\ext\jaxws22\FastInfoset.jar;C:\Program Files\NetBeans-12.4\netbeans\java\modules\ext\jaxws22\gmbal-api-only.jar;C:\Program Files\NetBeans-12.4\netbeans\java\modules\ext\jaxws22\ha-api.jar;C:\Program Files\NetBeans-12.4\netbeans\java\modules\ext\jaxws22\javax.mail_1.4.jar;C:\Program Files\NetBeans-12.4\netbeans\java\modules\ext\jaxws22\jaxws-rt.jar;C:\Program Files\NetBeans-12.4\netbeans\java\modules\ext\jaxws22\jaxws-tools.jar;C:\Program Files\NetBeans-12.4\netbeans\java\modules\ext\jaxws22\management-api.jar;C:\Program Files\NetBeans-12.4\netbeans\java\modules\ext\jaxws22\mimepull.jar;C:\Program Files\NetBeans-12.4\netbeans\java\modules\ext\jaxws22\policy.jar;C:\Program Files\NetBeans-12.4\netbeans\java\modules\ext\jaxws22\saaj-impl.jar;C:\Program Files\NetBeans-12.4\netbeans\java\modules\ext\jaxws22\stax-ex.jar;C:\Program Files\NetBeans-12.4\netbeans\java\modules\ext\jaxws22\stax2-api.jar;C:\Program Files\NetBeans-12.4\netbeans\java\modules\ext\jaxws22\streambuffer.jar;C:\Program Files\NetBeans-12.4\netbeans\java\modules\ext\jaxws22\woodstox-core-asl.jar;C:\Program Files\NetBeans-12.4\netbeans\java\modules\ext\jaxws22\api\jaxws-api.jar;C:\Program Files\NetBeans-12.4\netbeans\java\modules\ext\jaxws22\api\jsr181-api.jar;C:\Program Files\NetBeans-12.4\netbeans\java\modules\ext\jaxws22\api\java
Launcher Type: SUN_STANDARD

[Global flags]
     intx CICompilerCount                          = 3                                         {product} {ergonomic}
     uint ConcGCThreads                            = 2                                         {product} {ergonomic}
     uint G1ConcRefinementThreads                  = 6                                         {product} {ergonomic}
   size_t G1HeapRegionSize                         = 1048576                                   {product} {ergonomic}
    uintx GCDrainStackTargetSize                   = 64                                        {product} {ergonomic}
   size_t InitialHeapSize                          = 132120576                                 {product} {ergonomic}
   size_t MarkStackSize                            = 4194304                                   {product} {ergonomic}
   size_t MaxHeapSize                              = 2090860544                                {product} {ergonomic}
   size_t MaxNewSize                               = 1254096896                                {product} {ergonomic}
   size_t MinHeapDeltaBytes                        = 1048576                                   {product} {ergonomic}
   size_t MinHeapSize                              = 8388608                                   {product} {ergonomic}
    uintx NonNMethodCodeHeapSize                   = 5832780                                {pd product} {ergonomic}
    uintx NonProfiledCodeHeapSize                  = 122912730                              {pd product} {ergonomic}
    uintx ProfiledCodeHeapSize                     = 122912730                              {pd product} {ergonomic}
    uintx ReservedCodeCacheSize                    = 251658240                              {pd product} {ergonomic}
     bool SegmentedCodeCache                       = true                                      {product} {ergonomic}
   size_t SoftMaxHeapSize                          = 2090860544                             {manageable} {ergonomic}
     bool UseCompressedClassPointers               = true                           {product lp64_product} {ergonomic}
     bool UseCompressedOops                        = true                           {product lp64_product} {ergonomic}
     bool UseG1GC                                  = true                                      {product} {ergonomic}
     bool UseLargePagesIndividualAllocation        = false                                  {pd product} {ergonomic}

Logging:
Log output configuration:
 #0: stdout all=warning uptime,level,tags
 #1: stderr all=off uptime,level,tags

Environment Variables:
JAVA_HOME=c:\jdk-16.0.1
PATH=C:\Program Files (x86)\VMware\VMware Player\bin\;C:\jdk-16.0.1\bin;C:\WINDOWS\system32;C:\WINDOWS;C:\WINDOWS\System32\Wbem;C:\WINDOWS\System32\WindowsPowerShell\v1.0\;C:\WINDOWS\System32\OpenSSH\;C:\Program Files\PowerShell\7\;C:\Program Files\Microsoft SQL Server\Client SDK\ODBC\170\Tools\Binn\;C:\Program Files (x86)\Microsoft SQL Server\150\Tools\Binn\;C:\Program Files\Microsoft SQL Server\150\Tools\Binn\;C:\Program Files\Microsoft SQL Server\150\DTS\Binn\;C:\Program Files\Azure Data Studio\bin;C:\Program Files\dotnet\;C:\ProgramData\chocolatey\bin;C:\flutter\bin;C:\Users\dam_aap\AppData\Local\Microsoft\WindowsApps;D:\Microsoft VS Code\bin;C:\Users\dam_aap\AppData\Local\Programs\Git\cmd;C:\Users\dam_aap\AppData\Local\gitkraken\bin
USERNAME=dam_aap
OS=Windows_NT
PROCESSOR_IDENTIFIER=Intel64 Family 6 Model 158 Stepping 10, GenuineIntel



---------------  S Y S T E M  ---------------

OS:
 Windows 10 , 64 bit Build 19041 (10.0.19041.1466)
OS uptime: 0 days 0:37 hours

CPU: total 6 (initial active 6) (6 cores per cpu, 1 threads per core) family 6 model 158 stepping 10 microcode 0xb4, cx8, cmov, fxsr, mmx, 3dnowpref, sse, sse2, sse3, ssse3, sse4.1, sse4.2, popcnt, lzcnt, tsc, tscinvbit, avx, avx2, aes, erms, clmul, bmi1, bmi2, rtm, adx, fma, vzeroupper, clflush, clflushopt

Memory: 4k page, system-wide physical 7973M (1444M free)
TotalPageFile size 14885M (AvailPageFile size 5685M)
current process WorkingSet (physical memory assigned to process): 77M, peak: 104M
current process commit charge ("private bytes"): 117M, peak: 245M

vm_info: OpenJDK 64-Bit Server VM (16.0.1+9-24) for windows-amd64 JRE (16.0.1+9-24), built on Mar 26 2021 19:30:07 by "mach5one" with MS VC++ 16.7 (VS2019)

END.
