#
# A fatal error has been detected by the Java Runtime Environment:
#
#  EXCEPTION_ACCESS_VIOLATION (0xc0000005) at pc=0x000000006ebe2cbd, pid=2208, tid=10440
#
# JRE version: OpenJDK Runtime Environment (16.0.1+9) (build 16.0.1+9-24)
# Java VM: OpenJDK 64-Bit Server VM (16.0.1+9-24, mixed mode, sharing, tiered, compressed oops, compressed class ptrs, g1 gc, windows-amd64)
# Problematic frame:
# C  [QtGui4.dll+0x62cbd]
#
# No core dump will be written. Minidumps are not enabled by default on client versions of Windows
#
# If you would like to submit a bug report, please visit:
#   https://bugreport.java.com/bugreport/crash.jsp
# The crash happened outside the Java Virtual Machine in native code.
# See problematic frame for where to report the bug.
#

---------------  S U M M A R Y ------------

Command Line: -Dfile.encoding=UTF-8 --module-path=C:\Users\dam_aap\Desktop\ProyectoConjunto\gym\Gimansio3.0\Gimnasio1.0\Interfaz\NetBeans\GymDam\build\classes gymdam.GymDam

Host: Intel(R) Core(TM) i5-9500 CPU @ 3.00GHz, 6 cores, 7G,  Windows 10 , 64 bit Build 19041 (10.0.19041.1466)
Time: Wed Feb 16 11:35:26 2022 Hora estándar romance elapsed time: 15.190606 seconds (0d 0h 0m 15s)

---------------  T H R E A D  ---------------

Current thread (0x00000118c4a3ffe0):  
[error occurred during error reporting (printing current thread), id 0xc0000005, EXCEPTION_ACCESS_VIOLATION (0xc0000005) at pc=0x00007ffd0d1c053d]

Stack: [0x000000062b100000,0x000000062b200000],  sp=0x000000062b1fee30,  free space=1019k
Native frames: (J=compiled Java code, j=interpreted, Vv=VM code, C=native code)
C  [QtGui4.dll+0x62cbd]

Java frames: (J=compiled Java code, j=interpreted, Vv=VM code)
J 753  com.trolltech.qt.internal.QtJambiObject.finalize()V (0 bytes) @ 0x00000118b625cb6b [0x00000118b625cb20+0x000000000000004b]
J 748 c1 java.lang.ref.Finalizer.runFinalizer(Ljdk/internal/access/JavaLangAccess;)V java.base@16.0.1 (131 bytes) @ 0x00000118aee02124 [0x00000118aee01ac0+0x0000000000000664]
j  java.lang.ref.Finalizer$FinalizerThread.run()V+46 java.base@16.0.1
v  ~StubRoutines::call_stub

siginfo: EXCEPTION_ACCESS_VIOLATION (0xc0000005), reading address 0x0000000000000008


Register to memory mapping:

RIP=0x000000006ebe2cbd QtGui4.dll
RAX=0x0 is NULL
RBX=0x00000000ffffffff is an unallocated location in the heap
RCX=0x00000118c58480f0 points into unknown readable memory: 0x0000000000000001 | 01 00 00 00 00 00 00 00
RDX=0x0000000000000001 is an unknown value
RSP=0x000000062b1fee30 is pointing into the stack for thread: 0x00000118c4a3ffe0
RBP=0x0000000000000001 is an unknown value
RSI=0x00000118c60277c0 points into unknown readable memory: 0x000000006f1d3148 | 48 31 1d 6f 00 00 00 00
RDI=0x00000118c60277c0 points into unknown readable memory: 0x000000006f1d3148 | 48 31 1d 6f 00 00 00 00
R8 =0x0000000000000037 is an unknown value
R9 =0x000000000000003d is an unknown value
R10=0x0 is NULL
R11=0xfdcffdb7d9db943f is an unknown value
R12=0x00000118c6026c30 points into unknown readable memory: 0x000000006f17fe58 | 58 fe 17 6f 00 00 00 00
R13=0x00000118c6006a00 points into unknown readable memory: 0x000000006f1e91f0 | f0 91 1e 6f 00 00 00 00
R14=0x0 is NULL
R15=0x0 is NULL


Registers:
RAX=0x0000000000000000, RBX=0x00000000ffffffff, RCX=0x00000118c58480f0, RDX=0x0000000000000001
RSP=0x000000062b1fee30, RBP=0x0000000000000001, RSI=0x00000118c60277c0, RDI=0x00000118c60277c0
R8 =0x0000000000000037, R9 =0x000000000000003d, R10=0x0000000000000000, R11=0xfdcffdb7d9db943f
R12=0x00000118c6026c30, R13=0x00000118c6006a00, R14=0x0000000000000000, R15=0x0000000000000000
RIP=0x000000006ebe2cbd, EFLAGS=0x0000000000010202

Top of Stack: (sp=0x000000062b1fee30)
0x000000062b1fee30:   00000118c58480f0 00000000ffffffff
0x000000062b1fee40:   0000000000000001 00007ffd230669d8
0x000000062b1fee50:   0000011800000000 0000000000000001
0x000000062b1fee60:   fffffffffffffffe 00000118c6026c30
0x000000062b1fee70:   0000000000000000 000000006eefb1ce
0x000000062b1fee80:   00000118c610a710 0000000000000001
0x000000062b1fee90:   00000118c58480f0 0000000000000000
0x000000062b1feea0:   0000000000000001 000000006eefaa44
0x000000062b1feeb0:   00000118c60277c0 0000000000000001
0x000000062b1feec0:   00000118c6028260 0000000000000000
0x000000062b1feed0:   fffffffffffffffe 0000000000000000
0x000000062b1feee0:   00000118c60277c0 00007ffd09b829a5
0x000000062b1feef0:   00000118c60277c0 0000011800000000
0x000000062b1fef00:   00000118c6012e40 000000006f7ae0a8
0x000000062b1fef10:   fffffffffffffffe 000000006f486298
0x000000062b1fef20:   00000118c6006a00 000000006f60ab73 

Instructions: (pc=0x000000006ebe2cbd)
0x000000006ebe2bbd:   8b 0e 48 3b cb 74 1b ff 15 66 9b 58 00 84 c0 75
0x000000006ebe2bcd:   0e ba 08 00 00 00 48 8b 0e ff 15 c4 9d 58 00 48
0x000000006ebe2bdd:   89 1e 48 83 c4 38 41 5e 5f 5e 5b c3 cc cc cc cc
0x000000006ebe2bed:   cc cc cc 40 57 48 83 ec 20 48 8b 41 f8 48 8b fa
0x000000006ebe2bfd:   48 3b 90 40 01 00 00 74 6c 48 8b 41 f8 48 89 5c
0x000000006ebe2c0d:   24 30 48 8d 59 f0 f7 80 c8 01 00 00 00 00 00 10
0x000000006ebe2c1d:   74 0c 48 8b 43 20 48 8b 08 48 85 c9 75 22 41 b0
0x000000006ebe2c2d:   01 ba 64 00 00 00 48 8b cb e8 95 2c 00 00 48 8b
0x000000006ebe2c3d:   4b 08 33 d2 e8 fa 7b ff ff 48 8b 43 20 48 8b 08
0x000000006ebe2c4d:   48 8b d7 ff 15 12 cf 58 00 48 8b 5c 24 30 85 c0
0x000000006ebe2c5d:   75 13 48 8d 0d 52 db 59 00 48 83 c4 20 5f 48 ff
0x000000006ebe2c6d:   25 fe a6 58 00 48 83 c4 20 5f c3 cc cc cc cc cc
0x000000006ebe2c7d:   cc cc cc 85 d2 74 68 57 48 83 ec 40 48 c7 44 24
0x000000006ebe2c8d:   30 fe ff ff ff 48 89 5c 24 50 8b da 48 8b f9 c7
0x000000006ebe2c9d:   44 24 20 00 00 00 00 45 33 c9 45 33 c0 33 d2 48
0x000000006ebe2cad:   8d 4c 24 60 e8 ba ba fd ff 90 ff 15 bb 9b 58 00
0x000000006ebe2cbd:   48 8b 48 08 48 81 c1 28 01 00 00 4c 8d 4c 24 60
0x000000006ebe2ccd:   4c 8b c7 8b d3 e8 f9 8c fe ff 90 48 8d 4c 24 60
0x000000006ebe2cdd:   e8 ee e2 fc ff 48 8b 5c 24 50 48 83 c4 40 5f c3
0x000000006ebe2ced:   cc cc cc 48 89 5c 24 10 48 89 6c 24 18 48 89 74
0x000000006ebe2cfd:   24 20 57 48 81 ec 90 00 00 00 48 8b 05 62 4e 8a
0x000000006ebe2d0d:   00 48 33 c4 48 89 84 24 80 00 00 00 48 8b f1 48
0x000000006ebe2d1d:   8b 09 48 8b fa 48 83 c1 68 ba 01 00 00 00 ff 15
0x000000006ebe2d2d:   ef 99 58 00 84 c0 74 08 48 8b ce e8 f3 7b fa ff
0x000000006ebe2d3d:   48 8b 0e 48 8b d1 48 8b d9 4c 63 49 6c 8b 69 70
0x000000006ebe2d4d:   4d 85 c9 78 42 48 8d 44 24 20 41 ba 08 00 00 00
0x000000006ebe2d5d:   4c 2b d0 4a 8b 5c ca 08 48 3b d9 74 20 44 8b 07
0x000000006ebe2d6d:   0f 1f 00 44 39 43 f8 7d 14 4b 8d 04 ca 48 8b d3
0x000000006ebe2d7d:   48 03 c3 48 8b 5c 04 20 48 3b d9 75 e6 4a 89 54
0x000000006ebe2d8d:   cc 20 49 ff c9 79 cc 48 3b d9 74 3d 8b 43 f8 39
0x000000006ebe2d9d:   07 7c 36 48 8b 0e 4c 8b cb 48 8b 5b 08 48 3b d9
0x000000006ebe2dad:   74 0e 8b 43 f8 41 39 41 f8 7c 05 40 b7 01 eb 03 


Stack slot to memory mapping:
stack at sp + 0 slots: 0x00000118c58480f0 points into unknown readable memory: 0x0000000000000001 | 01 00 00 00 00 00 00 00
stack at sp + 1 slots: 0x00000000ffffffff is an unallocated location in the heap
stack at sp + 2 slots: 0x0000000000000001 is an unknown value
stack at sp + 3 slots: 0x00007ffd230669d8 MSVCR120.dll
stack at sp + 4 slots: 0x0000011800000000 is an unknown value
stack at sp + 5 slots: 0x0000000000000001 is an unknown value
stack at sp + 6 slots: 0xfffffffffffffffe is an unknown value
stack at sp + 7 slots: 0x00000118c6026c30 points into unknown readable memory: 0x000000006f17fe58 | 58 fe 17 6f 00 00 00 00


---------------  P R O C E S S  ---------------

Threads class SMR info:
_java_thread_list=0x00000118a6feca10, length=13, elements={
0x00000118c4a3f120, 0x00000118c4a3ffe0, 0x00000118c4a4f6a0, 0x00000118c4a521b0,
0x00000118c4a535d0, 0x00000118c4a53fd0, 0x00000118c4a54d00, 0x00000118c4a5d800,
0x00000118c4a61e70, 0x00000118c4a1e800, 0x00000118c5606640, 0x00000118c5a5b840,
0x00000118a6fe2930
}

Java Threads: ( => current thread )
  0x00000118c4a3f120 JavaThread "Reference Handler" daemon [_thread_blocked, id=11120, stack(0x000000062b000000,0x000000062b100000)]
=>0x00000118c4a3ffe0 JavaThread "Finalizer" daemon [_thread_in_native, id=10440, stack(0x000000062b100000,0x000000062b200000)]
  0x00000118c4a4f6a0 JavaThread "Signal Dispatcher" daemon [_thread_blocked, id=11492, stack(0x000000062b200000,0x000000062b300000)]
  0x00000118c4a521b0 JavaThread "Attach Listener" daemon [_thread_blocked, id=9392, stack(0x000000062b300000,0x000000062b400000)]
  0x00000118c4a535d0 JavaThread "Service Thread" daemon [_thread_blocked, id=5472, stack(0x000000062b400000,0x000000062b500000)]
  0x00000118c4a53fd0 JavaThread "Monitor Deflation Thread" daemon [_thread_blocked, id=8676, stack(0x000000062b500000,0x000000062b600000)]
  0x00000118c4a54d00 JavaThread "C2 CompilerThread0" daemon [_thread_blocked, id=1040, stack(0x000000062b600000,0x000000062b700000)]
  0x00000118c4a5d800 JavaThread "C1 CompilerThread0" daemon [_thread_blocked, id=5500, stack(0x000000062b700000,0x000000062b800000)]
  0x00000118c4a61e70 JavaThread "Sweeper thread" daemon [_thread_blocked, id=4416, stack(0x000000062b800000,0x000000062b900000)]
  0x00000118c4a1e800 JavaThread "Common-Cleaner" daemon [_thread_blocked, id=7052, stack(0x000000062b900000,0x000000062ba00000)]
  0x00000118c5606640 JavaThread "Notification Thread" daemon [_thread_blocked, id=1968, stack(0x000000062ba00000,0x000000062bb00000)]
  0x00000118c5a5b840 JavaThread "Thread-2" daemon [_thread_in_native, id=11532, stack(0x000000062c500000,0x000000062c600000)]
  0x00000118a6fe2930 JavaThread "DestroyJavaVM" [_thread_blocked, id=7180, stack(0x000000062a900000,0x000000062aa00000)]

Other Threads:
  0x00000118c4a3a290 VMThread "VM Thread" [stack: 0x000000062af00000,0x000000062b000000] [id=1572]
  0x00000118a6fe3bc0 WatcherThread [stack: 0x000000062bb00000,0x000000062bc00000] [id=8212]
  0x00000118a7022c60 GCTaskThread "GC Thread#0" [stack: 0x000000062aa00000,0x000000062ab00000] [id=7320]
  0x00000118c5efff20 GCTaskThread "GC Thread#1" [stack: 0x000000062bc00000,0x000000062bd00000] [id=6836]
  0x00000118c5ed7fa0 GCTaskThread "GC Thread#2" [stack: 0x000000062be00000,0x000000062bf00000] [id=2868]
  0x00000118c4aecc90 GCTaskThread "GC Thread#3" [stack: 0x000000062bf00000,0x000000062c000000] [id=6512]
  0x00000118c4aecfa0 GCTaskThread "GC Thread#4" [stack: 0x000000062c000000,0x000000062c100000] [id=4396]
  0x00000118c4ab3c60 GCTaskThread "GC Thread#5" [stack: 0x000000062c100000,0x000000062c200000] [id=8816]
  0x00000118a70336e0 ConcurrentGCThread "G1 Main Marker" [stack: 0x000000062ab00000,0x000000062ac00000] [id=3396]
  0x00000118a70341d0 ConcurrentGCThread "G1 Conc#0" [stack: 0x000000062ac00000,0x000000062ad00000] [id=12100]
  0x00000118a70b7d80 ConcurrentGCThread "G1 Refine#0" [stack: 0x000000062ad00000,0x000000062ae00000] [id=7576]
  0x00000118a70b8e90 ConcurrentGCThread "G1 Service" [stack: 0x000000062ae00000,0x000000062af00000] [id=11096]

Threads with active compile tasks:

VM state: not at safepoint (normal execution)

VM Mutex/Monitor currently owned by a thread: None

Heap address: 0x0000000083600000, size: 1994 MB, Compressed Oops mode: 32-bit

CDS archive(s) mapped at: [0x0000000800000000-0x0000000800bb0000-0x0000000800bb0000), size 12255232, SharedBaseAddress: 0x0000000800000000, ArchiveRelocationMode: 0.
Compressed class space mapped at: 0x0000000800c00000-0x0000000840c00000, reserved size: 1073741824
Narrow klass base: 0x0000000800000000, Narrow klass shift: 3, Narrow klass range: 0x100000000

GC Precious Log:
 CPUs: 6 total, 6 available
 Memory: 7973M
 Large Page Support: Disabled
 NUMA Support: Disabled
 Compressed Oops: Enabled (32-bit)
 Heap Region Size: 1M
 Heap Min Capacity: 8M
 Heap Initial Capacity: 126M
 Heap Max Capacity: 1994M
 Pre-touch: Disabled
 Parallel Workers: 6
 Concurrent Workers: 2
 Concurrent Refinement Workers: 6
 Periodic GC: Disabled

Heap:
 garbage-first heap   total 14336K, used 3770K [0x0000000083600000, 0x0000000100000000)
  region size 1024K, 1 young (1024K), 0 survivors (0K)
 Metaspace       used 4847K, committed 5056K, reserved 1056768K
  class space    used 407K, committed 512K, reserved 1048576K

Heap Regions: E=young(eden), S=young(survivor), O=old, HS=humongous(starts), HC=humongous(continues), CS=collection set, F=free, OA=open archive, CA=closed archive, TAMS=top-at-mark-start (previous, next)
|   0|0x0000000083600000, 0x00000000836ffac8, 0x0000000083700000| 99%| O|  |TAMS 0x0000000083600000, 0x0000000083600000| Untracked 
|   1|0x0000000083700000, 0x00000000837fffe0, 0x0000000083800000| 99%| O|  |TAMS 0x0000000083700000, 0x0000000083700000| Untracked 
|   2|0x0000000083800000, 0x00000000838f45e0, 0x0000000083900000| 95%| O|  |TAMS 0x0000000083800000, 0x0000000083800000| Untracked 
|   3|0x0000000083900000, 0x00000000839ba958, 0x0000000083a00000| 72%| O|  |TAMS 0x0000000083900000, 0x0000000083900000| Untracked 
|   4|0x0000000083a00000, 0x0000000083a00000, 0x0000000083b00000|  0%| F|  |TAMS 0x0000000083a00000, 0x0000000083a00000| Untracked 
|   5|0x0000000083b00000, 0x0000000083b00000, 0x0000000083c00000|  0%| F|  |TAMS 0x0000000083b00000, 0x0000000083b00000| Untracked 
|   6|0x0000000083c00000, 0x0000000083c00000, 0x0000000083d00000|  0%| F|  |TAMS 0x0000000083c00000, 0x0000000083c00000| Untracked 
|   7|0x0000000083d00000, 0x0000000083d00000, 0x0000000083e00000|  0%| F|  |TAMS 0x0000000083d00000, 0x0000000083d00000| Untracked 
|   8|0x0000000083e00000, 0x0000000083e00000, 0x0000000083f00000|  0%| F|  |TAMS 0x0000000083e00000, 0x0000000083e00000| Untracked 
|   9|0x0000000083f00000, 0x0000000083f00000, 0x0000000084000000|  0%| F|  |TAMS 0x0000000083f00000, 0x0000000083f00000| Untracked 
|  10|0x0000000084000000, 0x0000000084000000, 0x0000000084100000|  0%| F|  |TAMS 0x0000000084000000, 0x0000000084000000| Untracked 
|  11|0x0000000084100000, 0x0000000084100000, 0x0000000084200000|  0%| F|  |TAMS 0x0000000084100000, 0x0000000084100000| Untracked 
|  12|0x0000000084200000, 0x0000000084200000, 0x0000000084300000|  0%| F|  |TAMS 0x0000000084200000, 0x0000000084200000| Untracked 
|  22|0x0000000084c00000, 0x0000000084c0ccd8, 0x0000000084d00000|  5%| E|  |TAMS 0x0000000084c00000, 0x0000000084c00000| Complete 

Card table byte_map: [0x00000118bdc50000,0x00000118be040000] _byte_map_base: 0x00000118bd835000

Marking Bits (Prev, Next): (CMBitMap*) 0x00000118a7023390, (CMBitMap*) 0x00000118a7023350
 Prev Bits: [0x00000118c0360000, 0x00000118c2288000)
 Next Bits: [0x00000118be430000, 0x00000118c0358000)

Polling page: 0x00000118a4ee0000

Metaspace:

Usage:
  Non-class:      4.34 MB used.
      Class:    407.43 KB used.
       Both:      4.73 MB used.

Virtual space:
  Non-class space:        8.00 MB reserved,       4.44 MB ( 55%) committed,  1 nodes.
      Class space:        1.00 GB reserved,     512.00 KB ( <1%) committed,  1 nodes.
              Both:        1.01 GB reserved,       4.94 MB ( <1%) committed. 

Chunk freelists:
   Non-Class:  1.80 MB
       Class:  3.53 MB
        Both:  5.33 MB

MaxMetaspaceSize: 17179869184.00 GB
CompressedClassSpaceSize: 1.00 GB
 - commit_granule_bytes: 65536.
 - commit_granule_words: 8192.
 - virtual_space_node_default_size: 1048576.
 - enlarge_chunks_in_place: 1.
 - new_chunks_are_fully_committed: 0.
 - uncommit_free_chunks: 1.
 - use_allocation_guard: 0.
 - handle_deallocations: 1.


Internal statistics:

num_allocs_failed_limit: 0.
num_arena_births: 34.
num_arena_deaths: 0.
num_vsnodes_births: 2.
num_vsnodes_deaths: 0.
num_space_committed: 79.
num_space_uncommitted: 0.
num_chunks_returned_to_freelist: 0.
num_chunks_taken_from_freelist: 123.
num_chunk_merges: 0.
num_chunk_splits: 102.
num_chunks_enlarged: 89.
num_purges: 0.

CodeHeap 'non-profiled nmethods': size=120000Kb used=247Kb max_used=247Kb free=119752Kb
 bounds [0x00000118b6220000, 0x00000118b6490000, 0x00000118bd750000]
CodeHeap 'profiled nmethods': size=120000Kb used=1152Kb max_used=1152Kb free=118847Kb
 bounds [0x00000118aecf0000, 0x00000118aef60000, 0x00000118b6220000]
CodeHeap 'non-nmethods': size=5760Kb used=1159Kb max_used=1174Kb free=4600Kb
 bounds [0x00000118ae750000, 0x00000118ae9c0000, 0x00000118aecf0000]
 total_blobs=1219 nmethods=775 adapters=357
 compilation: enabled
              stopped_count=0, restarted_count=0
 full_count=0

Compilation events (20 events):
Event: 15.156 Thread 0x00000118c4a5d800  766       3       java.lang.String::getChars (54 bytes)
Event: 15.156 Thread 0x00000118c4a5d800 nmethod 766 0x00000118aee08890 code [0x00000118aee08aa0, 0x00000118aee08f18]
Event: 15.156 Thread 0x00000118c4a5d800  767       3       java.lang.StringLatin1::getChars (12 bytes)
Event: 15.156 Thread 0x00000118c4a5d800 nmethod 767 0x00000118aee09110 code [0x00000118aee092c0, 0x00000118aee093e8]
Event: 15.163 Thread 0x00000118c4a5d800  768       3       java.nio.Buffer::clear (20 bytes)
Event: 15.163 Thread 0x00000118c4a5d800 nmethod 768 0x00000118aee09490 code [0x00000118aee09620, 0x00000118aee09738]
Event: 15.163 Thread 0x00000118c4a5d800  769       3       java.nio.Buffer::flip (20 bytes)
Event: 15.163 Thread 0x00000118c4a5d800 nmethod 769 0x00000118aee09810 code [0x00000118aee099a0, 0x00000118aee09ab8]
Event: 15.164 Thread 0x00000118c4a5d800  770       3       sun.nio.cs.UTF_8$Encoder::encodeArrayLoop (489 bytes)
Event: 15.166 Thread 0x00000118c4a5d800 nmethod 770 0x00000118aee09b90 code [0x00000118aee0a180, 0x00000118aee0d4e8]
Event: 15.172 Thread 0x00000118c4a5d800  771       3       java.net.URL::toString (5 bytes)
Event: 15.172 Thread 0x00000118c4a5d800 nmethod 771 0x00000118aee0e590 code [0x00000118aee0e740, 0x00000118aee0e968]
Event: 15.175 Thread 0x00000118c4a5d800  773   !   3       java.io.BufferedWriter::write (117 bytes)
Event: 15.176 Thread 0x00000118c4a54d00  775       4       java.lang.String::toString (2 bytes)
Event: 15.176 Thread 0x00000118c4a5d800 nmethod 773 0x00000118aee0ea90 code [0x00000118aee0eca0, 0x00000118aee0f288]
Event: 15.176 Thread 0x00000118c4a5d800  772       3       java.io.Writer::write (11 bytes)
Event: 15.176 Thread 0x00000118c4a54d00 nmethod 775 0x00000118b625da10 code [0x00000118b625db80, 0x00000118b625dbf8]
Event: 15.176 Thread 0x00000118c4a5d800 nmethod 772 0x00000118aee0f610 code [0x00000118aee0f7e0, 0x00000118aee0fac8]
Event: 15.176 Thread 0x00000118c4a5d800  774       3       java.io.PrintStream::ensureOpen (18 bytes)
Event: 15.176 Thread 0x00000118c4a5d800 nmethod 774 0x00000118aee0fc10 code [0x00000118aee0fdc0, 0x00000118aee0ffe8]

GC Heap History (6 events):
Event: 6.717 GC heap before
{Heap before GC invocations=0 (full 0):
 garbage-first heap   total 129024K, used 20480K [0x0000000083600000, 0x0000000100000000)
  region size 1024K, 21 young (21504K), 0 survivors (0K)
 Metaspace       used 4699K, committed 4928K, reserved 1056768K
  class space    used 395K, committed 512K, reserved 1048576K
}
Event: 6.721 GC heap after
{Heap after GC invocations=1 (full 0):
 garbage-first heap   total 129024K, used 3927K [0x0000000083600000, 0x0000000100000000)
  region size 1024K, 3 young (3072K), 3 survivors (3072K)
 Metaspace       used 4699K, committed 4928K, reserved 1056768K
  class space    used 395K, committed 512K, reserved 1048576K
}
Event: 15.115 GC heap before
{Heap before GC invocations=1 (full 0):
 garbage-first heap   total 129024K, used 3927K [0x0000000083600000, 0x0000000100000000)
  region size 1024K, 4 young (4096K), 3 survivors (3072K)
 Metaspace       used 4712K, committed 4928K, reserved 1056768K
  class space    used 395K, committed 512K, reserved 1048576K
}
Event: 15.120 GC heap after
{Heap after GC invocations=2 (full 1):
 garbage-first heap   total 14336K, used 3841K [0x0000000083600000, 0x0000000100000000)
  region size 1024K, 0 young (0K), 0 survivors (0K)
 Metaspace       used 4712K, committed 4928K, reserved 1056768K
  class space    used 395K, committed 512K, reserved 1048576K
}
Event: 15.177 GC heap before
{Heap before GC invocations=2 (full 1):
 garbage-first heap   total 14336K, used 3841K [0x0000000083600000, 0x0000000100000000)
  region size 1024K, 1 young (1024K), 0 survivors (0K)
 Metaspace       used 4803K, committed 4928K, reserved 1056768K
  class space    used 402K, committed 512K, reserved 1048576K
}
Event: 15.183 GC heap after
{Heap after GC invocations=3 (full 2):
 garbage-first heap   total 14336K, used 3772K [0x0000000083600000, 0x0000000100000000)
  region size 1024K, 0 young (0K), 0 survivors (0K)
 Metaspace       used 4803K, committed 4928K, reserved 1056768K
  class space    used 402K, committed 512K, reserved 1048576K
}

Deoptimization events (20 events):
Event: 0.069 Thread 0x00000118a6fe2930 DEOPT PACKING pc=0x00000118b6221418 sp=0x000000062a9ff220
Event: 0.069 Thread 0x00000118a6fe2930 DEOPT UNPACKING pc=0x00000118ae79d72e sp=0x000000062a9ff160 mode 2
Event: 0.097 Thread 0x00000118a6fe2930 DEOPT PACKING pc=0x00000118aecf7f67 sp=0x000000062a9fe440
Event: 0.097 Thread 0x00000118a6fe2930 DEOPT UNPACKING pc=0x00000118ae79dece sp=0x000000062a9fd860 mode 0
Event: 0.116 Thread 0x00000118a6fe2930 Uncommon trap: trap_request=0xffffff45 fr.pc=0x00000118b6238604 relative=0x0000000000000064
Event: 0.116 Thread 0x00000118a6fe2930 Uncommon trap: reason=unstable_if action=reinterpret pc=0x00000118b6238604 method=java.io.WinNTFileSystem.isSlash(C)Z @ 9 c2
Event: 0.116 Thread 0x00000118a6fe2930 DEOPT PACKING pc=0x00000118b6238604 sp=0x000000062a9fc930
Event: 0.116 Thread 0x00000118a6fe2930 DEOPT UNPACKING pc=0x00000118ae79d72e sp=0x000000062a9fc8b8 mode 2
Event: 0.125 Thread 0x00000118a6fe2930 DEOPT PACKING pc=0x00000118aed45a78 sp=0x000000062a9fc860
Event: 0.125 Thread 0x00000118a6fe2930 DEOPT UNPACKING pc=0x00000118ae79dece sp=0x000000062a9fbcc0 mode 0
Event: 0.125 Thread 0x00000118a6fe2930 DEOPT PACKING pc=0x00000118aed26456 sp=0x000000062a9fc9b0
Event: 0.125 Thread 0x00000118a6fe2930 DEOPT UNPACKING pc=0x00000118ae79dece sp=0x000000062a9fbe38 mode 0
Event: 0.131 Thread 0x00000118a6fe2930 DEOPT PACKING pc=0x00000118aed25c68 sp=0x000000062a9fcb00
Event: 0.131 Thread 0x00000118a6fe2930 DEOPT UNPACKING pc=0x00000118ae79dece sp=0x000000062a9fbf90 mode 0
Event: 0.133 Thread 0x00000118a6fe2930 DEOPT PACKING pc=0x00000118aed25c68 sp=0x000000062a9fcb00
Event: 0.133 Thread 0x00000118a6fe2930 DEOPT UNPACKING pc=0x00000118ae79dece sp=0x000000062a9fbf90 mode 0
Event: 0.135 Thread 0x00000118a6fe2930 DEOPT PACKING pc=0x00000118aed25c68 sp=0x000000062a9fcb00
Event: 0.135 Thread 0x00000118a6fe2930 DEOPT UNPACKING pc=0x00000118ae79dece sp=0x000000062a9fbf90 mode 0
Event: 0.137 Thread 0x00000118a6fe2930 DEOPT PACKING pc=0x00000118aed25c68 sp=0x000000062a9fcb00
Event: 0.137 Thread 0x00000118a6fe2930 DEOPT UNPACKING pc=0x00000118ae79dece sp=0x000000062a9fbf90 mode 0

Classes unloaded (0 events):
No events

Classes redefined (0 events):
No events

Internal exceptions (5 events):
Event: 0.060 Thread 0x00000118a6fe2930 Exception <a 'sun/nio/fs/WindowsException'{0x000000008b235698}> (0x000000008b235698) 
thrown [t:\workspace\open\src\hotspot\share\prims\jni.cpp, line 579]
Event: 0.060 Thread 0x00000118a6fe2930 Exception <a 'sun/nio/fs/WindowsException'{0x000000008b235cb8}> (0x000000008b235cb8) 
thrown [t:\workspace\open\src\hotspot\share\prims\jni.cpp, line 579]
Event: 0.061 Thread 0x00000118a6fe2930 Exception <a 'sun/nio/fs/WindowsException'{0x000000008b238fd8}> (0x000000008b238fd8) 
thrown [t:\workspace\open\src\hotspot\share\prims\jni.cpp, line 579]
Event: 0.157 Thread 0x00000118a6fe2930 Exception <a 'java/lang/NoSuchMethodError'{0x000000008a6a4c90}: 'void java.lang.invoke.DirectMethodHandle$Holder.invokeSpecial(java.lang.Object, java.lang.Object, java.lang.Object)'> (0x000000008a6a4c90) 
thrown [t:\workspace\open\src\hotspot\share\interpreter\linkResolver.cpp, line 790]
Event: 0.159 Thread 0x00000118a6fe2930 Exception <a 'java/lang/NoSuchMethodError'{0x000000008a6b5330}: 'java.lang.Object java.lang.invoke.DirectMethodHandle$Holder.invokeStatic(java.lang.Object)'> (0x000000008a6b5330) 
thrown [t:\workspace\open\src\hotspot\share\interpreter\linkResolver.cpp, line 790]

Events (20 events):
Event: 15.120 Executing  VM operation: G1CollectFull done
Event: 15.120 loading class java/lang/ref/Finalizer$2
Event: 15.121 loading class java/lang/ref/Finalizer$2 done
Event: 15.121 loading class java/lang/ref/Finalizer$1
Event: 15.121 loading class java/lang/ref/Finalizer$1 done
Event: 15.121 Thread 0x00000118c5a5b840 Thread added: 0x00000118c5a5b840
Event: 15.122 Thread 0x00000118c5a5b840 Thread exited: 0x00000118c5a5b840
Event: 15.123 Thread 0x00000118c5a5b840 Thread added: 0x00000118c5a5b840
Event: 15.135 Thread 0x00000118a6fe2930 Thread exited: 0x00000118a6fe2930
Event: 15.135 Thread 0x00000118a6fe2930 Thread added: 0x00000118a6fe2930
Event: 15.135 Thread 0x00000118c60ed3d0 Thread added: 0x00000118c60ed3d0
Event: 15.136 loading class java/lang/Throwable$WrappedPrintStream
Event: 15.136 loading class java/lang/Throwable$PrintStreamOrWriter
Event: 15.136 loading class java/lang/Throwable$PrintStreamOrWriter done
Event: 15.136 loading class java/lang/Throwable$WrappedPrintStream done
Event: 15.136 loading class java/lang/StackTraceElement$HashedModules
Event: 15.136 loading class java/lang/StackTraceElement$HashedModules done
Event: 15.177 Executing  VM operation: G1CollectFull
Event: 15.183 Executing  VM operation: G1CollectFull done
Event: 15.184 Thread 0x00000118c58481d0 Thread added: 0x00000118c58481d0


Dynamic libraries:
0x00007ff7f3ee0000 - 0x00007ff7f3eee000 	C:\jdk-16.0.1\bin\java.exe
0x00007ffd69690000 - 0x00007ffd69885000 	C:\WINDOWS\SYSTEM32\ntdll.dll
0x00007ffd67c70000 - 0x00007ffd67d2e000 	C:\WINDOWS\System32\KERNEL32.DLL
0x00007ffd66da0000 - 0x00007ffd67068000 	C:\WINDOWS\System32\KERNELBASE.dll
0x00007ffd675d0000 - 0x00007ffd676d0000 	C:\WINDOWS\System32\ucrtbase.dll
0x00007ffd22eb0000 - 0x00007ffd22ec8000 	C:\jdk-16.0.1\bin\jli.dll
0x00007ffd61cb0000 - 0x00007ffd61cc9000 	C:\jdk-16.0.1\bin\VCRUNTIME140.dll
0x00007ffd69390000 - 0x00007ffd69531000 	C:\WINDOWS\System32\USER32.dll
0x00007ffd671a0000 - 0x00007ffd671c2000 	C:\WINDOWS\System32\win32u.dll
0x00007ffd5beb0000 - 0x00007ffd5c14a000 	C:\WINDOWS\WinSxS\amd64_microsoft.windows.common-controls_6595b64144ccf1df_6.0.19041.1110_none_60b5254171f9507e\COMCTL32.dll
0x00007ffd67eb0000 - 0x00007ffd67edb000 	C:\WINDOWS\System32\GDI32.dll
0x00007ffd67d40000 - 0x00007ffd67dde000 	C:\WINDOWS\System32\msvcrt.dll
0x00007ffd67330000 - 0x00007ffd6743d000 	C:\WINDOWS\System32\gdi32full.dll
0x00007ffd67100000 - 0x00007ffd6719d000 	C:\WINDOWS\System32\msvcp_win.dll
0x00007ffd695c0000 - 0x00007ffd695f0000 	C:\WINDOWS\System32\IMM32.DLL
0x00007ffd61ca0000 - 0x00007ffd61cac000 	C:\jdk-16.0.1\bin\vcruntime140_1.dll
0x00007ffd3f6a0000 - 0x00007ffd3f731000 	C:\jdk-16.0.1\bin\msvcp140.dll
0x00007ffd0ce40000 - 0x00007ffd0d9eb000 	C:\jdk-16.0.1\bin\server\jvm.dll
0x00007ffd68b90000 - 0x00007ffd68c3e000 	C:\WINDOWS\System32\ADVAPI32.dll
0x00007ffd68200000 - 0x00007ffd6829c000 	C:\WINDOWS\System32\sechost.dll
0x00007ffd680d0000 - 0x00007ffd681f5000 	C:\WINDOWS\System32\RPCRT4.dll
0x00007ffd67f90000 - 0x00007ffd67f98000 	C:\WINDOWS\System32\PSAPI.DLL
0x00007ffd62260000 - 0x00007ffd62269000 	C:\WINDOWS\SYSTEM32\WSOCK32.dll
0x00007ffd5bc20000 - 0x00007ffd5bc47000 	C:\WINDOWS\SYSTEM32\WINMM.dll
0x00007ffd68940000 - 0x00007ffd689ab000 	C:\WINDOWS\System32\WS2_32.dll
0x00007ffd619b0000 - 0x00007ffd619ba000 	C:\WINDOWS\SYSTEM32\VERSION.dll
0x00007ffd64cb0000 - 0x00007ffd64cc2000 	C:\WINDOWS\SYSTEM32\kernel.appcore.dll
0x00007ffd61c90000 - 0x00007ffd61c9a000 	C:\jdk-16.0.1\bin\jimage.dll
0x00007ffd5af80000 - 0x00007ffd5b164000 	C:\WINDOWS\SYSTEM32\DBGHELP.DLL
0x00007ffd5a620000 - 0x00007ffd5a64c000 	C:\WINDOWS\SYSTEM32\dbgcore.DLL
0x00007ffd67070000 - 0x00007ffd670f2000 	C:\WINDOWS\System32\bcryptPrimitives.dll
0x00007ffd5bb10000 - 0x00007ffd5bb35000 	C:\jdk-16.0.1\bin\java.dll
0x00007ffd68c40000 - 0x00007ffd69384000 	C:\WINDOWS\System32\SHELL32.dll
0x00007ffd64eb0000 - 0x00007ffd65645000 	C:\WINDOWS\SYSTEM32\windows.storage.dll
0x00007ffd676d0000 - 0x00007ffd67a25000 	C:\WINDOWS\System32\combase.dll
0x00007ffd66720000 - 0x00007ffd6674e000 	C:\WINDOWS\SYSTEM32\Wldp.dll
0x00007ffd682a0000 - 0x00007ffd6834d000 	C:\WINDOWS\System32\SHCORE.dll
0x00007ffd67a30000 - 0x00007ffd67a85000 	C:\WINDOWS\System32\shlwapi.dll
0x00007ffd66ce0000 - 0x00007ffd66cff000 	C:\WINDOWS\SYSTEM32\profapi.dll
0x00007ffd5bad0000 - 0x00007ffd5bae9000 	C:\jdk-16.0.1\bin\net.dll
0x00007ffd61a40000 - 0x00007ffd61b4c000 	C:\WINDOWS\SYSTEM32\WINHTTP.dll
0x00007ffd66480000 - 0x00007ffd664ea000 	C:\WINDOWS\system32\mswsock.dll
0x00007ffd46790000 - 0x00007ffd467a3000 	C:\jdk-16.0.1\bin\nio.dll
0x00007ffd46770000 - 0x00007ffd46788000 	C:\jdk-16.0.1\bin\zip.dll
0x00007ffd5bac0000 - 0x00007ffd5bad0000 	C:\jdk-16.0.1\bin\verify.dll
0x000000006f4f0000 - 0x000000006f7ce000 	C:\Users\dam_aap\AppData\Local\Temp\QtJambi_dam_aap_amd64_4.8.7_msvc2013x64-20150908-1314\lib\QtCore4.dll
0x00007ffd67fa0000 - 0x00007ffd680ca000 	C:\WINDOWS\System32\ole32.dll
0x00007ffd230f0000 - 0x00007ffd23196000 	C:\WINDOWS\SYSTEM32\MSVCP120.dll
0x00007ffd23000000 - 0x00007ffd230ef000 	C:\WINDOWS\SYSTEM32\MSVCR120.dll
0x00007ffd22fc0000 - 0x00007ffd23000000 	C:\Users\dam_aap\AppData\Local\Temp\QtJambi_dam_aap_amd64_4.8.7_msvc2013x64-20150908-1314\lib\qtjambi.dll
0x00007ffd15ed0000 - 0x00007ffd15fff000 	C:\Users\dam_aap\AppData\Local\Temp\QtJambi_dam_aap_amd64_4.8.7_msvc2013x64-20150908-1314\lib\com_trolltech_qt_core.dll
0x000000006eb80000 - 0x000000006f4ee000 	C:\Users\dam_aap\AppData\Local\Temp\QtJambi_dam_aap_amd64_4.8.7_msvc2013x64-20150908-1314\lib\QtGui4.dll
0x00007ffd687d0000 - 0x00007ffd688aa000 	C:\WINDOWS\System32\COMDLG32.dll
0x00007ffd67de0000 - 0x00007ffd67ead000 	C:\WINDOWS\System32\OLEAUT32.dll
0x00007ffd3abf0000 - 0x00007ffd3ac85000 	C:\WINDOWS\SYSTEM32\WINSPOOL.DRV
0x00007ffd099d0000 - 0x00007ffd0a0ff000 	C:\Users\dam_aap\AppData\Local\Temp\QtJambi_dam_aap_amd64_4.8.7_msvc2013x64-20150908-1314\lib\com_trolltech_qt_gui.dll
0x00007ffd647d0000 - 0x00007ffd6486e000 	C:\WINDOWS\system32\uxtheme.dll
0x00007ffd68a70000 - 0x00007ffd68b85000 	C:\WINDOWS\System32\MSCTF.dll
0x00007ffd22fb0000 - 0x00007ffd22fbd000 	C:\Users\dam_aap\AppData\Local\Temp\QtJambi_dam_aap_amd64_4.8.7_msvc2013x64-20150908-1314\plugins\imageformats\qgif4.dll
0x00007ffd22ae0000 - 0x00007ffd22aee000 	C:\Users\dam_aap\AppData\Local\Temp\QtJambi_dam_aap_amd64_4.8.7_msvc2013x64-20150908-1314\plugins\imageformats\qico4.dll
0x00007ffd22790000 - 0x00007ffd227cd000 	C:\Users\dam_aap\AppData\Local\Temp\QtJambi_dam_aap_amd64_4.8.7_msvc2013x64-20150908-1314\plugins\imageformats\qjpeg4.dll
0x00007ffd226f0000 - 0x00007ffd22739000 	C:\Users\dam_aap\AppData\Local\Temp\QtJambi_dam_aap_amd64_4.8.7_msvc2013x64-20150908-1314\plugins\imageformats\qmng4.dll
0x00007ffd22690000 - 0x00007ffd226eb000 	C:\Users\dam_aap\AppData\Local\Temp\QtJambi_dam_aap_amd64_4.8.7_msvc2013x64-20150908-1314\plugins\imageformats\qtiff4.dll
0x00007ffd5fde0000 - 0x00007ffd5fed9000 	C:\WINDOWS\SYSTEM32\textinputframework.dll
0x00007ffd63e30000 - 0x00007ffd6418e000 	C:\WINDOWS\System32\CoreUIComponents.dll
0x00007ffd64190000 - 0x00007ffd64282000 	C:\WINDOWS\System32\CoreMessaging.dll
0x00007ffd659f0000 - 0x00007ffd65a23000 	C:\WINDOWS\SYSTEM32\ntmarta.dll
0x00007ffd63760000 - 0x00007ffd638b4000 	C:\WINDOWS\SYSTEM32\wintypes.dll
0x00007ffd3d9c0000 - 0x00007ffd3da70000 	C:\WINDOWS\WinSxS\amd64_microsoft.windows.common-controls_6595b64144ccf1df_5.82.19041.1110_none_792d1c772443f647\comctl32.dll
0x00007ffd67ee0000 - 0x00007ffd67f89000 	C:\WINDOWS\System32\clbcatq.dll
0x00007ffd54930000 - 0x00007ffd5496b000 	C:\WINDOWS\SYSTEM32\dxcore.dll
0x00007ffd672e0000 - 0x00007ffd6732e000 	C:\WINDOWS\System32\cfgmgr32.dll

dbghelp: loaded successfully - version: 4.0.5 - missing functions: none
symbol engine: initialized successfully - sym options: 0x614 - pdb path: .;C:\jdk-16.0.1\bin;C:\WINDOWS\SYSTEM32;C:\WINDOWS\WinSxS\amd64_microsoft.windows.common-controls_6595b64144ccf1df_6.0.19041.1110_none_60b5254171f9507e;C:\jdk-16.0.1\bin\server;C:\Users\dam_aap\AppData\Local\Temp\QtJambi_dam_aap_amd64_4.8.7_msvc2013x64-20150908-1314\lib;C:\Users\dam_aap\AppData\Local\Temp\QtJambi_dam_aap_amd64_4.8.7_msvc2013x64-20150908-1314\plugins\imageformats;C:\WINDOWS\WinSxS\amd64_microsoft.windows.common-controls_6595b64144ccf1df_5.82.19041.1110_none_792d1c772443f647

VM Arguments:
jvm_args: -Dfile.encoding=UTF-8 --module-path=C:\Users\dam_aap\Desktop\ProyectoConjunto\gym\Gimansio3.0\Gimnasio1.0\Interfaz\NetBeans\GymDam\build\classes 
java_command: gymdam.GymDam
java_class_path (initial): D:\qtjambi-community-4.8.7-win64-msvc2013\qtjambi-4.8.7.jar;D:\qtjambi-community-4.8.7-win64-msvc2013\qtjambi-designer-4.8.7.jar;D:\qtjambi-community-4.8.7-win64-msvc2013\qtjambi-examples-4.8.7.jar;D:\qtjambi-community-4.8.7-win64-msvc2013\qtjambi-examples-src.jar;D:\qtjambi-community-4.8.7-win64-msvc2013\qtjambi-native-win64-msvc2013x64-4.8.7.jar;D:\qtjambi-community-4.8.7-win64-msvc2013\qtjambi-src.jar;C:\Users\dam_aap\Desktop\json\json-20211205.jar;C:\Program Files\NetBeans-12.4\netbeans\ide\modules\ext\jaxb\jaxb-impl.jar;C:\Program Files\NetBeans-12.4\netbeans\ide\modules\ext\jaxb\jaxb-xjc.jar;C:\Program Files\NetBeans-12.4\netbeans\java\modules\ext\jaxws22\FastInfoset.jar;C:\Program Files\NetBeans-12.4\netbeans\java\modules\ext\jaxws22\gmbal-api-only.jar;C:\Program Files\NetBeans-12.4\netbeans\java\modules\ext\jaxws22\ha-api.jar;C:\Program Files\NetBeans-12.4\netbeans\java\modules\ext\jaxws22\javax.mail_1.4.jar;C:\Program Files\NetBeans-12.4\netbeans\java\modules\ext\jaxws22\jaxws-rt.jar;C:\Program Files\NetBeans-12.4\netbeans\java\modules\ext\jaxws22\jaxws-tools.jar;C:\Program Files\NetBeans-12.4\netbeans\java\modules\ext\jaxws22\management-api.jar;C:\Program Files\NetBeans-12.4\netbeans\java\modules\ext\jaxws22\mimepull.jar;C:\Program Files\NetBeans-12.4\netbeans\java\modules\ext\jaxws22\policy.jar;C:\Program Files\NetBeans-12.4\netbeans\java\modules\ext\jaxws22\saaj-impl.jar;C:\Program Files\NetBeans-12.4\netbeans\java\modules\ext\jaxws22\stax-ex.jar;C:\Program Files\NetBeans-12.4\netbeans\java\modules\ext\jaxws22\stax2-api.jar;C:\Program Files\NetBeans-12.4\netbeans\java\modules\ext\jaxws22\streambuffer.jar;C:\Program Files\NetBeans-12.4\netbeans\java\modules\ext\jaxws22\woodstox-core-asl.jar;C:\Program Files\NetBeans-12.4\netbeans\java\modules\ext\jaxws22\api\jaxws-api.jar;C:\Program Files\NetBeans-12.4\netbeans\java\modules\ext\jaxws22\api\jsr181-api.jar;C:\Program Files\NetBeans-12.4\netbeans\java\modules\ext\jaxws22\api\java
Launcher Type: SUN_STANDARD

[Global flags]
     intx CICompilerCount                          = 3                                         {product} {ergonomic}
     uint ConcGCThreads                            = 2                                         {product} {ergonomic}
     uint G1ConcRefinementThreads                  = 6                                         {product} {ergonomic}
   size_t G1HeapRegionSize                         = 1048576                                   {product} {ergonomic}
    uintx GCDrainStackTargetSize                   = 64                                        {product} {ergonomic}
   size_t InitialHeapSize                          = 132120576                                 {product} {ergonomic}
   size_t MarkStackSize                            = 4194304                                   {product} {ergonomic}
   size_t MaxHeapSize                              = 2090860544                                {product} {ergonomic}
   size_t MaxNewSize                               = 1254096896                                {product} {ergonomic}
   size_t MinHeapDeltaBytes                        = 1048576                                   {product} {ergonomic}
   size_t MinHeapSize                              = 8388608                                   {product} {ergonomic}
    uintx NonNMethodCodeHeapSize                   = 5832780                                {pd product} {ergonomic}
    uintx NonProfiledCodeHeapSize                  = 122912730                              {pd product} {ergonomic}
    uintx ProfiledCodeHeapSize                     = 122912730                              {pd product} {ergonomic}
    uintx ReservedCodeCacheSize                    = 251658240                              {pd product} {ergonomic}
     bool SegmentedCodeCache                       = true                                      {product} {ergonomic}
   size_t SoftMaxHeapSize                          = 2090860544                             {manageable} {ergonomic}
     bool UseCompressedClassPointers               = true                           {product lp64_product} {ergonomic}
     bool UseCompressedOops                        = true                           {product lp64_product} {ergonomic}
     bool UseG1GC                                  = true                                      {product} {ergonomic}
     bool UseLargePagesIndividualAllocation        = false                                  {pd product} {ergonomic}

Logging:
Log output configuration:
 #0: stdout all=warning uptime,level,tags
 #1: stderr all=off uptime,level,tags

Environment Variables:
JAVA_HOME=c:\jdk-16.0.1
PATH=C:\Program Files (x86)\VMware\VMware Player\bin\;C:\jdk-16.0.1\bin;C:\WINDOWS\system32;C:\WINDOWS;C:\WINDOWS\System32\Wbem;C:\WINDOWS\System32\WindowsPowerShell\v1.0\;C:\WINDOWS\System32\OpenSSH\;C:\Program Files\PowerShell\7\;C:\Program Files\Microsoft SQL Server\Client SDK\ODBC\170\Tools\Binn\;C:\Program Files (x86)\Microsoft SQL Server\150\Tools\Binn\;C:\Program Files\Microsoft SQL Server\150\Tools\Binn\;C:\Program Files\Microsoft SQL Server\150\DTS\Binn\;C:\Program Files\Azure Data Studio\bin;C:\Program Files\dotnet\;C:\ProgramData\chocolatey\bin;C:\flutter\bin;C:\Users\dam_aap\AppData\Local\Microsoft\WindowsApps;D:\Microsoft VS Code\bin;C:\Users\dam_aap\AppData\Local\Programs\Git\cmd
USERNAME=dam_aap
OS=Windows_NT
PROCESSOR_IDENTIFIER=Intel64 Family 6 Model 158 Stepping 10, GenuineIntel



---------------  S Y S T E M  ---------------

OS:
 Windows 10 , 64 bit Build 19041 (10.0.19041.1466)
OS uptime: 0 days 2:59 hours

CPU: total 6 (initial active 6) (6 cores per cpu, 1 threads per core) family 6 model 158 stepping 10 microcode 0xb4, cx8, cmov, fxsr, mmx, 3dnowpref, sse, sse2, sse3, ssse3, sse4.1, sse4.2, popcnt, lzcnt, tsc, tscinvbit, avx, avx2, aes, erms, clmul, bmi1, bmi2, rtm, adx, fma, vzeroupper, clflush, clflushopt

Memory: 4k page, system-wide physical 7973M (1085M free)
TotalPageFile size 14885M (AvailPageFile size 5681M)
current process WorkingSet (physical memory assigned to process): 67M, peak: 95M
current process commit charge ("private bytes"): 107M, peak: 235M

vm_info: OpenJDK 64-Bit Server VM (16.0.1+9-24) for windows-amd64 JRE (16.0.1+9-24), built on Mar 26 2021 19:30:07 by "mach5one" with MS VC++ 16.7 (VS2019)

END.
