#
# A fatal error has been detected by the Java Runtime Environment:
#
#  EXCEPTION_ACCESS_VIOLATION (0xc0000005) at pc=0x0000000073692cbd, pid=1756, tid=11412
#
# JRE version: OpenJDK Runtime Environment (16.0.1+9) (build 16.0.1+9-24)
# Java VM: OpenJDK 64-Bit Server VM (16.0.1+9-24, mixed mode, sharing, tiered, compressed oops, compressed class ptrs, g1 gc, windows-amd64)
# Problematic frame:
# C  [QtGui4.dll+0x62cbd]
#
# No core dump will be written. Minidumps are not enabled by default on client versions of Windows
#
# If you would like to submit a bug report, please visit:
#   https://bugreport.java.com/bugreport/crash.jsp
# The crash happened outside the Java Virtual Machine in native code.
# See problematic frame for where to report the bug.
#

---------------  S U M M A R Y ------------

Command Line: -Dfile.encoding=UTF-8 --module-path=C:\Users\dam_aap\Desktop\ProyectoConjunto\gym\Gimansio3.0\Gimnasio1.0\Interfaz\NetBeans\GymDam\build\classes gymdam.GymDam

Host: Intel(R) Core(TM) i5-9500 CPU @ 3.00GHz, 6 cores, 7G,  Windows 10 , 64 bit Build 19041 (10.0.19041.1466)
Time: Tue Feb 15 12:11:04 2022 Hora estándar romance elapsed time: 7.335142 seconds (0d 0h 0m 7s)

---------------  T H R E A D  ---------------

Current thread (0x0000025eb88082c0):  JavaThread "Finalizer" daemon [_thread_in_native, id=11412, stack(0x0000007b74a00000,0x0000007b74b00000)]

Stack: [0x0000007b74a00000,0x0000007b74b00000],  sp=0x0000007b74afeb40,  free space=1018k
Native frames: (J=compiled Java code, j=interpreted, Vv=VM code, C=native code)
C  [QtGui4.dll+0x62cbd]

Java frames: (J=compiled Java code, j=interpreted, Vv=VM code)
J 772  com.trolltech.qt.internal.QtJambiObject.finalize()V (0 bytes) @ 0x0000025eaa034beb [0x0000025eaa034ba0+0x000000000000004b]
J 766 c1 java.lang.ref.Finalizer.runFinalizer(Ljdk/internal/access/JavaLangAccess;)V java.base@16.0.1 (131 bytes) @ 0x0000025ea2bddb34 [0x0000025ea2bdd4c0+0x0000000000000674]
j  java.lang.ref.Finalizer$FinalizerThread.run()V+46 java.base@16.0.1
v  ~StubRoutines::call_stub

siginfo: EXCEPTION_ACCESS_VIOLATION (0xc0000005), reading address 0x0000000000000008


Register to memory mapping:

RIP=0x0000000073692cbd QtGui4.dll
RAX=0x0 is NULL
RBX=0x00000000ffffffff is an unallocated location in the heap
RCX=0x0000025ebb2a4a60 points into unknown readable memory: 0x0000000000000001 | 01 00 00 00 00 00 00 00
RDX=0x0000000000000001 is an unknown value
RSP=0x0000007b74afeb40 is pointing into the stack for thread: 0x0000025eb88082c0
RBP=0x0000000000000005 is an unknown value
RSI=0x0000025eb9f96640 points into unknown readable memory: 0x0000000073c83148 | 48 31 c8 73 00 00 00 00
RDI=0x0000025eb9f96640 points into unknown readable memory: 0x0000000073c83148 | 48 31 c8 73 00 00 00 00
R8 =0x0000000000000048 is an unknown value
R9 =0x0000000000000040 is an unknown value
R10=0x0000000000000040 is an unknown value
R11=0x1322e01800080108 is an unknown value
R12=0x0000025eb9f954c0 points into unknown readable memory: 0x0000000073c2fe58 | 58 fe c2 73 00 00 00 00
R13=0x0000025ebb21aeb0 points into unknown readable memory: 0x0000000073c991f0 | f0 91 c9 73 00 00 00 00
R14=0x0 is NULL
R15=0x0 is NULL


Registers:
RAX=0x0000000000000000, RBX=0x00000000ffffffff, RCX=0x0000025ebb2a4a60, RDX=0x0000000000000001
RSP=0x0000007b74afeb40, RBP=0x0000000000000005, RSI=0x0000025eb9f96640, RDI=0x0000025eb9f96640
R8 =0x0000000000000048, R9 =0x0000000000000040, R10=0x0000000000000040, R11=0x1322e01800080108
R12=0x0000025eb9f954c0, R13=0x0000025ebb21aeb0, R14=0x0000000000000000, R15=0x0000000000000000
RIP=0x0000000073692cbd, EFLAGS=0x0000000000010202

Top of Stack: (sp=0x0000007b74afeb40)
0x0000007b74afeb40:   0000025ebb2a4a60 00000000ffffffff
0x0000007b74afeb50:   0000000000000005 00007ffbe4a869d8
0x0000007b74afeb60:   0000025e00000000 0000000000000005
0x0000007b74afeb70:   fffffffffffffffe 0000025eb9f954c0
0x0000007b74afeb80:   0000000000000000 00000000739ab1ce
0x0000007b74afeb90:   0000025ebb1e4190 0000000000000001
0x0000007b74afeba0:   0000025ebb2a4a60 0000000000000000
0x0000007b74afebb0:   0000000000000001 00000000739aaa44
0x0000007b74afebc0:   0000025eb9f96640 0000000000000005
0x0000007b74afebd0:   0000025eb9f97040 0000000000000004
0x0000007b74afebe0:   fffffffffffffffe 0000000000000004
0x0000007b74afebf0:   0000025eb9f96640 00007ffbe18c29a5
0x0000007b74afec00:   0000025eb9f96640 0000025e00000000
0x0000007b74afec10:   0000025ebb1e3f50 000000007425e0a8
0x0000007b74afec20:   fffffffffffffffe 0000000073f36298
0x0000007b74afec30:   0000025ebb21aeb0 00000000740bab73 

Instructions: (pc=0x0000000073692cbd)
0x0000000073692bbd:   8b 0e 48 3b cb 74 1b ff 15 66 9b 58 00 84 c0 75
0x0000000073692bcd:   0e ba 08 00 00 00 48 8b 0e ff 15 c4 9d 58 00 48
0x0000000073692bdd:   89 1e 48 83 c4 38 41 5e 5f 5e 5b c3 cc cc cc cc
0x0000000073692bed:   cc cc cc 40 57 48 83 ec 20 48 8b 41 f8 48 8b fa
0x0000000073692bfd:   48 3b 90 40 01 00 00 74 6c 48 8b 41 f8 48 89 5c
0x0000000073692c0d:   24 30 48 8d 59 f0 f7 80 c8 01 00 00 00 00 00 10
0x0000000073692c1d:   74 0c 48 8b 43 20 48 8b 08 48 85 c9 75 22 41 b0
0x0000000073692c2d:   01 ba 64 00 00 00 48 8b cb e8 95 2c 00 00 48 8b
0x0000000073692c3d:   4b 08 33 d2 e8 fa 7b ff ff 48 8b 43 20 48 8b 08
0x0000000073692c4d:   48 8b d7 ff 15 12 cf 58 00 48 8b 5c 24 30 85 c0
0x0000000073692c5d:   75 13 48 8d 0d 52 db 59 00 48 83 c4 20 5f 48 ff
0x0000000073692c6d:   25 fe a6 58 00 48 83 c4 20 5f c3 cc cc cc cc cc
0x0000000073692c7d:   cc cc cc 85 d2 74 68 57 48 83 ec 40 48 c7 44 24
0x0000000073692c8d:   30 fe ff ff ff 48 89 5c 24 50 8b da 48 8b f9 c7
0x0000000073692c9d:   44 24 20 00 00 00 00 45 33 c9 45 33 c0 33 d2 48
0x0000000073692cad:   8d 4c 24 60 e8 ba ba fd ff 90 ff 15 bb 9b 58 00
0x0000000073692cbd:   48 8b 48 08 48 81 c1 28 01 00 00 4c 8d 4c 24 60
0x0000000073692ccd:   4c 8b c7 8b d3 e8 f9 8c fe ff 90 48 8d 4c 24 60
0x0000000073692cdd:   e8 ee e2 fc ff 48 8b 5c 24 50 48 83 c4 40 5f c3
0x0000000073692ced:   cc cc cc 48 89 5c 24 10 48 89 6c 24 18 48 89 74
0x0000000073692cfd:   24 20 57 48 81 ec 90 00 00 00 48 8b 05 62 4e 8a
0x0000000073692d0d:   00 48 33 c4 48 89 84 24 80 00 00 00 48 8b f1 48
0x0000000073692d1d:   8b 09 48 8b fa 48 83 c1 68 ba 01 00 00 00 ff 15
0x0000000073692d2d:   ef 99 58 00 84 c0 74 08 48 8b ce e8 f3 7b fa ff
0x0000000073692d3d:   48 8b 0e 48 8b d1 48 8b d9 4c 63 49 6c 8b 69 70
0x0000000073692d4d:   4d 85 c9 78 42 48 8d 44 24 20 41 ba 08 00 00 00
0x0000000073692d5d:   4c 2b d0 4a 8b 5c ca 08 48 3b d9 74 20 44 8b 07
0x0000000073692d6d:   0f 1f 00 44 39 43 f8 7d 14 4b 8d 04 ca 48 8b d3
0x0000000073692d7d:   48 03 c3 48 8b 5c 04 20 48 3b d9 75 e6 4a 89 54
0x0000000073692d8d:   cc 20 49 ff c9 79 cc 48 3b d9 74 3d 8b 43 f8 39
0x0000000073692d9d:   07 7c 36 48 8b 0e 4c 8b cb 48 8b 5b 08 48 3b d9
0x0000000073692dad:   74 0e 8b 43 f8 41 39 41 f8 7c 05 40 b7 01 eb 03 


Stack slot to memory mapping:
stack at sp + 0 slots: 0x0000025ebb2a4a60 points into unknown readable memory: 0x0000000000000001 | 01 00 00 00 00 00 00 00
stack at sp + 1 slots: 0x00000000ffffffff is an unallocated location in the heap
stack at sp + 2 slots: 0x0000000000000005 is an unknown value
stack at sp + 3 slots: 0x00007ffbe4a869d8 MSVCR120.dll
stack at sp + 4 slots: 0x0000025e00000000 is an unknown value
stack at sp + 5 slots: 0x0000000000000005 is an unknown value
stack at sp + 6 slots: 0xfffffffffffffffe is an unknown value
stack at sp + 7 slots: 0x0000025eb9f954c0 points into unknown readable memory: 0x0000000073c2fe58 | 58 fe c2 73 00 00 00 00


---------------  P R O C E S S  ---------------

Threads class SMR info:
_java_thread_list=0x0000025ebb428aa0, length=13, elements={
0x0000025eb8806c60, 0x0000025eb88082c0, 0x0000025eb8817270, 0x0000025eb8818190,
0x0000025eb881e390, 0x0000025eb881b340, 0x0000025eb882a950, 0x0000025eb884bb60,
0x0000025eb88521d0, 0x0000025eb94604e0, 0x0000025eb94ffed0, 0x0000025ebb1d9f90,
0x0000025e9adaf310
}

Java Threads: ( => current thread )
  0x0000025eb8806c60 JavaThread "Reference Handler" daemon [_thread_blocked, id=2512, stack(0x0000007b74900000,0x0000007b74a00000)]
=>0x0000025eb88082c0 JavaThread "Finalizer" daemon [_thread_in_native, id=11412, stack(0x0000007b74a00000,0x0000007b74b00000)]
  0x0000025eb8817270 JavaThread "Signal Dispatcher" daemon [_thread_blocked, id=10796, stack(0x0000007b74b00000,0x0000007b74c00000)]
  0x0000025eb8818190 JavaThread "Attach Listener" daemon [_thread_blocked, id=5464, stack(0x0000007b74c00000,0x0000007b74d00000)]
  0x0000025eb881e390 JavaThread "Service Thread" daemon [_thread_blocked, id=7812, stack(0x0000007b74d00000,0x0000007b74e00000)]
  0x0000025eb881b340 JavaThread "Monitor Deflation Thread" daemon [_thread_blocked, id=6908, stack(0x0000007b74e00000,0x0000007b74f00000)]
  0x0000025eb882a950 JavaThread "C2 CompilerThread0" daemon [_thread_blocked, id=11792, stack(0x0000007b74f00000,0x0000007b75000000)]
  0x0000025eb884bb60 JavaThread "C1 CompilerThread0" daemon [_thread_blocked, id=11604, stack(0x0000007b75000000,0x0000007b75100000)]
  0x0000025eb88521d0 JavaThread "Sweeper thread" daemon [_thread_blocked, id=7272, stack(0x0000007b75100000,0x0000007b75200000)]
  0x0000025eb94604e0 JavaThread "Common-Cleaner" daemon [_thread_blocked, id=2112, stack(0x0000007b75200000,0x0000007b75300000)]
  0x0000025eb94ffed0 JavaThread "Notification Thread" daemon [_thread_blocked, id=7800, stack(0x0000007b75300000,0x0000007b75400000)]
  0x0000025ebb1d9f90 JavaThread "Thread-2" daemon [_thread_in_native, id=7508, stack(0x0000007b75f00000,0x0000007b76000000)]
  0x0000025e9adaf310 JavaThread "DestroyJavaVM" [_thread_blocked, id=8696, stack(0x0000007b74200000,0x0000007b74300000)]

Other Threads:
  0x0000025eb8800860 VMThread "VM Thread" [stack: 0x0000007b74800000,0x0000007b74900000] [id=6136]
  0x0000025e9adb0390 WatcherThread [stack: 0x0000007b75400000,0x0000007b75500000] [id=9764]
  0x0000025e9adefe40 GCTaskThread "GC Thread#0" [stack: 0x0000007b74300000,0x0000007b74400000] [id=6328]
  0x0000025eb9d8ec80 GCTaskThread "GC Thread#1" [stack: 0x0000007b75900000,0x0000007b75a00000] [id=7364]
  0x0000025ebb693010 GCTaskThread "GC Thread#2" [stack: 0x0000007b75a00000,0x0000007b75b00000] [id=11172]
  0x0000025eb888c010 GCTaskThread "GC Thread#3" [stack: 0x0000007b75b00000,0x0000007b75c00000] [id=2504]
  0x0000025eb888c320 GCTaskThread "GC Thread#4" [stack: 0x0000007b75c00000,0x0000007b75d00000] [id=12264]
  0x0000025eb888c630 GCTaskThread "GC Thread#5" [stack: 0x0000007b75d00000,0x0000007b75e00000] [id=11716]
  0x0000025e9ae008c0 ConcurrentGCThread "G1 Main Marker" [stack: 0x0000007b74400000,0x0000007b74500000] [id=4328]
  0x0000025e9ae01b50 ConcurrentGCThread "G1 Conc#0" [stack: 0x0000007b74500000,0x0000007b74600000] [id=3424]
  0x0000025e9ae80730 ConcurrentGCThread "G1 Refine#0" [stack: 0x0000007b74600000,0x0000007b74700000] [id=10604]
  0x0000025e9ae81230 ConcurrentGCThread "G1 Service" [stack: 0x0000007b74700000,0x0000007b74800000] [id=5696]

Threads with active compile tasks:

VM state: not at safepoint (normal execution)

VM Mutex/Monitor currently owned by a thread: None

Heap address: 0x0000000083600000, size: 1994 MB, Compressed Oops mode: 32-bit

CDS archive(s) mapped at: [0x0000000800000000-0x0000000800bb0000-0x0000000800bb0000), size 12255232, SharedBaseAddress: 0x0000000800000000, ArchiveRelocationMode: 0.
Compressed class space mapped at: 0x0000000800c00000-0x0000000840c00000, reserved size: 1073741824
Narrow klass base: 0x0000000800000000, Narrow klass shift: 3, Narrow klass range: 0x100000000

GC Precious Log:
 CPUs: 6 total, 6 available
 Memory: 7973M
 Large Page Support: Disabled
 NUMA Support: Disabled
 Compressed Oops: Enabled (32-bit)
 Heap Region Size: 1M
 Heap Min Capacity: 8M
 Heap Initial Capacity: 126M
 Heap Max Capacity: 1994M
 Pre-touch: Disabled
 Parallel Workers: 6
 Concurrent Workers: 2
 Concurrent Refinement Workers: 6
 Periodic GC: Disabled

Heap:
 garbage-first heap   total 14336K, used 3313K [0x0000000083600000, 0x0000000100000000)
  region size 1024K, 1 young (1024K), 0 survivors (0K)
 Metaspace       used 5670K, committed 5824K, reserved 1056768K
  class space    used 506K, committed 576K, reserved 1048576K

Heap Regions: E=young(eden), S=young(survivor), O=old, HS=humongous(starts), HC=humongous(continues), CS=collection set, F=free, OA=open archive, CA=closed archive, TAMS=top-at-mark-start (previous, next)
|   0|0x0000000083600000, 0x00000000836fffe0, 0x0000000083700000| 99%| O|  |TAMS 0x0000000083600000, 0x0000000083600000| Untracked 
|   1|0x0000000083700000, 0x00000000837fffc8, 0x0000000083800000| 99%| O|  |TAMS 0x0000000083700000, 0x0000000083700000| Untracked 
|   2|0x0000000083800000, 0x00000000838fffe8, 0x0000000083900000| 99%| O|  |TAMS 0x0000000083800000, 0x0000000083800000| Untracked 
|   3|0x0000000083900000, 0x000000008393c5a0, 0x0000000083a00000| 23%| O|  |TAMS 0x0000000083900000, 0x0000000083900000| Untracked 
|   4|0x0000000083a00000, 0x0000000083a00000, 0x0000000083b00000|  0%| F|  |TAMS 0x0000000083a00000, 0x0000000083a00000| Untracked 
|   5|0x0000000083b00000, 0x0000000083b00000, 0x0000000083c00000|  0%| F|  |TAMS 0x0000000083b00000, 0x0000000083b00000| Untracked 
|   6|0x0000000083c00000, 0x0000000083c00000, 0x0000000083d00000|  0%| F|  |TAMS 0x0000000083c00000, 0x0000000083c00000| Untracked 
|   7|0x0000000083d00000, 0x0000000083d00000, 0x0000000083e00000|  0%| F|  |TAMS 0x0000000083d00000, 0x0000000083d00000| Untracked 
|   8|0x0000000083e00000, 0x0000000083e00000, 0x0000000083f00000|  0%| F|  |TAMS 0x0000000083e00000, 0x0000000083e00000| Untracked 
|   9|0x0000000083f00000, 0x0000000083f00000, 0x0000000084000000|  0%| F|  |TAMS 0x0000000083f00000, 0x0000000083f00000| Untracked 
|  10|0x0000000084000000, 0x0000000084000000, 0x0000000084100000|  0%| F|  |TAMS 0x0000000084000000, 0x0000000084000000| Untracked 
|  11|0x0000000084100000, 0x0000000084100000, 0x0000000084200000|  0%| F|  |TAMS 0x0000000084100000, 0x0000000084100000| Untracked 
|  12|0x0000000084200000, 0x0000000084200000, 0x0000000084300000|  0%| F|  |TAMS 0x0000000084200000, 0x0000000084200000| Untracked 
|  13|0x0000000084300000, 0x00000000843051f0, 0x0000000084400000|  2%| E|  |TAMS 0x0000000084300000, 0x0000000084300000| Complete 

Card table byte_map: [0x0000025eb1a20000,0x0000025eb1e10000] _byte_map_base: 0x0000025eb1605000

Marking Bits (Prev, Next): (CMBitMap*) 0x0000025e9adf0570, (CMBitMap*) 0x0000025e9adf0530
 Prev Bits: [0x0000025eb4130000, 0x0000025eb6058000)
 Next Bits: [0x0000025eb2200000, 0x0000025eb4128000)

Polling page: 0x0000025e98d70000

Metaspace:

Usage:
  Non-class:      5.04 MB used.
      Class:    506.88 KB used.
       Both:      5.54 MB used.

Virtual space:
  Non-class space:        8.00 MB reserved,       5.12 MB ( 64%) committed,  1 nodes.
      Class space:        1.00 GB reserved,     576.00 KB ( <1%) committed,  1 nodes.
              Both:        1.01 GB reserved,       5.69 MB ( <1%) committed. 

Chunk freelists:
   Non-Class:  1.16 MB
       Class:  3.44 MB
        Both:  4.60 MB

MaxMetaspaceSize: 17179869184.00 GB
CompressedClassSpaceSize: 1.00 GB
 - commit_granule_bytes: 65536.
 - commit_granule_words: 8192.
 - virtual_space_node_default_size: 1048576.
 - enlarge_chunks_in_place: 1.
 - new_chunks_are_fully_committed: 0.
 - uncommit_free_chunks: 1.
 - use_allocation_guard: 0.
 - handle_deallocations: 1.


Internal statistics:

num_allocs_failed_limit: 0.
num_arena_births: 36.
num_arena_deaths: 0.
num_vsnodes_births: 2.
num_vsnodes_deaths: 0.
num_space_committed: 91.
num_space_uncommitted: 0.
num_chunks_returned_to_freelist: 0.
num_chunks_taken_from_freelist: 154.
num_chunk_merges: 0.
num_chunk_splits: 127.
num_chunks_enlarged: 111.
num_purges: 0.

CodeHeap 'non-profiled nmethods': size=120000Kb used=278Kb max_used=278Kb free=119721Kb
 bounds [0x0000025ea9ff0000, 0x0000025eaa260000, 0x0000025eb1520000]
CodeHeap 'profiled nmethods': size=120000Kb used=1192Kb max_used=1192Kb free=118807Kb
 bounds [0x0000025ea2ac0000, 0x0000025ea2d30000, 0x0000025ea9ff0000]
CodeHeap 'non-nmethods': size=5760Kb used=1163Kb max_used=1194Kb free=4596Kb
 bounds [0x0000025ea2520000, 0x0000025ea2790000, 0x0000025ea2ac0000]
 total_blobs=1239 nmethods=789 adapters=363
 compilation: enabled
              stopped_count=0, restarted_count=0
 full_count=0

Compilation events (20 events):
Event: 7.269 Thread 0x0000025eb884bb60  780       3       java.nio.ByteBuffer::arrayOffset (35 bytes)
Event: 7.269 Thread 0x0000025eb884bb60 nmethod 780 0x0000025ea2be2710 code [0x0000025ea2be28e0, 0x0000025ea2be2b58]
Event: 7.281 Thread 0x0000025eb884bb60  781       3       java.io.BufferedWriter::ensureOpen (18 bytes)
Event: 7.282 Thread 0x0000025eb884bb60 nmethod 781 0x0000025ea2be2c90 code [0x0000025ea2be2e40, 0x0000025ea2be3068]
Event: 7.282 Thread 0x0000025eb884bb60  782       3       java.nio.CharBuffer::arrayOffset (35 bytes)
Event: 7.282 Thread 0x0000025eb884bb60 nmethod 782 0x0000025ea2be3110 code [0x0000025ea2be32e0, 0x0000025ea2be3558]
Event: 7.284 Thread 0x0000025eb884bb60  783       3       java.lang.String::valueOf (15 bytes)
Event: 7.284 Thread 0x0000025eb884bb60 nmethod 783 0x0000025ea2be3690 code [0x0000025ea2be3840, 0x0000025ea2be3a48]
Event: 7.285 Thread 0x0000025eb884bb60  784       3       java.lang.String::getChars (54 bytes)
Event: 7.285 Thread 0x0000025eb884bb60 nmethod 784 0x0000025ea2be3b10 code [0x0000025ea2be3d20, 0x0000025ea2be4198]
Event: 7.285 Thread 0x0000025eb884bb60  785       3       java.lang.StringLatin1::getChars (12 bytes)
Event: 7.285 Thread 0x0000025eb884bb60 nmethod 785 0x0000025ea2be4390 code [0x0000025ea2be4540, 0x0000025ea2be4668]
Event: 7.295 Thread 0x0000025eb884bb60  786       3       sun.nio.cs.UTF_8$Encoder::encodeArrayLoop (489 bytes)
Event: 7.297 Thread 0x0000025eb884bb60 nmethod 786 0x0000025ea2be4710 code [0x0000025ea2be4d00, 0x0000025ea2be8068]
Event: 7.305 Thread 0x0000025eb884bb60  788   !   3       java.io.BufferedWriter::write (117 bytes)
Event: 7.305 Thread 0x0000025eb884bb60 nmethod 788 0x0000025ea2be9110 code [0x0000025ea2be9320, 0x0000025ea2be9908]
Event: 7.305 Thread 0x0000025eb884bb60  787       3       java.io.Writer::write (11 bytes)
Event: 7.305 Thread 0x0000025eb884bb60 nmethod 787 0x0000025ea2be9c90 code [0x0000025ea2be9e60, 0x0000025ea2bea148]
Event: 7.319 Thread 0x0000025eb882a950  789       4       java.lang.StringCoding::hasNegatives (25 bytes)
Event: 7.321 Thread 0x0000025eb882a950 nmethod 789 0x0000025eaa035590 code [0x0000025eaa035720, 0x0000025eaa035938]

GC Heap History (5 events):
Event: 7.113 GC heap before
{Heap before GC invocations=0 (full 0):
 garbage-first heap   total 129024K, used 17408K [0x0000000083600000, 0x0000000100000000)
  region size 1024K, 19 young (19456K), 0 survivors (0K)
 Metaspace       used 5532K, committed 5696K, reserved 1056768K
  class space    used 496K, committed 576K, reserved 1048576K
}
Event: 7.123 GC heap after
{Heap after GC invocations=1 (full 1):
 garbage-first heap   total 14336K, used 3407K [0x0000000083600000, 0x0000000100000000)
  region size 1024K, 0 young (0K), 0 survivors (0K)
 Metaspace       used 5532K, committed 5696K, reserved 1056768K
  class space    used 496K, committed 576K, reserved 1048576K
}
Event: 7.306 GC heap before
{Heap before GC invocations=1 (full 1):
 garbage-first heap   total 14336K, used 3407K [0x0000000083600000, 0x0000000100000000)
  region size 1024K, 1 young (1024K), 0 survivors (0K)
 Metaspace       used 5626K, committed 5824K, reserved 1056768K
  class space    used 501K, committed 576K, reserved 1048576K
}
Event: 7.315 GC heap after
{Heap after GC invocations=2 (full 2):
 garbage-first heap   total 14336K, used 3315K [0x0000000083600000, 0x0000000100000000)
  region size 1024K, 0 young (0K), 0 survivors (0K)
 Metaspace       used 5626K, committed 5824K, reserved 1056768K
  class space    used 501K, committed 576K, reserved 1048576K
}
Event: 7.321 GC heap before
{Heap before GC invocations=2 (full 2):
 garbage-first heap   total 14336K, used 3315K [0x0000000083600000, 0x0000000100000000)
  region size 1024K, 1 young (1024K), 0 survivors (0K)
 Metaspace       used 5670K, committed 5824K, reserved 1056768K
  class space    used 506K, committed 576K, reserved 1048576K
}

Deoptimization events (18 events):
Event: 0.072 Thread 0x0000025e9adaf310 Uncommon trap: trap_request=0xffffff45 fr.pc=0x0000025ea9ffddc4 relative=0x0000000000000324
Event: 0.072 Thread 0x0000025e9adaf310 Uncommon trap: reason=unstable_if action=reinterpret pc=0x0000025ea9ffddc4 method=java.util.zip.ZipCoder$UTF8ZipCoder.normalizedHash([BII)I @ 74 c2
Event: 0.072 Thread 0x0000025e9adaf310 DEOPT PACKING pc=0x0000025ea9ffddc4 sp=0x0000007b742fde10
Event: 0.072 Thread 0x0000025e9adaf310 DEOPT UNPACKING pc=0x0000025ea256d72e sp=0x0000007b742fdda0 mode 2
Event: 0.103 Thread 0x0000025e9adaf310 Uncommon trap: trap_request=0xffffff45 fr.pc=0x0000025eaa004884 relative=0x0000000000000064
Event: 0.103 Thread 0x0000025e9adaf310 Uncommon trap: reason=unstable_if action=reinterpret pc=0x0000025eaa004884 method=java.io.WinNTFileSystem.isSlash(C)Z @ 9 c2
Event: 0.103 Thread 0x0000025e9adaf310 DEOPT PACKING pc=0x0000025eaa004884 sp=0x0000007b742fc910
Event: 0.103 Thread 0x0000025e9adaf310 DEOPT UNPACKING pc=0x0000025ea256d72e sp=0x0000007b742fc898 mode 2
Event: 0.105 Thread 0x0000025e9adaf310 DEOPT PACKING pc=0x0000025ea2ac8be7 sp=0x0000007b742fbff0
Event: 0.105 Thread 0x0000025e9adaf310 DEOPT UNPACKING pc=0x0000025ea256dece sp=0x0000007b742fb410 mode 0
Event: 0.110 Thread 0x0000025e9adaf310 DEOPT PACKING pc=0x0000025ea2ac7b51 sp=0x0000007b742fc430
Event: 0.110 Thread 0x0000025e9adaf310 DEOPT UNPACKING pc=0x0000025ea256dece sp=0x0000007b742fb8a8 mode 0
Event: 7.125 Thread 0x0000025eb88082c0 Uncommon trap: trap_request=0xffffff45 fr.pc=0x0000025eaa034110 relative=0x00000000000000f0
Event: 7.125 Thread 0x0000025eb88082c0 Uncommon trap: reason=unstable_if action=reinterpret pc=0x0000025eaa034110 method=java.lang.ref.SoftReference.get()Ljava/lang/Object; @ 17 c2
Event: 7.125 Thread 0x0000025eb88082c0 DEOPT PACKING pc=0x0000025eaa034110 sp=0x0000007b74afdcd0
Event: 7.125 Thread 0x0000025eb88082c0 DEOPT UNPACKING pc=0x0000025ea256d72e sp=0x0000007b74afdc88 mode 2
Event: 7.319 Thread 0x0000025eb9d62080 DEOPT PACKING pc=0x0000025ea2af7956 sp=0x0000007b75efdbc0
Event: 7.319 Thread 0x0000025eb9d62080 DEOPT UNPACKING pc=0x0000025ea256dece sp=0x0000007b75efd048 mode 0

Classes unloaded (0 events):
No events

Classes redefined (0 events):
No events

Internal exceptions (6 events):
Event: 0.056 Thread 0x0000025e9adaf310 Exception <a 'sun/nio/fs/WindowsException'{0x000000008b22c770}> (0x000000008b22c770) 
thrown [t:\workspace\open\src\hotspot\share\prims\jni.cpp, line 579]
Event: 0.057 Thread 0x0000025e9adaf310 Exception <a 'sun/nio/fs/WindowsException'{0x000000008b22cd90}> (0x000000008b22cd90) 
thrown [t:\workspace\open\src\hotspot\share\prims\jni.cpp, line 579]
Event: 0.058 Thread 0x0000025e9adaf310 Exception <a 'sun/nio/fs/WindowsException'{0x000000008b22f600}> (0x000000008b22f600) 
thrown [t:\workspace\open\src\hotspot\share\prims\jni.cpp, line 579]
Event: 0.133 Thread 0x0000025e9adaf310 Exception <a 'java/lang/NoSuchMethodError'{0x000000008ae820f8}: 'void java.lang.invoke.DirectMethodHandle$Holder.invokeSpecial(java.lang.Object, java.lang.Object, java.lang.Object)'> (0x000000008ae820f8) 
thrown [t:\workspace\open\src\hotspot\share\interpreter\linkResolver.cpp, line 790]
Event: 0.135 Thread 0x0000025e9adaf310 Exception <a 'java/lang/NoSuchMethodError'{0x000000008ae92a60}: 'java.lang.Object java.lang.invoke.DirectMethodHandle$Holder.invokeStatic(java.lang.Object)'> (0x000000008ae92a60) 
thrown [t:\workspace\open\src\hotspot\share\interpreter\linkResolver.cpp, line 790]
Event: 7.321 Thread 0x0000025eb99cc6e0 Exception <a 'java/lang/InterruptedException'{0x0000000084306ba8}: sleep interrupted> (0x0000000084306ba8) 
thrown [t:\workspace\open\src\hotspot\share\prims\jvm.cpp, line 3305]

Events (20 events):
Event: 7.315 Thread 0x0000025ebb2929a0 Thread added: 0x0000025ebb2929a0
Event: 7.319 Thread 0x0000025ebb2929a0 Thread exited: 0x0000025ebb2929a0
Event: 7.319 loading class java/util/zip/ZipException
Event: 7.319 loading class java/util/zip/ZipException done
Event: 7.320 loading class java/util/concurrent/locks/ReadWriteLock
Event: 7.320 loading class java/util/concurrent/locks/ReadWriteLock done
Event: 7.320 loading class java/util/concurrent/locks/ReentrantReadWriteLock
Event: 7.320 loading class java/util/concurrent/locks/ReentrantReadWriteLock done
Event: 7.320 loading class java/util/concurrent/locks/ReentrantReadWriteLock$NonfairSync
Event: 7.320 loading class java/util/concurrent/locks/ReentrantReadWriteLock$Sync
Event: 7.320 loading class java/util/concurrent/locks/ReentrantReadWriteLock$Sync done
Event: 7.320 loading class java/util/concurrent/locks/ReentrantReadWriteLock$NonfairSync done
Event: 7.320 loading class java/util/concurrent/locks/ReentrantReadWriteLock$Sync$ThreadLocalHoldCounter
Event: 7.321 loading class java/util/concurrent/locks/ReentrantReadWriteLock$Sync$ThreadLocalHoldCounter done
Event: 7.321 loading class java/util/concurrent/locks/ReentrantReadWriteLock$ReadLock
Event: 7.321 loading class java/util/concurrent/locks/ReentrantReadWriteLock$ReadLock done
Event: 7.321 loading class java/util/concurrent/locks/ReentrantReadWriteLock$WriteLock
Event: 7.321 loading class java/util/concurrent/locks/ReentrantReadWriteLock$WriteLock done
Event: 7.321 Thread 0x0000025eb99cc6e0 Thread exited: 0x0000025eb99cc6e0
Event: 7.321 Executing  VM operation: G1CollectFull


Dynamic libraries:
0x00007ff7ad710000 - 0x00007ff7ad71e000 	C:\jdk-16.0.1\bin\java.exe
0x00007ffc32b30000 - 0x00007ffc32d25000 	C:\WINDOWS\SYSTEM32\ntdll.dll
0x00007ffc321b0000 - 0x00007ffc3226e000 	C:\WINDOWS\System32\KERNEL32.DLL
0x00007ffc306b0000 - 0x00007ffc30978000 	C:\WINDOWS\System32\KERNELBASE.dll
0x00007ffc309e0000 - 0x00007ffc30ae0000 	C:\WINDOWS\System32\ucrtbase.dll
0x00007ffc2b450000 - 0x00007ffc2b469000 	C:\jdk-16.0.1\bin\VCRUNTIME140.dll
0x00007ffc2b010000 - 0x00007ffc2b028000 	C:\jdk-16.0.1\bin\jli.dll
0x00007ffc30d70000 - 0x00007ffc30f11000 	C:\WINDOWS\System32\USER32.dll
0x00007ffc25030000 - 0x00007ffc252ca000 	C:\WINDOWS\WinSxS\amd64_microsoft.windows.common-controls_6595b64144ccf1df_6.0.19041.1110_none_60b5254171f9507e\COMCTL32.dll
0x00007ffc30450000 - 0x00007ffc30472000 	C:\WINDOWS\System32\win32u.dll
0x00007ffc30f20000 - 0x00007ffc30fbe000 	C:\WINDOWS\System32\msvcrt.dll
0x00007ffc31920000 - 0x00007ffc3194b000 	C:\WINDOWS\System32\GDI32.dll
0x00007ffc30570000 - 0x00007ffc3067d000 	C:\WINDOWS\System32\gdi32full.dll
0x00007ffc304d0000 - 0x00007ffc3056d000 	C:\WINDOWS\System32\msvcp_win.dll
0x00007ffc31530000 - 0x00007ffc31560000 	C:\WINDOWS\System32\IMM32.DLL
0x00007ffc2b6d0000 - 0x00007ffc2b6dc000 	C:\jdk-16.0.1\bin\vcruntime140_1.dll
0x00007ffc06370000 - 0x00007ffc06401000 	C:\jdk-16.0.1\bin\msvcp140.dll
0x00007ffbda5e0000 - 0x00007ffbdb18b000 	C:\jdk-16.0.1\bin\server\jvm.dll
0x00007ffc31870000 - 0x00007ffc3191e000 	C:\WINDOWS\System32\ADVAPI32.dll
0x00007ffc31770000 - 0x00007ffc3180c000 	C:\WINDOWS\System32\sechost.dll
0x00007ffc323d0000 - 0x00007ffc324f5000 	C:\WINDOWS\System32\RPCRT4.dll
0x00007ffc30fc0000 - 0x00007ffc30fc8000 	C:\WINDOWS\System32\PSAPI.DLL
0x00007ffc2cb00000 - 0x00007ffc2cb09000 	C:\WINDOWS\SYSTEM32\WSOCK32.dll
0x00007ffc26110000 - 0x00007ffc26137000 	C:\WINDOWS\SYSTEM32\WINMM.dll
0x00007ffc2b110000 - 0x00007ffc2b11a000 	C:\WINDOWS\SYSTEM32\VERSION.dll
0x00007ffc32360000 - 0x00007ffc323cb000 	C:\WINDOWS\System32\WS2_32.dll
0x00007ffc2e150000 - 0x00007ffc2e162000 	C:\WINDOWS\SYSTEM32\kernel.appcore.dll
0x00007ffc2b440000 - 0x00007ffc2b44a000 	C:\jdk-16.0.1\bin\jimage.dll
0x00007ffc23cf0000 - 0x00007ffc23ed4000 	C:\WINDOWS\SYSTEM32\DBGHELP.DLL
0x00007ffc23830000 - 0x00007ffc2385c000 	C:\WINDOWS\SYSTEM32\dbgcore.DLL
0x00007ffc30ae0000 - 0x00007ffc30b62000 	C:\WINDOWS\System32\bcryptPrimitives.dll
0x00007ffc244d0000 - 0x00007ffc244f5000 	C:\jdk-16.0.1\bin\java.dll
0x00007ffc31a60000 - 0x00007ffc321a4000 	C:\WINDOWS\System32\SHELL32.dll
0x00007ffc2e350000 - 0x00007ffc2eae5000 	C:\WINDOWS\SYSTEM32\windows.storage.dll
0x00007ffc326b0000 - 0x00007ffc32a05000 	C:\WINDOWS\System32\combase.dll
0x00007ffc2fbc0000 - 0x00007ffc2fbee000 	C:\WINDOWS\SYSTEM32\Wldp.dll
0x00007ffc30b70000 - 0x00007ffc30c1d000 	C:\WINDOWS\System32\SHCORE.dll
0x00007ffc32280000 - 0x00007ffc322d5000 	C:\WINDOWS\System32\shlwapi.dll
0x00007ffc30180000 - 0x00007ffc3019f000 	C:\WINDOWS\SYSTEM32\profapi.dll
0x00007ffc24530000 - 0x00007ffc24549000 	C:\jdk-16.0.1\bin\net.dll
0x00007ffc29340000 - 0x00007ffc2944c000 	C:\WINDOWS\SYSTEM32\WINHTTP.dll
0x00007ffc2f920000 - 0x00007ffc2f98a000 	C:\WINDOWS\system32\mswsock.dll
0x00007ffc244b0000 - 0x00007ffc244c3000 	C:\jdk-16.0.1\bin\nio.dll
0x00007ffc0fc50000 - 0x00007ffc0fc68000 	C:\jdk-16.0.1\bin\zip.dll
0x00007ffc2afa0000 - 0x00007ffc2afb0000 	C:\jdk-16.0.1\bin\verify.dll
0x0000000073fa0000 - 0x000000007427e000 	C:\Users\dam_aap\AppData\Local\Temp\QtJambi_dam_aap_amd64_4.8.7_msvc2013x64-20150908-1314\lib\QtCore4.dll
0x00007ffc30c20000 - 0x00007ffc30d4a000 	C:\WINDOWS\System32\ole32.dll
0x00007ffbe4b10000 - 0x00007ffbe4bb6000 	C:\WINDOWS\SYSTEM32\MSVCP120.dll
0x00007ffbe4a20000 - 0x00007ffbe4b0f000 	C:\WINDOWS\SYSTEM32\MSVCR120.dll
0x00007ffc0fc70000 - 0x00007ffc0fcb0000 	C:\Users\dam_aap\AppData\Local\Temp\QtJambi_dam_aap_amd64_4.8.7_msvc2013x64-20150908-1314\lib\qtjambi.dll
0x00007ffbe48f0000 - 0x00007ffbe4a1f000 	C:\Users\dam_aap\AppData\Local\Temp\QtJambi_dam_aap_amd64_4.8.7_msvc2013x64-20150908-1314\lib\com_trolltech_qt_core.dll
0x0000000073630000 - 0x0000000073f9e000 	C:\Users\dam_aap\AppData\Local\Temp\QtJambi_dam_aap_amd64_4.8.7_msvc2013x64-20150908-1314\lib\QtGui4.dll
0x00007ffc32a10000 - 0x00007ffc32aea000 	C:\WINDOWS\System32\COMDLG32.dll
0x00007ffc31450000 - 0x00007ffc3151d000 	C:\WINDOWS\System32\OLEAUT32.dll
0x00007ffbfc5b0000 - 0x00007ffbfc645000 	C:\WINDOWS\SYSTEM32\WINSPOOL.DRV
0x00007ffbe1710000 - 0x00007ffbe1e3f000 	C:\Users\dam_aap\AppData\Local\Temp\QtJambi_dam_aap_amd64_4.8.7_msvc2013x64-20150908-1314\lib\com_trolltech_qt_gui.dll
0x00007ffc2dc70000 - 0x00007ffc2dd0e000 	C:\WINDOWS\system32\uxtheme.dll
0x00007ffc31650000 - 0x00007ffc31765000 	C:\WINDOWS\System32\MSCTF.dll
0x00007ffc2cbf0000 - 0x00007ffc2cbfd000 	C:\Users\dam_aap\AppData\Local\Temp\QtJambi_dam_aap_amd64_4.8.7_msvc2013x64-20150908-1314\plugins\imageformats\qgif4.dll
0x00007ffc2ac10000 - 0x00007ffc2ac1e000 	C:\Users\dam_aap\AppData\Local\Temp\QtJambi_dam_aap_amd64_4.8.7_msvc2013x64-20150908-1314\plugins\imageformats\qico4.dll
0x00007ffc0fbc0000 - 0x00007ffc0fbfd000 	C:\Users\dam_aap\AppData\Local\Temp\QtJambi_dam_aap_amd64_4.8.7_msvc2013x64-20150908-1314\plugins\imageformats\qjpeg4.dll
0x00007ffc064e0000 - 0x00007ffc06529000 	C:\Users\dam_aap\AppData\Local\Temp\QtJambi_dam_aap_amd64_4.8.7_msvc2013x64-20150908-1314\plugins\imageformats\qmng4.dll
0x00007ffc05750000 - 0x00007ffc057ab000 	C:\Users\dam_aap\AppData\Local\Temp\QtJambi_dam_aap_amd64_4.8.7_msvc2013x64-20150908-1314\plugins\imageformats\qtiff4.dll
0x00007ffc295b0000 - 0x00007ffc296a9000 	C:\WINDOWS\SYSTEM32\textinputframework.dll
0x00007ffc2d2d0000 - 0x00007ffc2d62e000 	C:\WINDOWS\System32\CoreUIComponents.dll
0x00007ffc2d630000 - 0x00007ffc2d722000 	C:\WINDOWS\System32\CoreMessaging.dll
0x00007ffc2eec0000 - 0x00007ffc2eef3000 	C:\WINDOWS\SYSTEM32\ntmarta.dll
0x00007ffc2cc00000 - 0x00007ffc2cd54000 	C:\WINDOWS\SYSTEM32\wintypes.dll
0x00007ffc06a50000 - 0x00007ffc06b00000 	C:\WINDOWS\WinSxS\amd64_microsoft.windows.common-controls_6595b64144ccf1df_5.82.19041.1110_none_792d1c772443f647\comctl32.dll
0x00007ffc31950000 - 0x00007ffc319f9000 	C:\WINDOWS\System32\clbcatq.dll
0x00007ffc175e0000 - 0x00007ffc1761b000 	C:\WINDOWS\SYSTEM32\dxcore.dll
0x00007ffc30480000 - 0x00007ffc304ce000 	C:\WINDOWS\System32\cfgmgr32.dll

dbghelp: loaded successfully - version: 4.0.5 - missing functions: none
symbol engine: initialized successfully - sym options: 0x614 - pdb path: .;C:\jdk-16.0.1\bin;C:\WINDOWS\SYSTEM32;C:\WINDOWS\WinSxS\amd64_microsoft.windows.common-controls_6595b64144ccf1df_6.0.19041.1110_none_60b5254171f9507e;C:\jdk-16.0.1\bin\server;C:\Users\dam_aap\AppData\Local\Temp\QtJambi_dam_aap_amd64_4.8.7_msvc2013x64-20150908-1314\lib;C:\Users\dam_aap\AppData\Local\Temp\QtJambi_dam_aap_amd64_4.8.7_msvc2013x64-20150908-1314\plugins\imageformats;C:\WINDOWS\WinSxS\amd64_microsoft.windows.common-controls_6595b64144ccf1df_5.82.19041.1110_none_792d1c772443f647

VM Arguments:
jvm_args: -Dfile.encoding=UTF-8 --module-path=C:\Users\dam_aap\Desktop\ProyectoConjunto\gym\Gimansio3.0\Gimnasio1.0\Interfaz\NetBeans\GymDam\build\classes 
java_command: gymdam.GymDam
java_class_path (initial): D:\qtjambi-community-4.8.7-win64-msvc2013\qtjambi-4.8.7.jar;D:\qtjambi-community-4.8.7-win64-msvc2013\qtjambi-designer-4.8.7.jar;D:\qtjambi-community-4.8.7-win64-msvc2013\qtjambi-examples-4.8.7.jar;D:\qtjambi-community-4.8.7-win64-msvc2013\qtjambi-examples-src.jar;D:\qtjambi-community-4.8.7-win64-msvc2013\qtjambi-native-win64-msvc2013x64-4.8.7.jar;D:\qtjambi-community-4.8.7-win64-msvc2013\qtjambi-src.jar;C:\Users\dam_aap\Desktop\json\json-20211205.jar;C:\Users\dam_aap\AppData\Roaming\NetBeans\12.4\modules\ext\commons-collections-3.2.1.jar;C:\Users\dam_aap\AppData\Roaming\NetBeans\12.4\modules\ext\commons-logging-1.1.jar;C:\Users\dam_aap\AppData\Roaming\NetBeans\12.4\modules\ext\jaxen-1.1.1.jar;C:\Users\dam_aap\AppData\Roaming\NetBeans\12.4\modules\ext\jcommon-1.0.15.jar;C:\Users\dam_aap\AppData\Roaming\NetBeans\12.4\modules\ext\jfreechart-1.0.12.jar;C:\Users\dam_aap\AppData\Roaming\NetBeans\12.4\modules\ext\jpa.jar;C:\Users\dam_aap\AppData\Roaming\NetBeans\12.4\modules\ext\png-encoder-1.5.jar;C:\Users\dam_aap\AppData\Roaming\NetBeans\12.4\libs\xalan.jar;C:\Users\dam_aap\AppData\Roaming\NetBeans\12.4\modules\ext\xml-apis.jar;C:\Users\dam_aap\AppData\Roaming\NetBeans\12.4\modules\ext\batik-anim.jar;C:\Users\dam_aap\AppData\Roaming\NetBeans\12.4\modules\ext\batik-awt-util.jar;C:\Users\dam_aap\AppData\Roaming\NetBeans\12.4\modules\ext\batik-bridge.jar;C:\Users\dam_aap\AppData\Roaming\NetBeans\12.4\modules\ext\batik-css.jar;C:\Users\dam_aap\AppData\Roaming\NetBeans\12.4\modules\ext\batik-dom.jar;C:\Users\dam_aap\AppData\Roaming\NetBeans\12.4\modules\ext\batik-ext.jar;C:\Users\dam_aap\AppData\Roaming\NetBeans\12.4\modules\ext\batik-gvt.jar;C:\Users\dam_aap\AppData\Roaming\NetBeans\12.4\modules\ext\batik-parser.jar;C:\Users\dam_aap\AppData\Roaming\NetBeans\12.4\modules\ext\batik-script.jar;C:\Users\dam_aap\AppData\Roaming\NetBeans\12.4\modules\ext\batik-svg-dom.jar;C:\Users\dam_aap\AppData\Roaming\NetBeans\12.4\modules\ext\batik-svggen.jar;C:\U
Launcher Type: SUN_STANDARD

[Global flags]
     intx CICompilerCount                          = 3                                         {product} {ergonomic}
     uint ConcGCThreads                            = 2                                         {product} {ergonomic}
     uint G1ConcRefinementThreads                  = 6                                         {product} {ergonomic}
   size_t G1HeapRegionSize                         = 1048576                                   {product} {ergonomic}
    uintx GCDrainStackTargetSize                   = 64                                        {product} {ergonomic}
   size_t InitialHeapSize                          = 132120576                                 {product} {ergonomic}
   size_t MarkStackSize                            = 4194304                                   {product} {ergonomic}
   size_t MaxHeapSize                              = 2090860544                                {product} {ergonomic}
   size_t MaxNewSize                               = 1254096896                                {product} {ergonomic}
   size_t MinHeapDeltaBytes                        = 1048576                                   {product} {ergonomic}
   size_t MinHeapSize                              = 8388608                                   {product} {ergonomic}
    uintx NonNMethodCodeHeapSize                   = 5832780                                {pd product} {ergonomic}
    uintx NonProfiledCodeHeapSize                  = 122912730                              {pd product} {ergonomic}
    uintx ProfiledCodeHeapSize                     = 122912730                              {pd product} {ergonomic}
    uintx ReservedCodeCacheSize                    = 251658240                              {pd product} {ergonomic}
     bool SegmentedCodeCache                       = true                                      {product} {ergonomic}
   size_t SoftMaxHeapSize                          = 2090860544                             {manageable} {ergonomic}
     bool UseCompressedClassPointers               = true                           {product lp64_product} {ergonomic}
     bool UseCompressedOops                        = true                           {product lp64_product} {ergonomic}
     bool UseG1GC                                  = true                                      {product} {ergonomic}
     bool UseLargePagesIndividualAllocation        = false                                  {pd product} {ergonomic}

Logging:
Log output configuration:
 #0: stdout all=warning uptime,level,tags
 #1: stderr all=off uptime,level,tags

Environment Variables:
JAVA_HOME=c:\jdk-16.0.1
PATH=C:\Program Files (x86)\VMware\VMware Player\bin\;C:\jdk-16.0.1\bin;C:\WINDOWS\system32;C:\WINDOWS;C:\WINDOWS\System32\Wbem;C:\WINDOWS\System32\WindowsPowerShell\v1.0\;C:\WINDOWS\System32\OpenSSH\;C:\Program Files\PowerShell\7\;C:\Program Files\Microsoft SQL Server\Client SDK\ODBC\170\Tools\Binn\;C:\Program Files (x86)\Microsoft SQL Server\150\Tools\Binn\;C:\Program Files\Microsoft SQL Server\150\Tools\Binn\;C:\Program Files\Microsoft SQL Server\150\DTS\Binn\;C:\Program Files\Azure Data Studio\bin;C:\Program Files\dotnet\;C:\ProgramData\chocolatey\bin;C:\flutter\bin;C:\Users\dam_aap\AppData\Local\Microsoft\WindowsApps;D:\Microsoft VS Code\bin;C:\Users\dam_aap\AppData\Local\Programs\Git\cmd
USERNAME=dam_aap
OS=Windows_NT
PROCESSOR_IDENTIFIER=Intel64 Family 6 Model 158 Stepping 10, GenuineIntel



---------------  S Y S T E M  ---------------

OS:
 Windows 10 , 64 bit Build 19041 (10.0.19041.1466)
OS uptime: 0 days 3:59 hours

CPU: total 6 (initial active 6) (6 cores per cpu, 1 threads per core) family 6 model 158 stepping 10 microcode 0xb4, cx8, cmov, fxsr, mmx, 3dnowpref, sse, sse2, sse3, ssse3, sse4.1, sse4.2, popcnt, lzcnt, tsc, tscinvbit, avx, avx2, aes, erms, clmul, bmi1, bmi2, rtm, adx, fma, vzeroupper, clflush, clflushopt

Memory: 4k page, system-wide physical 7973M (467M free)
TotalPageFile size 14885M (AvailPageFile size 7493M)
current process WorkingSet (physical memory assigned to process): 67M, peak: 92M
current process commit charge ("private bytes"): 109M, peak: 238M

vm_info: OpenJDK 64-Bit Server VM (16.0.1+9-24) for windows-amd64 JRE (16.0.1+9-24), built on Mar 26 2021 19:30:07 by "mach5one" with MS VC++ 16.7 (VS2019)

END.
