#
# A fatal error has been detected by the Java Runtime Environment:
#
#  EXCEPTION_ACCESS_VIOLATION (0xc0000005) at pc=0x000000006ec82cbd, pid=9952, tid=7748
#
# JRE version: OpenJDK Runtime Environment (16.0.1+9) (build 16.0.1+9-24)
# Java VM: OpenJDK 64-Bit Server VM (16.0.1+9-24, mixed mode, sharing, tiered, compressed oops, compressed class ptrs, g1 gc, windows-amd64)
# Problematic frame:
# C  [QtGui4.dll+0x62cbd]
#
# No core dump will be written. Minidumps are not enabled by default on client versions of Windows
#
# If you would like to submit a bug report, please visit:
#   https://bugreport.java.com/bugreport/crash.jsp
# The crash happened outside the Java Virtual Machine in native code.
# See problematic frame for where to report the bug.
#

---------------  S U M M A R Y ------------

Command Line: -Dfile.encoding=UTF-8 --module-path=C:\Users\dam_aap\Desktop\ProyectoConjunto\gym\Gimansio3.0\Gimnasio1.0\Interfaz\NetBeans\GymDam\build\classes gymdam.GymDam

Host: Intel(R) Core(TM) i5-9500 CPU @ 3.00GHz, 6 cores, 7G,  Windows 10 , 64 bit Build 19041 (10.0.19041.1466)
Time: Wed Feb 16 10:20:30 2022 Hora estándar romance elapsed time: 13.006916 seconds (0d 0h 0m 13s)

---------------  T H R E A D  ---------------

Current thread (0x000001b2b5c498e0):  JavaThread "Unknown thread" [_thread_in_native, id=7748, stack(0x00000081f2f00000,0x00000081f3000000)]

Stack: [0x00000081f2f00000,0x00000081f3000000],  sp=0x00000081f2ffee20,  free space=1019k
Native frames: (J=compiled Java code, j=interpreted, Vv=VM code, C=native code)
C  [QtGui4.dll+0x62cbd]

Java frames: (J=compiled Java code, j=interpreted, Vv=VM code)
J 645  com.trolltech.qt.internal.QtJambiObject.finalize()V (0 bytes) @ 0x000001b2a7452eeb [0x000001b2a7452ea0+0x000000000000004b]
J 640 c1 java.lang.ref.Finalizer.runFinalizer(Ljdk/internal/access/JavaLangAccess;)V java.base@16.0.1 (131 bytes) @ 0x000001b29ffcf524 [0x000001b29ffceec0+0x0000000000000664]
j  java.lang.ref.Finalizer$FinalizerThread.run()V+46 java.base@16.0.1
v  ~StubRoutines::call_stub

siginfo: EXCEPTION_ACCESS_VIOLATION (0xc0000005), reading address 0x0000000000000008


Register to memory mapping:

RIP=0x000000006ec82cbd QtGui4.dll
RAX=0x0 is NULL
RBX=0x00000000ffffffff is an unallocated location in the heap
RCX=0x000001b2b6e76020 points into unknown readable memory: 0x0000000000000001 | 01 00 00 00 00 00 00 00
RDX=0x0000000000000001 is an unknown value
RSP=0x00000081f2ffee20 is pointing into the stack for thread: 0x000001b2b5c498e0
RBP=0x0 is NULL
RSI=0x000001b2b6f13b90 points into unknown readable memory: 0x000000006f273148 | 48 31 27 6f 00 00 00 00
RDI=0x000001b2b6f13b90 points into unknown readable memory: 0x000000006f273148 | 48 31 27 6f 00 00 00 00
R8 =0x0000000000000641 is an unknown value
R9 =0x0000000000000040 is an unknown value
R10=0x0000000000000640 is an unknown value
R11=0x0200a1d1a0220d53 is an unknown value
R12=0x000001b2b6f13aa0 points into unknown readable memory: 0x000000006f21fe58 | 58 fe 21 6f 00 00 00 00
R13=0x000001b2b6de39e0 points into unknown readable memory: 0x000000006f2891f0 | f0 91 28 6f 00 00 00 00
R14=0x0 is NULL
R15=0x0 is NULL


Registers:
RAX=0x0000000000000000, RBX=0x00000000ffffffff, RCX=0x000001b2b6e76020, RDX=0x0000000000000001
RSP=0x00000081f2ffee20, RBP=0x0000000000000000, RSI=0x000001b2b6f13b90, RDI=0x000001b2b6f13b90
R8 =0x0000000000000641, R9 =0x0000000000000040, R10=0x0000000000000640, R11=0x0200a1d1a0220d53
R12=0x000001b2b6f13aa0, R13=0x000001b2b6de39e0, R14=0x0000000000000000, R15=0x0000000000000000
RIP=0x000000006ec82cbd, EFLAGS=0x0000000000010206

Top of Stack: (sp=0x00000081f2ffee20)
0x00000081f2ffee20:   000001b2b6e76020 00000000ffffffff
0x00000081f2ffee30:   0000000000000000 00007ffd274469d8
0x00000081f2ffee40:   000001b200000000 0000000000000000
0x00000081f2ffee50:   fffffffffffffffe 000001b2b5c498e0
0x00000081f2ffee60:   0000000000000000 000000006ef9b1ce
0x00000081f2ffee70:   000001b2b6f00640 0000000000000001
0x00000081f2ffee80:   000001b2b6e76020 000001b2b5c49e10
0x00000081f2ffee90:   0000000000000001 000000006ef9aa44
0x00000081f2ffeea0:   000001b2b6f13b90 0000000000000000
0x00000081f2ffeeb0:   000001b2b6c87580 000001b2b5c49b00
0x00000081f2ffeec0:   fffffffffffffffe 000000006edfcd63
0x00000081f2ffeed0:   000001b2b6f13b90 00007ffd0c8c29a5
0x00000081f2ffeee0:   000001b2b6f13b90 000001b2b5c49b00
0x00000081f2ffeef0:   000001b2b6f0adb0 000000006edfca74
0x00000081f2ffef00:   fffffffffffffffe 000000006f526298
0x00000081f2ffef10:   000001b2b6de39e0 000000006f6aab73 

Instructions: (pc=0x000000006ec82cbd)
0x000000006ec82bbd:   8b 0e 48 3b cb 74 1b ff 15 66 9b 58 00 84 c0 75
0x000000006ec82bcd:   0e ba 08 00 00 00 48 8b 0e ff 15 c4 9d 58 00 48
0x000000006ec82bdd:   89 1e 48 83 c4 38 41 5e 5f 5e 5b c3 cc cc cc cc
0x000000006ec82bed:   cc cc cc 40 57 48 83 ec 20 48 8b 41 f8 48 8b fa
0x000000006ec82bfd:   48 3b 90 40 01 00 00 74 6c 48 8b 41 f8 48 89 5c
0x000000006ec82c0d:   24 30 48 8d 59 f0 f7 80 c8 01 00 00 00 00 00 10
0x000000006ec82c1d:   74 0c 48 8b 43 20 48 8b 08 48 85 c9 75 22 41 b0
0x000000006ec82c2d:   01 ba 64 00 00 00 48 8b cb e8 95 2c 00 00 48 8b
0x000000006ec82c3d:   4b 08 33 d2 e8 fa 7b ff ff 48 8b 43 20 48 8b 08
0x000000006ec82c4d:   48 8b d7 ff 15 12 cf 58 00 48 8b 5c 24 30 85 c0
0x000000006ec82c5d:   75 13 48 8d 0d 52 db 59 00 48 83 c4 20 5f 48 ff
0x000000006ec82c6d:   25 fe a6 58 00 48 83 c4 20 5f c3 cc cc cc cc cc
0x000000006ec82c7d:   cc cc cc 85 d2 74 68 57 48 83 ec 40 48 c7 44 24
0x000000006ec82c8d:   30 fe ff ff ff 48 89 5c 24 50 8b da 48 8b f9 c7
0x000000006ec82c9d:   44 24 20 00 00 00 00 45 33 c9 45 33 c0 33 d2 48
0x000000006ec82cad:   8d 4c 24 60 e8 ba ba fd ff 90 ff 15 bb 9b 58 00
0x000000006ec82cbd:   48 8b 48 08 48 81 c1 28 01 00 00 4c 8d 4c 24 60
0x000000006ec82ccd:   4c 8b c7 8b d3 e8 f9 8c fe ff 90 48 8d 4c 24 60
0x000000006ec82cdd:   e8 ee e2 fc ff 48 8b 5c 24 50 48 83 c4 40 5f c3
0x000000006ec82ced:   cc cc cc 48 89 5c 24 10 48 89 6c 24 18 48 89 74
0x000000006ec82cfd:   24 20 57 48 81 ec 90 00 00 00 48 8b 05 62 4e 8a
0x000000006ec82d0d:   00 48 33 c4 48 89 84 24 80 00 00 00 48 8b f1 48
0x000000006ec82d1d:   8b 09 48 8b fa 48 83 c1 68 ba 01 00 00 00 ff 15
0x000000006ec82d2d:   ef 99 58 00 84 c0 74 08 48 8b ce e8 f3 7b fa ff
0x000000006ec82d3d:   48 8b 0e 48 8b d1 48 8b d9 4c 63 49 6c 8b 69 70
0x000000006ec82d4d:   4d 85 c9 78 42 48 8d 44 24 20 41 ba 08 00 00 00
0x000000006ec82d5d:   4c 2b d0 4a 8b 5c ca 08 48 3b d9 74 20 44 8b 07
0x000000006ec82d6d:   0f 1f 00 44 39 43 f8 7d 14 4b 8d 04 ca 48 8b d3
0x000000006ec82d7d:   48 03 c3 48 8b 5c 04 20 48 3b d9 75 e6 4a 89 54
0x000000006ec82d8d:   cc 20 49 ff c9 79 cc 48 3b d9 74 3d 8b 43 f8 39
0x000000006ec82d9d:   07 7c 36 48 8b 0e 4c 8b cb 48 8b 5b 08 48 3b d9
0x000000006ec82dad:   74 0e 8b 43 f8 41 39 41 f8 7c 05 40 b7 01 eb 03 


Stack slot to memory mapping:
stack at sp + 0 slots: 0x000001b2b6e76020 points into unknown readable memory: 0x0000000000000001 | 01 00 00 00 00 00 00 00
stack at sp + 1 slots: 0x00000000ffffffff is an unallocated location in the heap
stack at sp + 2 slots: 0x0 is NULL
stack at sp + 3 slots: 0x00007ffd274469d8 MSVCR120.dll
stack at sp + 4 slots: 0x000001b200000000 is an unknown value
stack at sp + 5 slots: 0x0 is NULL
stack at sp + 6 slots: 0xfffffffffffffffe is an unknown value
stack at sp + 7 slots: 0x000001b2b5c498e0 is a thread


---------------  P R O C E S S  ---------------

Threads class SMR info:
_java_thread_list=0x000001b2b6ed3d30, length=13, elements={
0x000001b2b5c48b10, 0x000001b2b5c498e0, 0x000001b2b5c54b80, 0x000001b2b5c574a0,
0x000001b2b5c57db0, 0x000001b2b5c596d0, 0x000001b2b5c5a310, 0x000001b2b5c5b120,
0x000001b2b5c5f6a0, 0x000001b2b5c25390, 0x000001b2b68d93e0, 0x000001b2b701da10,
0x000001b2981dc460
}

Java Threads: ( => current thread )
  0x000001b2b5c48b10 JavaThread "Reference Handler" daemon [_thread_blocked, id=11116, stack(0x00000081f2e00000,0x00000081f2f00000)]
=>0x000001b2b5c498e0 JavaThread "Finalizer" daemon [_thread_in_native, id=7748, stack(0x00000081f2f00000,0x00000081f3000000)]
  0x000001b2b5c54b80 JavaThread "Signal Dispatcher" daemon [_thread_blocked, id=724, stack(0x00000081f3000000,0x00000081f3100000)]
  0x000001b2b5c574a0 JavaThread "Attach Listener" daemon [_thread_blocked, id=1964, stack(0x00000081f3100000,0x00000081f3200000)]
  0x000001b2b5c57db0 JavaThread "Service Thread" daemon [_thread_blocked, id=11108, stack(0x00000081f3200000,0x00000081f3300000)]
  0x000001b2b5c596d0 JavaThread "Monitor Deflation Thread" daemon [_thread_blocked, id=5800, stack(0x00000081f3300000,0x00000081f3400000)]
  0x000001b2b5c5a310 JavaThread "C2 CompilerThread0" daemon [_thread_blocked, id=2956, stack(0x00000081f3400000,0x00000081f3500000)]
  0x000001b2b5c5b120 JavaThread "C1 CompilerThread0" daemon [_thread_blocked, id=7224, stack(0x00000081f3500000,0x00000081f3600000)]
  0x000001b2b5c5f6a0 JavaThread "Sweeper thread" daemon [_thread_blocked, id=7440, stack(0x00000081f3600000,0x00000081f3700000)]
  0x000001b2b5c25390 JavaThread "Common-Cleaner" daemon [_thread_blocked, id=1236, stack(0x00000081f3700000,0x00000081f3800000)]
  0x000001b2b68d93e0 JavaThread "Notification Thread" daemon [_thread_blocked, id=2496, stack(0x00000081f3800000,0x00000081f3900000)]
  0x000001b2b701da10 JavaThread "Thread-2" daemon [_thread_in_native, id=3224, stack(0x00000081f4400000,0x00000081f4500000)]
  0x000001b2981dc460 JavaThread "DestroyJavaVM" [_thread_blocked, id=6816, stack(0x00000081f2700000,0x00000081f2800000)]

Other Threads:
  0x000001b2b5c42f00 VMThread "VM Thread" [stack: 0x00000081f2d00000,0x00000081f2e00000] [id=10004]
  0x000001b2981dd3f0 WatcherThread [stack: 0x00000081f3900000,0x00000081f3a00000] [id=5604]
  0x000001b29821ae20 GCTaskThread "GC Thread#0" [stack: 0x00000081f2800000,0x00000081f2900000] [id=8492]
  0x000001b2b7020590 GCTaskThread "GC Thread#1" [stack: 0x00000081f3e00000,0x00000081f3f00000] [id=2944]
  0x000001b2b70208a0 GCTaskThread "GC Thread#2" [stack: 0x00000081f3f00000,0x00000081f4000000] [id=560]
  0x000001b2b701f3d0 GCTaskThread "GC Thread#3" [stack: 0x00000081f4000000,0x00000081f4100000] [id=8676]
  0x000001b2b715c4f0 GCTaskThread "GC Thread#4" [stack: 0x00000081f4100000,0x00000081f4200000] [id=7924]
  0x000001b2b70495e0 GCTaskThread "GC Thread#5" [stack: 0x00000081f4200000,0x00000081f4300000] [id=10896]
  0x000001b29822b7b0 ConcurrentGCThread "G1 Main Marker" [stack: 0x00000081f2900000,0x00000081f2a00000] [id=4884]
  0x000001b29822c1b0 ConcurrentGCThread "G1 Conc#0" [stack: 0x00000081f2a00000,0x00000081f2b00000] [id=7908]
  0x000001b2982b03f0 ConcurrentGCThread "G1 Refine#0" [stack: 0x00000081f2b00000,0x00000081f2c00000] [id=4228]
  0x000001b2982b0e00 ConcurrentGCThread "G1 Service" [stack: 0x00000081f2c00000,0x00000081f2d00000] [id=7020]

Threads with active compile tasks:

VM state: not at safepoint (normal execution)

VM Mutex/Monitor currently owned by a thread: None

Heap address: 0x0000000083600000, size: 1994 MB, Compressed Oops mode: 32-bit

CDS archive(s) mapped at: [0x0000000800000000-0x0000000800bb0000-0x0000000800bb0000), size 12255232, SharedBaseAddress: 0x0000000800000000, ArchiveRelocationMode: 0.
Compressed class space mapped at: 0x0000000800c00000-0x0000000840c00000, reserved size: 1073741824
Narrow klass base: 0x0000000800000000, Narrow klass shift: 3, Narrow klass range: 0x100000000

GC Precious Log:
 CPUs: 6 total, 6 available
 Memory: 7973M
 Large Page Support: Disabled
 NUMA Support: Disabled
 Compressed Oops: Enabled (32-bit)
 Heap Region Size: 1M
 Heap Min Capacity: 8M
 Heap Initial Capacity: 126M
 Heap Max Capacity: 1994M
 Pre-touch: Disabled
 Parallel Workers: 6
 Concurrent Workers: 2
 Concurrent Refinement Workers: 6
 Periodic GC: Disabled

Heap:
 garbage-first heap   total 8192K, used 1863K [0x0000000083600000, 0x0000000100000000)
  region size 1024K, 1 young (1024K), 0 survivors (0K)
 Metaspace       used 5057K, committed 5248K, reserved 1056768K
  class space    used 447K, committed 512K, reserved 1048576K

Heap Regions: E=young(eden), S=young(survivor), O=old, HS=humongous(starts), HC=humongous(continues), CS=collection set, F=free, OA=open archive, CA=closed archive, TAMS=top-at-mark-start (previous, next)
|   0|0x0000000083600000, 0x00000000836fc0f0, 0x0000000083700000| 98%| O|  |TAMS 0x0000000083600000, 0x0000000083600000| Untracked 
|   1|0x0000000083700000, 0x00000000837d5d70, 0x0000000083800000| 83%| O|  |TAMS 0x0000000083700000, 0x0000000083700000| Untracked 
|   2|0x0000000083800000, 0x0000000083800000, 0x0000000083900000|  0%| F|  |TAMS 0x0000000083800000, 0x0000000083800000| Untracked 
|   3|0x0000000083900000, 0x0000000083900000, 0x0000000083a00000|  0%| F|  |TAMS 0x0000000083900000, 0x0000000083900000| Untracked 
|   4|0x0000000083a00000, 0x0000000083a00000, 0x0000000083b00000|  0%| F|  |TAMS 0x0000000083a00000, 0x0000000083a00000| Untracked 
|   5|0x0000000083b00000, 0x0000000083b00000, 0x0000000083c00000|  0%| F|  |TAMS 0x0000000083b00000, 0x0000000083b00000| Untracked 
|   6|0x0000000083c00000, 0x0000000083c00000, 0x0000000083d00000|  0%| F|  |TAMS 0x0000000083c00000, 0x0000000083c00000| Untracked 
|   7|0x0000000083d00000, 0x0000000083d036a8, 0x0000000083e00000|  1%| E|  |TAMS 0x0000000083d00000, 0x0000000083d00000| Complete 

Card table byte_map: [0x000001b2aee50000,0x000001b2af240000] _byte_map_base: 0x000001b2aea35000

Marking Bits (Prev, Next): (CMBitMap*) 0x000001b29821b460, (CMBitMap*) 0x000001b29821b420
 Prev Bits: [0x000001b2b1560000, 0x000001b2b3488000)
 Next Bits: [0x000001b2af630000, 0x000001b2b1558000)

Polling page: 0x000001b296030000

Metaspace:

Usage:
  Non-class:      4.50 MB used.
      Class:    447.34 KB used.
       Both:      4.94 MB used.

Virtual space:
  Non-class space:        8.00 MB reserved,       4.62 MB ( 58%) committed,  1 nodes.
      Class space:        1.00 GB reserved,     512.00 KB ( <1%) committed,  1 nodes.
              Both:        1.01 GB reserved,       5.12 MB ( <1%) committed. 

Chunk freelists:
   Non-Class:  1.61 MB
       Class:  3.51 MB
        Both:  5.12 MB

MaxMetaspaceSize: 17179869184.00 GB
CompressedClassSpaceSize: 1.00 GB
 - commit_granule_bytes: 65536.
 - commit_granule_words: 8192.
 - virtual_space_node_default_size: 1048576.
 - enlarge_chunks_in_place: 1.
 - new_chunks_are_fully_committed: 0.
 - uncommit_free_chunks: 1.
 - use_allocation_guard: 0.
 - handle_deallocations: 1.


Internal statistics:

num_allocs_failed_limit: 0.
num_arena_births: 36.
num_arena_deaths: 0.
num_vsnodes_births: 2.
num_vsnodes_deaths: 0.
num_space_committed: 82.
num_space_uncommitted: 0.
num_chunks_returned_to_freelist: 0.
num_chunks_taken_from_freelist: 137.
num_chunk_merges: 0.
num_chunk_splits: 111.
num_chunks_enlarged: 94.
num_purges: 0.

CodeHeap 'non-profiled nmethods': size=120000Kb used=206Kb max_used=206Kb free=119793Kb
 bounds [0x000001b2a7420000, 0x000001b2a7690000, 0x000001b2ae950000]
CodeHeap 'profiled nmethods': size=120000Kb used=942Kb max_used=942Kb free=119057Kb
 bounds [0x000001b29fef0000, 0x000001b2a0160000, 0x000001b2a7420000]
CodeHeap 'non-nmethods': size=5760Kb used=1160Kb max_used=1174Kb free=4599Kb
 bounds [0x000001b29f950000, 0x000001b29fbc0000, 0x000001b29fef0000]
 total_blobs=1110 nmethods=665 adapters=358
 compilation: enabled
              stopped_count=0, restarted_count=0
 full_count=0

Compilation events (20 events):
Event: 12.962 Thread 0x000001b2b5c5b120  656       3       java.lang.StringLatin1::getChars (12 bytes)
Event: 12.962 Thread 0x000001b2b5c5b120 nmethod 656 0x000001b29ffd3590 code [0x000001b29ffd3740, 0x000001b29ffd3868]
Event: 12.966 Thread 0x000001b2b5c5a310  657       4       java.util.Arrays::copyOfRange (64 bytes)
Event: 12.968 Thread 0x000001b2b5c5a310 nmethod 657 0x000001b2a7453110 code [0x000001b2a74532a0, 0x000001b2a7453518]
Event: 12.970 Thread 0x000001b2b5c5b120  658       3       sun.nio.cs.UTF_8$Encoder::encodeArrayLoop (489 bytes)
Event: 12.971 Thread 0x000001b2b5c5b120 nmethod 658 0x000001b29ffd3910 code [0x000001b29ffd3f00, 0x000001b29ffd7268]
Event: 12.977 Thread 0x000001b2b5c5b120  660   !   3       java.io.BufferedWriter::write (117 bytes)
Event: 12.978 Thread 0x000001b2b5c5b120 nmethod 660 0x000001b29ffd8310 code [0x000001b29ffd8520, 0x000001b29ffd8b08]
Event: 12.978 Thread 0x000001b2b5c5b120  659       3       java.io.Writer::write (11 bytes)
Event: 12.978 Thread 0x000001b2b5c5b120 nmethod 659 0x000001b29ffd8e90 code [0x000001b29ffd9060, 0x000001b29ffd9348]
Event: 12.978 Thread 0x000001b2b5c5b120  661  s    3       java.io.BufferedOutputStream::flush (12 bytes)
Event: 12.978 Thread 0x000001b2b5c5b120 nmethod 661 0x000001b29ffd9490 code [0x000001b29ffd9660, 0x000001b29ffd9a78]
Event: 12.984 Thread 0x000001b2b5c5a310  662       4       java.lang.String::toString (2 bytes)
Event: 12.984 Thread 0x000001b2b5c5a310 nmethod 662 0x000001b2a7453690 code [0x000001b2a7453800, 0x000001b2a7453878]
Event: 12.992 Thread 0x000001b2b5c5b120  663   !   3       java.util.zip.ZipFile$Source::readFullyAt (74 bytes)
Event: 12.992 Thread 0x000001b2b5c5b120 nmethod 663 0x000001b29ffd9b90 code [0x000001b29ffd9da0, 0x000001b29ffda368]
Event: 12.992 Thread 0x000001b2b5c5b120  664       3       java.lang.Integer::stringSize (47 bytes)
Event: 12.992 Thread 0x000001b2b5c5b120 nmethod 664 0x000001b29ffda710 code [0x000001b29ffda8c0, 0x000001b29ffdab18]
Event: 12.992 Thread 0x000001b2b5c5b120  665       3       java.lang.Integer::getChars (131 bytes)
Event: 12.992 Thread 0x000001b2b5c5b120 nmethod 665 0x000001b29ffdac10 code [0x000001b29ffdade0, 0x000001b29ffdb218]

GC Heap History (4 events):
Event: 12.932 GC heap before
{Heap before GC invocations=0 (full 0):
 garbage-first heap   total 129024K, used 10240K [0x0000000083600000, 0x0000000100000000)
  region size 1024K, 12 young (12288K), 0 survivors (0K)
 Metaspace       used 4931K, committed 5120K, reserved 1056768K
  class space    used 436K, committed 512K, reserved 1048576K
}
Event: 12.945 GC heap after
{Heap after GC invocations=1 (full 1):
 garbage-first heap   total 10240K, used 1975K [0x0000000083600000, 0x0000000100000000)
  region size 1024K, 0 young (0K), 0 survivors (0K)
 Metaspace       used 4931K, committed 5120K, reserved 1056768K
  class space    used 436K, committed 512K, reserved 1048576K
}
Event: 12.993 GC heap before
{Heap before GC invocations=1 (full 1):
 garbage-first heap   total 10240K, used 1975K [0x0000000083600000, 0x0000000100000000)
  region size 1024K, 1 young (1024K), 0 survivors (0K)
 Metaspace       used 5013K, committed 5120K, reserved 1056768K
  class space    used 442K, committed 512K, reserved 1048576K
}
Event: 12.998 GC heap after
{Heap after GC invocations=2 (full 2):
 garbage-first heap   total 8192K, used 1872K [0x0000000083600000, 0x0000000100000000)
  region size 1024K, 0 young (0K), 0 survivors (0K)
 Metaspace       used 5013K, committed 5120K, reserved 1056768K
  class space    used 442K, committed 512K, reserved 1048576K
}

Deoptimization events (8 events):
Event: 0.060 Thread 0x000001b2981dc460 Uncommon trap: trap_request=0xffffff45 fr.pc=0x000001b2a742e344 relative=0x0000000000000324
Event: 0.060 Thread 0x000001b2981dc460 Uncommon trap: reason=unstable_if action=reinterpret pc=0x000001b2a742e344 method=java.util.zip.ZipCoder$UTF8ZipCoder.normalizedHash([BII)I @ 74 c2
Event: 0.060 Thread 0x000001b2981dc460 DEOPT PACKING pc=0x000001b2a742e344 sp=0x00000081f27fda80
Event: 0.060 Thread 0x000001b2981dc460 DEOPT UNPACKING pc=0x000001b29f99d72e sp=0x00000081f27fda10 mode 2
Event: 0.155 Thread 0x000001b2981dc460 DEOPT PACKING pc=0x000001b29ff02167 sp=0x00000081f27fde80
Event: 0.155 Thread 0x000001b2981dc460 DEOPT UNPACKING pc=0x000001b29f99dece sp=0x00000081f27fd2a0 mode 0
Event: 0.173 Thread 0x000001b2981dc460 DEOPT PACKING pc=0x000001b29fef71d1 sp=0x00000081f27fe0d0
Event: 0.173 Thread 0x000001b2981dc460 DEOPT UNPACKING pc=0x000001b29f99dece sp=0x00000081f27fd548 mode 0

Classes unloaded (0 events):
No events

Classes redefined (0 events):
No events

Internal exceptions (7 events):
Event: 0.045 Thread 0x000001b2981dc460 Exception <a 'sun/nio/fs/WindowsException'{0x000000008b222550}> (0x000000008b222550) 
thrown [t:\workspace\open\src\hotspot\share\prims\jni.cpp, line 579]
Event: 0.045 Thread 0x000001b2981dc460 Exception <a 'sun/nio/fs/WindowsException'{0x000000008b222b70}> (0x000000008b222b70) 
thrown [t:\workspace\open\src\hotspot\share\prims\jni.cpp, line 579]
Event: 0.046 Thread 0x000001b2981dc460 Exception <a 'sun/nio/fs/WindowsException'{0x000000008b225e90}> (0x000000008b225e90) 
thrown [t:\workspace\open\src\hotspot\share\prims\jni.cpp, line 579]
Event: 0.099 Thread 0x000001b2981dc460 Exception <a 'java/lang/NoSuchMethodError'{0x000000008b05dbe8}: 'void java.lang.invoke.DirectMethodHandle$Holder.invokeSpecial(java.lang.Object, java.lang.Object, java.lang.Object)'> (0x000000008b05dbe8) 
thrown [t:\workspace\open\src\hotspot\share\interpreter\linkResolver.cpp, line 790]
Event: 0.102 Thread 0x000001b2981dc460 Exception <a 'java/lang/NoSuchMethodError'{0x000000008b06e750}: 'java.lang.Object java.lang.invoke.DirectMethodHandle$Holder.invokeStatic(java.lang.Object)'> (0x000000008b06e750) 
thrown [t:\workspace\open\src\hotspot\share\interpreter\linkResolver.cpp, line 790]
Event: 8.048 Thread 0x000001b2981dc460 Exception <a 'java/lang/reflect/InvocationTargetException'{0x000000008a8b80f0}> (0x000000008a8b80f0) 
thrown [t:\workspace\open\src\hotspot\share\runtime\reflection.cpp, line 1157]
Event: 11.768 Thread 0x000001b2981dc460 Exception <a 'java/lang/reflect/InvocationTargetException'{0x000000008a8e5108}> (0x000000008a8e5108) 
thrown [t:\workspace\open\src\hotspot\share\runtime\reflection.cpp, line 1157]

Events (20 events):
Event: 8.049 loading class java/lang/Throwable$PrintStreamOrWriter
Event: 8.049 loading class java/lang/Throwable$PrintStreamOrWriter done
Event: 8.049 loading class java/lang/Throwable$WrappedPrintStream done
Event: 8.049 loading class java/lang/StackTraceElement$HashedModules
Event: 8.049 loading class java/lang/StackTraceElement$HashedModules done
Event: 12.932 Executing  VM operation: G1CollectFull
Event: 12.945 Executing  VM operation: G1CollectFull done
Event: 12.945 loading class java/lang/ref/Finalizer$2
Event: 12.945 loading class java/lang/ref/Finalizer$2 done
Event: 12.945 loading class java/lang/ref/Finalizer$1
Event: 12.945 loading class java/lang/ref/Finalizer$1 done
Event: 12.945 Thread 0x000001b2b701da10 Thread added: 0x000001b2b701da10
Event: 12.947 Thread 0x000001b2b701da10 Thread exited: 0x000001b2b701da10
Event: 12.947 Thread 0x000001b2b701da10 Thread added: 0x000001b2b701da10
Event: 12.956 Thread 0x000001b2981dc460 Thread exited: 0x000001b2981dc460
Event: 12.956 Thread 0x000001b2981dc460 Thread added: 0x000001b2981dc460
Event: 12.956 Thread 0x000001b2b6cf8a30 Thread added: 0x000001b2b6cf8a30
Event: 12.993 Executing  VM operation: G1CollectFull
Event: 12.998 Executing  VM operation: G1CollectFull done
Event: 12.998 Thread 0x000001b2b6d6bf10 Thread added: 0x000001b2b6d6bf10


Dynamic libraries:
0x00007ff6a8ff0000 - 0x00007ff6a8ffe000 	C:\jdk-16.0.1\bin\java.exe
0x00007ffd69690000 - 0x00007ffd69885000 	C:\WINDOWS\SYSTEM32\ntdll.dll
0x00007ffd67c70000 - 0x00007ffd67d2e000 	C:\WINDOWS\System32\KERNEL32.DLL
0x00007ffd66da0000 - 0x00007ffd67068000 	C:\WINDOWS\System32\KERNELBASE.dll
0x00007ffd675d0000 - 0x00007ffd676d0000 	C:\WINDOWS\System32\ucrtbase.dll
0x00007ffd61cb0000 - 0x00007ffd61cc9000 	C:\jdk-16.0.1\bin\VCRUNTIME140.dll
0x00007ffd5bbc0000 - 0x00007ffd5bbd8000 	C:\jdk-16.0.1\bin\jli.dll
0x00007ffd69390000 - 0x00007ffd69531000 	C:\WINDOWS\System32\USER32.dll
0x00007ffd671a0000 - 0x00007ffd671c2000 	C:\WINDOWS\System32\win32u.dll
0x00007ffd5beb0000 - 0x00007ffd5c14a000 	C:\WINDOWS\WinSxS\amd64_microsoft.windows.common-controls_6595b64144ccf1df_6.0.19041.1110_none_60b5254171f9507e\COMCTL32.dll
0x00007ffd67eb0000 - 0x00007ffd67edb000 	C:\WINDOWS\System32\GDI32.dll
0x00007ffd67d40000 - 0x00007ffd67dde000 	C:\WINDOWS\System32\msvcrt.dll
0x00007ffd67330000 - 0x00007ffd6743d000 	C:\WINDOWS\System32\gdi32full.dll
0x00007ffd67100000 - 0x00007ffd6719d000 	C:\WINDOWS\System32\msvcp_win.dll
0x00007ffd695c0000 - 0x00007ffd695f0000 	C:\WINDOWS\System32\IMM32.DLL
0x00007ffd61ca0000 - 0x00007ffd61cac000 	C:\jdk-16.0.1\bin\vcruntime140_1.dll
0x00007ffd3f6a0000 - 0x00007ffd3f731000 	C:\jdk-16.0.1\bin\msvcp140.dll
0x00007ffd0ce40000 - 0x00007ffd0d9eb000 	C:\jdk-16.0.1\bin\server\jvm.dll
0x00007ffd68b90000 - 0x00007ffd68c3e000 	C:\WINDOWS\System32\ADVAPI32.dll
0x00007ffd68200000 - 0x00007ffd6829c000 	C:\WINDOWS\System32\sechost.dll
0x00007ffd680d0000 - 0x00007ffd681f5000 	C:\WINDOWS\System32\RPCRT4.dll
0x00007ffd67f90000 - 0x00007ffd67f98000 	C:\WINDOWS\System32\PSAPI.DLL
0x00007ffd62260000 - 0x00007ffd62269000 	C:\WINDOWS\SYSTEM32\WSOCK32.dll
0x00007ffd5bc20000 - 0x00007ffd5bc47000 	C:\WINDOWS\SYSTEM32\WINMM.dll
0x00007ffd619b0000 - 0x00007ffd619ba000 	C:\WINDOWS\SYSTEM32\VERSION.dll
0x00007ffd68940000 - 0x00007ffd689ab000 	C:\WINDOWS\System32\WS2_32.dll
0x00007ffd64cb0000 - 0x00007ffd64cc2000 	C:\WINDOWS\SYSTEM32\kernel.appcore.dll
0x00007ffd61c90000 - 0x00007ffd61c9a000 	C:\jdk-16.0.1\bin\jimage.dll
0x00007ffd5af80000 - 0x00007ffd5b164000 	C:\WINDOWS\SYSTEM32\DBGHELP.DLL
0x00007ffd5a620000 - 0x00007ffd5a64c000 	C:\WINDOWS\SYSTEM32\dbgcore.DLL
0x00007ffd67070000 - 0x00007ffd670f2000 	C:\WINDOWS\System32\bcryptPrimitives.dll
0x00007ffd5bb10000 - 0x00007ffd5bb35000 	C:\jdk-16.0.1\bin\java.dll
0x00007ffd68c40000 - 0x00007ffd69384000 	C:\WINDOWS\System32\SHELL32.dll
0x00007ffd64eb0000 - 0x00007ffd65645000 	C:\WINDOWS\SYSTEM32\windows.storage.dll
0x00007ffd676d0000 - 0x00007ffd67a25000 	C:\WINDOWS\System32\combase.dll
0x00007ffd66720000 - 0x00007ffd6674e000 	C:\WINDOWS\SYSTEM32\Wldp.dll
0x00007ffd682a0000 - 0x00007ffd6834d000 	C:\WINDOWS\System32\SHCORE.dll
0x00007ffd67a30000 - 0x00007ffd67a85000 	C:\WINDOWS\System32\shlwapi.dll
0x00007ffd66ce0000 - 0x00007ffd66cff000 	C:\WINDOWS\SYSTEM32\profapi.dll
0x00007ffd5bad0000 - 0x00007ffd5bae9000 	C:\jdk-16.0.1\bin\net.dll
0x00007ffd61a40000 - 0x00007ffd61b4c000 	C:\WINDOWS\SYSTEM32\WINHTTP.dll
0x00007ffd66480000 - 0x00007ffd664ea000 	C:\WINDOWS\system32\mswsock.dll
0x00007ffd46790000 - 0x00007ffd467a3000 	C:\jdk-16.0.1\bin\nio.dll
0x00007ffd46770000 - 0x00007ffd46788000 	C:\jdk-16.0.1\bin\zip.dll
0x00007ffd5bac0000 - 0x00007ffd5bad0000 	C:\jdk-16.0.1\bin\verify.dll
0x000000006f590000 - 0x000000006f86e000 	C:\Users\dam_aap\AppData\Local\Temp\QtJambi_dam_aap_amd64_4.8.7_msvc2013x64-20150908-1314\lib\QtCore4.dll
0x00007ffd67fa0000 - 0x00007ffd680ca000 	C:\WINDOWS\System32\ole32.dll
0x00007ffd3b980000 - 0x00007ffd3ba26000 	C:\WINDOWS\SYSTEM32\MSVCP120.dll
0x00007ffd273e0000 - 0x00007ffd274cf000 	C:\WINDOWS\SYSTEM32\MSVCR120.dll
0x00007ffd3f8c0000 - 0x00007ffd3f900000 	C:\Users\dam_aap\AppData\Local\Temp\QtJambi_dam_aap_amd64_4.8.7_msvc2013x64-20150908-1314\lib\qtjambi.dll
0x00007ffd22f00000 - 0x00007ffd2302f000 	C:\Users\dam_aap\AppData\Local\Temp\QtJambi_dam_aap_amd64_4.8.7_msvc2013x64-20150908-1314\lib\com_trolltech_qt_core.dll
0x000000006ec20000 - 0x000000006f58e000 	C:\Users\dam_aap\AppData\Local\Temp\QtJambi_dam_aap_amd64_4.8.7_msvc2013x64-20150908-1314\lib\QtGui4.dll
0x00007ffd687d0000 - 0x00007ffd688aa000 	C:\WINDOWS\System32\COMDLG32.dll
0x00007ffd67de0000 - 0x00007ffd67ead000 	C:\WINDOWS\System32\OLEAUT32.dll
0x00007ffd3abf0000 - 0x00007ffd3ac85000 	C:\WINDOWS\SYSTEM32\WINSPOOL.DRV
0x00007ffd0c710000 - 0x00007ffd0ce3f000 	C:\Users\dam_aap\AppData\Local\Temp\QtJambi_dam_aap_amd64_4.8.7_msvc2013x64-20150908-1314\lib\com_trolltech_qt_gui.dll
0x00007ffd647d0000 - 0x00007ffd6486e000 	C:\WINDOWS\system32\uxtheme.dll
0x00007ffd68a70000 - 0x00007ffd68b85000 	C:\WINDOWS\System32\MSCTF.dll
0x00007ffd63700000 - 0x00007ffd6370d000 	C:\Users\dam_aap\AppData\Local\Temp\QtJambi_dam_aap_amd64_4.8.7_msvc2013x64-20150908-1314\plugins\imageformats\qgif4.dll
0x00007ffd5bbb0000 - 0x00007ffd5bbbe000 	C:\Users\dam_aap\AppData\Local\Temp\QtJambi_dam_aap_amd64_4.8.7_msvc2013x64-20150908-1314\plugins\imageformats\qico4.dll
0x00007ffd3b940000 - 0x00007ffd3b97d000 	C:\Users\dam_aap\AppData\Local\Temp\QtJambi_dam_aap_amd64_4.8.7_msvc2013x64-20150908-1314\plugins\imageformats\qjpeg4.dll
0x00007ffd3b250000 - 0x00007ffd3b299000 	C:\Users\dam_aap\AppData\Local\Temp\QtJambi_dam_aap_amd64_4.8.7_msvc2013x64-20150908-1314\plugins\imageformats\qmng4.dll
0x00007ffd3b010000 - 0x00007ffd3b06b000 	C:\Users\dam_aap\AppData\Local\Temp\QtJambi_dam_aap_amd64_4.8.7_msvc2013x64-20150908-1314\plugins\imageformats\qtiff4.dll
0x00007ffd5fde0000 - 0x00007ffd5fed9000 	C:\WINDOWS\SYSTEM32\textinputframework.dll
0x00007ffd63e30000 - 0x00007ffd6418e000 	C:\WINDOWS\System32\CoreUIComponents.dll
0x00007ffd64190000 - 0x00007ffd64282000 	C:\WINDOWS\System32\CoreMessaging.dll
0x00007ffd659f0000 - 0x00007ffd65a23000 	C:\WINDOWS\SYSTEM32\ntmarta.dll
0x00007ffd63760000 - 0x00007ffd638b4000 	C:\WINDOWS\SYSTEM32\wintypes.dll
0x00007ffd3d9c0000 - 0x00007ffd3da70000 	C:\WINDOWS\WinSxS\amd64_microsoft.windows.common-controls_6595b64144ccf1df_5.82.19041.1110_none_792d1c772443f647\comctl32.dll
0x00007ffd67ee0000 - 0x00007ffd67f89000 	C:\WINDOWS\System32\clbcatq.dll
0x00007ffd54930000 - 0x00007ffd5496b000 	C:\WINDOWS\SYSTEM32\dxcore.dll
0x00007ffd672e0000 - 0x00007ffd6732e000 	C:\WINDOWS\System32\cfgmgr32.dll

dbghelp: loaded successfully - version: 4.0.5 - missing functions: none
symbol engine: initialized successfully - sym options: 0x614 - pdb path: .;C:\jdk-16.0.1\bin;C:\WINDOWS\SYSTEM32;C:\WINDOWS\WinSxS\amd64_microsoft.windows.common-controls_6595b64144ccf1df_6.0.19041.1110_none_60b5254171f9507e;C:\jdk-16.0.1\bin\server;C:\Users\dam_aap\AppData\Local\Temp\QtJambi_dam_aap_amd64_4.8.7_msvc2013x64-20150908-1314\lib;C:\Users\dam_aap\AppData\Local\Temp\QtJambi_dam_aap_amd64_4.8.7_msvc2013x64-20150908-1314\plugins\imageformats;C:\WINDOWS\WinSxS\amd64_microsoft.windows.common-controls_6595b64144ccf1df_5.82.19041.1110_none_792d1c772443f647

VM Arguments:
jvm_args: -Dfile.encoding=UTF-8 --module-path=C:\Users\dam_aap\Desktop\ProyectoConjunto\gym\Gimansio3.0\Gimnasio1.0\Interfaz\NetBeans\GymDam\build\classes 
java_command: gymdam.GymDam
java_class_path (initial): D:\qtjambi-community-4.8.7-win64-msvc2013\qtjambi-4.8.7.jar;D:\qtjambi-community-4.8.7-win64-msvc2013\qtjambi-designer-4.8.7.jar;D:\qtjambi-community-4.8.7-win64-msvc2013\qtjambi-examples-4.8.7.jar;D:\qtjambi-community-4.8.7-win64-msvc2013\qtjambi-examples-src.jar;D:\qtjambi-community-4.8.7-win64-msvc2013\qtjambi-native-win64-msvc2013x64-4.8.7.jar;D:\qtjambi-community-4.8.7-win64-msvc2013\qtjambi-src.jar;C:\Users\dam_aap\Desktop\json\json-20211205.jar;C:\Users\dam_aap\Downloads\jersey-client-3.0.4.jar;C:\Users\dam_aap\Desktop\ProyectoConjunto\gym\Gimansio3.0\Gimnasio1.0\Interfaz\NetBeans\GymDam\build\classes
Launcher Type: SUN_STANDARD

[Global flags]
     intx CICompilerCount                          = 3                                         {product} {ergonomic}
     uint ConcGCThreads                            = 2                                         {product} {ergonomic}
     uint G1ConcRefinementThreads                  = 6                                         {product} {ergonomic}
   size_t G1HeapRegionSize                         = 1048576                                   {product} {ergonomic}
    uintx GCDrainStackTargetSize                   = 64                                        {product} {ergonomic}
   size_t InitialHeapSize                          = 132120576                                 {product} {ergonomic}
   size_t MarkStackSize                            = 4194304                                   {product} {ergonomic}
   size_t MaxHeapSize                              = 2090860544                                {product} {ergonomic}
   size_t MaxNewSize                               = 1254096896                                {product} {ergonomic}
   size_t MinHeapDeltaBytes                        = 1048576                                   {product} {ergonomic}
   size_t MinHeapSize                              = 8388608                                   {product} {ergonomic}
    uintx NonNMethodCodeHeapSize                   = 5832780                                {pd product} {ergonomic}
    uintx NonProfiledCodeHeapSize                  = 122912730                              {pd product} {ergonomic}
    uintx ProfiledCodeHeapSize                     = 122912730                              {pd product} {ergonomic}
    uintx ReservedCodeCacheSize                    = 251658240                              {pd product} {ergonomic}
     bool SegmentedCodeCache                       = true                                      {product} {ergonomic}
   size_t SoftMaxHeapSize                          = 2090860544                             {manageable} {ergonomic}
     bool UseCompressedClassPointers               = true                           {product lp64_product} {ergonomic}
     bool UseCompressedOops                        = true                           {product lp64_product} {ergonomic}
     bool UseG1GC                                  = true                                      {product} {ergonomic}
     bool UseLargePagesIndividualAllocation        = false                                  {pd product} {ergonomic}

Logging:
Log output configuration:
 #0: stdout all=warning uptime,level,tags
 #1: stderr all=off uptime,level,tags

Environment Variables:
JAVA_HOME=c:\jdk-16.0.1
PATH=C:\Program Files (x86)\VMware\VMware Player\bin\;C:\jdk-16.0.1\bin;C:\WINDOWS\system32;C:\WINDOWS;C:\WINDOWS\System32\Wbem;C:\WINDOWS\System32\WindowsPowerShell\v1.0\;C:\WINDOWS\System32\OpenSSH\;C:\Program Files\PowerShell\7\;C:\Program Files\Microsoft SQL Server\Client SDK\ODBC\170\Tools\Binn\;C:\Program Files (x86)\Microsoft SQL Server\150\Tools\Binn\;C:\Program Files\Microsoft SQL Server\150\Tools\Binn\;C:\Program Files\Microsoft SQL Server\150\DTS\Binn\;C:\Program Files\Azure Data Studio\bin;C:\Program Files\dotnet\;C:\ProgramData\chocolatey\bin;C:\flutter\bin;C:\Users\dam_aap\AppData\Local\Microsoft\WindowsApps;D:\Microsoft VS Code\bin;C:\Users\dam_aap\AppData\Local\Programs\Git\cmd
USERNAME=dam_aap
OS=Windows_NT
PROCESSOR_IDENTIFIER=Intel64 Family 6 Model 158 Stepping 10, GenuineIntel



---------------  S Y S T E M  ---------------

OS:
 Windows 10 , 64 bit Build 19041 (10.0.19041.1466)
OS uptime: 0 days 1:44 hours

CPU: total 6 (initial active 6) (6 cores per cpu, 1 threads per core) family 6 model 158 stepping 10 microcode 0xb4, cx8, cmov, fxsr, mmx, 3dnowpref, sse, sse2, sse3, ssse3, sse4.1, sse4.2, popcnt, lzcnt, tsc, tscinvbit, avx, avx2, aes, erms, clmul, bmi1, bmi2, rtm, adx, fma, vzeroupper, clflush, clflushopt

Memory: 4k page, system-wide physical 7973M (2792M free)
TotalPageFile size 14885M (AvailPageFile size 8541M)
current process WorkingSet (physical memory assigned to process): 62M, peak: 79M
current process commit charge ("private bytes"): 98M, peak: 232M

vm_info: OpenJDK 64-Bit Server VM (16.0.1+9-24) for windows-amd64 JRE (16.0.1+9-24), built on Mar 26 2021 19:30:07 by "mach5one" with MS VC++ 16.7 (VS2019)

END.
