#
# A fatal error has been detected by the Java Runtime Environment:
#
#  EXCEPTION_ACCESS_VIOLATION (0xc0000005) at pc=0x000000006ebe2cbd, pid=11968, tid=8584
#
# JRE version: OpenJDK Runtime Environment (16.0.1+9) (build 16.0.1+9-24)
# Java VM: OpenJDK 64-Bit Server VM (16.0.1+9-24, mixed mode, sharing, tiered, compressed oops, compressed class ptrs, g1 gc, windows-amd64)
# Problematic frame:
# C  [QtGui4.dll+0x62cbd]
#
# No core dump will be written. Minidumps are not enabled by default on client versions of Windows
#
# If you would like to submit a bug report, please visit:
#   https://bugreport.java.com/bugreport/crash.jsp
# The crash happened outside the Java Virtual Machine in native code.
# See problematic frame for where to report the bug.
#

---------------  S U M M A R Y ------------

Command Line: -Dfile.encoding=UTF-8 --module-path=C:\Users\dam_aap\Desktop\ProyectoConjunto\gym\Gimansio3.0\Gimnasio1.0\Interfaz\NetBeans\GymDam\build\classes gymdam.GymDam

Host: Intel(R) Core(TM) i5-9500 CPU @ 3.00GHz, 6 cores, 7G,  Windows 10 , 64 bit Build 19041 (10.0.19041.1466)
Time: Wed Feb 16 12:01:42 2022 Hora estándar romance elapsed time: 16.932915 seconds (0d 0h 0m 16s)

---------------  T H R E A D  ---------------

Current thread (0x0000020e74fbc1b0):  JavaThread "Finalizer" daemon [_thread_in_native, id=8584, stack(0x0000007cc8300000,0x0000007cc8400000)]

Stack: [0x0000007cc8300000,0x0000007cc8400000],  sp=0x0000007cc83fe9c0,  free space=1018k
Native frames: (J=compiled Java code, j=interpreted, Vv=VM code, C=native code)
C  [QtGui4.dll+0x62cbd]

Java frames: (J=compiled Java code, j=interpreted, Vv=VM code)
J 1371  com.trolltech.qt.internal.QtJambiObject.finalize()V (0 bytes) @ 0x0000020e6681636b [0x0000020e66816320+0x000000000000004b]
J 1365 c1 java.lang.ref.Finalizer.runFinalizer(Ljdk/internal/access/JavaLangAccess;)V java.base@16.0.1 (131 bytes) @ 0x0000020e5f498224 [0x0000020e5f497bc0+0x0000000000000664]
j  java.lang.ref.Finalizer$FinalizerThread.run()V+46 java.base@16.0.1
v  ~StubRoutines::call_stub

siginfo: EXCEPTION_ACCESS_VIOLATION (0xc0000005), reading address 0x0000000000000008


Register to memory mapping:

RIP=0x000000006ebe2cbd QtGui4.dll
RAX=0x0 is NULL
RBX=0x00000000ffffffff is an unallocated location in the heap
RCX=0x0000020e76597ee0 points into unknown readable memory: 0x0000000000000001 | 01 00 00 00 00 00 00 00
RDX=0x0000000000000001 is an unknown value
RSP=0x0000007cc83fe9c0 is pointing into the stack for thread: 0x0000020e74fbc1b0
RBP=0x0000000000000001 is an unknown value
RSI=0x0000020e76682300 points into unknown readable memory: 0x000000006f1d3148 | 48 31 1d 6f 00 00 00 00
RDI=0x0000020e76682300 points into unknown readable memory: 0x000000006f1d3148 | 48 31 1d 6f 00 00 00 00
R8 =0x00000000000001f3 is an unknown value
R9 =0x0000000000000040 is an unknown value
R10=0x00000000000001c0 is an unknown value
R11=0x5a04006800000008 is an unknown value
R12=0x0000020e76681180 points into unknown readable memory: 0x000000006f17fe58 | 58 fe 17 6f 00 00 00 00
R13=0x0000020e76698460 points into unknown readable memory: 0x000000006f1e91f0 | f0 91 1e 6f 00 00 00 00
R14=0x000000001fe00000 is an unknown value
R15=0x0 is NULL


Registers:
RAX=0x0000000000000000, RBX=0x00000000ffffffff, RCX=0x0000020e76597ee0, RDX=0x0000000000000001
RSP=0x0000007cc83fe9c0, RBP=0x0000000000000001, RSI=0x0000020e76682300, RDI=0x0000020e76682300
R8 =0x00000000000001f3, R9 =0x0000000000000040, R10=0x00000000000001c0, R11=0x5a04006800000008
R12=0x0000020e76681180, R13=0x0000020e76698460, R14=0x000000001fe00000, R15=0x0000000000000000
RIP=0x000000006ebe2cbd, EFLAGS=0x0000000000010206

Top of Stack: (sp=0x0000007cc83fe9c0)
0x0000007cc83fe9c0:   0000020e76597ee0 00000000ffffffff
0x0000007cc83fe9d0:   0000000000000001 00007ffd230a69d8
0x0000007cc83fe9e0:   0000020e00000000 0000000000000001
0x0000007cc83fe9f0:   fffffffffffffffe 0000020e76681180
0x0000007cc83fea00:   0000000000000000 000000006eefb1ce
0x0000007cc83fea10:   0000020e7677c140 0000000000000001
0x0000007cc83fea20:   0000020e76597ee0 0000000000000000
0x0000007cc83fea30:   0000000000000001 000000006eefaa44
0x0000007cc83fea40:   0000020e76682300 0000000000000001
0x0000007cc83fea50:   0000020e76681d60 0000000000000000
0x0000007cc83fea60:   fffffffffffffffe 0000000000000000
0x0000007cc83fea70:   0000020e76682300 00007ffd09b829a5
0x0000007cc83fea80:   0000020e76682300 0000020e00000000
0x0000007cc83fea90:   0000020e7669ed40 000000006f7ae0a8
0x0000007cc83feaa0:   fffffffffffffffe 000000006f486298
0x0000007cc83feab0:   0000020e76698460 000000006f60ab73 

Instructions: (pc=0x000000006ebe2cbd)
0x000000006ebe2bbd:   8b 0e 48 3b cb 74 1b ff 15 66 9b 58 00 84 c0 75
0x000000006ebe2bcd:   0e ba 08 00 00 00 48 8b 0e ff 15 c4 9d 58 00 48
0x000000006ebe2bdd:   89 1e 48 83 c4 38 41 5e 5f 5e 5b c3 cc cc cc cc
0x000000006ebe2bed:   cc cc cc 40 57 48 83 ec 20 48 8b 41 f8 48 8b fa
0x000000006ebe2bfd:   48 3b 90 40 01 00 00 74 6c 48 8b 41 f8 48 89 5c
0x000000006ebe2c0d:   24 30 48 8d 59 f0 f7 80 c8 01 00 00 00 00 00 10
0x000000006ebe2c1d:   74 0c 48 8b 43 20 48 8b 08 48 85 c9 75 22 41 b0
0x000000006ebe2c2d:   01 ba 64 00 00 00 48 8b cb e8 95 2c 00 00 48 8b
0x000000006ebe2c3d:   4b 08 33 d2 e8 fa 7b ff ff 48 8b 43 20 48 8b 08
0x000000006ebe2c4d:   48 8b d7 ff 15 12 cf 58 00 48 8b 5c 24 30 85 c0
0x000000006ebe2c5d:   75 13 48 8d 0d 52 db 59 00 48 83 c4 20 5f 48 ff
0x000000006ebe2c6d:   25 fe a6 58 00 48 83 c4 20 5f c3 cc cc cc cc cc
0x000000006ebe2c7d:   cc cc cc 85 d2 74 68 57 48 83 ec 40 48 c7 44 24
0x000000006ebe2c8d:   30 fe ff ff ff 48 89 5c 24 50 8b da 48 8b f9 c7
0x000000006ebe2c9d:   44 24 20 00 00 00 00 45 33 c9 45 33 c0 33 d2 48
0x000000006ebe2cad:   8d 4c 24 60 e8 ba ba fd ff 90 ff 15 bb 9b 58 00
0x000000006ebe2cbd:   48 8b 48 08 48 81 c1 28 01 00 00 4c 8d 4c 24 60
0x000000006ebe2ccd:   4c 8b c7 8b d3 e8 f9 8c fe ff 90 48 8d 4c 24 60
0x000000006ebe2cdd:   e8 ee e2 fc ff 48 8b 5c 24 50 48 83 c4 40 5f c3
0x000000006ebe2ced:   cc cc cc 48 89 5c 24 10 48 89 6c 24 18 48 89 74
0x000000006ebe2cfd:   24 20 57 48 81 ec 90 00 00 00 48 8b 05 62 4e 8a
0x000000006ebe2d0d:   00 48 33 c4 48 89 84 24 80 00 00 00 48 8b f1 48
0x000000006ebe2d1d:   8b 09 48 8b fa 48 83 c1 68 ba 01 00 00 00 ff 15
0x000000006ebe2d2d:   ef 99 58 00 84 c0 74 08 48 8b ce e8 f3 7b fa ff
0x000000006ebe2d3d:   48 8b 0e 48 8b d1 48 8b d9 4c 63 49 6c 8b 69 70
0x000000006ebe2d4d:   4d 85 c9 78 42 48 8d 44 24 20 41 ba 08 00 00 00
0x000000006ebe2d5d:   4c 2b d0 4a 8b 5c ca 08 48 3b d9 74 20 44 8b 07
0x000000006ebe2d6d:   0f 1f 00 44 39 43 f8 7d 14 4b 8d 04 ca 48 8b d3
0x000000006ebe2d7d:   48 03 c3 48 8b 5c 04 20 48 3b d9 75 e6 4a 89 54
0x000000006ebe2d8d:   cc 20 49 ff c9 79 cc 48 3b d9 74 3d 8b 43 f8 39
0x000000006ebe2d9d:   07 7c 36 48 8b 0e 4c 8b cb 48 8b 5b 08 48 3b d9
0x000000006ebe2dad:   74 0e 8b 43 f8 41 39 41 f8 7c 05 40 b7 01 eb 03 


Stack slot to memory mapping:
stack at sp + 0 slots: 0x0000020e76597ee0 points into unknown readable memory: 0x0000000000000001 | 01 00 00 00 00 00 00 00
stack at sp + 1 slots: 0x00000000ffffffff is an unallocated location in the heap
stack at sp + 2 slots: 0x0000000000000001 is an unknown value
stack at sp + 3 slots: 0x00007ffd230a69d8 MSVCR120.dll
stack at sp + 4 slots: 0x0000020e00000000 is an unknown value
stack at sp + 5 slots: 0x0000000000000001 is an unknown value
stack at sp + 6 slots: 0xfffffffffffffffe is an unknown value
stack at sp + 7 slots: 0x0000020e76681180 points into unknown readable memory: 0x000000006f17fe58 | 58 fe 17 6f 00 00 00 00


---------------  P R O C E S S  ---------------

Threads class SMR info:
_java_thread_list=0x0000020e7675e9d0, length=13, elements={
0x0000020e74fbb2f0, 0x0000020e74fbc1b0, 0x0000020e74fcaca0, 0x0000020e74fcd7b0,
0x0000020e74fce1b0, 0x0000020e74fcebb0, 0x0000020e74fd0080, 0x0000020e74fd1b20,
0x0000020e74fd6190, 0x0000020e75c6b470, 0x0000020e75ce28c0, 0x0000020e77b95490,
0x0000020e57561190
}

Java Threads: ( => current thread )
  0x0000020e74fbb2f0 JavaThread "Reference Handler" daemon [_thread_blocked, id=11856, stack(0x0000007cc8200000,0x0000007cc8300000)]
=>0x0000020e74fbc1b0 JavaThread "Finalizer" daemon [_thread_in_native, id=8584, stack(0x0000007cc8300000,0x0000007cc8400000)]
  0x0000020e74fcaca0 JavaThread "Signal Dispatcher" daemon [_thread_blocked, id=11328, stack(0x0000007cc8400000,0x0000007cc8500000)]
  0x0000020e74fcd7b0 JavaThread "Attach Listener" daemon [_thread_blocked, id=12004, stack(0x0000007cc8500000,0x0000007cc8600000)]
  0x0000020e74fce1b0 JavaThread "Service Thread" daemon [_thread_blocked, id=9768, stack(0x0000007cc8600000,0x0000007cc8700000)]
  0x0000020e74fcebb0 JavaThread "Monitor Deflation Thread" daemon [_thread_blocked, id=5200, stack(0x0000007cc8700000,0x0000007cc8800000)]
  0x0000020e74fd0080 JavaThread "C2 CompilerThread0" daemon [_thread_blocked, id=11064, stack(0x0000007cc8800000,0x0000007cc8900000)]
  0x0000020e74fd1b20 JavaThread "C1 CompilerThread0" daemon [_thread_blocked, id=3624, stack(0x0000007cc8900000,0x0000007cc8a00000)]
  0x0000020e74fd6190 JavaThread "Sweeper thread" daemon [_thread_blocked, id=7824, stack(0x0000007cc8a00000,0x0000007cc8b00000)]
  0x0000020e75c6b470 JavaThread "Common-Cleaner" daemon [_thread_blocked, id=8512, stack(0x0000007cc8b00000,0x0000007cc8c00000)]
  0x0000020e75ce28c0 JavaThread "Notification Thread" daemon [_thread_blocked, id=9440, stack(0x0000007cc8c00000,0x0000007cc8d00000)]
  0x0000020e77b95490 JavaThread "Thread-2" daemon [_thread_in_native, id=7976, stack(0x0000007cc9800000,0x0000007cc9900000)]
  0x0000020e57561190 JavaThread "DestroyJavaVM" [_thread_blocked, id=11664, stack(0x0000007cc7b00000,0x0000007cc7c00000)]

Other Threads:
  0x0000020e74fb4ef0 VMThread "VM Thread" [stack: 0x0000007cc8100000,0x0000007cc8200000] [id=11696]
  0x0000020e57562210 WatcherThread [stack: 0x0000007cc8d00000,0x0000007cc8e00000] [id=11944]
  0x0000020e575a0cc0 GCTaskThread "GC Thread#0" [stack: 0x0000007cc7c00000,0x0000007cc7d00000] [id=3024]
  0x0000020e76576c70 GCTaskThread "GC Thread#1" [stack: 0x0000007cc8e00000,0x0000007cc8f00000] [id=5132]
  0x0000020e767ea9b0 GCTaskThread "GC Thread#2" [stack: 0x0000007cc9000000,0x0000007cc9100000] [id=3088]
  0x0000020e767faec0 GCTaskThread "GC Thread#3" [stack: 0x0000007cc9100000,0x0000007cc9200000] [id=5772]
  0x0000020e767eb4e0 GCTaskThread "GC Thread#4" [stack: 0x0000007cc9200000,0x0000007cc9300000] [id=6884]
  0x0000020e767ebc00 GCTaskThread "GC Thread#5" [stack: 0x0000007cc9300000,0x0000007cc9400000] [id=6764]
  0x0000020e575b1740 ConcurrentGCThread "G1 Main Marker" [stack: 0x0000007cc7d00000,0x0000007cc7e00000] [id=4896]
  0x0000020e575b2230 ConcurrentGCThread "G1 Conc#0" [stack: 0x0000007cc7e00000,0x0000007cc7f00000] [id=7644]
  0x0000020e57632900 ConcurrentGCThread "G1 Refine#0" [stack: 0x0000007cc7f00000,0x0000007cc8000000] [id=4560]
  0x0000020e57633400 ConcurrentGCThread "G1 Service" [stack: 0x0000007cc8000000,0x0000007cc8100000] [id=1284]

Threads with active compile tasks:

VM state: not at safepoint (normal execution)

VM Mutex/Monitor currently owned by a thread: None

Heap address: 0x0000000083600000, size: 1994 MB, Compressed Oops mode: 32-bit

CDS archive(s) mapped at: [0x0000000800000000-0x0000000800bb0000-0x0000000800bb0000), size 12255232, SharedBaseAddress: 0x0000000800000000, ArchiveRelocationMode: 0.
Compressed class space mapped at: 0x0000000800c00000-0x0000000840c00000, reserved size: 1073741824
Narrow klass base: 0x0000000800000000, Narrow klass shift: 3, Narrow klass range: 0x100000000

GC Precious Log:
 CPUs: 6 total, 6 available
 Memory: 7973M
 Large Page Support: Disabled
 NUMA Support: Disabled
 Compressed Oops: Enabled (32-bit)
 Heap Region Size: 1M
 Heap Min Capacity: 8M
 Heap Initial Capacity: 126M
 Heap Max Capacity: 1994M
 Pre-touch: Disabled
 Parallel Workers: 6
 Concurrent Workers: 2
 Concurrent Refinement Workers: 6
 Periodic GC: Disabled

Heap:
 garbage-first heap   total 20480K, used 5393K [0x0000000083600000, 0x0000000100000000)
  region size 1024K, 1 young (1024K), 0 survivors (0K)
 Metaspace       used 10041K, committed 10112K, reserved 1064960K
  class space    used 1052K, committed 1088K, reserved 1048576K

Heap Regions: E=young(eden), S=young(survivor), O=old, HS=humongous(starts), HC=humongous(continues), CS=collection set, F=free, OA=open archive, CA=closed archive, TAMS=top-at-mark-start (previous, next)
|   0|0x0000000083600000, 0x00000000836f8e08, 0x0000000083700000| 97%| O|  |TAMS 0x0000000083600000, 0x0000000083600000| Untracked 
|   1|0x0000000083700000, 0x0000000083800000, 0x0000000083800000|100%| O|  |TAMS 0x0000000083700000, 0x0000000083700000| Untracked 
|   2|0x0000000083800000, 0x00000000838fff18, 0x0000000083900000| 99%| O|  |TAMS 0x0000000083800000, 0x0000000083800000| Untracked 
|   3|0x0000000083900000, 0x00000000839ff738, 0x0000000083a00000| 99%| O|  |TAMS 0x0000000083900000, 0x0000000083900000| Untracked 
|   4|0x0000000083a00000, 0x0000000083ac6960, 0x0000000083b00000| 77%| O|  |TAMS 0x0000000083a00000, 0x0000000083a00000| Untracked 
|   5|0x0000000083b00000, 0x0000000083b85810, 0x0000000083c00000| 52%| O|  |TAMS 0x0000000083b00000, 0x0000000083b00000| Untracked 
|   6|0x0000000083c00000, 0x0000000083c00000, 0x0000000083d00000|  0%| F|  |TAMS 0x0000000083c00000, 0x0000000083c00000| Untracked 
|   7|0x0000000083d00000, 0x0000000083d00000, 0x0000000083e00000|  0%| F|  |TAMS 0x0000000083d00000, 0x0000000083d00000| Untracked 
|   8|0x0000000083e00000, 0x0000000083e00000, 0x0000000083f00000|  0%| F|  |TAMS 0x0000000083e00000, 0x0000000083e00000| Untracked 
|   9|0x0000000083f00000, 0x0000000083f00000, 0x0000000084000000|  0%| F|  |TAMS 0x0000000083f00000, 0x0000000083f00000| Untracked 
|  10|0x0000000084000000, 0x0000000084000000, 0x0000000084100000|  0%| F|  |TAMS 0x0000000084000000, 0x0000000084000000| Untracked 
|  11|0x0000000084100000, 0x0000000084100000, 0x0000000084200000|  0%| F|  |TAMS 0x0000000084100000, 0x0000000084100000| Untracked 
|  12|0x0000000084200000, 0x0000000084200000, 0x0000000084300000|  0%| F|  |TAMS 0x0000000084200000, 0x0000000084200000| Untracked 
|  13|0x0000000084300000, 0x0000000084300000, 0x0000000084400000|  0%| F|  |TAMS 0x0000000084300000, 0x0000000084300000| Untracked 
|  14|0x0000000084400000, 0x0000000084400000, 0x0000000084500000|  0%| F|  |TAMS 0x0000000084400000, 0x0000000084400000| Untracked 
|  15|0x0000000084500000, 0x0000000084500000, 0x0000000084600000|  0%| F|  |TAMS 0x0000000084500000, 0x0000000084500000| Untracked 
|  16|0x0000000084600000, 0x0000000084600000, 0x0000000084700000|  0%| F|  |TAMS 0x0000000084600000, 0x0000000084600000| Untracked 
|  17|0x0000000084700000, 0x0000000084700000, 0x0000000084800000|  0%| F|  |TAMS 0x0000000084700000, 0x0000000084700000| Untracked 
|  18|0x0000000084800000, 0x0000000084800000, 0x0000000084900000|  0%| F|  |TAMS 0x0000000084800000, 0x0000000084800000| Untracked 
|  19|0x0000000084900000, 0x0000000084911ec0, 0x0000000084a00000|  7%| E|  |TAMS 0x0000000084900000, 0x0000000084900000| Complete 

Card table byte_map: [0x0000020e6e1d0000,0x0000020e6e5c0000] _byte_map_base: 0x0000020e6ddb5000

Marking Bits (Prev, Next): (CMBitMap*) 0x0000020e575a13f0, (CMBitMap*) 0x0000020e575a13b0
 Prev Bits: [0x0000020e708e0000, 0x0000020e72808000)
 Next Bits: [0x0000020e6e9b0000, 0x0000020e708d8000)

Polling page: 0x0000020e56d40000

Metaspace:

Usage:
  Non-class:      8.78 MB used.
      Class:      1.03 MB used.
       Both:      9.81 MB used.

Virtual space:
  Non-class space:       16.00 MB reserved,       8.81 MB ( 55%) committed,  2 nodes.
      Class space:        1.00 GB reserved,       1.06 MB ( <1%) committed,  1 nodes.
              Both:        1.02 GB reserved,       9.88 MB ( <1%) committed. 

Chunk freelists:
   Non-Class:  2.88 MB
       Class:  2.81 MB
        Both:  5.69 MB

MaxMetaspaceSize: 17179869184.00 GB
CompressedClassSpaceSize: 1.00 GB
 - commit_granule_bytes: 65536.
 - commit_granule_words: 8192.
 - virtual_space_node_default_size: 1048576.
 - enlarge_chunks_in_place: 1.
 - new_chunks_are_fully_committed: 0.
 - uncommit_free_chunks: 1.
 - use_allocation_guard: 0.
 - handle_deallocations: 1.


Internal statistics:

num_allocs_failed_limit: 0.
num_arena_births: 92.
num_arena_deaths: 0.
num_vsnodes_births: 3.
num_vsnodes_deaths: 0.
num_space_committed: 158.
num_space_uncommitted: 0.
num_chunks_returned_to_freelist: 0.
num_chunks_taken_from_freelist: 345.
num_chunk_merges: 0.
num_chunk_splits: 252.
num_chunks_enlarged: 202.
num_purges: 0.

CodeHeap 'non-profiled nmethods': size=120000Kb used=475Kb max_used=475Kb free=119524Kb
 bounds [0x0000020e667a0000, 0x0000020e66a10000, 0x0000020e6dcd0000]
CodeHeap 'profiled nmethods': size=120000Kb used=2270Kb max_used=2270Kb free=117729Kb
 bounds [0x0000020e5f270000, 0x0000020e5f4e0000, 0x0000020e667a0000]
CodeHeap 'non-nmethods': size=5760Kb used=1206Kb max_used=1235Kb free=4553Kb
 bounds [0x0000020e5ecd0000, 0x0000020e5ef40000, 0x0000020e5f270000]
 total_blobs=1892 nmethods=1397 adapters=407
 compilation: enabled
              stopped_count=0, restarted_count=0
 full_count=0

Compilation events (20 events):
Event: 16.903 Thread 0x0000020e74fd1b20 1387       3       java.nio.CharBuffer::<init> (24 bytes)
Event: 16.903 Thread 0x0000020e74fd1b20 nmethod 1387 0x0000020e5f4a4490 code [0x0000020e5f4a4640, 0x0000020e5f4a47e8]
Event: 16.903 Thread 0x0000020e74fd1b20 1388       3       java.nio.CharBuffer::limit (6 bytes)
Event: 16.904 Thread 0x0000020e74fd1b20 nmethod 1388 0x0000020e5f4a4890 code [0x0000020e5f4a4a40, 0x0000020e5f4a4be8]
Event: 16.904 Thread 0x0000020e74fd1b20 1389       3       java.nio.CharBuffer::limit (8 bytes)
Event: 16.904 Thread 0x0000020e74fd1b20 nmethod 1389 0x0000020e5f4a4c90 code [0x0000020e5f4a4e40, 0x0000020e5f4a4f88]
Event: 16.905 Thread 0x0000020e74fd1b20 1390   !   3       java.io.BufferedWriter::write (117 bytes)
Event: 16.905 Thread 0x0000020e74fd1b20 nmethod 1390 0x0000020e5f4a5010 code [0x0000020e5f4a5220, 0x0000020e5f4a5808]
Event: 16.905 Thread 0x0000020e74fd1b20 1391       3       java.io.BufferedWriter::min (9 bytes)
Event: 16.905 Thread 0x0000020e74fd1b20 nmethod 1391 0x0000020e5f4a5b90 code [0x0000020e5f4a5d40, 0x0000020e5f4a5eb8]
Event: 16.905 Thread 0x0000020e74fd1b20 1392       3       java.io.Writer::write (11 bytes)
Event: 16.905 Thread 0x0000020e74fd1b20 nmethod 1392 0x0000020e5f4a5f90 code [0x0000020e5f4a6160, 0x0000020e5f4a6448]
Event: 16.906 Thread 0x0000020e74fd1b20 1393       3       java.io.OutputStream::flush (1 bytes)
Event: 16.906 Thread 0x0000020e74fd1b20 nmethod 1393 0x0000020e5f4a6590 code [0x0000020e5f4a6720, 0x0000020e5f4a6838]
Event: 16.906 Thread 0x0000020e74fd1b20 1394  s    3       java.io.BufferedOutputStream::flush (12 bytes)
Event: 16.907 Thread 0x0000020e74fd1b20 nmethod 1394 0x0000020e5f4a6910 code [0x0000020e5f4a6ae0, 0x0000020e5f4a6ef8]
Event: 16.908 Thread 0x0000020e74fd0080 1395       4       java.lang.StringLatin1::inflate (34 bytes)
Event: 16.914 Thread 0x0000020e74fd0080 nmethod 1395 0x0000020e66816990 code [0x0000020e66816b20, 0x0000020e66816e58]
Event: 16.914 Thread 0x0000020e74fd1b20 1396       3       java.net.URL::getDefaultPort (8 bytes)
Event: 16.914 Thread 0x0000020e74fd1b20 nmethod 1396 0x0000020e5f4a7010 code [0x0000020e5f4a71c0, 0x0000020e5f4a73a8]

GC Heap History (6 events):
Event: 4.349 GC heap before
{Heap before GC invocations=0 (full 0):
 garbage-first heap   total 129024K, used 20480K [0x0000000083600000, 0x0000000100000000)
  region size 1024K, 21 young (21504K), 0 survivors (0K)
 Metaspace       used 4698K, committed 4928K, reserved 1056768K
  class space    used 395K, committed 512K, reserved 1048576K
}
Event: 4.352 GC heap after
{Heap after GC invocations=1 (full 0):
 garbage-first heap   total 129024K, used 4059K [0x0000000083600000, 0x0000000100000000)
  region size 1024K, 3 young (3072K), 3 survivors (3072K)
 Metaspace       used 4698K, committed 4928K, reserved 1056768K
  class space    used 395K, committed 512K, reserved 1048576K
}
Event: 16.849 GC heap before
{Heap before GC invocations=1 (full 0):
 garbage-first heap   total 129024K, used 22491K [0x0000000083600000, 0x0000000100000000)
  region size 1024K, 22 young (22528K), 3 survivors (3072K)
 Metaspace       used 9961K, committed 10112K, reserved 1064960K
  class space    used 1044K, committed 1088K, reserved 1048576K
}
Event: 16.859 GC heap after
{Heap after GC invocations=2 (full 1):
 garbage-first heap   total 24576K, used 5471K [0x0000000083600000, 0x0000000100000000)
  region size 1024K, 0 young (0K), 0 survivors (0K)
 Metaspace       used 9961K, committed 10112K, reserved 1064960K
  class space    used 1044K, committed 1088K, reserved 1048576K
}
Event: 16.917 GC heap before
{Heap before GC invocations=2 (full 1):
 garbage-first heap   total 24576K, used 5471K [0x0000000083600000, 0x0000000100000000)
  region size 1024K, 1 young (1024K), 0 survivors (0K)
 Metaspace       used 10030K, committed 10112K, reserved 1064960K
  class space    used 1051K, committed 1088K, reserved 1048576K
}
Event: 16.924 GC heap after
{Heap after GC invocations=3 (full 2):
 garbage-first heap   total 20480K, used 5396K [0x0000000083600000, 0x0000000100000000)
  region size 1024K, 0 young (0K), 0 survivors (0K)
 Metaspace       used 10030K, committed 10112K, reserved 1064960K
  class space    used 1051K, committed 1088K, reserved 1048576K
}

Deoptimization events (20 events):
Event: 11.540 Thread 0x0000020e57561190 Uncommon trap: trap_request=0xffffffde fr.pc=0x0000020e667f8534 relative=0x0000000000001394
Event: 11.540 Thread 0x0000020e57561190 Uncommon trap: reason=class_check action=maybe_recompile pc=0x0000020e667f8534 method=java.util.HashMap.putVal(ILjava/lang/Object;Ljava/lang/Object;ZZ)Ljava/lang/Object; @ 203 c2
Event: 11.540 Thread 0x0000020e57561190 DEOPT PACKING pc=0x0000020e667f8534 sp=0x0000007cc7bf73d0
Event: 11.540 Thread 0x0000020e57561190 DEOPT UNPACKING pc=0x0000020e5ed1d72e sp=0x0000007cc7bf7310 mode 2
Event: 11.588 Thread 0x0000020e57561190 Uncommon trap: trap_request=0xffffff45 fr.pc=0x0000020e66812bf4 relative=0x00000000000002b4
Event: 11.588 Thread 0x0000020e57561190 Uncommon trap: reason=unstable_if action=reinterpret pc=0x0000020e66812bf4 method=java.util.HashMap.hash(Ljava/lang/Object;)I @ 1 c2
Event: 11.588 Thread 0x0000020e57561190 DEOPT PACKING pc=0x0000020e66812bf4 sp=0x0000007cc7bf9270
Event: 11.588 Thread 0x0000020e57561190 DEOPT UNPACKING pc=0x0000020e5ed1d72e sp=0x0000007cc7bf9118 mode 2
Event: 11.588 Thread 0x0000020e57561190 Uncommon trap: trap_request=0xffffff45 fr.pc=0x0000020e6681043c relative=0x000000000000157c
Event: 11.588 Thread 0x0000020e57561190 Uncommon trap: reason=unstable_if action=reinterpret pc=0x0000020e6681043c method=java.util.HashMap.hash(Ljava/lang/Object;)I @ 1 c2
Event: 11.588 Thread 0x0000020e57561190 DEOPT PACKING pc=0x0000020e6681043c sp=0x0000007cc7bf9210
Event: 11.588 Thread 0x0000020e57561190 DEOPT UNPACKING pc=0x0000020e5ed1d72e sp=0x0000007cc7bf91c0 mode 2
Event: 11.588 Thread 0x0000020e57561190 Uncommon trap: trap_request=0xffffff45 fr.pc=0x0000020e667f9500 relative=0x00000000000002c0
Event: 11.588 Thread 0x0000020e57561190 Uncommon trap: reason=unstable_if action=reinterpret pc=0x0000020e667f9500 method=java.util.HashMap.hash(Ljava/lang/Object;)I @ 1 c2
Event: 11.588 Thread 0x0000020e57561190 DEOPT PACKING pc=0x0000020e667f9500 sp=0x0000007cc7bf91f0
Event: 11.588 Thread 0x0000020e57561190 DEOPT UNPACKING pc=0x0000020e5ed1d72e sp=0x0000007cc7bf9108 mode 2
Event: 11.588 Thread 0x0000020e57561190 Uncommon trap: trap_request=0xffffff45 fr.pc=0x0000020e667f653c relative=0x000000000000009c
Event: 11.588 Thread 0x0000020e57561190 Uncommon trap: reason=unstable_if action=reinterpret pc=0x0000020e667f653c method=java.util.HashMap.hash(Ljava/lang/Object;)I @ 1 c2
Event: 11.588 Thread 0x0000020e57561190 DEOPT PACKING pc=0x0000020e667f653c sp=0x0000007cc7bf9220
Event: 11.588 Thread 0x0000020e57561190 DEOPT UNPACKING pc=0x0000020e5ed1d72e sp=0x0000007cc7bf91b8 mode 2

Classes unloaded (0 events):
No events

Classes redefined (0 events):
No events

Internal exceptions (14 events):
Event: 0.057 Thread 0x0000020e57561190 Exception <a 'sun/nio/fs/WindowsException'{0x000000008b235698}> (0x000000008b235698) 
thrown [t:\workspace\open\src\hotspot\share\prims\jni.cpp, line 579]
Event: 0.057 Thread 0x0000020e57561190 Exception <a 'sun/nio/fs/WindowsException'{0x000000008b235cb8}> (0x000000008b235cb8) 
thrown [t:\workspace\open\src\hotspot\share\prims\jni.cpp, line 579]
Event: 0.058 Thread 0x0000020e57561190 Exception <a 'sun/nio/fs/WindowsException'{0x000000008b238fd8}> (0x000000008b238fd8) 
thrown [t:\workspace\open\src\hotspot\share\prims\jni.cpp, line 579]
Event: 0.154 Thread 0x0000020e57561190 Exception <a 'java/lang/NoSuchMethodError'{0x000000008a6a4c90}: 'void java.lang.invoke.DirectMethodHandle$Holder.invokeSpecial(java.lang.Object, java.lang.Object, java.lang.Object)'> (0x000000008a6a4c90) 
thrown [t:\workspace\open\src\hotspot\share\interpreter\linkResolver.cpp, line 790]
Event: 0.155 Thread 0x0000020e57561190 Exception <a 'java/lang/NoSuchMethodError'{0x000000008a6b5330}: 'java.lang.Object java.lang.invoke.DirectMethodHandle$Holder.invokeStatic(java.lang.Object)'> (0x000000008a6b5330) 
thrown [t:\workspace\open\src\hotspot\share\interpreter\linkResolver.cpp, line 790]
Event: 11.361 Thread 0x0000020e57561190 Exception <a 'java/lang/NoSuchMethodError'{0x000000008b194428}: 'java.lang.Object java.lang.invoke.DirectMethodHandle$Holder.invokeStaticInit(java.lang.Object)'> (0x000000008b194428) 
thrown [t:\workspace\open\src\hotspot\share\interpreter\linkResolver.cpp, line 790]
Event: 11.361 Thread 0x0000020e57561190 Exception <a 'java/lang/NoSuchMethodError'{0x000000008b19a708}: 'java.lang.Object java.lang.invoke.DirectMethodHandle$Holder.invokeInterface(java.lang.Object, java.lang.Object)'> (0x000000008b19a708) 
thrown [t:\workspace\open\src\hotspot\share\interpreter\linkResolver.cpp, line 790]
Event: 11.403 Thread 0x0000020e57561190 Exception <a 'java/lang/NoSuchMethodError'{0x000000008ad32d48}: 'java.lang.Object java.lang.invoke.DirectMethodHandle$Holder.newInvokeSpecial(java.lang.Object, java.lang.Object, java.lang.Object, java.lang.Object, java.lang.Object)'> (0x000000008ad32d48) 
thrown [t:\workspace\open\src\hotspot\share\interpreter\linkResolver.cpp, line 790]
Event: 11.474 Thread 0x0000020e57561190 Exception <a 'java/lang/NoSuchMethodError'{0x000000008a909e68}: 'java.lang.Object java.lang.invoke.DirectMethodHandle$Holder.invokeSpecial(java.lang.Object, java.lang.Object, java.lang.Object, java.lang.Object, java.lang.Object, java.lang.Object, int)'> (0x000000008a909e68) 
thrown [t:\workspace\open\src\hotspot\share\interpreter\linkResolver.cpp, line 790]
Event: 11.580 Thread 0x0000020e57561190 Exception <a 'java/lang/NoSuchMethodError'{0x000000008a1203c8}: 'void java.lang.invoke.DirectMethodHandle$Holder.invokeStatic(java.lang.Object, java.lang.Object)'> (0x000000008a1203c8) 
thrown [t:\workspace\open\src\hotspot\share\interpreter\linkResolver.cpp, line 790]
Event: 11.588 Thread 0x0000020e57561190 Implicit null exception at 0x0000020e6681298c to 0x0000020e66812bd8
Event: 11.588 Thread 0x0000020e57561190 Implicit null exception at 0x0000020e6680ef01 to 0x0000020e66810427
Event: 11.588 Thread 0x0000020e57561190 Implicit null exception at 0x0000020e667f928e to 0x0000020e667f94e0
Event: 11.588 Thread 0x0000020e57561190 Implicit null exception at 0x0000020e667f64af to 0x0000020e667f652d

Events (20 events):
Event: 16.860 loading class java/lang/ref/Finalizer$2 done
Event: 16.861 loading class java/lang/ref/Finalizer$1
Event: 16.861 loading class java/lang/ref/Finalizer$1 done
Event: 16.861 Thread 0x0000020e77b95490 Thread added: 0x0000020e77b95490
Event: 16.862 Thread 0x0000020e77b95490 Thread exited: 0x0000020e77b95490
Event: 16.863 Thread 0x0000020e77b95490 Thread added: 0x0000020e77b95490
Event: 16.871 Thread 0x0000020e57561190 Thread exited: 0x0000020e57561190
Event: 16.871 Thread 0x0000020e57561190 Thread added: 0x0000020e57561190
Event: 16.871 Thread 0x0000020e76774f30 Thread added: 0x0000020e76774f30
Event: 16.871 Thread 0x0000020e76551a80 Thread added: 0x0000020e76551a80
Event: 16.871 Thread 0x0000020e76774f30 Thread exited: 0x0000020e76774f30
Event: 16.873 loading class java/lang/Throwable$WrappedPrintStream
Event: 16.873 loading class java/lang/Throwable$PrintStreamOrWriter
Event: 16.873 loading class java/lang/Throwable$PrintStreamOrWriter done
Event: 16.873 loading class java/lang/Throwable$WrappedPrintStream done
Event: 16.873 loading class java/lang/StackTraceElement$HashedModules
Event: 16.873 loading class java/lang/StackTraceElement$HashedModules done
Event: 16.917 Executing  VM operation: G1CollectFull
Event: 16.924 Executing  VM operation: G1CollectFull done
Event: 16.924 Thread 0x0000020e76774f30 Thread added: 0x0000020e76774f30


Dynamic libraries:
0x00007ff7f3ee0000 - 0x00007ff7f3eee000 	C:\jdk-16.0.1\bin\java.exe
0x00007ffd69690000 - 0x00007ffd69885000 	C:\WINDOWS\SYSTEM32\ntdll.dll
0x00007ffd67c70000 - 0x00007ffd67d2e000 	C:\WINDOWS\System32\KERNEL32.DLL
0x00007ffd66da0000 - 0x00007ffd67068000 	C:\WINDOWS\System32\KERNELBASE.dll
0x00007ffd675d0000 - 0x00007ffd676d0000 	C:\WINDOWS\System32\ucrtbase.dll
0x00007ffd61cb0000 - 0x00007ffd61cc9000 	C:\jdk-16.0.1\bin\VCRUNTIME140.dll
0x00007ffd22eb0000 - 0x00007ffd22ec8000 	C:\jdk-16.0.1\bin\jli.dll
0x00007ffd69390000 - 0x00007ffd69531000 	C:\WINDOWS\System32\USER32.dll
0x00007ffd671a0000 - 0x00007ffd671c2000 	C:\WINDOWS\System32\win32u.dll
0x00007ffd5beb0000 - 0x00007ffd5c14a000 	C:\WINDOWS\WinSxS\amd64_microsoft.windows.common-controls_6595b64144ccf1df_6.0.19041.1110_none_60b5254171f9507e\COMCTL32.dll
0x00007ffd67eb0000 - 0x00007ffd67edb000 	C:\WINDOWS\System32\GDI32.dll
0x00007ffd67d40000 - 0x00007ffd67dde000 	C:\WINDOWS\System32\msvcrt.dll
0x00007ffd67330000 - 0x00007ffd6743d000 	C:\WINDOWS\System32\gdi32full.dll
0x00007ffd67100000 - 0x00007ffd6719d000 	C:\WINDOWS\System32\msvcp_win.dll
0x00007ffd695c0000 - 0x00007ffd695f0000 	C:\WINDOWS\System32\IMM32.DLL
0x00007ffd61ca0000 - 0x00007ffd61cac000 	C:\jdk-16.0.1\bin\vcruntime140_1.dll
0x00007ffd3f6a0000 - 0x00007ffd3f731000 	C:\jdk-16.0.1\bin\msvcp140.dll
0x00007ffd0ce40000 - 0x00007ffd0d9eb000 	C:\jdk-16.0.1\bin\server\jvm.dll
0x00007ffd68b90000 - 0x00007ffd68c3e000 	C:\WINDOWS\System32\ADVAPI32.dll
0x00007ffd68200000 - 0x00007ffd6829c000 	C:\WINDOWS\System32\sechost.dll
0x00007ffd680d0000 - 0x00007ffd681f5000 	C:\WINDOWS\System32\RPCRT4.dll
0x00007ffd67f90000 - 0x00007ffd67f98000 	C:\WINDOWS\System32\PSAPI.DLL
0x00007ffd62260000 - 0x00007ffd62269000 	C:\WINDOWS\SYSTEM32\WSOCK32.dll
0x00007ffd5bc20000 - 0x00007ffd5bc47000 	C:\WINDOWS\SYSTEM32\WINMM.dll
0x00007ffd619b0000 - 0x00007ffd619ba000 	C:\WINDOWS\SYSTEM32\VERSION.dll
0x00007ffd68940000 - 0x00007ffd689ab000 	C:\WINDOWS\System32\WS2_32.dll
0x00007ffd64cb0000 - 0x00007ffd64cc2000 	C:\WINDOWS\SYSTEM32\kernel.appcore.dll
0x00007ffd61c90000 - 0x00007ffd61c9a000 	C:\jdk-16.0.1\bin\jimage.dll
0x00007ffd5af80000 - 0x00007ffd5b164000 	C:\WINDOWS\SYSTEM32\DBGHELP.DLL
0x00007ffd5a620000 - 0x00007ffd5a64c000 	C:\WINDOWS\SYSTEM32\dbgcore.DLL
0x00007ffd67070000 - 0x00007ffd670f2000 	C:\WINDOWS\System32\bcryptPrimitives.dll
0x00007ffd5bb10000 - 0x00007ffd5bb35000 	C:\jdk-16.0.1\bin\java.dll
0x00007ffd68c40000 - 0x00007ffd69384000 	C:\WINDOWS\System32\SHELL32.dll
0x00007ffd64eb0000 - 0x00007ffd65645000 	C:\WINDOWS\SYSTEM32\windows.storage.dll
0x00007ffd676d0000 - 0x00007ffd67a25000 	C:\WINDOWS\System32\combase.dll
0x00007ffd66720000 - 0x00007ffd6674e000 	C:\WINDOWS\SYSTEM32\Wldp.dll
0x00007ffd682a0000 - 0x00007ffd6834d000 	C:\WINDOWS\System32\SHCORE.dll
0x00007ffd67a30000 - 0x00007ffd67a85000 	C:\WINDOWS\System32\shlwapi.dll
0x00007ffd66ce0000 - 0x00007ffd66cff000 	C:\WINDOWS\SYSTEM32\profapi.dll
0x00007ffd5bad0000 - 0x00007ffd5bae9000 	C:\jdk-16.0.1\bin\net.dll
0x00007ffd61a40000 - 0x00007ffd61b4c000 	C:\WINDOWS\SYSTEM32\WINHTTP.dll
0x00007ffd66480000 - 0x00007ffd664ea000 	C:\WINDOWS\system32\mswsock.dll
0x00007ffd46790000 - 0x00007ffd467a3000 	C:\jdk-16.0.1\bin\nio.dll
0x00007ffd46770000 - 0x00007ffd46788000 	C:\jdk-16.0.1\bin\zip.dll
0x00007ffd5bac0000 - 0x00007ffd5bad0000 	C:\jdk-16.0.1\bin\verify.dll
0x000000006f4f0000 - 0x000000006f7ce000 	C:\Users\dam_aap\AppData\Local\Temp\QtJambi_dam_aap_amd64_4.8.7_msvc2013x64-20150908-1314\lib\QtCore4.dll
0x00007ffd67fa0000 - 0x00007ffd680ca000 	C:\WINDOWS\System32\ole32.dll
0x00007ffd23130000 - 0x00007ffd231d6000 	C:\WINDOWS\SYSTEM32\MSVCP120.dll
0x00007ffd23040000 - 0x00007ffd2312f000 	C:\WINDOWS\SYSTEM32\MSVCR120.dll
0x00007ffd23000000 - 0x00007ffd23040000 	C:\Users\dam_aap\AppData\Local\Temp\QtJambi_dam_aap_amd64_4.8.7_msvc2013x64-20150908-1314\lib\qtjambi.dll
0x00007ffd15ed0000 - 0x00007ffd15fff000 	C:\Users\dam_aap\AppData\Local\Temp\QtJambi_dam_aap_amd64_4.8.7_msvc2013x64-20150908-1314\lib\com_trolltech_qt_core.dll
0x000000006eb80000 - 0x000000006f4ee000 	C:\Users\dam_aap\AppData\Local\Temp\QtJambi_dam_aap_amd64_4.8.7_msvc2013x64-20150908-1314\lib\QtGui4.dll
0x00007ffd687d0000 - 0x00007ffd688aa000 	C:\WINDOWS\System32\COMDLG32.dll
0x00007ffd67de0000 - 0x00007ffd67ead000 	C:\WINDOWS\System32\OLEAUT32.dll
0x00007ffd3abf0000 - 0x00007ffd3ac85000 	C:\WINDOWS\SYSTEM32\WINSPOOL.DRV
0x00007ffd099d0000 - 0x00007ffd0a0ff000 	C:\Users\dam_aap\AppData\Local\Temp\QtJambi_dam_aap_amd64_4.8.7_msvc2013x64-20150908-1314\lib\com_trolltech_qt_gui.dll
0x00007ffd647d0000 - 0x00007ffd6486e000 	C:\WINDOWS\system32\uxtheme.dll
0x00007ffd68a70000 - 0x00007ffd68b85000 	C:\WINDOWS\System32\MSCTF.dll
0x00007ffd5bb80000 - 0x00007ffd5bb8d000 	C:\Users\dam_aap\AppData\Local\Temp\QtJambi_dam_aap_amd64_4.8.7_msvc2013x64-20150908-1314\plugins\imageformats\qgif4.dll
0x00007ffd22ff0000 - 0x00007ffd22ffe000 	C:\Users\dam_aap\AppData\Local\Temp\QtJambi_dam_aap_amd64_4.8.7_msvc2013x64-20150908-1314\plugins\imageformats\qico4.dll
0x00007ffd22fb0000 - 0x00007ffd22fed000 	C:\Users\dam_aap\AppData\Local\Temp\QtJambi_dam_aap_amd64_4.8.7_msvc2013x64-20150908-1314\plugins\imageformats\qjpeg4.dll
0x00007ffd22780000 - 0x00007ffd227c9000 	C:\Users\dam_aap\AppData\Local\Temp\QtJambi_dam_aap_amd64_4.8.7_msvc2013x64-20150908-1314\plugins\imageformats\qmng4.dll
0x00007ffd226e0000 - 0x00007ffd2273b000 	C:\Users\dam_aap\AppData\Local\Temp\QtJambi_dam_aap_amd64_4.8.7_msvc2013x64-20150908-1314\plugins\imageformats\qtiff4.dll
0x00007ffd5fde0000 - 0x00007ffd5fed9000 	C:\WINDOWS\SYSTEM32\textinputframework.dll
0x00007ffd63e30000 - 0x00007ffd6418e000 	C:\WINDOWS\System32\CoreUIComponents.dll
0x00007ffd64190000 - 0x00007ffd64282000 	C:\WINDOWS\System32\CoreMessaging.dll
0x00007ffd659f0000 - 0x00007ffd65a23000 	C:\WINDOWS\SYSTEM32\ntmarta.dll
0x00007ffd63760000 - 0x00007ffd638b4000 	C:\WINDOWS\SYSTEM32\wintypes.dll
0x00007ffd3d9c0000 - 0x00007ffd3da70000 	C:\WINDOWS\WinSxS\amd64_microsoft.windows.common-controls_6595b64144ccf1df_5.82.19041.1110_none_792d1c772443f647\comctl32.dll
0x00007ffd67ee0000 - 0x00007ffd67f89000 	C:\WINDOWS\System32\clbcatq.dll
0x00007ffd661b0000 - 0x00007ffd6627b000 	C:\WINDOWS\SYSTEM32\DNSAPI.dll
0x00007ffd66170000 - 0x00007ffd661ab000 	C:\WINDOWS\SYSTEM32\IPHLPAPI.DLL
0x00007ffd67c40000 - 0x00007ffd67c48000 	C:\WINDOWS\System32\NSI.dll
0x00007ffd5f700000 - 0x00007ffd5f70a000 	C:\Windows\System32\rasadhlp.dll
0x00007ffd62280000 - 0x00007ffd622ff000 	C:\WINDOWS\System32\fwpuclnt.dll
0x00007ffd675a0000 - 0x00007ffd675c7000 	C:\WINDOWS\System32\bcrypt.dll
0x00007ffd54930000 - 0x00007ffd5496b000 	C:\WINDOWS\SYSTEM32\dxcore.dll
0x00007ffd672e0000 - 0x00007ffd6732e000 	C:\WINDOWS\System32\cfgmgr32.dll

dbghelp: loaded successfully - version: 4.0.5 - missing functions: none
symbol engine: initialized successfully - sym options: 0x614 - pdb path: .;C:\jdk-16.0.1\bin;C:\WINDOWS\SYSTEM32;C:\WINDOWS\WinSxS\amd64_microsoft.windows.common-controls_6595b64144ccf1df_6.0.19041.1110_none_60b5254171f9507e;C:\jdk-16.0.1\bin\server;C:\Users\dam_aap\AppData\Local\Temp\QtJambi_dam_aap_amd64_4.8.7_msvc2013x64-20150908-1314\lib;C:\Users\dam_aap\AppData\Local\Temp\QtJambi_dam_aap_amd64_4.8.7_msvc2013x64-20150908-1314\plugins\imageformats;C:\WINDOWS\WinSxS\amd64_microsoft.windows.common-controls_6595b64144ccf1df_5.82.19041.1110_none_792d1c772443f647

VM Arguments:
jvm_args: -Dfile.encoding=UTF-8 --module-path=C:\Users\dam_aap\Desktop\ProyectoConjunto\gym\Gimansio3.0\Gimnasio1.0\Interfaz\NetBeans\GymDam\build\classes 
java_command: gymdam.GymDam
java_class_path (initial): D:\qtjambi-community-4.8.7-win64-msvc2013\qtjambi-4.8.7.jar;D:\qtjambi-community-4.8.7-win64-msvc2013\qtjambi-designer-4.8.7.jar;D:\qtjambi-community-4.8.7-win64-msvc2013\qtjambi-examples-4.8.7.jar;D:\qtjambi-community-4.8.7-win64-msvc2013\qtjambi-examples-src.jar;D:\qtjambi-community-4.8.7-win64-msvc2013\qtjambi-native-win64-msvc2013x64-4.8.7.jar;D:\qtjambi-community-4.8.7-win64-msvc2013\qtjambi-src.jar;C:\Users\dam_aap\Desktop\json\json-20211205.jar;C:\Program Files\NetBeans-12.4\netbeans\ide\modules\ext\jaxb\jaxb-impl.jar;C:\Program Files\NetBeans-12.4\netbeans\ide\modules\ext\jaxb\jaxb-xjc.jar;C:\Program Files\NetBeans-12.4\netbeans\java\modules\ext\jaxws22\FastInfoset.jar;C:\Program Files\NetBeans-12.4\netbeans\java\modules\ext\jaxws22\gmbal-api-only.jar;C:\Program Files\NetBeans-12.4\netbeans\java\modules\ext\jaxws22\ha-api.jar;C:\Program Files\NetBeans-12.4\netbeans\java\modules\ext\jaxws22\javax.mail_1.4.jar;C:\Program Files\NetBeans-12.4\netbeans\java\modules\ext\jaxws22\jaxws-rt.jar;C:\Program Files\NetBeans-12.4\netbeans\java\modules\ext\jaxws22\jaxws-tools.jar;C:\Program Files\NetBeans-12.4\netbeans\java\modules\ext\jaxws22\management-api.jar;C:\Program Files\NetBeans-12.4\netbeans\java\modules\ext\jaxws22\mimepull.jar;C:\Program Files\NetBeans-12.4\netbeans\java\modules\ext\jaxws22\policy.jar;C:\Program Files\NetBeans-12.4\netbeans\java\modules\ext\jaxws22\saaj-impl.jar;C:\Program Files\NetBeans-12.4\netbeans\java\modules\ext\jaxws22\stax-ex.jar;C:\Program Files\NetBeans-12.4\netbeans\java\modules\ext\jaxws22\stax2-api.jar;C:\Program Files\NetBeans-12.4\netbeans\java\modules\ext\jaxws22\streambuffer.jar;C:\Program Files\NetBeans-12.4\netbeans\java\modules\ext\jaxws22\woodstox-core-asl.jar;C:\Program Files\NetBeans-12.4\netbeans\java\modules\ext\jaxws22\api\jaxws-api.jar;C:\Program Files\NetBeans-12.4\netbeans\java\modules\ext\jaxws22\api\jsr181-api.jar;C:\Program Files\NetBeans-12.4\netbeans\java\modules\ext\jaxws22\api\java
Launcher Type: SUN_STANDARD

[Global flags]
     intx CICompilerCount                          = 3                                         {product} {ergonomic}
     uint ConcGCThreads                            = 2                                         {product} {ergonomic}
     uint G1ConcRefinementThreads                  = 6                                         {product} {ergonomic}
   size_t G1HeapRegionSize                         = 1048576                                   {product} {ergonomic}
    uintx GCDrainStackTargetSize                   = 64                                        {product} {ergonomic}
   size_t InitialHeapSize                          = 132120576                                 {product} {ergonomic}
   size_t MarkStackSize                            = 4194304                                   {product} {ergonomic}
   size_t MaxHeapSize                              = 2090860544                                {product} {ergonomic}
   size_t MaxNewSize                               = 1254096896                                {product} {ergonomic}
   size_t MinHeapDeltaBytes                        = 1048576                                   {product} {ergonomic}
   size_t MinHeapSize                              = 8388608                                   {product} {ergonomic}
    uintx NonNMethodCodeHeapSize                   = 5832780                                {pd product} {ergonomic}
    uintx NonProfiledCodeHeapSize                  = 122912730                              {pd product} {ergonomic}
    uintx ProfiledCodeHeapSize                     = 122912730                              {pd product} {ergonomic}
    uintx ReservedCodeCacheSize                    = 251658240                              {pd product} {ergonomic}
     bool SegmentedCodeCache                       = true                                      {product} {ergonomic}
   size_t SoftMaxHeapSize                          = 2090860544                             {manageable} {ergonomic}
     bool UseCompressedClassPointers               = true                           {product lp64_product} {ergonomic}
     bool UseCompressedOops                        = true                           {product lp64_product} {ergonomic}
     bool UseG1GC                                  = true                                      {product} {ergonomic}
     bool UseLargePagesIndividualAllocation        = false                                  {pd product} {ergonomic}

Logging:
Log output configuration:
 #0: stdout all=warning uptime,level,tags
 #1: stderr all=off uptime,level,tags

Environment Variables:
JAVA_HOME=c:\jdk-16.0.1
PATH=C:\Program Files (x86)\VMware\VMware Player\bin\;C:\jdk-16.0.1\bin;C:\WINDOWS\system32;C:\WINDOWS;C:\WINDOWS\System32\Wbem;C:\WINDOWS\System32\WindowsPowerShell\v1.0\;C:\WINDOWS\System32\OpenSSH\;C:\Program Files\PowerShell\7\;C:\Program Files\Microsoft SQL Server\Client SDK\ODBC\170\Tools\Binn\;C:\Program Files (x86)\Microsoft SQL Server\150\Tools\Binn\;C:\Program Files\Microsoft SQL Server\150\Tools\Binn\;C:\Program Files\Microsoft SQL Server\150\DTS\Binn\;C:\Program Files\Azure Data Studio\bin;C:\Program Files\dotnet\;C:\ProgramData\chocolatey\bin;C:\flutter\bin;C:\Users\dam_aap\AppData\Local\Microsoft\WindowsApps;D:\Microsoft VS Code\bin;C:\Users\dam_aap\AppData\Local\Programs\Git\cmd
USERNAME=dam_aap
OS=Windows_NT
PROCESSOR_IDENTIFIER=Intel64 Family 6 Model 158 Stepping 10, GenuineIntel



---------------  S Y S T E M  ---------------

OS:
 Windows 10 , 64 bit Build 19041 (10.0.19041.1466)
OS uptime: 0 days 3:25 hours

CPU: total 6 (initial active 6) (6 cores per cpu, 1 threads per core) family 6 model 158 stepping 10 microcode 0xb4, cx8, cmov, fxsr, mmx, 3dnowpref, sse, sse2, sse3, ssse3, sse4.1, sse4.2, popcnt, lzcnt, tsc, tscinvbit, avx, avx2, aes, erms, clmul, bmi1, bmi2, rtm, adx, fma, vzeroupper, clflush, clflushopt

Memory: 4k page, system-wide physical 7973M (899M free)
TotalPageFile size 14885M (AvailPageFile size 5735M)
current process WorkingSet (physical memory assigned to process): 80M, peak: 107M
current process commit charge ("private bytes"): 121M, peak: 245M

vm_info: OpenJDK 64-Bit Server VM (16.0.1+9-24) for windows-amd64 JRE (16.0.1+9-24), built on Mar 26 2021 19:30:07 by "mach5one" with MS VC++ 16.7 (VS2019)

END.
