#
# A fatal error has been detected by the Java Runtime Environment:
#
#  EXCEPTION_ACCESS_VIOLATION (0xc0000005) at pc=0x0000000073692cbd, pid=8452, tid=4596
#
# JRE version: OpenJDK Runtime Environment (16.0.1+9) (build 16.0.1+9-24)
# Java VM: OpenJDK 64-Bit Server VM (16.0.1+9-24, mixed mode, sharing, tiered, compressed oops, compressed class ptrs, g1 gc, windows-amd64)
# Problematic frame:
# C  [QtGui4.dll+0x62cbd]
#
# No core dump will be written. Minidumps are not enabled by default on client versions of Windows
#
# If you would like to submit a bug report, please visit:
#   https://bugreport.java.com/bugreport/crash.jsp
# The crash happened outside the Java Virtual Machine in native code.
# See problematic frame for where to report the bug.
#

---------------  S U M M A R Y ------------

Command Line: -Dfile.encoding=UTF-8 --module-path=C:\Users\dam_aap\Desktop\ProyectoConjunto\gym\Gimansio3.0\Gimnasio1.0\Interfaz\NetBeans\GymDam\build\classes gymdam.GymDam

Host: Intel(R) Core(TM) i5-9500 CPU @ 3.00GHz, 6 cores, 7G,  Windows 10 , 64 bit Build 19041 (10.0.19041.1466)
Time: Tue Feb 15 09:24:31 2022 Hora estándar romance elapsed time: 41.628807 seconds (0d 0h 0m 41s)

---------------  T H R E A D  ---------------

Current thread (0x000001d2045c78e0):  
[error occurred during error reporting (printing current thread), id 0xc0000005, EXCEPTION_ACCESS_VIOLATION (0xc0000005) at pc=0x00007ffbda94053d]

Stack: [0x0000003d13500000,0x0000003d13600000],  sp=0x0000003d135ff130,  free space=1020k
Native frames: (J=compiled Java code, j=interpreted, Vv=VM code, C=native code)
C  [QtGui4.dll+0x62cbd]

Java frames: (J=compiled Java code, j=interpreted, Vv=VM code)
J 729  com.trolltech.qt.internal.QtJambiObject.finalize()V (0 bytes) @ 0x000001d275de50eb [0x000001d275de50a0+0x000000000000004b]
J 723 c1 java.lang.ref.Finalizer.runFinalizer(Ljdk/internal/access/JavaLangAccess;)V java.base@16.0.1 (131 bytes) @ 0x000001d26e984024 [0x000001d26e9839c0+0x0000000000000664]
j  java.lang.ref.Finalizer$FinalizerThread.run()V+46 java.base@16.0.1
v  ~StubRoutines::call_stub

siginfo: EXCEPTION_ACCESS_VIOLATION (0xc0000005), reading address 0x0000000000000008


Register to memory mapping:

RIP=0x0000000073692cbd QtGui4.dll
RAX=0x0 is NULL
RBX=0x00000000ffffffff is an unallocated location in the heap
RCX=0x000001d2051f1ad0 points into unknown readable memory: 0x0000000000000001 | 01 00 00 00 00 00 00 00
RDX=0x0000000000000001 is an unknown value
RSP=0x0000003d135ff130 is pointing into the stack for thread: 0x000001d2045c78e0
RBP=0x0000000000000002 is an unknown value
RSI=0x000001d2056cb0b0 points into unknown readable memory: 0x0000000073c83148 | 48 31 c8 73 00 00 00 00
RDI=0x000001d2056cb0b0 points into unknown readable memory: 0x0000000073c83148 | 48 31 c8 73 00 00 00 00
R8 =0x00000000000000cb is an unknown value
R9 =0x0000000000000040 is an unknown value
R10=0x00000000000000c0 is an unknown value
R11=0x8070220067ad85c0 is an unknown value
R12=0x000001d2056cb470 points into unknown readable memory: 0x0000000073c2fe58 | 58 fe c2 73 00 00 00 00
R13=0x000001d205961a40 points into unknown readable memory: 0x0000000073c991f0 | f0 91 c9 73 00 00 00 00
R14=0x0 is NULL
R15=0x0 is NULL


Registers:
RAX=0x0000000000000000, RBX=0x00000000ffffffff, RCX=0x000001d2051f1ad0, RDX=0x0000000000000001
RSP=0x0000003d135ff130, RBP=0x0000000000000002, RSI=0x000001d2056cb0b0, RDI=0x000001d2056cb0b0
R8 =0x00000000000000cb, R9 =0x0000000000000040, R10=0x00000000000000c0, R11=0x8070220067ad85c0
R12=0x000001d2056cb470, R13=0x000001d205961a40, R14=0x0000000000000000, R15=0x0000000000000000
RIP=0x0000000073692cbd, EFLAGS=0x0000000000010202

Top of Stack: (sp=0x0000003d135ff130)
0x0000003d135ff130:   000001d2051f1ad0 00000000ffffffff
0x0000003d135ff140:   0000000000000002 00007ffbe98669d8
0x0000003d135ff150:   000001d200000000 0000000000000002
0x0000003d135ff160:   fffffffffffffffe 000001d2056cb470
0x0000003d135ff170:   0000000000000000 00000000739ab1ce
0x0000003d135ff180:   000001d20590c390 0000000000000001
0x0000003d135ff190:   000001d2051f1ad0 0000000000000000
0x0000003d135ff1a0:   0000000000000001 00000000739aaa44
0x0000003d135ff1b0:   000001d2056cb0b0 0000000000000002
0x0000003d135ff1c0:   000001d2056ca160 0000000000000001
0x0000003d135ff1d0:   fffffffffffffffe 0000000000000001
0x0000003d135ff1e0:   000001d2056cb0b0 00007ffbe21a29a5
0x0000003d135ff1f0:   000001d2056cb0b0 000001d200000000
0x0000003d135ff200:   000001d20597d6b0 000000007425e0a8
0x0000003d135ff210:   fffffffffffffffe 000001d20503c1e8
0x0000003d135ff220:   000001d205961a40 00000000740bab73 

Instructions: (pc=0x0000000073692cbd)
0x0000000073692bbd:   8b 0e 48 3b cb 74 1b ff 15 66 9b 58 00 84 c0 75
0x0000000073692bcd:   0e ba 08 00 00 00 48 8b 0e ff 15 c4 9d 58 00 48
0x0000000073692bdd:   89 1e 48 83 c4 38 41 5e 5f 5e 5b c3 cc cc cc cc
0x0000000073692bed:   cc cc cc 40 57 48 83 ec 20 48 8b 41 f8 48 8b fa
0x0000000073692bfd:   48 3b 90 40 01 00 00 74 6c 48 8b 41 f8 48 89 5c
0x0000000073692c0d:   24 30 48 8d 59 f0 f7 80 c8 01 00 00 00 00 00 10
0x0000000073692c1d:   74 0c 48 8b 43 20 48 8b 08 48 85 c9 75 22 41 b0
0x0000000073692c2d:   01 ba 64 00 00 00 48 8b cb e8 95 2c 00 00 48 8b
0x0000000073692c3d:   4b 08 33 d2 e8 fa 7b ff ff 48 8b 43 20 48 8b 08
0x0000000073692c4d:   48 8b d7 ff 15 12 cf 58 00 48 8b 5c 24 30 85 c0
0x0000000073692c5d:   75 13 48 8d 0d 52 db 59 00 48 83 c4 20 5f 48 ff
0x0000000073692c6d:   25 fe a6 58 00 48 83 c4 20 5f c3 cc cc cc cc cc
0x0000000073692c7d:   cc cc cc 85 d2 74 68 57 48 83 ec 40 48 c7 44 24
0x0000000073692c8d:   30 fe ff ff ff 48 89 5c 24 50 8b da 48 8b f9 c7
0x0000000073692c9d:   44 24 20 00 00 00 00 45 33 c9 45 33 c0 33 d2 48
0x0000000073692cad:   8d 4c 24 60 e8 ba ba fd ff 90 ff 15 bb 9b 58 00
0x0000000073692cbd:   48 8b 48 08 48 81 c1 28 01 00 00 4c 8d 4c 24 60
0x0000000073692ccd:   4c 8b c7 8b d3 e8 f9 8c fe ff 90 48 8d 4c 24 60
0x0000000073692cdd:   e8 ee e2 fc ff 48 8b 5c 24 50 48 83 c4 40 5f c3
0x0000000073692ced:   cc cc cc 48 89 5c 24 10 48 89 6c 24 18 48 89 74
0x0000000073692cfd:   24 20 57 48 81 ec 90 00 00 00 48 8b 05 62 4e 8a
0x0000000073692d0d:   00 48 33 c4 48 89 84 24 80 00 00 00 48 8b f1 48
0x0000000073692d1d:   8b 09 48 8b fa 48 83 c1 68 ba 01 00 00 00 ff 15
0x0000000073692d2d:   ef 99 58 00 84 c0 74 08 48 8b ce e8 f3 7b fa ff
0x0000000073692d3d:   48 8b 0e 48 8b d1 48 8b d9 4c 63 49 6c 8b 69 70
0x0000000073692d4d:   4d 85 c9 78 42 48 8d 44 24 20 41 ba 08 00 00 00
0x0000000073692d5d:   4c 2b d0 4a 8b 5c ca 08 48 3b d9 74 20 44 8b 07
0x0000000073692d6d:   0f 1f 00 44 39 43 f8 7d 14 4b 8d 04 ca 48 8b d3
0x0000000073692d7d:   48 03 c3 48 8b 5c 04 20 48 3b d9 75 e6 4a 89 54
0x0000000073692d8d:   cc 20 49 ff c9 79 cc 48 3b d9 74 3d 8b 43 f8 39
0x0000000073692d9d:   07 7c 36 48 8b 0e 4c 8b cb 48 8b 5b 08 48 3b d9
0x0000000073692dad:   74 0e 8b 43 f8 41 39 41 f8 7c 05 40 b7 01 eb 03 


Stack slot to memory mapping:
stack at sp + 0 slots: 0x000001d2051f1ad0 points into unknown readable memory: 0x0000000000000001 | 01 00 00 00 00 00 00 00
stack at sp + 1 slots: 0x00000000ffffffff is an unallocated location in the heap
stack at sp + 2 slots: 0x0000000000000002 is an unknown value
stack at sp + 3 slots: 0x00007ffbe98669d8 MSVCR120.dll
stack at sp + 4 slots: 0x000001d200000000 points into unknown readable memory: 0x0000000000000001 | 01 00 00 00 00 00 00 00
stack at sp + 5 slots: 0x0000000000000002 is an unknown value
stack at sp + 6 slots: 0xfffffffffffffffe is an unknown value
stack at sp + 7 slots: 0x000001d2056cb470 points into unknown readable memory: 0x0000000073c2fe58 | 58 fe c2 73 00 00 00 00


---------------  P R O C E S S  ---------------

Threads class SMR info:
_java_thread_list=0x000001d2071bf1f0, length=13, elements={
0x000001d2045c6b10, 0x000001d2045c78e0, 0x000001d2045d5ea0, 0x000001d2045d87c0,
0x000001d2045d90d0, 0x000001d2045d99e0, 0x000001d2045da6d0, 0x000001d2045db0d0,
0x000001d2045df650, 0x000001d2045a7c30, 0x000001d2050f3940, 0x000001d266b5ae80,
0x000001d2055631f0
}

Java Threads: ( => current thread )
  0x000001d2045c6b10 JavaThread "Reference Handler" daemon [_thread_blocked, id=10928, stack(0x0000003d13400000,0x0000003d13500000)]
=>0x000001d2045c78e0 JavaThread "Finalizer" daemon [_thread_in_native, id=4596, stack(0x0000003d13500000,0x0000003d13600000)]
  0x000001d2045d5ea0 JavaThread "Signal Dispatcher" daemon [_thread_blocked, id=6292, stack(0x0000003d13600000,0x0000003d13700000)]
  0x000001d2045d87c0 JavaThread "Attach Listener" daemon [_thread_blocked, id=5776, stack(0x0000003d13700000,0x0000003d13800000)]
  0x000001d2045d90d0 JavaThread "Service Thread" daemon [_thread_blocked, id=2804, stack(0x0000003d13800000,0x0000003d13900000)]
  0x000001d2045d99e0 JavaThread "Monitor Deflation Thread" daemon [_thread_blocked, id=7684, stack(0x0000003d13900000,0x0000003d13a00000)]
  0x000001d2045da6d0 JavaThread "C2 CompilerThread0" daemon [_thread_blocked, id=8568, stack(0x0000003d13a00000,0x0000003d13b00000)]
  0x000001d2045db0d0 JavaThread "C1 CompilerThread0" daemon [_thread_blocked, id=6448, stack(0x0000003d13b00000,0x0000003d13c00000)]
  0x000001d2045df650 JavaThread "Sweeper thread" daemon [_thread_blocked, id=3376, stack(0x0000003d13c00000,0x0000003d13d00000)]
  0x000001d2045a7c30 JavaThread "Common-Cleaner" daemon [_thread_blocked, id=10644, stack(0x0000003d13d00000,0x0000003d13e00000)]
  0x000001d2050f3940 JavaThread "Notification Thread" daemon [_thread_blocked, id=9680, stack(0x0000003d13e00000,0x0000003d13f00000)]
  0x000001d266b5ae80 JavaThread "DestroyJavaVM" [_thread_blocked, id=9016, stack(0x0000003d12d00000,0x0000003d12e00000)]
  0x000001d2055631f0 JavaThread "Thread-2" daemon [_thread_in_native, id=7432, stack(0x0000003d14900000,0x0000003d14a00000)]

Other Threads:
  0x000001d2045c0ba0 VMThread "VM Thread" [stack: 0x0000003d13300000,0x0000003d13400000] [id=2228]
  0x000001d266b5bd90 WatcherThread [stack: 0x0000003d13f00000,0x0000003d14000000] [id=10520]
  0x000001d266b997c0 GCTaskThread "GC Thread#0" [stack: 0x0000003d12e00000,0x0000003d12f00000] [id=10128]
  0x000001d2051b3860 GCTaskThread "GC Thread#1" [stack: 0x0000003d14400000,0x0000003d14500000] [id=5132]
  0x000001d2052f0010 GCTaskThread "GC Thread#2" [stack: 0x0000003d14500000,0x0000003d14600000] [id=2912]
  0x000001d205b1c080 GCTaskThread "GC Thread#3" [stack: 0x0000003d14600000,0x0000003d14700000] [id=1512]
  0x000001d205b1c390 GCTaskThread "GC Thread#4" [stack: 0x0000003d14700000,0x0000003d14800000] [id=10524]
  0x000001d205b1c6a0 GCTaskThread "GC Thread#5" [stack: 0x0000003d14800000,0x0000003d14900000] [id=1648]
  0x000001d266baa150 ConcurrentGCThread "G1 Main Marker" [stack: 0x0000003d12f00000,0x0000003d13000000] [id=10396]
  0x000001d266baab50 ConcurrentGCThread "G1 Conc#0" [stack: 0x0000003d13000000,0x0000003d13100000] [id=4196]
  0x000001d266c2df20 ConcurrentGCThread "G1 Refine#0" [stack: 0x0000003d13100000,0x0000003d13200000] [id=4888]
  0x000001d266c2f8c0 ConcurrentGCThread "G1 Service" [stack: 0x0000003d13200000,0x0000003d13300000] [id=10372]

Threads with active compile tasks:

VM state: not at safepoint (normal execution)

VM Mutex/Monitor currently owned by a thread: None

Heap address: 0x0000000083600000, size: 1994 MB, Compressed Oops mode: 32-bit

CDS archive(s) mapped at: [0x0000000800000000-0x0000000800bb0000-0x0000000800bb0000), size 12255232, SharedBaseAddress: 0x0000000800000000, ArchiveRelocationMode: 0.
Compressed class space mapped at: 0x0000000800c00000-0x0000000840c00000, reserved size: 1073741824
Narrow klass base: 0x0000000800000000, Narrow klass shift: 3, Narrow klass range: 0x100000000

GC Precious Log:
 CPUs: 6 total, 6 available
 Memory: 7973M
 Large Page Support: Disabled
 NUMA Support: Disabled
 Compressed Oops: Enabled (32-bit)
 Heap Region Size: 1M
 Heap Min Capacity: 8M
 Heap Initial Capacity: 126M
 Heap Max Capacity: 1994M
 Pre-touch: Disabled
 Parallel Workers: 6
 Concurrent Workers: 2
 Concurrent Refinement Workers: 6
 Periodic GC: Disabled

Heap:
 garbage-first heap   total 10240K, used 2129K [0x0000000083600000, 0x0000000100000000)
  region size 1024K, 1 young (1024K), 0 survivors (0K)
 Metaspace       used 5585K, committed 5760K, reserved 1056768K
  class space    used 491K, committed 576K, reserved 1048576K

Heap Regions: E=young(eden), S=young(survivor), O=old, HS=humongous(starts), HC=humongous(continues), CS=collection set, F=free, OA=open archive, CA=closed archive, TAMS=top-at-mark-start (previous, next)
|   0|0x0000000083600000, 0x00000000836fffc8, 0x0000000083700000| 99%| O|  |TAMS 0x0000000083600000, 0x0000000083600000| Untracked 
|   1|0x0000000083700000, 0x00000000837f6c50, 0x0000000083800000| 96%| O|  |TAMS 0x0000000083700000, 0x0000000083700000| Untracked 
|   2|0x0000000083800000, 0x000000008381da38, 0x0000000083900000| 11%| O|  |TAMS 0x0000000083800000, 0x0000000083800000| Untracked 
|   3|0x0000000083900000, 0x0000000083900000, 0x0000000083a00000|  0%| F|  |TAMS 0x0000000083900000, 0x0000000083900000| Untracked 
|   4|0x0000000083a00000, 0x0000000083a00000, 0x0000000083b00000|  0%| F|  |TAMS 0x0000000083a00000, 0x0000000083a00000| Untracked 
|   5|0x0000000083b00000, 0x0000000083b00000, 0x0000000083c00000|  0%| F|  |TAMS 0x0000000083b00000, 0x0000000083b00000| Untracked 
|   6|0x0000000083c00000, 0x0000000083c00000, 0x0000000083d00000|  0%| F|  |TAMS 0x0000000083c00000, 0x0000000083c00000| Untracked 
|   7|0x0000000083d00000, 0x0000000083d00000, 0x0000000083e00000|  0%| F|  |TAMS 0x0000000083d00000, 0x0000000083d00000| Untracked 
|   8|0x0000000083e00000, 0x0000000083e00000, 0x0000000083f00000|  0%| F|  |TAMS 0x0000000083e00000, 0x0000000083e00000| Untracked 
| 104|0x0000000089e00000, 0x0000000089e06d48, 0x0000000089f00000|  2%| E|  |TAMS 0x0000000089e00000, 0x0000000089e00000| Complete 

Card table byte_map: [0x000001d27d7d0000,0x000001d27dbc0000] _byte_map_base: 0x000001d27d3b5000

Marking Bits (Prev, Next): (CMBitMap*) 0x000001d266b99e00, (CMBitMap*) 0x000001d266b99dc0
 Prev Bits: [0x000001d200000000, 0x000001d201f28000)
 Next Bits: [0x000001d27dfb0000, 0x000001d27fed8000)

Polling page: 0x000001d264b10000

Metaspace:

Usage:
  Non-class:      4.97 MB used.
      Class:    491.77 KB used.
       Both:      5.45 MB used.

Virtual space:
  Non-class space:        8.00 MB reserved,       5.06 MB ( 63%) committed,  1 nodes.
      Class space:        1.00 GB reserved,     576.00 KB ( <1%) committed,  1 nodes.
              Both:        1.01 GB reserved,       5.62 MB ( <1%) committed. 

Chunk freelists:
   Non-Class:  1.22 MB
       Class:  3.47 MB
        Both:  4.69 MB

MaxMetaspaceSize: 17179869184.00 GB
CompressedClassSpaceSize: 1.00 GB
 - commit_granule_bytes: 65536.
 - commit_granule_words: 8192.
 - virtual_space_node_default_size: 1048576.
 - enlarge_chunks_in_place: 1.
 - new_chunks_are_fully_committed: 0.
 - uncommit_free_chunks: 1.
 - use_allocation_guard: 0.
 - handle_deallocations: 1.


Internal statistics:

num_allocs_failed_limit: 0.
num_arena_births: 36.
num_arena_deaths: 0.
num_vsnodes_births: 2.
num_vsnodes_deaths: 0.
num_space_committed: 90.
num_space_uncommitted: 0.
num_chunks_returned_to_freelist: 0.
num_chunks_taken_from_freelist: 153.
num_chunk_merges: 0.
num_chunk_splits: 124.
num_chunks_enlarged: 108.
num_purges: 0.

CodeHeap 'non-profiled nmethods': size=120000Kb used=289Kb max_used=289Kb free=119710Kb
 bounds [0x000001d275da0000, 0x000001d276010000, 0x000001d27d2d0000]
CodeHeap 'profiled nmethods': size=120000Kb used=1207Kb max_used=1207Kb free=118793Kb
 bounds [0x000001d26e870000, 0x000001d26eae0000, 0x000001d275da0000]
CodeHeap 'non-nmethods': size=5760Kb used=1162Kb max_used=1194Kb free=4597Kb
 bounds [0x000001d26e2d0000, 0x000001d26e540000, 0x000001d26e870000]
 total_blobs=1205 nmethods=755 adapters=363
 compilation: enabled
              stopped_count=0, restarted_count=0
 full_count=0

Compilation events (20 events):
Event: 41.592 Thread 0x000001d2045db0d0  746       3       java.nio.CharBuffer::arrayOffset (35 bytes)
Event: 41.592 Thread 0x000001d2045db0d0 nmethod 746 0x000001d26e996510 code [0x000001d26e9966e0, 0x000001d26e996958]
Event: 41.593 Thread 0x000001d2045da6d0  747       4       java.lang.String::checkBoundsBeginEnd (63 bytes)
Event: 41.593 Thread 0x000001d2045da6d0 nmethod 747 0x000001d275de7f10 code [0x000001d275de80a0, 0x000001d275de8158]
Event: 41.594 Thread 0x000001d2045db0d0  748       3       java.lang.String::valueOf (15 bytes)
Event: 41.594 Thread 0x000001d2045db0d0 nmethod 748 0x000001d26e996a90 code [0x000001d26e996c40, 0x000001d26e996e48]
Event: 41.595 Thread 0x000001d2045db0d0  749       3       java.lang.String::getChars (54 bytes)
Event: 41.595 Thread 0x000001d2045db0d0 nmethod 749 0x000001d26e996f10 code [0x000001d26e997120, 0x000001d26e997598]
Event: 41.595 Thread 0x000001d2045db0d0  750       3       java.lang.StringLatin1::getChars (12 bytes)
Event: 41.595 Thread 0x000001d2045db0d0 nmethod 750 0x000001d26e997790 code [0x000001d26e997940, 0x000001d26e997a68]
Event: 41.601 Thread 0x000001d2045da6d0  751       4       java.lang.AbstractStringBuilder::<init> (39 bytes)
Event: 41.603 Thread 0x000001d2045da6d0 nmethod 751 0x000001d275de8210 code [0x000001d275de83a0, 0x000001d275de85b8]
Event: 41.604 Thread 0x000001d2045db0d0  752       3       sun.nio.cs.UTF_8$Encoder::encodeArrayLoop (489 bytes)
Event: 41.606 Thread 0x000001d2045db0d0 nmethod 752 0x000001d26e997b10 code [0x000001d26e998100, 0x000001d26e99b468]
Event: 41.612 Thread 0x000001d2045db0d0  753       3       java.util.zip.InflaterInputStream::close (34 bytes)
Event: 41.612 Thread 0x000001d2045db0d0 nmethod 753 0x000001d26e99c510 code [0x000001d26e99c6e0, 0x000001d26e99c998]
Event: 41.613 Thread 0x000001d2045db0d0  755   !   3       java.io.BufferedWriter::write (117 bytes)
Event: 41.613 Thread 0x000001d2045db0d0 nmethod 755 0x000001d26e99ca90 code [0x000001d26e99cca0, 0x000001d26e99d288]
Event: 41.613 Thread 0x000001d2045db0d0  754       3       java.io.Writer::write (11 bytes)
Event: 41.614 Thread 0x000001d2045db0d0 nmethod 754 0x000001d26e99d610 code [0x000001d26e99d7e0, 0x000001d26e99dac8]

GC Heap History (6 events):
Event: 25.880 GC heap before
{Heap before GC invocations=0 (full 0):
 garbage-first heap   total 129024K, used 20480K [0x0000000083600000, 0x0000000100000000)
  region size 1024K, 21 young (21504K), 0 survivors (0K)
 Metaspace       used 5433K, committed 5632K, reserved 1056768K
  class space    used 479K, committed 576K, reserved 1048576K
}
Event: 25.883 GC heap after
{Heap after GC invocations=1 (full 0):
 garbage-first heap   total 129024K, used 2411K [0x0000000083600000, 0x0000000100000000)
  region size 1024K, 3 young (3072K), 3 survivors (3072K)
 Metaspace       used 5433K, committed 5632K, reserved 1056768K
  class space    used 479K, committed 576K, reserved 1048576K
}
Event: 41.543 GC heap before
{Heap before GC invocations=1 (full 0):
 garbage-first heap   total 129024K, used 5483K [0x0000000083600000, 0x0000000100000000)
  region size 1024K, 7 young (7168K), 3 survivors (3072K)
 Metaspace       used 5450K, committed 5632K, reserved 1056768K
  class space    used 479K, committed 576K, reserved 1048576K
}
Event: 41.548 GC heap after
{Heap after GC invocations=2 (full 1):
 garbage-first heap   total 10240K, used 2145K [0x0000000083600000, 0x0000000100000000)
  region size 1024K, 0 young (0K), 0 survivors (0K)
 Metaspace       used 5450K, committed 5632K, reserved 1056768K
  class space    used 479K, committed 576K, reserved 1048576K
}
Event: 41.614 GC heap before
{Heap before GC invocations=2 (full 1):
 garbage-first heap   total 10240K, used 2145K [0x0000000083600000, 0x0000000100000000)
  region size 1024K, 1 young (1024K), 0 survivors (0K)
 Metaspace       used 5541K, committed 5696K, reserved 1056768K
  class space    used 486K, committed 576K, reserved 1048576K
}
Event: 41.622 GC heap after
{Heap after GC invocations=3 (full 2):
 garbage-first heap   total 10240K, used 2131K [0x0000000083600000, 0x0000000100000000)
  region size 1024K, 0 young (0K), 0 survivors (0K)
 Metaspace       used 5541K, committed 5696K, reserved 1056768K
  class space    used 486K, committed 576K, reserved 1048576K
}

Deoptimization events (20 events):
Event: 16.277 Thread 0x000001d266b5ae80 DEOPT PACKING pc=0x000001d26e96b87c sp=0x0000003d12df9ed0
Event: 16.277 Thread 0x000001d266b5ae80 DEOPT UNPACKING pc=0x000001d26e31dece sp=0x0000003d12df93d0 mode 0
Event: 16.277 Thread 0x000001d266b5ae80 Uncommon trap: trap_request=0xfffffff4 fr.pc=0x000001d275dd9f8c relative=0x0000000000002e8c
Event: 16.277 Thread 0x000001d266b5ae80 Uncommon trap: reason=null_check action=make_not_entrant pc=0x000001d275dd9f8c method=com.trolltech.qt.internal.QtJambiInternal.isSignal(Ljava/lang/Class;)Z @ 3 c2
Event: 16.277 Thread 0x000001d266b5ae80 DEOPT PACKING pc=0x000001d275dd9f8c sp=0x0000003d12df9ed0
Event: 16.277 Thread 0x000001d266b5ae80 DEOPT UNPACKING pc=0x000001d26e31d72e sp=0x0000003d12df9dd8 mode 2
Event: 21.875 Thread 0x000001d266b5ae80 DEOPT PACKING pc=0x000001d26e92b15a sp=0x0000003d12df8dc0
Event: 21.875 Thread 0x000001d266b5ae80 DEOPT UNPACKING pc=0x000001d26e31dece sp=0x0000003d12df82f8 mode 0
Event: 25.883 Thread 0x000001d266b5ae80 Uncommon trap: trap_request=0xffffff45 fr.pc=0x000001d275de26e0 relative=0x0000000000000140
Event: 25.883 Thread 0x000001d266b5ae80 Uncommon trap: reason=unstable_if action=reinterpret pc=0x000001d275de26e0 method=java.lang.ref.SoftReference.get()Ljava/lang/Object; @ 17 c2
Event: 25.883 Thread 0x000001d266b5ae80 DEOPT PACKING pc=0x000001d275de26e0 sp=0x0000003d12df8f10
Event: 25.883 Thread 0x000001d266b5ae80 DEOPT UNPACKING pc=0x000001d26e31d72e sp=0x0000003d12df8e58 mode 2
Event: 25.883 Thread 0x000001d266b5ae80 Uncommon trap: trap_request=0xffffff45 fr.pc=0x000001d275ddce90 relative=0x00000000000000f0
Event: 25.884 Thread 0x000001d266b5ae80 Uncommon trap: reason=unstable_if action=reinterpret pc=0x000001d275ddce90 method=java.lang.ref.SoftReference.get()Ljava/lang/Object; @ 17 c2
Event: 25.884 Thread 0x000001d266b5ae80 DEOPT PACKING pc=0x000001d275ddce90 sp=0x0000003d12df8e90
Event: 25.884 Thread 0x000001d266b5ae80 DEOPT UNPACKING pc=0x000001d26e31d72e sp=0x0000003d12df8e48 mode 2
Event: 25.889 Thread 0x000001d266b5ae80 Uncommon trap: trap_request=0xffffff45 fr.pc=0x000001d275ddf23c relative=0x0000000000001f9c
Event: 25.889 Thread 0x000001d266b5ae80 Uncommon trap: reason=unstable_if action=reinterpret pc=0x000001d275ddf23c method=java.lang.ref.SoftReference.get()Ljava/lang/Object; @ 17 c2
Event: 25.889 Thread 0x000001d266b5ae80 DEOPT PACKING pc=0x000001d275ddf23c sp=0x0000003d12df9d90
Event: 25.889 Thread 0x000001d266b5ae80 DEOPT UNPACKING pc=0x000001d26e31d72e sp=0x0000003d12df9b30 mode 2

Classes unloaded (0 events):
No events

Classes redefined (0 events):
No events

Internal exceptions (6 events):
Event: 0.041 Thread 0x000001d266b5ae80 Exception <a 'sun/nio/fs/WindowsException'{0x000000008b221dd0}> (0x000000008b221dd0) 
thrown [t:\workspace\open\src\hotspot\share\prims\jni.cpp, line 579]
Event: 0.041 Thread 0x000001d266b5ae80 Exception <a 'sun/nio/fs/WindowsException'{0x000000008b2223f0}> (0x000000008b2223f0) 
thrown [t:\workspace\open\src\hotspot\share\prims\jni.cpp, line 579]
Event: 0.042 Thread 0x000001d266b5ae80 Exception <a 'sun/nio/fs/WindowsException'{0x000000008b2251a8}> (0x000000008b2251a8) 
thrown [t:\workspace\open\src\hotspot\share\prims\jni.cpp, line 579]
Event: 0.093 Thread 0x000001d266b5ae80 Exception <a 'java/lang/NoSuchMethodError'{0x000000008b03fce0}: 'void java.lang.invoke.DirectMethodHandle$Holder.invokeSpecial(java.lang.Object, java.lang.Object, java.lang.Object)'> (0x000000008b03fce0) 
thrown [t:\workspace\open\src\hotspot\share\interpreter\linkResolver.cpp, line 790]
Event: 0.094 Thread 0x000001d266b5ae80 Exception <a 'java/lang/NoSuchMethodError'{0x000000008b050648}: 'java.lang.Object java.lang.invoke.DirectMethodHandle$Holder.invokeStatic(java.lang.Object)'> (0x000000008b050648) 
thrown [t:\workspace\open\src\hotspot\share\interpreter\linkResolver.cpp, line 790]
Event: 16.277 Thread 0x000001d266b5ae80 Implicit null exception at 0x000001d275dd88e4 to 0x000001d275dd9f48

Events (20 events):
Event: 41.543 Executing  VM operation: G1CollectFull
Event: 41.548 Executing  VM operation: G1CollectFull done
Event: 41.548 loading class java/lang/ref/Finalizer$2
Event: 41.548 loading class java/lang/ref/Finalizer$2 done
Event: 41.548 loading class java/lang/ref/Finalizer$1
Event: 41.548 loading class java/lang/ref/Finalizer$1 done
Event: 41.548 Thread 0x000001d2055629d0 Thread added: 0x000001d2055629d0
Event: 41.549 Thread 0x000001d2055629d0 Thread exited: 0x000001d2055629d0
Event: 41.565 Thread 0x000001d266b5ae80 Thread exited: 0x000001d266b5ae80
Event: 41.565 Thread 0x000001d266b5ae80 Thread added: 0x000001d266b5ae80
Event: 41.565 Thread 0x000001d20506c4b0 Thread added: 0x000001d20506c4b0
Event: 41.566 loading class java/lang/Throwable$WrappedPrintStream
Event: 41.566 loading class java/lang/Throwable$PrintStreamOrWriter
Event: 41.566 loading class java/lang/Throwable$PrintStreamOrWriter done
Event: 41.566 loading class java/lang/Throwable$WrappedPrintStream done
Event: 41.567 loading class java/lang/StackTraceElement$HashedModules
Event: 41.567 loading class java/lang/StackTraceElement$HashedModules done
Event: 41.614 Executing  VM operation: G1CollectFull
Event: 41.622 Executing  VM operation: G1CollectFull done
Event: 41.622 Thread 0x000001d20506d280 Thread added: 0x000001d20506d280


Dynamic libraries:
0x00007ff65f9c0000 - 0x00007ff65f9ce000 	C:\jdk-16.0.1\bin\java.exe
0x00007ffc32b30000 - 0x00007ffc32d25000 	C:\WINDOWS\SYSTEM32\ntdll.dll
0x00007ffc321b0000 - 0x00007ffc3226e000 	C:\WINDOWS\System32\KERNEL32.DLL
0x00007ffc306b0000 - 0x00007ffc30978000 	C:\WINDOWS\System32\KERNELBASE.dll
0x00007ffc309e0000 - 0x00007ffc30ae0000 	C:\WINDOWS\System32\ucrtbase.dll
0x00007ffc24530000 - 0x00007ffc24548000 	C:\jdk-16.0.1\bin\jli.dll
0x00007ffc04e70000 - 0x00007ffc04e89000 	C:\jdk-16.0.1\bin\VCRUNTIME140.dll
0x00007ffc30d70000 - 0x00007ffc30f11000 	C:\WINDOWS\System32\USER32.dll
0x00007ffc30450000 - 0x00007ffc30472000 	C:\WINDOWS\System32\win32u.dll
0x00007ffc25030000 - 0x00007ffc252ca000 	C:\WINDOWS\WinSxS\amd64_microsoft.windows.common-controls_6595b64144ccf1df_6.0.19041.1110_none_60b5254171f9507e\COMCTL32.dll
0x00007ffc31920000 - 0x00007ffc3194b000 	C:\WINDOWS\System32\GDI32.dll
0x00007ffc30f20000 - 0x00007ffc30fbe000 	C:\WINDOWS\System32\msvcrt.dll
0x00007ffc30570000 - 0x00007ffc3067d000 	C:\WINDOWS\System32\gdi32full.dll
0x00007ffc304d0000 - 0x00007ffc3056d000 	C:\WINDOWS\System32\msvcp_win.dll
0x00007ffc31530000 - 0x00007ffc31560000 	C:\WINDOWS\System32\IMM32.DLL
0x00007ffc04e60000 - 0x00007ffc04e6c000 	C:\jdk-16.0.1\bin\vcruntime140_1.dll
0x00007ffbdbbb0000 - 0x00007ffbdbc41000 	C:\jdk-16.0.1\bin\msvcp140.dll
0x00007ffbda5c0000 - 0x00007ffbdb16b000 	C:\jdk-16.0.1\bin\server\jvm.dll
0x00007ffc31870000 - 0x00007ffc3191e000 	C:\WINDOWS\System32\ADVAPI32.dll
0x00007ffc31770000 - 0x00007ffc3180c000 	C:\WINDOWS\System32\sechost.dll
0x00007ffc323d0000 - 0x00007ffc324f5000 	C:\WINDOWS\System32\RPCRT4.dll
0x00007ffc30fc0000 - 0x00007ffc30fc8000 	C:\WINDOWS\System32\PSAPI.DLL
0x00007ffc04e90000 - 0x00007ffc04e99000 	C:\WINDOWS\SYSTEM32\WSOCK32.dll
0x00007ffc2b110000 - 0x00007ffc2b11a000 	C:\WINDOWS\SYSTEM32\VERSION.dll
0x00007ffc26110000 - 0x00007ffc26137000 	C:\WINDOWS\SYSTEM32\WINMM.dll
0x00007ffc32360000 - 0x00007ffc323cb000 	C:\WINDOWS\System32\WS2_32.dll
0x00007ffc2e150000 - 0x00007ffc2e162000 	C:\WINDOWS\SYSTEM32\kernel.appcore.dll
0x00007ffc04060000 - 0x00007ffc0406a000 	C:\jdk-16.0.1\bin\jimage.dll
0x00007ffc23cf0000 - 0x00007ffc23ed4000 	C:\WINDOWS\SYSTEM32\DBGHELP.DLL
0x00007ffc23830000 - 0x00007ffc2385c000 	C:\WINDOWS\SYSTEM32\dbgcore.DLL
0x00007ffc30ae0000 - 0x00007ffc30b62000 	C:\WINDOWS\System32\bcryptPrimitives.dll
0x00007ffbe0f60000 - 0x00007ffbe0f85000 	C:\jdk-16.0.1\bin\java.dll
0x00007ffc31a60000 - 0x00007ffc321a4000 	C:\WINDOWS\System32\SHELL32.dll
0x00007ffc2e350000 - 0x00007ffc2eae5000 	C:\WINDOWS\SYSTEM32\windows.storage.dll
0x00007ffc326b0000 - 0x00007ffc32a05000 	C:\WINDOWS\System32\combase.dll
0x00007ffc2fbc0000 - 0x00007ffc2fbee000 	C:\WINDOWS\SYSTEM32\Wldp.dll
0x00007ffc30b70000 - 0x00007ffc30c1d000 	C:\WINDOWS\System32\SHCORE.dll
0x00007ffc32280000 - 0x00007ffc322d5000 	C:\WINDOWS\System32\shlwapi.dll
0x00007ffc30180000 - 0x00007ffc3019f000 	C:\WINDOWS\SYSTEM32\profapi.dll
0x00007ffbfc3a0000 - 0x00007ffbfc3b9000 	C:\jdk-16.0.1\bin\net.dll
0x00007ffc29340000 - 0x00007ffc2944c000 	C:\WINDOWS\SYSTEM32\WINHTTP.dll
0x00007ffc2f920000 - 0x00007ffc2f98a000 	C:\WINDOWS\system32\mswsock.dll
0x00007ffbe0f40000 - 0x00007ffbe0f53000 	C:\jdk-16.0.1\bin\nio.dll
0x00007ffbe0f20000 - 0x00007ffbe0f38000 	C:\jdk-16.0.1\bin\zip.dll
0x00007ffbe0f10000 - 0x00007ffbe0f20000 	C:\jdk-16.0.1\bin\verify.dll
0x0000000073fa0000 - 0x000000007427e000 	C:\Users\dam_aap\AppData\Local\Temp\QtJambi_dam_aap_amd64_4.8.7_msvc2013x64-20150908-1314\lib\QtCore4.dll
0x00007ffc30c20000 - 0x00007ffc30d4a000 	C:\WINDOWS\System32\ole32.dll
0x00007ffc0faf0000 - 0x00007ffc0fb96000 	C:\WINDOWS\SYSTEM32\MSVCP120.dll
0x00007ffbe9800000 - 0x00007ffbe98ef000 	C:\WINDOWS\SYSTEM32\MSVCR120.dll
0x00007ffc244d0000 - 0x00007ffc24510000 	C:\Users\dam_aap\AppData\Local\Temp\QtJambi_dam_aap_amd64_4.8.7_msvc2013x64-20150908-1314\lib\qtjambi.dll
0x00007ffbe5650000 - 0x00007ffbe577f000 	C:\Users\dam_aap\AppData\Local\Temp\QtJambi_dam_aap_amd64_4.8.7_msvc2013x64-20150908-1314\lib\com_trolltech_qt_core.dll
0x0000000073630000 - 0x0000000073f9e000 	C:\Users\dam_aap\AppData\Local\Temp\QtJambi_dam_aap_amd64_4.8.7_msvc2013x64-20150908-1314\lib\QtGui4.dll
0x00007ffc32a10000 - 0x00007ffc32aea000 	C:\WINDOWS\System32\COMDLG32.dll
0x00007ffc31450000 - 0x00007ffc3151d000 	C:\WINDOWS\System32\OLEAUT32.dll
0x00007ffbfc5b0000 - 0x00007ffbfc645000 	C:\WINDOWS\SYSTEM32\WINSPOOL.DRV
0x00007ffbe1ff0000 - 0x00007ffbe271f000 	C:\Users\dam_aap\AppData\Local\Temp\QtJambi_dam_aap_amd64_4.8.7_msvc2013x64-20150908-1314\lib\com_trolltech_qt_gui.dll
0x00007ffc2dc70000 - 0x00007ffc2dd0e000 	C:\WINDOWS\system32\uxtheme.dll
0x00007ffc31650000 - 0x00007ffc31765000 	C:\WINDOWS\System32\MSCTF.dll
0x00007ffc2b6c0000 - 0x00007ffc2b6cd000 	C:\Users\dam_aap\AppData\Local\Temp\QtJambi_dam_aap_amd64_4.8.7_msvc2013x64-20150908-1314\plugins\imageformats\qgif4.dll
0x00007ffc235a0000 - 0x00007ffc235ae000 	C:\Users\dam_aap\AppData\Local\Temp\QtJambi_dam_aap_amd64_4.8.7_msvc2013x64-20150908-1314\plugins\imageformats\qico4.dll
0x00007ffc0fab0000 - 0x00007ffc0faed000 	C:\Users\dam_aap\AppData\Local\Temp\QtJambi_dam_aap_amd64_4.8.7_msvc2013x64-20150908-1314\plugins\imageformats\qjpeg4.dll
0x00007ffc06560000 - 0x00007ffc065a9000 	C:\Users\dam_aap\AppData\Local\Temp\QtJambi_dam_aap_amd64_4.8.7_msvc2013x64-20150908-1314\plugins\imageformats\qmng4.dll
0x00007ffbe7e70000 - 0x00007ffbe7ecb000 	C:\Users\dam_aap\AppData\Local\Temp\QtJambi_dam_aap_amd64_4.8.7_msvc2013x64-20150908-1314\plugins\imageformats\qtiff4.dll
0x00007ffc295b0000 - 0x00007ffc296a9000 	C:\WINDOWS\SYSTEM32\textinputframework.dll
0x00007ffc2d2d0000 - 0x00007ffc2d62e000 	C:\WINDOWS\System32\CoreUIComponents.dll
0x00007ffc2d630000 - 0x00007ffc2d722000 	C:\WINDOWS\System32\CoreMessaging.dll
0x00007ffc2eec0000 - 0x00007ffc2eef3000 	C:\WINDOWS\SYSTEM32\ntmarta.dll
0x00007ffc2cc00000 - 0x00007ffc2cd54000 	C:\WINDOWS\SYSTEM32\wintypes.dll
0x00007ffc06a50000 - 0x00007ffc06b00000 	C:\WINDOWS\WinSxS\amd64_microsoft.windows.common-controls_6595b64144ccf1df_5.82.19041.1110_none_792d1c772443f647\comctl32.dll
0x00007ffc31950000 - 0x00007ffc319f9000 	C:\WINDOWS\System32\clbcatq.dll
0x00007ffc175e0000 - 0x00007ffc1761b000 	C:\WINDOWS\SYSTEM32\dxcore.dll
0x00007ffc30480000 - 0x00007ffc304ce000 	C:\WINDOWS\System32\cfgmgr32.dll

dbghelp: loaded successfully - version: 4.0.5 - missing functions: none
symbol engine: initialized successfully - sym options: 0x614 - pdb path: .;C:\jdk-16.0.1\bin;C:\WINDOWS\SYSTEM32;C:\WINDOWS\WinSxS\amd64_microsoft.windows.common-controls_6595b64144ccf1df_6.0.19041.1110_none_60b5254171f9507e;C:\jdk-16.0.1\bin\server;C:\Users\dam_aap\AppData\Local\Temp\QtJambi_dam_aap_amd64_4.8.7_msvc2013x64-20150908-1314\lib;C:\Users\dam_aap\AppData\Local\Temp\QtJambi_dam_aap_amd64_4.8.7_msvc2013x64-20150908-1314\plugins\imageformats;C:\WINDOWS\WinSxS\amd64_microsoft.windows.common-controls_6595b64144ccf1df_5.82.19041.1110_none_792d1c772443f647

VM Arguments:
jvm_args: -Dfile.encoding=UTF-8 --module-path=C:\Users\dam_aap\Desktop\ProyectoConjunto\gym\Gimansio3.0\Gimnasio1.0\Interfaz\NetBeans\GymDam\build\classes 
java_command: gymdam.GymDam
java_class_path (initial): D:\qtjambi-community-4.8.7-win64-msvc2013\qtjambi-4.8.7.jar;D:\qtjambi-community-4.8.7-win64-msvc2013\qtjambi-designer-4.8.7.jar;D:\qtjambi-community-4.8.7-win64-msvc2013\qtjambi-examples-4.8.7.jar;D:\qtjambi-community-4.8.7-win64-msvc2013\qtjambi-examples-src.jar;D:\qtjambi-community-4.8.7-win64-msvc2013\qtjambi-native-win64-msvc2013x64-4.8.7.jar;D:\qtjambi-community-4.8.7-win64-msvc2013\qtjambi-src.jar;C:\Users\dam_aap\Desktop\ProyectoConjunto\gym\Gimansio3.0\Gimnasio1.0\Interfaz\NetBeans\GymDam\build\classes
Launcher Type: SUN_STANDARD

[Global flags]
     intx CICompilerCount                          = 3                                         {product} {ergonomic}
     uint ConcGCThreads                            = 2                                         {product} {ergonomic}
     uint G1ConcRefinementThreads                  = 6                                         {product} {ergonomic}
   size_t G1HeapRegionSize                         = 1048576                                   {product} {ergonomic}
    uintx GCDrainStackTargetSize                   = 64                                        {product} {ergonomic}
   size_t InitialHeapSize                          = 132120576                                 {product} {ergonomic}
   size_t MarkStackSize                            = 4194304                                   {product} {ergonomic}
   size_t MaxHeapSize                              = 2090860544                                {product} {ergonomic}
   size_t MaxNewSize                               = 1254096896                                {product} {ergonomic}
   size_t MinHeapDeltaBytes                        = 1048576                                   {product} {ergonomic}
   size_t MinHeapSize                              = 8388608                                   {product} {ergonomic}
    uintx NonNMethodCodeHeapSize                   = 5832780                                {pd product} {ergonomic}
    uintx NonProfiledCodeHeapSize                  = 122912730                              {pd product} {ergonomic}
    uintx ProfiledCodeHeapSize                     = 122912730                              {pd product} {ergonomic}
    uintx ReservedCodeCacheSize                    = 251658240                              {pd product} {ergonomic}
     bool SegmentedCodeCache                       = true                                      {product} {ergonomic}
   size_t SoftMaxHeapSize                          = 2090860544                             {manageable} {ergonomic}
     bool UseCompressedClassPointers               = true                           {product lp64_product} {ergonomic}
     bool UseCompressedOops                        = true                           {product lp64_product} {ergonomic}
     bool UseG1GC                                  = true                                      {product} {ergonomic}
     bool UseLargePagesIndividualAllocation        = false                                  {pd product} {ergonomic}

Logging:
Log output configuration:
 #0: stdout all=warning uptime,level,tags
 #1: stderr all=off uptime,level,tags

Environment Variables:
JAVA_HOME=c:\jdk-16.0.1
PATH=C:\Program Files (x86)\VMware\VMware Player\bin\;C:\jdk-16.0.1\bin;C:\WINDOWS\system32;C:\WINDOWS;C:\WINDOWS\System32\Wbem;C:\WINDOWS\System32\WindowsPowerShell\v1.0\;C:\WINDOWS\System32\OpenSSH\;C:\Program Files\PowerShell\7\;C:\Program Files\Microsoft SQL Server\Client SDK\ODBC\170\Tools\Binn\;C:\Program Files (x86)\Microsoft SQL Server\150\Tools\Binn\;C:\Program Files\Microsoft SQL Server\150\Tools\Binn\;C:\Program Files\Microsoft SQL Server\150\DTS\Binn\;C:\Program Files\Azure Data Studio\bin;C:\Program Files\dotnet\;C:\ProgramData\chocolatey\bin;C:\flutter\bin;C:\Users\dam_aap\AppData\Local\Microsoft\WindowsApps;D:\Microsoft VS Code\bin;C:\Users\dam_aap\AppData\Local\Programs\Git\cmd
USERNAME=dam_aap
OS=Windows_NT
PROCESSOR_IDENTIFIER=Intel64 Family 6 Model 158 Stepping 10, GenuineIntel



---------------  S Y S T E M  ---------------

OS:
 Windows 10 , 64 bit Build 19041 (10.0.19041.1466)
OS uptime: 0 days 1:12 hours

CPU: total 6 (initial active 6) (6 cores per cpu, 1 threads per core) family 6 model 158 stepping 10 microcode 0xb4, cx8, cmov, fxsr, mmx, 3dnowpref, sse, sse2, sse3, ssse3, sse4.1, sse4.2, popcnt, lzcnt, tsc, tscinvbit, avx, avx2, aes, erms, clmul, bmi1, bmi2, rtm, adx, fma, vzeroupper, clflush, clflushopt

Memory: 4k page, system-wide physical 7973M (2550M free)
TotalPageFile size 14885M (AvailPageFile size 8436M)
current process WorkingSet (physical memory assigned to process): 63M, peak: 96M
current process commit charge ("private bytes"): 98M, peak: 238M

vm_info: OpenJDK 64-Bit Server VM (16.0.1+9-24) for windows-amd64 JRE (16.0.1+9-24), built on Mar 26 2021 19:30:07 by "mach5one" with MS VC++ 16.7 (VS2019)

END.
