#
# A fatal error has been detected by the Java Runtime Environment:
#
#  EXCEPTION_ACCESS_VIOLATION (0xc0000005) at pc=0x0000000073692cbd, pid=8168, tid=9676
#
# JRE version: OpenJDK Runtime Environment (16.0.1+9) (build 16.0.1+9-24)
# Java VM: OpenJDK 64-Bit Server VM (16.0.1+9-24, mixed mode, sharing, tiered, compressed oops, compressed class ptrs, g1 gc, windows-amd64)
# Problematic frame:
# C  [QtGui4.dll+0x62cbd]
#
# No core dump will be written. Minidumps are not enabled by default on client versions of Windows
#
# If you would like to submit a bug report, please visit:
#   https://bugreport.java.com/bugreport/crash.jsp
# The crash happened outside the Java Virtual Machine in native code.
# See problematic frame for where to report the bug.
#

---------------  S U M M A R Y ------------

Command Line: -Dfile.encoding=UTF-8 --module-path=C:\Users\dam_aap\Desktop\ProyectoConjunto\gym\Gimansio3.0\Gimnasio1.0\Interfaz\NetBeans\GymDam\build\classes gymdam.GymDam

Host: Intel(R) Core(TM) i5-9500 CPU @ 3.00GHz, 6 cores, 7G,  Windows 10 , 64 bit Build 19041 (10.0.19041.1466)
Time: Tue Feb 15 09:44:40 2022 Hora estándar romance elapsed time: 31.847708 seconds (0d 0h 0m 31s)

---------------  T H R E A D  ---------------

Current thread (0x0000029051688f60):  JavaThread "Finalizer" daemon [_thread_in_native, id=9676, stack(0x000000ee6a200000,0x000000ee6a300000)]

Stack: [0x000000ee6a200000,0x000000ee6a300000],  sp=0x000000ee6a2fef80,  free space=1019k
Native frames: (J=compiled Java code, j=interpreted, Vv=VM code, C=native code)
C  [QtGui4.dll+0x62cbd]

Java frames: (J=compiled Java code, j=interpreted, Vv=VM code)
J 741  com.trolltech.qt.internal.QtJambiObject.finalize()V (0 bytes) @ 0x0000029042e97b6b [0x0000029042e97b20+0x000000000000004b]
J 735 c1 java.lang.ref.Finalizer.runFinalizer(Ljdk/internal/access/JavaLangAccess;)V java.base@16.0.1 (131 bytes) @ 0x000002903ba30824 [0x000002903ba301c0+0x0000000000000664]
j  java.lang.ref.Finalizer$FinalizerThread.run()V+46 java.base@16.0.1
v  ~StubRoutines::call_stub

siginfo: EXCEPTION_ACCESS_VIOLATION (0xc0000005), reading address 0x0000000000000008


Register to memory mapping:

RIP=0x0000000073692cbd QtGui4.dll
RAX=0x0 is NULL
RBX=0x00000000fffffffe is an unallocated location in the heap
RCX=0x00000290523b7e40 points into unknown readable memory: 0x0000000000000001 | 01 00 00 00 00 00 00 00
RDX=0x0000000000000001 is an unknown value
RSP=0x000000ee6a2fef80 is pointing into the stack for thread: 0x0000029051688f60
RBP=0x0000000000000003 is an unknown value
RSI=0x0000029052ac8360 points into unknown readable memory: 0x0000000073c83148 | 48 31 c8 73 00 00 00 00
RDI=0x0000029052ac8360 points into unknown readable memory: 0x0000000073c83148 | 48 31 c8 73 00 00 00 00
R8 =0x0 is NULL
R9 =0x000000000000001d is an unknown value
R10=0x0 is NULL
R11=0xbffe364000000000 is an unknown value
R12=0x0000029052acea30 points into unknown readable memory: 0x0000000073c2fe58 | 58 fe c2 73 00 00 00 00
R13=0x0000029054526170 points into unknown readable memory: 0x0000000073c991f0 | f0 91 c9 73 00 00 00 00
R14=0x0 is NULL
R15=0x0 is NULL


Registers:
RAX=0x0000000000000000, RBX=0x00000000fffffffe, RCX=0x00000290523b7e40, RDX=0x0000000000000001
RSP=0x000000ee6a2fef80, RBP=0x0000000000000003, RSI=0x0000029052ac8360, RDI=0x0000029052ac8360
R8 =0x0000000000000000, R9 =0x000000000000001d, R10=0x0000000000000000, R11=0xbffe364000000000
R12=0x0000029052acea30, R13=0x0000029054526170, R14=0x0000000000000000, R15=0x0000000000000000
RIP=0x0000000073692cbd, EFLAGS=0x0000000000010206

Top of Stack: (sp=0x000000ee6a2fef80)
0x000000ee6a2fef80:   00000290523b7e40 00000000fffffffe
0x000000ee6a2fef90:   0000000000000003 00007ffbe97b69d8
0x000000ee6a2fefa0:   0000029000000000 0000000000000003
0x000000ee6a2fefb0:   fffffffffffffffe 0000029052acea30
0x000000ee6a2fefc0:   0000000000000000 00000000739ab1ce
0x000000ee6a2fefd0:   000002905472d010 0000000000000001
0x000000ee6a2fefe0:   00000290523b7e40 0000000000000000
0x000000ee6a2feff0:   0000000000000001 00000000739aaa44
0x000000ee6a2ff000:   0000029052ac8360 0000000000000003
0x000000ee6a2ff010:   0000029052ac72d0 0000000000000002
0x000000ee6a2ff020:   fffffffffffffffe 0000000000000002
0x000000ee6a2ff030:   0000029052ac8360 00007ffbe25729a5
0x000000ee6a2ff040:   0000029052ac8360 0000029000000000
0x000000ee6a2ff050:   00000290522cb930 000000007425e0a8
0x000000ee6a2ff060:   fffffffffffffffe 0000000073f36298
0x000000ee6a2ff070:   0000029054526170 00000000740bab73 

Instructions: (pc=0x0000000073692cbd)
0x0000000073692bbd:   8b 0e 48 3b cb 74 1b ff 15 66 9b 58 00 84 c0 75
0x0000000073692bcd:   0e ba 08 00 00 00 48 8b 0e ff 15 c4 9d 58 00 48
0x0000000073692bdd:   89 1e 48 83 c4 38 41 5e 5f 5e 5b c3 cc cc cc cc
0x0000000073692bed:   cc cc cc 40 57 48 83 ec 20 48 8b 41 f8 48 8b fa
0x0000000073692bfd:   48 3b 90 40 01 00 00 74 6c 48 8b 41 f8 48 89 5c
0x0000000073692c0d:   24 30 48 8d 59 f0 f7 80 c8 01 00 00 00 00 00 10
0x0000000073692c1d:   74 0c 48 8b 43 20 48 8b 08 48 85 c9 75 22 41 b0
0x0000000073692c2d:   01 ba 64 00 00 00 48 8b cb e8 95 2c 00 00 48 8b
0x0000000073692c3d:   4b 08 33 d2 e8 fa 7b ff ff 48 8b 43 20 48 8b 08
0x0000000073692c4d:   48 8b d7 ff 15 12 cf 58 00 48 8b 5c 24 30 85 c0
0x0000000073692c5d:   75 13 48 8d 0d 52 db 59 00 48 83 c4 20 5f 48 ff
0x0000000073692c6d:   25 fe a6 58 00 48 83 c4 20 5f c3 cc cc cc cc cc
0x0000000073692c7d:   cc cc cc 85 d2 74 68 57 48 83 ec 40 48 c7 44 24
0x0000000073692c8d:   30 fe ff ff ff 48 89 5c 24 50 8b da 48 8b f9 c7
0x0000000073692c9d:   44 24 20 00 00 00 00 45 33 c9 45 33 c0 33 d2 48
0x0000000073692cad:   8d 4c 24 60 e8 ba ba fd ff 90 ff 15 bb 9b 58 00
0x0000000073692cbd:   48 8b 48 08 48 81 c1 28 01 00 00 4c 8d 4c 24 60
0x0000000073692ccd:   4c 8b c7 8b d3 e8 f9 8c fe ff 90 48 8d 4c 24 60
0x0000000073692cdd:   e8 ee e2 fc ff 48 8b 5c 24 50 48 83 c4 40 5f c3
0x0000000073692ced:   cc cc cc 48 89 5c 24 10 48 89 6c 24 18 48 89 74
0x0000000073692cfd:   24 20 57 48 81 ec 90 00 00 00 48 8b 05 62 4e 8a
0x0000000073692d0d:   00 48 33 c4 48 89 84 24 80 00 00 00 48 8b f1 48
0x0000000073692d1d:   8b 09 48 8b fa 48 83 c1 68 ba 01 00 00 00 ff 15
0x0000000073692d2d:   ef 99 58 00 84 c0 74 08 48 8b ce e8 f3 7b fa ff
0x0000000073692d3d:   48 8b 0e 48 8b d1 48 8b d9 4c 63 49 6c 8b 69 70
0x0000000073692d4d:   4d 85 c9 78 42 48 8d 44 24 20 41 ba 08 00 00 00
0x0000000073692d5d:   4c 2b d0 4a 8b 5c ca 08 48 3b d9 74 20 44 8b 07
0x0000000073692d6d:   0f 1f 00 44 39 43 f8 7d 14 4b 8d 04 ca 48 8b d3
0x0000000073692d7d:   48 03 c3 48 8b 5c 04 20 48 3b d9 75 e6 4a 89 54
0x0000000073692d8d:   cc 20 49 ff c9 79 cc 48 3b d9 74 3d 8b 43 f8 39
0x0000000073692d9d:   07 7c 36 48 8b 0e 4c 8b cb 48 8b 5b 08 48 3b d9
0x0000000073692dad:   74 0e 8b 43 f8 41 39 41 f8 7c 05 40 b7 01 eb 03 


Stack slot to memory mapping:
stack at sp + 0 slots: 0x00000290523b7e40 points into unknown readable memory: 0x0000000000000001 | 01 00 00 00 00 00 00 00
stack at sp + 1 slots: 0x00000000fffffffe is an unallocated location in the heap
stack at sp + 2 slots: 0x0000000000000003 is an unknown value
stack at sp + 3 slots: 0x00007ffbe97b69d8 MSVCR120.dll
stack at sp + 4 slots: 0x0000029000000000 is an unknown value
stack at sp + 5 slots: 0x0000000000000003 is an unknown value
stack at sp + 6 slots: 0xfffffffffffffffe is an unknown value
stack at sp + 7 slots: 0x0000029052acea30 points into unknown readable memory: 0x0000000073c2fe58 | 58 fe c2 73 00 00 00 00


---------------  P R O C E S S  ---------------

Threads class SMR info:
_java_thread_list=0x0000029052ac5510, length=15, elements={
0x00000290516880a0, 0x0000029051688f60, 0x00000290516966c0, 0x00000290516972c0,
0x0000029051699dd0, 0x000002905169a7d0, 0x000002905169b500, 0x000002905169bff0,
0x00000290516a8670, 0x0000029051664c50, 0x00000290521f77b0, 0x00000290523b63e0,
0x0000029033c0c500, 0x00000290525acf10, 0x0000029052ac6760
}

Java Threads: ( => current thread )
  0x00000290516880a0 JavaThread "Reference Handler" daemon [_thread_blocked, id=6292, stack(0x000000ee6a100000,0x000000ee6a200000)]
=>0x0000029051688f60 JavaThread "Finalizer" daemon [_thread_in_native, id=9676, stack(0x000000ee6a200000,0x000000ee6a300000)]
  0x00000290516966c0 JavaThread "Signal Dispatcher" daemon [_thread_blocked, id=4724, stack(0x000000ee6a300000,0x000000ee6a400000)]
  0x00000290516972c0 JavaThread "Attach Listener" daemon [_thread_blocked, id=8964, stack(0x000000ee6a400000,0x000000ee6a500000)]
  0x0000029051699dd0 JavaThread "Service Thread" daemon [_thread_blocked, id=10520, stack(0x000000ee6a500000,0x000000ee6a600000)]
  0x000002905169a7d0 JavaThread "Monitor Deflation Thread" daemon [_thread_blocked, id=4604, stack(0x000000ee6a600000,0x000000ee6a700000)]
  0x000002905169b500 JavaThread "C2 CompilerThread0" daemon [_thread_blocked, id=5868, stack(0x000000ee6a700000,0x000000ee6a800000)]
  0x000002905169bff0 JavaThread "C1 CompilerThread0" daemon [_thread_blocked, id=7972, stack(0x000000ee6a800000,0x000000ee6a900000)]
  0x00000290516a8670 JavaThread "Sweeper thread" daemon [_thread_blocked, id=10952, stack(0x000000ee6a900000,0x000000ee6aa00000)]
  0x0000029051664c50 JavaThread "Common-Cleaner" daemon [_thread_blocked, id=1296, stack(0x000000ee6aa00000,0x000000ee6ab00000)]
  0x00000290521f77b0 JavaThread "Notification Thread" daemon [_thread_blocked, id=5660, stack(0x000000ee6ab00000,0x000000ee6ac00000)]
  0x00000290523b63e0 JavaThread "qtjambi-com.trolltech.qt.QThreadManager$NativeResourcesReleaseThread" daemon [_thread_blocked, id=7800, stack(0x000000ee6ae00000,0x000000ee6af00000)]
  0x0000029033c0c500 JavaThread "DestroyJavaVM" [_thread_blocked, id=9588, stack(0x000000ee69a00000,0x000000ee69b00000)]
  0x00000290525acf10 JavaThread "qtjambi-com.trolltech.qt.QtJambi_LibraryShutdown" [_thread_blocked, id=7452, stack(0x000000ee6b600000,0x000000ee6b700000)]
  0x0000029052ac6760 JavaThread "Secondary finalizer" [_thread_in_native, id=3692, stack(0x000000ee6b700000,0x000000ee6b800000)]

Other Threads:
  0x00000290516827a0 VMThread "VM Thread" [stack: 0x000000ee6a000000,0x000000ee6a100000] [id=9476]
  0x0000029033c0d580 WatcherThread [stack: 0x000000ee6ac00000,0x000000ee6ad00000] [id=5932]
  0x0000029033c4aae0 GCTaskThread "GC Thread#0" [stack: 0x000000ee69b00000,0x000000ee69c00000] [id=8960]
  0x0000029052b4def0 GCTaskThread "GC Thread#1" [stack: 0x000000ee6ad00000,0x000000ee6ae00000] [id=7904]
  0x0000029052b4e200 GCTaskThread "GC Thread#2" [stack: 0x000000ee6af00000,0x000000ee6b000000] [id=8088]
  0x0000029052145750 GCTaskThread "GC Thread#3" [stack: 0x000000ee6b000000,0x000000ee6b100000] [id=9032]
  0x0000029051739bb0 GCTaskThread "GC Thread#4" [stack: 0x000000ee6b100000,0x000000ee6b200000] [id=8480]
  0x0000029051739ec0 GCTaskThread "GC Thread#5" [stack: 0x000000ee6b200000,0x000000ee6b300000] [id=8568]
  0x0000029033c5b560 ConcurrentGCThread "G1 Main Marker" [stack: 0x000000ee69c00000,0x000000ee69d00000] [id=1900]
  0x0000029033c5c050 ConcurrentGCThread "G1 Conc#0" [stack: 0x000000ee69d00000,0x000000ee69e00000] [id=10504]
  0x0000029033ce1ec0 ConcurrentGCThread "G1 Refine#0" [stack: 0x000000ee69e00000,0x000000ee69f00000] [id=4844]
  0x0000029033ce3950 ConcurrentGCThread "G1 Service" [stack: 0x000000ee69f00000,0x000000ee6a000000] [id=6304]

Threads with active compile tasks:

VM state: not at safepoint (normal execution)

VM Mutex/Monitor currently owned by a thread: None

Heap address: 0x0000000083600000, size: 1994 MB, Compressed Oops mode: 32-bit

CDS archive(s) mapped at: [0x0000000800000000-0x0000000800bb0000-0x0000000800bb0000), size 12255232, SharedBaseAddress: 0x0000000800000000, ArchiveRelocationMode: 0.
Compressed class space mapped at: 0x0000000800c00000-0x0000000840c00000, reserved size: 1073741824
Narrow klass base: 0x0000000800000000, Narrow klass shift: 3, Narrow klass range: 0x100000000

GC Precious Log:
 CPUs: 6 total, 6 available
 Memory: 7973M
 Large Page Support: Disabled
 NUMA Support: Disabled
 Compressed Oops: Enabled (32-bit)
 Heap Region Size: 1M
 Heap Min Capacity: 8M
 Heap Initial Capacity: 126M
 Heap Max Capacity: 1994M
 Pre-touch: Disabled
 Parallel Workers: 6
 Concurrent Workers: 2
 Concurrent Refinement Workers: 6
 Periodic GC: Disabled

Heap:
 garbage-first heap   total 10240K, used 2142K [0x0000000083600000, 0x0000000100000000)
  region size 1024K, 1 young (1024K), 0 survivors (0K)
 Metaspace       used 5631K, committed 5760K, reserved 1056768K
  class space    used 497K, committed 576K, reserved 1048576K

Heap Regions: E=young(eden), S=young(survivor), O=old, HS=humongous(starts), HC=humongous(continues), CS=collection set, F=free, OA=open archive, CA=closed archive, TAMS=top-at-mark-start (previous, next)
|   0|0x0000000083600000, 0x00000000836ffcf8, 0x0000000083700000| 99%| O|  |TAMS 0x0000000083600000, 0x0000000083600000| Untracked 
|   1|0x0000000083700000, 0x00000000837e89e8, 0x0000000083800000| 90%| O|  |TAMS 0x0000000083700000, 0x0000000083700000| Untracked 
|   2|0x0000000083800000, 0x000000008382f320, 0x0000000083900000| 18%| O|  |TAMS 0x0000000083800000, 0x0000000083800000| Untracked 
|   3|0x0000000083900000, 0x0000000083900000, 0x0000000083a00000|  0%| F|  |TAMS 0x0000000083900000, 0x0000000083900000| Untracked 
|   4|0x0000000083a00000, 0x0000000083a00000, 0x0000000083b00000|  0%| F|  |TAMS 0x0000000083a00000, 0x0000000083a00000| Untracked 
|   5|0x0000000083b00000, 0x0000000083b00000, 0x0000000083c00000|  0%| F|  |TAMS 0x0000000083b00000, 0x0000000083b00000| Untracked 
|   6|0x0000000083c00000, 0x0000000083c00000, 0x0000000083d00000|  0%| F|  |TAMS 0x0000000083c00000, 0x0000000083c00000| Untracked 
|   7|0x0000000083d00000, 0x0000000083d00000, 0x0000000083e00000|  0%| F|  |TAMS 0x0000000083d00000, 0x0000000083d00000| Untracked 
|   8|0x0000000083e00000, 0x0000000083e00000, 0x0000000083f00000|  0%| F|  |TAMS 0x0000000083e00000, 0x0000000083e00000| Untracked 
|  44|0x0000000086200000, 0x0000000086206d48, 0x0000000086300000|  2%| E|  |TAMS 0x0000000086200000, 0x0000000086200000| Complete 

Card table byte_map: [0x000002904a880000,0x000002904ac70000] _byte_map_base: 0x000002904a465000

Marking Bits (Prev, Next): (CMBitMap*) 0x0000029033c4b1d0, (CMBitMap*) 0x0000029033c4b210
 Prev Bits: [0x000002904b060000, 0x000002904cf88000)
 Next Bits: [0x000002904cf90000, 0x000002904eeb8000)

Polling page: 0x0000029031c30000

Metaspace:

Usage:
  Non-class:      5.01 MB used.
      Class:    497.09 KB used.
       Both:      5.50 MB used.

Virtual space:
  Non-class space:        8.00 MB reserved,       5.06 MB ( 63%) committed,  1 nodes.
      Class space:        1.00 GB reserved,     576.00 KB ( <1%) committed,  1 nodes.
              Both:        1.01 GB reserved,       5.62 MB ( <1%) committed. 

Chunk freelists:
   Non-Class:  1.14 MB
       Class:  3.45 MB
        Both:  4.59 MB

MaxMetaspaceSize: 17179869184.00 GB
CompressedClassSpaceSize: 1.00 GB
 - commit_granule_bytes: 65536.
 - commit_granule_words: 8192.
 - virtual_space_node_default_size: 1048576.
 - enlarge_chunks_in_place: 1.
 - new_chunks_are_fully_committed: 0.
 - uncommit_free_chunks: 1.
 - use_allocation_guard: 0.
 - handle_deallocations: 1.


Internal statistics:

num_allocs_failed_limit: 0.
num_arena_births: 36.
num_arena_deaths: 0.
num_vsnodes_births: 2.
num_vsnodes_deaths: 0.
num_space_committed: 90.
num_space_uncommitted: 0.
num_chunks_returned_to_freelist: 0.
num_chunks_taken_from_freelist: 156.
num_chunk_merges: 0.
num_chunk_splits: 128.
num_chunks_enlarged: 110.
num_purges: 0.

CodeHeap 'non-profiled nmethods': size=120000Kb used=308Kb max_used=308Kb free=119691Kb
 bounds [0x0000029042e50000, 0x00000290430c0000, 0x000002904a380000]
CodeHeap 'profiled nmethods': size=120000Kb used=1190Kb max_used=1190Kb free=118809Kb
 bounds [0x000002903b920000, 0x000002903bb90000, 0x0000029042e50000]
CodeHeap 'non-nmethods': size=5760Kb used=1163Kb max_used=1195Kb free=4597Kb
 bounds [0x000002903b380000, 0x000002903b5f0000, 0x000002903b920000]
 total_blobs=1221 nmethods=772 adapters=362
 compilation: enabled
              stopped_count=0, restarted_count=0
 full_count=0

Compilation events (20 events):
Event: 31.791 Thread 0x000002905169bff0 nmethod 762 0x000002903ba40390 code [0x000002903ba40540, 0x000002903ba40768]
Event: 31.791 Thread 0x000002905169bff0  763       3       java.nio.CharBuffer::arrayOffset (35 bytes)
Event: 31.791 Thread 0x000002905169bff0 nmethod 763 0x000002903ba40810 code [0x000002903ba409e0, 0x000002903ba40c58]
Event: 31.793 Thread 0x000002905169bff0  764       3       java.lang.String::valueOf (15 bytes)
Event: 31.793 Thread 0x000002905169bff0 nmethod 764 0x000002903ba40d90 code [0x000002903ba40f40, 0x000002903ba41148]
Event: 31.794 Thread 0x000002905169bff0  765       3       java.lang.String::getChars (54 bytes)
Event: 31.794 Thread 0x000002905169bff0 nmethod 765 0x000002903ba41210 code [0x000002903ba41420, 0x000002903ba41898]
Event: 31.794 Thread 0x000002905169bff0  766       3       java.lang.StringLatin1::getChars (12 bytes)
Event: 31.794 Thread 0x000002905169bff0 nmethod 766 0x000002903ba41a90 code [0x000002903ba41c40, 0x000002903ba41d68]
Event: 31.800 Thread 0x000002905169bff0  767       3       sun.nio.cs.UTF_8$Encoder::encodeArrayLoop (489 bytes)
Event: 31.803 Thread 0x000002905169bff0 nmethod 767 0x000002903ba41e10 code [0x000002903ba42400, 0x000002903ba45768]
Event: 31.809 Thread 0x000002905169bff0  769       3       java.net.URL::toExternalForm (9 bytes)
Event: 31.809 Thread 0x000002905169b500  768       4       java.lang.AbstractStringBuilder::<init> (39 bytes)
Event: 31.809 Thread 0x000002905169bff0 nmethod 769 0x000002903ba46810 code [0x000002903ba469c0, 0x000002903ba46ba8]
Event: 31.809 Thread 0x000002905169bff0  770       3       java.net.URLStreamHandler::toExternalForm (156 bytes)
Event: 31.811 Thread 0x000002905169bff0 nmethod 770 0x000002903ba46c90 code [0x000002903ba470c0, 0x000002903ba48878]
Event: 31.811 Thread 0x000002905169bff0  772       3       java.io.Writer::write (11 bytes)
Event: 31.811 Thread 0x000002905169b500 nmethod 768 0x0000029042e9cd90 code [0x0000029042e9cf20, 0x0000029042e9d138]
Event: 31.817 Thread 0x000002905169bff0 nmethod 772 0x000002903ba49010 code [0x000002903ba491e0, 0x000002903ba494c8]
Event: 31.817 Thread 0x000002905169bff0  771       3       java.net.URL::toString (5 bytes)

GC Heap History (6 events):
Event: 23.921 GC heap before
{Heap before GC invocations=0 (full 0):
 garbage-first heap   total 129024K, used 20480K [0x0000000083600000, 0x0000000100000000)
  region size 1024K, 21 young (21504K), 0 survivors (0K)
 Metaspace       used 5514K, committed 5632K, reserved 1056768K
  class space    used 489K, committed 576K, reserved 1048576K
}
Event: 23.925 GC heap after
{Heap after GC invocations=1 (full 0):
 garbage-first heap   total 129024K, used 2275K [0x0000000083600000, 0x0000000100000000)
  region size 1024K, 3 young (3072K), 3 survivors (3072K)
 Metaspace       used 5514K, committed 5632K, reserved 1056768K
  class space    used 489K, committed 576K, reserved 1048576K
}
Event: 31.747 GC heap before
{Heap before GC invocations=1 (full 0):
 garbage-first heap   total 129024K, used 5347K [0x0000000083600000, 0x0000000100000000)
  region size 1024K, 7 young (7168K), 3 survivors (3072K)
 Metaspace       used 5542K, committed 5696K, reserved 1056768K
  class space    used 490K, committed 576K, reserved 1048576K
}
Event: 31.752 GC heap after
{Heap after GC invocations=2 (full 1):
 garbage-first heap   total 10240K, used 2156K [0x0000000083600000, 0x0000000100000000)
  region size 1024K, 0 young (0K), 0 survivors (0K)
 Metaspace       used 5542K, committed 5696K, reserved 1056768K
  class space    used 490K, committed 576K, reserved 1048576K
}
Event: 31.811 GC heap before
{Heap before GC invocations=2 (full 1):
 garbage-first heap   total 10240K, used 2156K [0x0000000083600000, 0x0000000100000000)
  region size 1024K, 1 young (1024K), 0 survivors (0K)
 Metaspace       used 5631K, committed 5760K, reserved 1056768K
  class space    used 497K, committed 576K, reserved 1048576K
}
Event: 31.817 GC heap after
{Heap after GC invocations=3 (full 2):
 garbage-first heap   total 10240K, used 2142K [0x0000000083600000, 0x0000000100000000)
  region size 1024K, 0 young (0K), 0 survivors (0K)
 Metaspace       used 5631K, committed 5760K, reserved 1056768K
  class space    used 497K, committed 576K, reserved 1048576K
}

Deoptimization events (20 events):
Event: 23.925 Thread 0x0000029033c0c500 Uncommon trap: trap_request=0xffffff45 fr.pc=0x0000029042e95df8 relative=0x0000000000000718
Event: 23.925 Thread 0x0000029033c0c500 Uncommon trap: reason=unstable_if action=reinterpret pc=0x0000029042e95df8 method=java.lang.ref.SoftReference.get()Ljava/lang/Object; @ 17 c2
Event: 23.925 Thread 0x0000029033c0c500 DEOPT PACKING pc=0x0000029042e95df8 sp=0x000000ee69af9230
Event: 23.925 Thread 0x0000029033c0c500 DEOPT UNPACKING pc=0x000002903b3cd72e sp=0x000000ee69af90b8 mode 2
Event: 23.925 Thread 0x0000029033c0c500 Uncommon trap: trap_request=0xffffff45 fr.pc=0x0000029042e967d4 relative=0x0000000000000294
Event: 23.925 Thread 0x0000029033c0c500 Uncommon trap: reason=unstable_if action=reinterpret pc=0x0000029042e967d4 method=java.lang.ref.SoftReference.get()Ljava/lang/Object; @ 17 c2
Event: 23.925 Thread 0x0000029033c0c500 DEOPT PACKING pc=0x0000029042e967d4 sp=0x000000ee69af91c0
Event: 23.925 Thread 0x0000029033c0c500 DEOPT UNPACKING pc=0x000002903b3cd72e sp=0x000000ee69af90b0 mode 2
Event: 23.925 Thread 0x0000029033c0c500 Uncommon trap: trap_request=0xffffff45 fr.pc=0x0000029042e8f5e0 relative=0x0000000000000140
Event: 23.925 Thread 0x0000029033c0c500 Uncommon trap: reason=unstable_if action=reinterpret pc=0x0000029042e8f5e0 method=java.lang.ref.SoftReference.get()Ljava/lang/Object; @ 17 c2
Event: 23.925 Thread 0x0000029033c0c500 DEOPT PACKING pc=0x0000029042e8f5e0 sp=0x000000ee69af9160
Event: 23.925 Thread 0x0000029033c0c500 DEOPT UNPACKING pc=0x000002903b3cd72e sp=0x000000ee69af90b0 mode 2
Event: 23.925 Thread 0x0000029033c0c500 Uncommon trap: trap_request=0xffffff45 fr.pc=0x0000029042e8da90 relative=0x00000000000000f0
Event: 23.925 Thread 0x0000029033c0c500 Uncommon trap: reason=unstable_if action=reinterpret pc=0x0000029042e8da90 method=java.lang.ref.SoftReference.get()Ljava/lang/Object; @ 17 c2
Event: 23.925 Thread 0x0000029033c0c500 DEOPT PACKING pc=0x0000029042e8da90 sp=0x000000ee69af90f0
Event: 23.925 Thread 0x0000029033c0c500 DEOPT UNPACKING pc=0x000002903b3cd72e sp=0x000000ee69af90a8 mode 2
Event: 23.931 Thread 0x0000029033c0c500 Uncommon trap: trap_request=0xffffff45 fr.pc=0x0000029042e9235c relative=0x0000000000001fbc
Event: 23.931 Thread 0x0000029033c0c500 Uncommon trap: reason=unstable_if action=reinterpret pc=0x0000029042e9235c method=java.lang.ref.SoftReference.get()Ljava/lang/Object; @ 17 c2
Event: 23.931 Thread 0x0000029033c0c500 DEOPT PACKING pc=0x0000029042e9235c sp=0x000000ee69af9fd0
Event: 23.931 Thread 0x0000029033c0c500 DEOPT UNPACKING pc=0x000002903b3cd72e sp=0x000000ee69af9d70 mode 2

Classes unloaded (0 events):
No events

Classes redefined (0 events):
No events

Internal exceptions (6 events):
Event: 0.044 Thread 0x0000029033c0c500 Exception <a 'sun/nio/fs/WindowsException'{0x000000008b221dd0}> (0x000000008b221dd0) 
thrown [t:\workspace\open\src\hotspot\share\prims\jni.cpp, line 579]
Event: 0.044 Thread 0x0000029033c0c500 Exception <a 'sun/nio/fs/WindowsException'{0x000000008b2223f0}> (0x000000008b2223f0) 
thrown [t:\workspace\open\src\hotspot\share\prims\jni.cpp, line 579]
Event: 0.046 Thread 0x0000029033c0c500 Exception <a 'sun/nio/fs/WindowsException'{0x000000008b2251a8}> (0x000000008b2251a8) 
thrown [t:\workspace\open\src\hotspot\share\prims\jni.cpp, line 579]
Event: 0.097 Thread 0x0000029033c0c500 Exception <a 'java/lang/NoSuchMethodError'{0x000000008b03fca8}: 'void java.lang.invoke.DirectMethodHandle$Holder.invokeSpecial(java.lang.Object, java.lang.Object, java.lang.Object)'> (0x000000008b03fca8) 
thrown [t:\workspace\open\src\hotspot\share\interpreter\linkResolver.cpp, line 790]
Event: 0.099 Thread 0x0000029033c0c500 Exception <a 'java/lang/NoSuchMethodError'{0x000000008b050610}: 'java.lang.Object java.lang.invoke.DirectMethodHandle$Holder.invokeStatic(java.lang.Object)'> (0x000000008b050610) 
thrown [t:\workspace\open\src\hotspot\share\interpreter\linkResolver.cpp, line 790]
Event: 19.771 Thread 0x0000029033c0c500 Implicit null exception at 0x0000029042e89ac4 to 0x0000029042e8b154

Events (20 events):
Event: 31.747 Executing  VM operation: G1CollectFull
Event: 31.752 Executing  VM operation: G1CollectFull done
Event: 31.752 loading class java/lang/ref/Finalizer$2
Event: 31.752 loading class java/lang/ref/Finalizer$2 done
Event: 31.752 loading class java/lang/ref/Finalizer$1
Event: 31.752 loading class java/lang/ref/Finalizer$1 done
Event: 31.752 Thread 0x000002905268e760 Thread added: 0x000002905268e760
Event: 31.753 Thread 0x000002905268e760 Thread exited: 0x000002905268e760
Event: 31.765 Thread 0x0000029033c0c500 Thread exited: 0x0000029033c0c500
Event: 31.765 Thread 0x0000029033c0c500 Thread added: 0x0000029033c0c500
Event: 31.765 Thread 0x00000290525acf10 Thread added: 0x00000290525acf10
Event: 31.767 loading class java/lang/Throwable$WrappedPrintStream
Event: 31.767 loading class java/lang/Throwable$PrintStreamOrWriter
Event: 31.767 loading class java/lang/Throwable$PrintStreamOrWriter done
Event: 31.767 loading class java/lang/Throwable$WrappedPrintStream done
Event: 31.767 loading class java/lang/StackTraceElement$HashedModules
Event: 31.767 loading class java/lang/StackTraceElement$HashedModules done
Event: 31.811 Executing  VM operation: G1CollectFull
Event: 31.817 Executing  VM operation: G1CollectFull done
Event: 31.818 Thread 0x0000029052ac6760 Thread added: 0x0000029052ac6760


Dynamic libraries:
0x00007ff65f9c0000 - 0x00007ff65f9ce000 	C:\jdk-16.0.1\bin\java.exe
0x00007ffc32b30000 - 0x00007ffc32d25000 	C:\WINDOWS\SYSTEM32\ntdll.dll
0x00007ffc321b0000 - 0x00007ffc3226e000 	C:\WINDOWS\System32\KERNEL32.DLL
0x00007ffc306b0000 - 0x00007ffc30978000 	C:\WINDOWS\System32\KERNELBASE.dll
0x00007ffc309e0000 - 0x00007ffc30ae0000 	C:\WINDOWS\System32\ucrtbase.dll
0x00007ffc04e70000 - 0x00007ffc04e89000 	C:\jdk-16.0.1\bin\VCRUNTIME140.dll
0x00007ffc2abe0000 - 0x00007ffc2abf8000 	C:\jdk-16.0.1\bin\jli.dll
0x00007ffc30d70000 - 0x00007ffc30f11000 	C:\WINDOWS\System32\USER32.dll
0x00007ffc30450000 - 0x00007ffc30472000 	C:\WINDOWS\System32\win32u.dll
0x00007ffc25030000 - 0x00007ffc252ca000 	C:\WINDOWS\WinSxS\amd64_microsoft.windows.common-controls_6595b64144ccf1df_6.0.19041.1110_none_60b5254171f9507e\COMCTL32.dll
0x00007ffc31920000 - 0x00007ffc3194b000 	C:\WINDOWS\System32\GDI32.dll
0x00007ffc30f20000 - 0x00007ffc30fbe000 	C:\WINDOWS\System32\msvcrt.dll
0x00007ffc30570000 - 0x00007ffc3067d000 	C:\WINDOWS\System32\gdi32full.dll
0x00007ffc304d0000 - 0x00007ffc3056d000 	C:\WINDOWS\System32\msvcp_win.dll
0x00007ffc31530000 - 0x00007ffc31560000 	C:\WINDOWS\System32\IMM32.DLL
0x00007ffc04e60000 - 0x00007ffc04e6c000 	C:\jdk-16.0.1\bin\vcruntime140_1.dll
0x00007ffbdbbb0000 - 0x00007ffbdbc41000 	C:\jdk-16.0.1\bin\msvcp140.dll
0x00007ffbda5c0000 - 0x00007ffbdb16b000 	C:\jdk-16.0.1\bin\server\jvm.dll
0x00007ffc31870000 - 0x00007ffc3191e000 	C:\WINDOWS\System32\ADVAPI32.dll
0x00007ffc31770000 - 0x00007ffc3180c000 	C:\WINDOWS\System32\sechost.dll
0x00007ffc323d0000 - 0x00007ffc324f5000 	C:\WINDOWS\System32\RPCRT4.dll
0x00007ffc30fc0000 - 0x00007ffc30fc8000 	C:\WINDOWS\System32\PSAPI.DLL
0x00007ffc04e90000 - 0x00007ffc04e99000 	C:\WINDOWS\SYSTEM32\WSOCK32.dll
0x00007ffc2b110000 - 0x00007ffc2b11a000 	C:\WINDOWS\SYSTEM32\VERSION.dll
0x00007ffc26110000 - 0x00007ffc26137000 	C:\WINDOWS\SYSTEM32\WINMM.dll
0x00007ffc32360000 - 0x00007ffc323cb000 	C:\WINDOWS\System32\WS2_32.dll
0x00007ffc2e150000 - 0x00007ffc2e162000 	C:\WINDOWS\SYSTEM32\kernel.appcore.dll
0x00007ffc04060000 - 0x00007ffc0406a000 	C:\jdk-16.0.1\bin\jimage.dll
0x00007ffc23cf0000 - 0x00007ffc23ed4000 	C:\WINDOWS\SYSTEM32\DBGHELP.DLL
0x00007ffc23830000 - 0x00007ffc2385c000 	C:\WINDOWS\SYSTEM32\dbgcore.DLL
0x00007ffc30ae0000 - 0x00007ffc30b62000 	C:\WINDOWS\System32\bcryptPrimitives.dll
0x00007ffbe0f60000 - 0x00007ffbe0f85000 	C:\jdk-16.0.1\bin\java.dll
0x00007ffc31a60000 - 0x00007ffc321a4000 	C:\WINDOWS\System32\SHELL32.dll
0x00007ffc2e350000 - 0x00007ffc2eae5000 	C:\WINDOWS\SYSTEM32\windows.storage.dll
0x00007ffc326b0000 - 0x00007ffc32a05000 	C:\WINDOWS\System32\combase.dll
0x00007ffc2fbc0000 - 0x00007ffc2fbee000 	C:\WINDOWS\SYSTEM32\Wldp.dll
0x00007ffc30b70000 - 0x00007ffc30c1d000 	C:\WINDOWS\System32\SHCORE.dll
0x00007ffc32280000 - 0x00007ffc322d5000 	C:\WINDOWS\System32\shlwapi.dll
0x00007ffc30180000 - 0x00007ffc3019f000 	C:\WINDOWS\SYSTEM32\profapi.dll
0x00007ffbfc3a0000 - 0x00007ffbfc3b9000 	C:\jdk-16.0.1\bin\net.dll
0x00007ffc29340000 - 0x00007ffc2944c000 	C:\WINDOWS\SYSTEM32\WINHTTP.dll
0x00007ffc2f920000 - 0x00007ffc2f98a000 	C:\WINDOWS\system32\mswsock.dll
0x00007ffbe0f40000 - 0x00007ffbe0f53000 	C:\jdk-16.0.1\bin\nio.dll
0x00007ffbe0f20000 - 0x00007ffbe0f38000 	C:\jdk-16.0.1\bin\zip.dll
0x00007ffbe0f10000 - 0x00007ffbe0f20000 	C:\jdk-16.0.1\bin\verify.dll
0x0000000073fa0000 - 0x000000007427e000 	C:\Users\dam_aap\AppData\Local\Temp\QtJambi_dam_aap_amd64_4.8.7_msvc2013x64-20150908-1314\lib\QtCore4.dll
0x00007ffc30c20000 - 0x00007ffc30d4a000 	C:\WINDOWS\System32\ole32.dll
0x00007ffbe9840000 - 0x00007ffbe98e6000 	C:\WINDOWS\SYSTEM32\MSVCP120.dll
0x00007ffbe9750000 - 0x00007ffbe983f000 	C:\WINDOWS\SYSTEM32\MSVCR120.dll
0x00007ffc0fb10000 - 0x00007ffc0fb50000 	C:\Users\dam_aap\AppData\Local\Temp\QtJambi_dam_aap_amd64_4.8.7_msvc2013x64-20150908-1314\lib\qtjambi.dll
0x00007ffbe5850000 - 0x00007ffbe597f000 	C:\Users\dam_aap\AppData\Local\Temp\QtJambi_dam_aap_amd64_4.8.7_msvc2013x64-20150908-1314\lib\com_trolltech_qt_core.dll
0x0000000073630000 - 0x0000000073f9e000 	C:\Users\dam_aap\AppData\Local\Temp\QtJambi_dam_aap_amd64_4.8.7_msvc2013x64-20150908-1314\lib\QtGui4.dll
0x00007ffc32a10000 - 0x00007ffc32aea000 	C:\WINDOWS\System32\COMDLG32.dll
0x00007ffc31450000 - 0x00007ffc3151d000 	C:\WINDOWS\System32\OLEAUT32.dll
0x00007ffbfc5b0000 - 0x00007ffbfc645000 	C:\WINDOWS\SYSTEM32\WINSPOOL.DRV
0x00007ffbe23c0000 - 0x00007ffbe2aef000 	C:\Users\dam_aap\AppData\Local\Temp\QtJambi_dam_aap_amd64_4.8.7_msvc2013x64-20150908-1314\lib\com_trolltech_qt_gui.dll
0x00007ffc2dc70000 - 0x00007ffc2dd0e000 	C:\WINDOWS\system32\uxtheme.dll
0x00007ffc31650000 - 0x00007ffc31765000 	C:\WINDOWS\System32\MSCTF.dll
0x00007ffc2cbf0000 - 0x00007ffc2cbfd000 	C:\Users\dam_aap\AppData\Local\Temp\QtJambi_dam_aap_amd64_4.8.7_msvc2013x64-20150908-1314\plugins\imageformats\qgif4.dll
0x00007ffc2b6c0000 - 0x00007ffc2b6ce000 	C:\Users\dam_aap\AppData\Local\Temp\QtJambi_dam_aap_amd64_4.8.7_msvc2013x64-20150908-1314\plugins\imageformats\qico4.dll
0x00007ffc0fad0000 - 0x00007ffc0fb0d000 	C:\Users\dam_aap\AppData\Local\Temp\QtJambi_dam_aap_amd64_4.8.7_msvc2013x64-20150908-1314\plugins\imageformats\qjpeg4.dll
0x00007ffc07c60000 - 0x00007ffc07ca9000 	C:\Users\dam_aap\AppData\Local\Temp\QtJambi_dam_aap_amd64_4.8.7_msvc2013x64-20150908-1314\plugins\imageformats\qmng4.dll
0x00007ffc06550000 - 0x00007ffc065ab000 	C:\Users\dam_aap\AppData\Local\Temp\QtJambi_dam_aap_amd64_4.8.7_msvc2013x64-20150908-1314\plugins\imageformats\qtiff4.dll
0x00007ffc295b0000 - 0x00007ffc296a9000 	C:\WINDOWS\SYSTEM32\textinputframework.dll
0x00007ffc2d630000 - 0x00007ffc2d722000 	C:\WINDOWS\System32\CoreMessaging.dll
0x00007ffc2d2d0000 - 0x00007ffc2d62e000 	C:\WINDOWS\System32\CoreUIComponents.dll
0x00007ffc2eec0000 - 0x00007ffc2eef3000 	C:\WINDOWS\SYSTEM32\ntmarta.dll
0x00007ffc2cc00000 - 0x00007ffc2cd54000 	C:\WINDOWS\SYSTEM32\wintypes.dll
0x00007ffc06a50000 - 0x00007ffc06b00000 	C:\WINDOWS\WinSxS\amd64_microsoft.windows.common-controls_6595b64144ccf1df_5.82.19041.1110_none_792d1c772443f647\comctl32.dll

dbghelp: loaded successfully - version: 4.0.5 - missing functions: none
symbol engine: initialized successfully - sym options: 0x614 - pdb path: .;C:\jdk-16.0.1\bin;C:\WINDOWS\SYSTEM32;C:\WINDOWS\WinSxS\amd64_microsoft.windows.common-controls_6595b64144ccf1df_6.0.19041.1110_none_60b5254171f9507e;C:\jdk-16.0.1\bin\server;C:\Users\dam_aap\AppData\Local\Temp\QtJambi_dam_aap_amd64_4.8.7_msvc2013x64-20150908-1314\lib;C:\Users\dam_aap\AppData\Local\Temp\QtJambi_dam_aap_amd64_4.8.7_msvc2013x64-20150908-1314\plugins\imageformats;C:\WINDOWS\WinSxS\amd64_microsoft.windows.common-controls_6595b64144ccf1df_5.82.19041.1110_none_792d1c772443f647

VM Arguments:
jvm_args: -Dfile.encoding=UTF-8 --module-path=C:\Users\dam_aap\Desktop\ProyectoConjunto\gym\Gimansio3.0\Gimnasio1.0\Interfaz\NetBeans\GymDam\build\classes 
java_command: gymdam.GymDam
java_class_path (initial): D:\qtjambi-community-4.8.7-win64-msvc2013\qtjambi-4.8.7.jar;D:\qtjambi-community-4.8.7-win64-msvc2013\qtjambi-designer-4.8.7.jar;D:\qtjambi-community-4.8.7-win64-msvc2013\qtjambi-examples-4.8.7.jar;D:\qtjambi-community-4.8.7-win64-msvc2013\qtjambi-examples-src.jar;D:\qtjambi-community-4.8.7-win64-msvc2013\qtjambi-native-win64-msvc2013x64-4.8.7.jar;D:\qtjambi-community-4.8.7-win64-msvc2013\qtjambi-src.jar;C:\Users\dam_aap\Desktop\ProyectoConjunto\gym\Gimansio3.0\Gimnasio1.0\Interfaz\NetBeans\GymDam\build\classes
Launcher Type: SUN_STANDARD

[Global flags]
     intx CICompilerCount                          = 3                                         {product} {ergonomic}
     uint ConcGCThreads                            = 2                                         {product} {ergonomic}
     uint G1ConcRefinementThreads                  = 6                                         {product} {ergonomic}
   size_t G1HeapRegionSize                         = 1048576                                   {product} {ergonomic}
    uintx GCDrainStackTargetSize                   = 64                                        {product} {ergonomic}
   size_t InitialHeapSize                          = 132120576                                 {product} {ergonomic}
   size_t MarkStackSize                            = 4194304                                   {product} {ergonomic}
   size_t MaxHeapSize                              = 2090860544                                {product} {ergonomic}
   size_t MaxNewSize                               = 1254096896                                {product} {ergonomic}
   size_t MinHeapDeltaBytes                        = 1048576                                   {product} {ergonomic}
   size_t MinHeapSize                              = 8388608                                   {product} {ergonomic}
    uintx NonNMethodCodeHeapSize                   = 5832780                                {pd product} {ergonomic}
    uintx NonProfiledCodeHeapSize                  = 122912730                              {pd product} {ergonomic}
    uintx ProfiledCodeHeapSize                     = 122912730                              {pd product} {ergonomic}
    uintx ReservedCodeCacheSize                    = 251658240                              {pd product} {ergonomic}
     bool SegmentedCodeCache                       = true                                      {product} {ergonomic}
   size_t SoftMaxHeapSize                          = 2090860544                             {manageable} {ergonomic}
     bool UseCompressedClassPointers               = true                           {product lp64_product} {ergonomic}
     bool UseCompressedOops                        = true                           {product lp64_product} {ergonomic}
     bool UseG1GC                                  = true                                      {product} {ergonomic}
     bool UseLargePagesIndividualAllocation        = false                                  {pd product} {ergonomic}

Logging:
Log output configuration:
 #0: stdout all=warning uptime,level,tags
 #1: stderr all=off uptime,level,tags

Environment Variables:
JAVA_HOME=c:\jdk-16.0.1
PATH=C:\Program Files (x86)\VMware\VMware Player\bin\;C:\jdk-16.0.1\bin;C:\WINDOWS\system32;C:\WINDOWS;C:\WINDOWS\System32\Wbem;C:\WINDOWS\System32\WindowsPowerShell\v1.0\;C:\WINDOWS\System32\OpenSSH\;C:\Program Files\PowerShell\7\;C:\Program Files\Microsoft SQL Server\Client SDK\ODBC\170\Tools\Binn\;C:\Program Files (x86)\Microsoft SQL Server\150\Tools\Binn\;C:\Program Files\Microsoft SQL Server\150\Tools\Binn\;C:\Program Files\Microsoft SQL Server\150\DTS\Binn\;C:\Program Files\Azure Data Studio\bin;C:\Program Files\dotnet\;C:\ProgramData\chocolatey\bin;C:\flutter\bin;C:\Users\dam_aap\AppData\Local\Microsoft\WindowsApps;D:\Microsoft VS Code\bin;C:\Users\dam_aap\AppData\Local\Programs\Git\cmd
USERNAME=dam_aap
OS=Windows_NT
PROCESSOR_IDENTIFIER=Intel64 Family 6 Model 158 Stepping 10, GenuineIntel



---------------  S Y S T E M  ---------------

OS:
 Windows 10 , 64 bit Build 19041 (10.0.19041.1466)
OS uptime: 0 days 1:32 hours

CPU: total 6 (initial active 6) (6 cores per cpu, 1 threads per core) family 6 model 158 stepping 10 microcode 0xb4, cx8, cmov, fxsr, mmx, 3dnowpref, sse, sse2, sse3, ssse3, sse4.1, sse4.2, popcnt, lzcnt, tsc, tscinvbit, avx, avx2, aes, erms, clmul, bmi1, bmi2, rtm, adx, fma, vzeroupper, clflush, clflushopt

Memory: 4k page, system-wide physical 7973M (2295M free)
TotalPageFile size 14885M (AvailPageFile size 8189M)
current process WorkingSet (physical memory assigned to process): 68M, peak: 96M
current process commit charge ("private bytes"): 104M, peak: 239M

vm_info: OpenJDK 64-Bit Server VM (16.0.1+9-24) for windows-amd64 JRE (16.0.1+9-24), built on Mar 26 2021 19:30:07 by "mach5one" with MS VC++ 16.7 (VS2019)

END.
