#
# A fatal error has been detected by the Java Runtime Environment:
#
#  EXCEPTION_ACCESS_VIOLATION (0xc0000005) at pc=0x0000000073692cbd, pid=9780, tid=11252
#
# JRE version: OpenJDK Runtime Environment (16.0.1+9) (build 16.0.1+9-24)
# Java VM: OpenJDK 64-Bit Server VM (16.0.1+9-24, mixed mode, sharing, tiered, compressed oops, compressed class ptrs, g1 gc, windows-amd64)
# Problematic frame:
# C  [QtGui4.dll+0x62cbd]
#
# No core dump will be written. Minidumps are not enabled by default on client versions of Windows
#
# If you would like to submit a bug report, please visit:
#   https://bugreport.java.com/bugreport/crash.jsp
# The crash happened outside the Java Virtual Machine in native code.
# See problematic frame for where to report the bug.
#

---------------  S U M M A R Y ------------

Command Line: -Dfile.encoding=UTF-8 --module-path=C:\Users\dam_aap\Desktop\ProyectoConjunto\gym\Gimansio3.0\Gimnasio1.0\Interfaz\NetBeans\GymDam\build\classes gymdam.GymDam

Host: Intel(R) Core(TM) i5-9500 CPU @ 3.00GHz, 6 cores, 7G,  Windows 10 , 64 bit Build 19041 (10.0.19041.1466)
Time: Tue Feb 15 12:23:26 2022 Hora estándar romance elapsed time: 50.445732 seconds (0d 0h 0m 50s)

---------------  T H R E A D  ---------------

Current thread (0x00000155bc1a9da0):  JavaThread "Secondary finalizer" [_thread_in_native, id=11252, stack(0x0000001197800000,0x0000001197900000)]

Stack: [0x0000001197800000,0x0000001197900000],  sp=0x00000011978ff130,  free space=1020k
Native frames: (J=compiled Java code, j=interpreted, Vv=VM code, C=native code)
C  [QtGui4.dll+0x62cbd]

Java frames: (J=compiled Java code, j=interpreted, Vv=VM code)
J 884  com.trolltech.qt.internal.QtJambiObject.finalize()V (0 bytes) @ 0x00000155acdca1eb [0x00000155acdca1a0+0x000000000000004b]
J 878 c1 java.lang.ref.Finalizer.runFinalizer(Ljdk/internal/access/JavaLangAccess;)V java.base@16.0.1 (131 bytes) @ 0x00000155a59aba24 [0x00000155a59ab3c0+0x0000000000000664]
j  java.lang.ref.Finalizer$2.run()V+33 java.base@16.0.1
j  java.lang.Thread.run()V+11 java.base@16.0.1
v  ~StubRoutines::call_stub

siginfo: EXCEPTION_ACCESS_VIOLATION (0xc0000005), reading address 0x0000000000000008


Register to memory mapping:

RIP=0x0000000073692cbd QtGui4.dll
RAX=0x0 is NULL
RBX=0x00000000fffffffe is an unallocated location in the heap
RCX=0x00000155bc129a10 points into unknown readable memory: 0x0000000000000001 | 01 00 00 00 00 00 00 00
RDX=0x0000000000000001 is an unknown value
RSP=0x00000011978ff130 is pointing into the stack for thread: 0x00000155bc1a9da0
RBP=0x0 is NULL
RSI=0x00000155bcb6bed0 points into unknown readable memory: 0x0000000073c83148 | 48 31 c8 73 00 00 00 00
RDI=0x00000155bcb6bed0 points into unknown readable memory: 0x0000000073c83148 | 48 31 c8 73 00 00 00 00
R8 =0x0000000000000123 is an unknown value
R9 =0x0000000000000040 is an unknown value
R10=0x0000000000000100 is an unknown value
R11=0x0118008020201804 is an unknown value
R12=0x00000155bcb6c6f0 points into unknown readable memory: 0x0000000073c2fe58 | 58 fe c2 73 00 00 00 00
R13=0x00000155be05d890 points into unknown readable memory: 0x0000000073c991f0 | f0 91 c9 73 00 00 00 00
R14=0x0000000017c0bb00 is an unknown value
R15=0x0 is NULL


Registers:
RAX=0x0000000000000000, RBX=0x00000000fffffffe, RCX=0x00000155bc129a10, RDX=0x0000000000000001
RSP=0x00000011978ff130, RBP=0x0000000000000000, RSI=0x00000155bcb6bed0, RDI=0x00000155bcb6bed0
R8 =0x0000000000000123, R9 =0x0000000000000040, R10=0x0000000000000100, R11=0x0118008020201804
R12=0x00000155bcb6c6f0, R13=0x00000155be05d890, R14=0x0000000017c0bb00, R15=0x0000000000000000
RIP=0x0000000073692cbd, EFLAGS=0x0000000000010202

Top of Stack: (sp=0x00000011978ff130)
0x00000011978ff130:   00000155bc129a10 00000000fffffffe
0x00000011978ff140:   0000000000000000 00007ffbe4a869d8
0x00000011978ff150:   0000015500000000 0000000000000000
0x00000011978ff160:   fffffffffffffffe 0000000000000000
0x00000011978ff170:   0000000000000000 00000000739ab1ce
0x00000011978ff180:   00000155be206930 0000000000000001
0x00000011978ff190:   00000155bc129a10 0000000000000030
0x00000011978ff1a0:   0000000000000001 00000000739aaa44
0x00000011978ff1b0:   00000155bcb6bed0 0000000000000000
0x00000011978ff1c0:   00000155bc948530 00000155bc1aa000
0x00000011978ff1d0:   fffffffffffffffe 000000007380cd63
0x00000011978ff1e0:   00000155bcb6bed0 00007ffbe25729a5
0x00000011978ff1f0:   00000155bcb6bed0 00000155bc1aa000
0x00000011978ff200:   00000155bcb6d9b0 000000007380ca74
0x00000011978ff210:   fffffffffffffffe 0000000073f36298
0x00000011978ff220:   00000155be05d890 00000000740bab73 

Instructions: (pc=0x0000000073692cbd)
0x0000000073692bbd:   8b 0e 48 3b cb 74 1b ff 15 66 9b 58 00 84 c0 75
0x0000000073692bcd:   0e ba 08 00 00 00 48 8b 0e ff 15 c4 9d 58 00 48
0x0000000073692bdd:   89 1e 48 83 c4 38 41 5e 5f 5e 5b c3 cc cc cc cc
0x0000000073692bed:   cc cc cc 40 57 48 83 ec 20 48 8b 41 f8 48 8b fa
0x0000000073692bfd:   48 3b 90 40 01 00 00 74 6c 48 8b 41 f8 48 89 5c
0x0000000073692c0d:   24 30 48 8d 59 f0 f7 80 c8 01 00 00 00 00 00 10
0x0000000073692c1d:   74 0c 48 8b 43 20 48 8b 08 48 85 c9 75 22 41 b0
0x0000000073692c2d:   01 ba 64 00 00 00 48 8b cb e8 95 2c 00 00 48 8b
0x0000000073692c3d:   4b 08 33 d2 e8 fa 7b ff ff 48 8b 43 20 48 8b 08
0x0000000073692c4d:   48 8b d7 ff 15 12 cf 58 00 48 8b 5c 24 30 85 c0
0x0000000073692c5d:   75 13 48 8d 0d 52 db 59 00 48 83 c4 20 5f 48 ff
0x0000000073692c6d:   25 fe a6 58 00 48 83 c4 20 5f c3 cc cc cc cc cc
0x0000000073692c7d:   cc cc cc 85 d2 74 68 57 48 83 ec 40 48 c7 44 24
0x0000000073692c8d:   30 fe ff ff ff 48 89 5c 24 50 8b da 48 8b f9 c7
0x0000000073692c9d:   44 24 20 00 00 00 00 45 33 c9 45 33 c0 33 d2 48
0x0000000073692cad:   8d 4c 24 60 e8 ba ba fd ff 90 ff 15 bb 9b 58 00
0x0000000073692cbd:   48 8b 48 08 48 81 c1 28 01 00 00 4c 8d 4c 24 60
0x0000000073692ccd:   4c 8b c7 8b d3 e8 f9 8c fe ff 90 48 8d 4c 24 60
0x0000000073692cdd:   e8 ee e2 fc ff 48 8b 5c 24 50 48 83 c4 40 5f c3
0x0000000073692ced:   cc cc cc 48 89 5c 24 10 48 89 6c 24 18 48 89 74
0x0000000073692cfd:   24 20 57 48 81 ec 90 00 00 00 48 8b 05 62 4e 8a
0x0000000073692d0d:   00 48 33 c4 48 89 84 24 80 00 00 00 48 8b f1 48
0x0000000073692d1d:   8b 09 48 8b fa 48 83 c1 68 ba 01 00 00 00 ff 15
0x0000000073692d2d:   ef 99 58 00 84 c0 74 08 48 8b ce e8 f3 7b fa ff
0x0000000073692d3d:   48 8b 0e 48 8b d1 48 8b d9 4c 63 49 6c 8b 69 70
0x0000000073692d4d:   4d 85 c9 78 42 48 8d 44 24 20 41 ba 08 00 00 00
0x0000000073692d5d:   4c 2b d0 4a 8b 5c ca 08 48 3b d9 74 20 44 8b 07
0x0000000073692d6d:   0f 1f 00 44 39 43 f8 7d 14 4b 8d 04 ca 48 8b d3
0x0000000073692d7d:   48 03 c3 48 8b 5c 04 20 48 3b d9 75 e6 4a 89 54
0x0000000073692d8d:   cc 20 49 ff c9 79 cc 48 3b d9 74 3d 8b 43 f8 39
0x0000000073692d9d:   07 7c 36 48 8b 0e 4c 8b cb 48 8b 5b 08 48 3b d9
0x0000000073692dad:   74 0e 8b 43 f8 41 39 41 f8 7c 05 40 b7 01 eb 03 


Stack slot to memory mapping:
stack at sp + 0 slots: 0x00000155bc129a10 points into unknown readable memory: 0x0000000000000001 | 01 00 00 00 00 00 00 00
stack at sp + 1 slots: 0x00000000fffffffe is an unallocated location in the heap
stack at sp + 2 slots: 0x0 is NULL
stack at sp + 3 slots: 0x00007ffbe4a869d8 MSVCR120.dll
stack at sp + 4 slots: 0x0000015500000000 is an unknown value
stack at sp + 5 slots: 0x0 is NULL
stack at sp + 6 slots: 0xfffffffffffffffe is an unknown value
stack at sp + 7 slots: 0x0 is NULL


---------------  P R O C E S S  ---------------

Threads class SMR info:
_java_thread_list=0x00000155be0d8c40, length=16, elements={
0x00000155bb5c1320, 0x00000155bb5c20f0, 0x00000155bb5d1b10, 0x00000155bb5d4530,
0x00000155bb5d5e50, 0x00000155bb5d6760, 0x00000155bb5dad60, 0x00000155bb5e3770,
0x00000155bb5f80d0, 0x00000155bc069d80, 0x00000155bc13f570, 0x00000155bc5d69c0,
0x00000155bc1a8860, 0x00000155bc1a9300, 0x00000155bc1a9850, 0x00000155bc1a9da0
}

Java Threads: ( => current thread )
  0x00000155bb5c1320 JavaThread "Reference Handler" daemon [_thread_blocked, id=5748, stack(0x0000001196100000,0x0000001196200000)]
  0x00000155bb5c20f0 JavaThread "Finalizer" daemon [_thread_in_native, id=12020, stack(0x0000001196200000,0x0000001196300000)]
  0x00000155bb5d1b10 JavaThread "Signal Dispatcher" daemon [_thread_blocked, id=1272, stack(0x0000001196300000,0x0000001196400000)]
  0x00000155bb5d4530 JavaThread "Attach Listener" daemon [_thread_blocked, id=8212, stack(0x0000001196400000,0x0000001196500000)]
  0x00000155bb5d5e50 JavaThread "Service Thread" daemon [_thread_blocked, id=9228, stack(0x0000001196500000,0x0000001196600000)]
  0x00000155bb5d6760 JavaThread "Monitor Deflation Thread" daemon [_thread_blocked, id=9424, stack(0x0000001196600000,0x0000001196700000)]
  0x00000155bb5dad60 JavaThread "C2 CompilerThread0" daemon [_thread_blocked, id=5516, stack(0x0000001196700000,0x0000001196800000)]
  0x00000155bb5e3770 JavaThread "C1 CompilerThread0" daemon [_thread_blocked, id=6136, stack(0x0000001196800000,0x0000001196900000)]
  0x00000155bb5f80d0 JavaThread "Sweeper thread" daemon [_thread_blocked, id=12108, stack(0x0000001196900000,0x0000001196a00000)]
  0x00000155bc069d80 JavaThread "Common-Cleaner" daemon [_thread_blocked, id=5392, stack(0x0000001196a00000,0x0000001196b00000)]
  0x00000155bc13f570 JavaThread "Notification Thread" daemon [_thread_blocked, id=8004, stack(0x0000001196c00000,0x0000001196d00000)]
  0x00000155bc5d69c0 JavaThread "qtjambi-com.trolltech.qt.QThreadManager$NativeResourcesReleaseThread" daemon [_thread_blocked, id=11624, stack(0x0000001196e00000,0x0000001196f00000)]
  0x00000155bc1a8860 JavaThread "Thread-2" daemon [_thread_in_native, id=3324, stack(0x0000001197600000,0x0000001197700000)]
  0x00000155bc1a9300 JavaThread "DestroyJavaVM" [_thread_blocked, id=4324, stack(0x0000001195a00000,0x0000001195b00000)]
  0x00000155bc1a9850 JavaThread "qtjambi-com.trolltech.qt.QtJambi_LibraryShutdown" [_thread_blocked, id=3424, stack(0x0000001197700000,0x0000001197800000)]
=>0x00000155bc1a9da0 JavaThread "Secondary finalizer" [_thread_in_native, id=11252, stack(0x0000001197800000,0x0000001197900000)]

Other Threads:
  0x00000155bb5bb7b0 VMThread "VM Thread" [stack: 0x0000001196000000,0x0000001196100000] [id=5992]
  0x000001559db310e0 WatcherThread [stack: 0x0000001196d00000,0x0000001196e00000] [id=7208]
  0x000001559db70b90 GCTaskThread "GC Thread#0" [stack: 0x0000001195b00000,0x0000001195c00000] [id=6120]
  0x00000155bc14d630 GCTaskThread "GC Thread#1" [stack: 0x0000001197100000,0x0000001197200000] [id=8632]
  0x00000155be3840e0 GCTaskThread "GC Thread#2" [stack: 0x0000001197200000,0x0000001197300000] [id=11416]
  0x00000155be2070e0 GCTaskThread "GC Thread#3" [stack: 0x0000001197300000,0x0000001197400000] [id=10012]
  0x00000155be198e30 GCTaskThread "GC Thread#4" [stack: 0x0000001197400000,0x0000001197500000] [id=7188]
  0x00000155be199140 GCTaskThread "GC Thread#5" [stack: 0x0000001197500000,0x0000001197600000] [id=6872]
  0x000001559db81520 ConcurrentGCThread "G1 Main Marker" [stack: 0x0000001195c00000,0x0000001195d00000] [id=11268]
  0x000001559db826c0 ConcurrentGCThread "G1 Conc#0" [stack: 0x0000001195d00000,0x0000001195e00000] [id=11684]
  0x000001559dc068e0 ConcurrentGCThread "G1 Refine#0" [stack: 0x0000001195e00000,0x0000001195f00000] [id=10636]
  0x00000155bb4724b0 ConcurrentGCThread "G1 Service" [stack: 0x0000001195f00000,0x0000001196000000] [id=8580]

Threads with active compile tasks:

VM state: not at safepoint (normal execution)

VM Mutex/Monitor currently owned by a thread: None

Heap address: 0x0000000083600000, size: 1994 MB, Compressed Oops mode: 32-bit

CDS archive(s) mapped at: [0x0000000800000000-0x0000000800bb0000-0x0000000800bb0000), size 12255232, SharedBaseAddress: 0x0000000800000000, ArchiveRelocationMode: 0.
Compressed class space mapped at: 0x0000000800c00000-0x0000000840c00000, reserved size: 1073741824
Narrow klass base: 0x0000000800000000, Narrow klass shift: 3, Narrow klass range: 0x100000000

GC Precious Log:
 CPUs: 6 total, 6 available
 Memory: 7973M
 Large Page Support: Disabled
 NUMA Support: Disabled
 Compressed Oops: Enabled (32-bit)
 Heap Region Size: 1M
 Heap Min Capacity: 8M
 Heap Initial Capacity: 126M
 Heap Max Capacity: 1994M
 Pre-touch: Disabled
 Parallel Workers: 6
 Concurrent Workers: 2
 Concurrent Refinement Workers: 6
 Periodic GC: Disabled

Heap:
 garbage-first heap   total 14336K, used 3563K [0x0000000083600000, 0x0000000100000000)
  region size 1024K, 1 young (1024K), 0 survivors (0K)
 Metaspace       used 5845K, committed 6016K, reserved 1056768K
  class space    used 506K, committed 576K, reserved 1048576K

Heap Regions: E=young(eden), S=young(survivor), O=old, HS=humongous(starts), HC=humongous(continues), CS=collection set, F=free, OA=open archive, CA=closed archive, TAMS=top-at-mark-start (previous, next)
|   0|0x0000000083600000, 0x00000000836fcaa8, 0x0000000083700000| 98%| O|  |TAMS 0x0000000083600000, 0x0000000083600000| Untracked 
|   1|0x0000000083700000, 0x00000000837fffe0, 0x0000000083800000| 99%| O|  |TAMS 0x0000000083700000, 0x0000000083700000| Untracked 
|   2|0x0000000083800000, 0x00000000838fffe8, 0x0000000083900000| 99%| O|  |TAMS 0x0000000083800000, 0x0000000083800000| Untracked 
|   3|0x0000000083900000, 0x0000000083900000, 0x0000000083a00000|  0%| F|  |TAMS 0x0000000083900000, 0x0000000083900000| Untracked 
|   4|0x0000000083a00000, 0x0000000083a7e410, 0x0000000083b00000| 49%| O|  |TAMS 0x0000000083a00000, 0x0000000083a00000| Untracked 
|   5|0x0000000083b00000, 0x0000000083b00000, 0x0000000083c00000|  0%| F|  |TAMS 0x0000000083b00000, 0x0000000083b00000| Untracked 
|   6|0x0000000083c00000, 0x0000000083c00000, 0x0000000083d00000|  0%| F|  |TAMS 0x0000000083c00000, 0x0000000083c00000| Untracked 
|   7|0x0000000083d00000, 0x0000000083d00000, 0x0000000083e00000|  0%| F|  |TAMS 0x0000000083d00000, 0x0000000083d00000| Untracked 
|   8|0x0000000083e00000, 0x0000000083e00000, 0x0000000083f00000|  0%| F|  |TAMS 0x0000000083e00000, 0x0000000083e00000| Untracked 
|   9|0x0000000083f00000, 0x0000000083f00000, 0x0000000084000000|  0%| F|  |TAMS 0x0000000083f00000, 0x0000000083f00000| Untracked 
|  10|0x0000000084000000, 0x0000000084000000, 0x0000000084100000|  0%| F|  |TAMS 0x0000000084000000, 0x0000000084000000| Untracked 
|  11|0x0000000084100000, 0x0000000084100000, 0x0000000084200000|  0%| F|  |TAMS 0x0000000084100000, 0x0000000084100000| Untracked 
|  12|0x0000000084200000, 0x0000000084200000, 0x0000000084300000|  0%| F|  |TAMS 0x0000000084200000, 0x0000000084200000| Untracked 
|  13|0x0000000084300000, 0x000000008430f5c8, 0x0000000084400000|  6%| E|  |TAMS 0x0000000084300000, 0x0000000084300000| Complete 

Card table byte_map: [0x00000155b47a0000,0x00000155b4b90000] _byte_map_base: 0x00000155b4385000

Marking Bits (Prev, Next): (CMBitMap*) 0x000001559db71190, (CMBitMap*) 0x000001559db711d0
 Prev Bits: [0x00000155b4f80000, 0x00000155b6ea8000)
 Next Bits: [0x00000155b6eb0000, 0x00000155b8dd8000)

Polling page: 0x000001559bb20000

Metaspace:

Usage:
  Non-class:      5.21 MB used.
      Class:    506.80 KB used.
       Both:      5.71 MB used.

Virtual space:
  Non-class space:        8.00 MB reserved,       5.31 MB ( 66%) committed,  1 nodes.
      Class space:        1.00 GB reserved,     576.00 KB ( <1%) committed,  1 nodes.
              Both:        1.01 GB reserved,       5.88 MB ( <1%) committed. 

Chunk freelists:
   Non-Class:  1.03 MB
       Class:  3.44 MB
        Both:  4.47 MB

MaxMetaspaceSize: 17179869184.00 GB
CompressedClassSpaceSize: 1.00 GB
 - commit_granule_bytes: 65536.
 - commit_granule_words: 8192.
 - virtual_space_node_default_size: 1048576.
 - enlarge_chunks_in_place: 1.
 - new_chunks_are_fully_committed: 0.
 - uncommit_free_chunks: 1.
 - use_allocation_guard: 0.
 - handle_deallocations: 1.


Internal statistics:

num_allocs_failed_limit: 0.
num_arena_births: 36.
num_arena_deaths: 0.
num_vsnodes_births: 2.
num_vsnodes_deaths: 0.
num_space_committed: 94.
num_space_uncommitted: 0.
num_chunks_returned_to_freelist: 0.
num_chunks_taken_from_freelist: 158.
num_chunk_merges: 0.
num_chunk_splits: 131.
num_chunks_enlarged: 115.
num_purges: 0.

CodeHeap 'non-profiled nmethods': size=120000Kb used=366Kb max_used=366Kb free=119633Kb
 bounds [0x00000155acd70000, 0x00000155acfe0000, 0x00000155b42a0000]
CodeHeap 'profiled nmethods': size=120000Kb used=1503Kb max_used=1503Kb free=118496Kb
 bounds [0x00000155a5840000, 0x00000155a5ab0000, 0x00000155acd70000]
CodeHeap 'non-nmethods': size=5760Kb used=1162Kb max_used=1194Kb free=4597Kb
 bounds [0x00000155a52a0000, 0x00000155a5510000, 0x00000155a5840000]
 total_blobs=1354 nmethods=905 adapters=362
 compilation: enabled
              stopped_count=0, restarted_count=0
 full_count=0

Compilation events (20 events):
Event: 50.407 Thread 0x00000155bb5e3770  895       3       java.lang.String::getChars (54 bytes)
Event: 50.408 Thread 0x00000155bb5e3770 nmethod 895 0x00000155a59afb10 code [0x00000155a59afd20, 0x00000155a59b0198]
Event: 50.408 Thread 0x00000155bb5e3770  896       3       java.lang.StringLatin1::getChars (12 bytes)
Event: 50.408 Thread 0x00000155bb5e3770 nmethod 896 0x00000155a59b0390 code [0x00000155a59b0540, 0x00000155a59b0668]
Event: 50.411 Thread 0x00000155bb5e3770  897       3       java.lang.String::valueOf (15 bytes)
Event: 50.411 Thread 0x00000155bb5e3770 nmethod 897 0x00000155a59b0710 code [0x00000155a59b08c0, 0x00000155a59b0ac8]
Event: 50.416 Thread 0x00000155bb5e3770  898       3       jdk.internal.misc.VM::initLevel (4 bytes)
Event: 50.416 Thread 0x00000155bb5e3770 nmethod 898 0x00000155a59b0b90 code [0x00000155a59b0d20, 0x00000155a59b0e18]
Event: 50.419 Thread 0x00000155bb5e3770  899       3       jdk.internal.misc.VM::isModuleSystemInited (13 bytes)
Event: 50.419 Thread 0x00000155bb5e3770 nmethod 899 0x00000155a59b0e90 code [0x00000155a59b1040, 0x00000155a59b11f8]
Event: 50.419 Thread 0x00000155bb5e3770  900       3       sun.nio.cs.UTF_8$Encoder::encodeArrayLoop (489 bytes)
Event: 50.421 Thread 0x00000155bb5e3770 nmethod 900 0x00000155a59b1290 code [0x00000155a59b1880, 0x00000155a59b4be8]
Event: 50.430 Thread 0x00000155bb5e3770  902   !   3       java.lang.ClassLoader::addClass (27 bytes)
Event: 50.430 Thread 0x00000155bb5e3770 nmethod 902 0x00000155a59b5c90 code [0x00000155a59b5e80, 0x00000155a59b6448]
Event: 50.430 Thread 0x00000155bb5e3770  904   !   3       java.io.BufferedWriter::write (117 bytes)
Event: 50.431 Thread 0x00000155bb5e3770 nmethod 904 0x00000155a59b6790 code [0x00000155a59b69a0, 0x00000155a59b6f88]
Event: 50.431 Thread 0x00000155bb5e3770  903       3       java.io.Writer::write (11 bytes)
Event: 50.431 Thread 0x00000155bb5e3770 nmethod 903 0x00000155a59b7310 code [0x00000155a59b74e0, 0x00000155a59b77c8]
Event: 50.431 Thread 0x00000155bb5e3770  905       3       java.io.PrintStream::ensureOpen (18 bytes)
Event: 50.431 Thread 0x00000155bb5e3770 nmethod 905 0x00000155a59b7910 code [0x00000155a59b7ac0, 0x00000155a59b7ce8]

GC Heap History (6 events):
Event: 4.796 GC heap before
{Heap before GC invocations=0 (full 0):
 garbage-first heap   total 129024K, used 20480K [0x0000000083600000, 0x0000000100000000)
  region size 1024K, 21 young (21504K), 0 survivors (0K)
 Metaspace       used 5485K, committed 5696K, reserved 1056768K
  class space    used 480K, committed 576K, reserved 1048576K
}
Event: 4.799 GC heap after
{Heap after GC invocations=1 (full 0):
 garbage-first heap   total 129024K, used 3457K [0x0000000083600000, 0x0000000100000000)
  region size 1024K, 3 young (3072K), 3 survivors (3072K)
 Metaspace       used 5485K, committed 5696K, reserved 1056768K
  class space    used 480K, committed 576K, reserved 1048576K
}
Event: 50.364 GC heap before
{Heap before GC invocations=1 (full 0):
 garbage-first heap   total 129024K, used 18817K [0x0000000083600000, 0x0000000100000000)
  region size 1024K, 19 young (19456K), 3 survivors (3072K)
 Metaspace       used 5751K, committed 5888K, reserved 1056768K
  class space    used 499K, committed 576K, reserved 1048576K
}
Event: 50.369 GC heap after
{Heap after GC invocations=2 (full 1):
 garbage-first heap   total 20480K, used 3800K [0x0000000083600000, 0x0000000100000000)
  region size 1024K, 0 young (0K), 0 survivors (0K)
 Metaspace       used 5751K, committed 5888K, reserved 1056768K
  class space    used 499K, committed 576K, reserved 1048576K
}
Event: 50.432 GC heap before
{Heap before GC invocations=2 (full 1):
 garbage-first heap   total 20480K, used 3800K [0x0000000083600000, 0x0000000100000000)
  region size 1024K, 1 young (1024K), 0 survivors (0K)
 Metaspace       used 5845K, committed 6016K, reserved 1056768K
  class space    used 506K, committed 576K, reserved 1048576K
}
Event: 50.437 GC heap after
{Heap after GC invocations=3 (full 2):
 garbage-first heap   total 14336K, used 3563K [0x0000000083600000, 0x0000000100000000)
  region size 1024K, 0 young (0K), 0 survivors (0K)
 Metaspace       used 5845K, committed 6016K, reserved 1056768K
  class space    used 506K, committed 576K, reserved 1048576K
}

Deoptimization events (20 events):
Event: 4.799 Thread 0x000001559db30150 DEOPT PACKING pc=0x00000155acdb4f10 sp=0x0000001195af8f30
Event: 4.799 Thread 0x000001559db30150 DEOPT UNPACKING pc=0x00000155a52ed72e sp=0x0000001195af8ee0 mode 2
Event: 4.800 Thread 0x000001559db30150 DEOPT PACKING pc=0x00000155a5933fda sp=0x0000001195af8f60
Event: 4.800 Thread 0x000001559db30150 DEOPT UNPACKING pc=0x00000155a52edece sp=0x0000001195af8498 mode 0
Event: 4.802 Thread 0x000001559db30150 DEOPT PACKING pc=0x00000155a5933fda sp=0x0000001195af8e50
Event: 4.802 Thread 0x000001559db30150 DEOPT UNPACKING pc=0x00000155a52edece sp=0x0000001195af8388 mode 0
Event: 4.804 Thread 0x000001559db30150 DEOPT PACKING pc=0x00000155a5933fda sp=0x0000001195af8d50
Event: 4.804 Thread 0x000001559db30150 DEOPT UNPACKING pc=0x00000155a52edece sp=0x0000001195af8288 mode 0
Event: 4.805 Thread 0x000001559db30150 DEOPT PACKING pc=0x00000155a596acfc sp=0x0000001195af9f60
Event: 4.805 Thread 0x000001559db30150 DEOPT UNPACKING pc=0x00000155a52edece sp=0x0000001195af9460 mode 0
Event: 4.806 Thread 0x000001559db30150 Uncommon trap: trap_request=0xfffffff4 fr.pc=0x00000155acdb202c relative=0x0000000000002eac
Event: 4.806 Thread 0x000001559db30150 Uncommon trap: reason=null_check action=make_not_entrant pc=0x00000155acdb202c method=com.trolltech.qt.internal.QtJambiInternal.isSignal(Ljava/lang/Class;)Z @ 3 c2
Event: 4.806 Thread 0x000001559db30150 DEOPT PACKING pc=0x00000155acdb202c sp=0x0000001195af9f60
Event: 4.806 Thread 0x000001559db30150 DEOPT UNPACKING pc=0x00000155a52ed72e sp=0x0000001195af9e68 mode 2
Event: 29.848 Thread 0x000001559db30150 DEOPT PACKING pc=0x00000155a593b80a sp=0x0000001195af90c0
Event: 29.848 Thread 0x000001559db30150 DEOPT UNPACKING pc=0x00000155a52edece sp=0x0000001195af85e8 mode 0
Event: 29.851 Thread 0x000001559db30150 DEOPT PACKING pc=0x00000155a593b80a sp=0x0000001195af8d80
Event: 29.851 Thread 0x000001559db30150 DEOPT UNPACKING pc=0x00000155a52edece sp=0x0000001195af82a8 mode 0
Event: 50.386 Thread 0x00000155bc1a9850 DEOPT PACKING pc=0x00000155a58791d6 sp=0x00000011977fda00
Event: 50.386 Thread 0x00000155bc1a9850 DEOPT UNPACKING pc=0x00000155a52edece sp=0x00000011977fce88 mode 0

Classes unloaded (0 events):
No events

Classes redefined (0 events):
No events

Internal exceptions (6 events):
Event: 0.054 Thread 0x000001559db30150 Exception <a 'sun/nio/fs/WindowsException'{0x000000008b22c770}> (0x000000008b22c770) 
thrown [t:\workspace\open\src\hotspot\share\prims\jni.cpp, line 579]
Event: 0.055 Thread 0x000001559db30150 Exception <a 'sun/nio/fs/WindowsException'{0x000000008b22cd90}> (0x000000008b22cd90) 
thrown [t:\workspace\open\src\hotspot\share\prims\jni.cpp, line 579]
Event: 0.056 Thread 0x000001559db30150 Exception <a 'sun/nio/fs/WindowsException'{0x000000008b22fb58}> (0x000000008b22fb58) 
thrown [t:\workspace\open\src\hotspot\share\prims\jni.cpp, line 579]
Event: 0.137 Thread 0x000001559db30150 Exception <a 'java/lang/NoSuchMethodError'{0x000000008ae83ad8}: 'void java.lang.invoke.DirectMethodHandle$Holder.invokeSpecial(java.lang.Object, java.lang.Object, java.lang.Object)'> (0x000000008ae83ad8) 
thrown [t:\workspace\open\src\hotspot\share\interpreter\linkResolver.cpp, line 790]
Event: 0.139 Thread 0x000001559db30150 Exception <a 'java/lang/NoSuchMethodError'{0x000000008ae94440}: 'java.lang.Object java.lang.invoke.DirectMethodHandle$Holder.invokeStatic(java.lang.Object)'> (0x000000008ae94440) 
thrown [t:\workspace\open\src\hotspot\share\interpreter\linkResolver.cpp, line 790]
Event: 4.806 Thread 0x000001559db30150 Implicit null exception at 0x00000155acdb0964 to 0x00000155acdb1fe8

Events (20 events):
Event: 50.369 Executing  VM operation: G1CollectFull done
Event: 50.369 loading class java/lang/ref/Finalizer$2
Event: 50.369 loading class java/lang/ref/Finalizer$2 done
Event: 50.370 loading class java/lang/ref/Finalizer$1
Event: 50.370 loading class java/lang/ref/Finalizer$1 done
Event: 50.370 Thread 0x00000155be26c570 Thread added: 0x00000155be26c570
Event: 50.373 Thread 0x00000155be26c570 Thread exited: 0x00000155be26c570
Event: 50.373 Thread 0x00000155bc1a8860 Thread added: 0x00000155bc1a8860
Event: 50.386 Thread 0x000001559db30150 Thread exited: 0x000001559db30150
Event: 50.386 Thread 0x00000155bc1a9300 Thread added: 0x00000155bc1a9300
Event: 50.386 Thread 0x00000155bc1a9850 Thread added: 0x00000155bc1a9850
Event: 50.388 loading class java/lang/Throwable$WrappedPrintStream
Event: 50.388 loading class java/lang/Throwable$PrintStreamOrWriter
Event: 50.388 loading class java/lang/Throwable$PrintStreamOrWriter done
Event: 50.388 loading class java/lang/Throwable$WrappedPrintStream done
Event: 50.388 loading class java/lang/StackTraceElement$HashedModules
Event: 50.388 loading class java/lang/StackTraceElement$HashedModules done
Event: 50.432 Executing  VM operation: G1CollectFull
Event: 50.437 Executing  VM operation: G1CollectFull done
Event: 50.437 Thread 0x00000155bc1a9da0 Thread added: 0x00000155bc1a9da0


Dynamic libraries:
0x00007ff7ad710000 - 0x00007ff7ad71e000 	C:\jdk-16.0.1\bin\java.exe
0x00007ffc32b30000 - 0x00007ffc32d25000 	C:\WINDOWS\SYSTEM32\ntdll.dll
0x00007ffc321b0000 - 0x00007ffc3226e000 	C:\WINDOWS\System32\KERNEL32.DLL
0x00007ffc306b0000 - 0x00007ffc30978000 	C:\WINDOWS\System32\KERNELBASE.dll
0x00007ffc309e0000 - 0x00007ffc30ae0000 	C:\WINDOWS\System32\ucrtbase.dll
0x00007ffc2b450000 - 0x00007ffc2b469000 	C:\jdk-16.0.1\bin\VCRUNTIME140.dll
0x00007ffc2b010000 - 0x00007ffc2b028000 	C:\jdk-16.0.1\bin\jli.dll
0x00007ffc30d70000 - 0x00007ffc30f11000 	C:\WINDOWS\System32\USER32.dll
0x00007ffc25030000 - 0x00007ffc252ca000 	C:\WINDOWS\WinSxS\amd64_microsoft.windows.common-controls_6595b64144ccf1df_6.0.19041.1110_none_60b5254171f9507e\COMCTL32.dll
0x00007ffc30450000 - 0x00007ffc30472000 	C:\WINDOWS\System32\win32u.dll
0x00007ffc30f20000 - 0x00007ffc30fbe000 	C:\WINDOWS\System32\msvcrt.dll
0x00007ffc31920000 - 0x00007ffc3194b000 	C:\WINDOWS\System32\GDI32.dll
0x00007ffc30570000 - 0x00007ffc3067d000 	C:\WINDOWS\System32\gdi32full.dll
0x00007ffc304d0000 - 0x00007ffc3056d000 	C:\WINDOWS\System32\msvcp_win.dll
0x00007ffc31530000 - 0x00007ffc31560000 	C:\WINDOWS\System32\IMM32.DLL
0x00007ffc2b6d0000 - 0x00007ffc2b6dc000 	C:\jdk-16.0.1\bin\vcruntime140_1.dll
0x00007ffc06370000 - 0x00007ffc06401000 	C:\jdk-16.0.1\bin\msvcp140.dll
0x00007ffbda5e0000 - 0x00007ffbdb18b000 	C:\jdk-16.0.1\bin\server\jvm.dll
0x00007ffc31870000 - 0x00007ffc3191e000 	C:\WINDOWS\System32\ADVAPI32.dll
0x00007ffc31770000 - 0x00007ffc3180c000 	C:\WINDOWS\System32\sechost.dll
0x00007ffc323d0000 - 0x00007ffc324f5000 	C:\WINDOWS\System32\RPCRT4.dll
0x00007ffc30fc0000 - 0x00007ffc30fc8000 	C:\WINDOWS\System32\PSAPI.DLL
0x00007ffc2cb00000 - 0x00007ffc2cb09000 	C:\WINDOWS\SYSTEM32\WSOCK32.dll
0x00007ffc26110000 - 0x00007ffc26137000 	C:\WINDOWS\SYSTEM32\WINMM.dll
0x00007ffc32360000 - 0x00007ffc323cb000 	C:\WINDOWS\System32\WS2_32.dll
0x00007ffc2b110000 - 0x00007ffc2b11a000 	C:\WINDOWS\SYSTEM32\VERSION.dll
0x00007ffc2e150000 - 0x00007ffc2e162000 	C:\WINDOWS\SYSTEM32\kernel.appcore.dll
0x00007ffc2b440000 - 0x00007ffc2b44a000 	C:\jdk-16.0.1\bin\jimage.dll
0x00007ffc23cf0000 - 0x00007ffc23ed4000 	C:\WINDOWS\SYSTEM32\DBGHELP.DLL
0x00007ffc23830000 - 0x00007ffc2385c000 	C:\WINDOWS\SYSTEM32\dbgcore.DLL
0x00007ffc30ae0000 - 0x00007ffc30b62000 	C:\WINDOWS\System32\bcryptPrimitives.dll
0x00007ffc244d0000 - 0x00007ffc244f5000 	C:\jdk-16.0.1\bin\java.dll
0x00007ffc31a60000 - 0x00007ffc321a4000 	C:\WINDOWS\System32\SHELL32.dll
0x00007ffc2e350000 - 0x00007ffc2eae5000 	C:\WINDOWS\SYSTEM32\windows.storage.dll
0x00007ffc326b0000 - 0x00007ffc32a05000 	C:\WINDOWS\System32\combase.dll
0x00007ffc2fbc0000 - 0x00007ffc2fbee000 	C:\WINDOWS\SYSTEM32\Wldp.dll
0x00007ffc30b70000 - 0x00007ffc30c1d000 	C:\WINDOWS\System32\SHCORE.dll
0x00007ffc32280000 - 0x00007ffc322d5000 	C:\WINDOWS\System32\shlwapi.dll
0x00007ffc30180000 - 0x00007ffc3019f000 	C:\WINDOWS\SYSTEM32\profapi.dll
0x00007ffc24530000 - 0x00007ffc24549000 	C:\jdk-16.0.1\bin\net.dll
0x00007ffc29340000 - 0x00007ffc2944c000 	C:\WINDOWS\SYSTEM32\WINHTTP.dll
0x00007ffc2f920000 - 0x00007ffc2f98a000 	C:\WINDOWS\system32\mswsock.dll
0x00007ffc244b0000 - 0x00007ffc244c3000 	C:\jdk-16.0.1\bin\nio.dll
0x00007ffc0fc50000 - 0x00007ffc0fc68000 	C:\jdk-16.0.1\bin\zip.dll
0x00007ffc2afa0000 - 0x00007ffc2afb0000 	C:\jdk-16.0.1\bin\verify.dll
0x0000000073fa0000 - 0x000000007427e000 	C:\Users\dam_aap\AppData\Local\Temp\QtJambi_dam_aap_amd64_4.8.7_msvc2013x64-20150908-1314\lib\QtCore4.dll
0x00007ffc30c20000 - 0x00007ffc30d4a000 	C:\WINDOWS\System32\ole32.dll
0x00007ffbe4b10000 - 0x00007ffbe4bb6000 	C:\WINDOWS\SYSTEM32\MSVCP120.dll
0x00007ffbe4a20000 - 0x00007ffbe4b0f000 	C:\WINDOWS\SYSTEM32\MSVCR120.dll
0x00007ffc2ac20000 - 0x00007ffc2ac60000 	C:\Users\dam_aap\AppData\Local\Temp\QtJambi_dam_aap_amd64_4.8.7_msvc2013x64-20150908-1314\lib\qtjambi.dll
0x00007ffbe48f0000 - 0x00007ffbe4a1f000 	C:\Users\dam_aap\AppData\Local\Temp\QtJambi_dam_aap_amd64_4.8.7_msvc2013x64-20150908-1314\lib\com_trolltech_qt_core.dll
0x0000000073630000 - 0x0000000073f9e000 	C:\Users\dam_aap\AppData\Local\Temp\QtJambi_dam_aap_amd64_4.8.7_msvc2013x64-20150908-1314\lib\QtGui4.dll
0x00007ffc32a10000 - 0x00007ffc32aea000 	C:\WINDOWS\System32\COMDLG32.dll
0x00007ffc31450000 - 0x00007ffc3151d000 	C:\WINDOWS\System32\OLEAUT32.dll
0x00007ffbfc5b0000 - 0x00007ffbfc645000 	C:\WINDOWS\SYSTEM32\WINSPOOL.DRV
0x00007ffbe23c0000 - 0x00007ffbe2aef000 	C:\Users\dam_aap\AppData\Local\Temp\QtJambi_dam_aap_amd64_4.8.7_msvc2013x64-20150908-1314\lib\com_trolltech_qt_gui.dll
0x00007ffc2dc70000 - 0x00007ffc2dd0e000 	C:\WINDOWS\system32\uxtheme.dll
0x00007ffc31650000 - 0x00007ffc31765000 	C:\WINDOWS\System32\MSCTF.dll
0x00007ffc2cbf0000 - 0x00007ffc2cbfd000 	C:\Users\dam_aap\AppData\Local\Temp\QtJambi_dam_aap_amd64_4.8.7_msvc2013x64-20150908-1314\plugins\imageformats\qgif4.dll
0x00007ffc2ac10000 - 0x00007ffc2ac1e000 	C:\Users\dam_aap\AppData\Local\Temp\QtJambi_dam_aap_amd64_4.8.7_msvc2013x64-20150908-1314\plugins\imageformats\qico4.dll
0x00007ffc0fc70000 - 0x00007ffc0fcad000 	C:\Users\dam_aap\AppData\Local\Temp\QtJambi_dam_aap_amd64_4.8.7_msvc2013x64-20150908-1314\plugins\imageformats\qjpeg4.dll
0x00007ffc064e0000 - 0x00007ffc06529000 	C:\Users\dam_aap\AppData\Local\Temp\QtJambi_dam_aap_amd64_4.8.7_msvc2013x64-20150908-1314\plugins\imageformats\qmng4.dll
0x00007ffbe5760000 - 0x00007ffbe57bb000 	C:\Users\dam_aap\AppData\Local\Temp\QtJambi_dam_aap_amd64_4.8.7_msvc2013x64-20150908-1314\plugins\imageformats\qtiff4.dll
0x00007ffc295b0000 - 0x00007ffc296a9000 	C:\WINDOWS\SYSTEM32\textinputframework.dll
0x00007ffc2d2d0000 - 0x00007ffc2d62e000 	C:\WINDOWS\System32\CoreUIComponents.dll
0x00007ffc2d630000 - 0x00007ffc2d722000 	C:\WINDOWS\System32\CoreMessaging.dll
0x00007ffc2eec0000 - 0x00007ffc2eef3000 	C:\WINDOWS\SYSTEM32\ntmarta.dll
0x00007ffc2cc00000 - 0x00007ffc2cd54000 	C:\WINDOWS\SYSTEM32\wintypes.dll
0x00007ffc06a50000 - 0x00007ffc06b00000 	C:\WINDOWS\WinSxS\amd64_microsoft.windows.common-controls_6595b64144ccf1df_5.82.19041.1110_none_792d1c772443f647\comctl32.dll
0x00007ffc31950000 - 0x00007ffc319f9000 	C:\WINDOWS\System32\clbcatq.dll
0x00007ffc175e0000 - 0x00007ffc1761b000 	C:\WINDOWS\SYSTEM32\dxcore.dll
0x00007ffc30480000 - 0x00007ffc304ce000 	C:\WINDOWS\System32\cfgmgr32.dll

dbghelp: loaded successfully - version: 4.0.5 - missing functions: none
symbol engine: initialized successfully - sym options: 0x614 - pdb path: .;C:\jdk-16.0.1\bin;C:\WINDOWS\SYSTEM32;C:\WINDOWS\WinSxS\amd64_microsoft.windows.common-controls_6595b64144ccf1df_6.0.19041.1110_none_60b5254171f9507e;C:\jdk-16.0.1\bin\server;C:\Users\dam_aap\AppData\Local\Temp\QtJambi_dam_aap_amd64_4.8.7_msvc2013x64-20150908-1314\lib;C:\Users\dam_aap\AppData\Local\Temp\QtJambi_dam_aap_amd64_4.8.7_msvc2013x64-20150908-1314\plugins\imageformats;C:\WINDOWS\WinSxS\amd64_microsoft.windows.common-controls_6595b64144ccf1df_5.82.19041.1110_none_792d1c772443f647

VM Arguments:
jvm_args: -Dfile.encoding=UTF-8 --module-path=C:\Users\dam_aap\Desktop\ProyectoConjunto\gym\Gimansio3.0\Gimnasio1.0\Interfaz\NetBeans\GymDam\build\classes 
java_command: gymdam.GymDam
java_class_path (initial): D:\qtjambi-community-4.8.7-win64-msvc2013\qtjambi-4.8.7.jar;D:\qtjambi-community-4.8.7-win64-msvc2013\qtjambi-designer-4.8.7.jar;D:\qtjambi-community-4.8.7-win64-msvc2013\qtjambi-examples-4.8.7.jar;D:\qtjambi-community-4.8.7-win64-msvc2013\qtjambi-examples-src.jar;D:\qtjambi-community-4.8.7-win64-msvc2013\qtjambi-native-win64-msvc2013x64-4.8.7.jar;D:\qtjambi-community-4.8.7-win64-msvc2013\qtjambi-src.jar;C:\Users\dam_aap\Desktop\json\json-20211205.jar;C:\Users\dam_aap\AppData\Roaming\NetBeans\12.4\modules\ext\commons-collections-3.2.1.jar;C:\Users\dam_aap\AppData\Roaming\NetBeans\12.4\modules\ext\commons-logging-1.1.jar;C:\Users\dam_aap\AppData\Roaming\NetBeans\12.4\modules\ext\jaxen-1.1.1.jar;C:\Users\dam_aap\AppData\Roaming\NetBeans\12.4\modules\ext\jcommon-1.0.15.jar;C:\Users\dam_aap\AppData\Roaming\NetBeans\12.4\modules\ext\jfreechart-1.0.12.jar;C:\Users\dam_aap\AppData\Roaming\NetBeans\12.4\modules\ext\jpa.jar;C:\Users\dam_aap\AppData\Roaming\NetBeans\12.4\modules\ext\png-encoder-1.5.jar;C:\Users\dam_aap\AppData\Roaming\NetBeans\12.4\libs\xalan.jar;C:\Users\dam_aap\AppData\Roaming\NetBeans\12.4\modules\ext\xml-apis.jar;C:\Users\dam_aap\AppData\Roaming\NetBeans\12.4\modules\ext\batik-anim.jar;C:\Users\dam_aap\AppData\Roaming\NetBeans\12.4\modules\ext\batik-awt-util.jar;C:\Users\dam_aap\AppData\Roaming\NetBeans\12.4\modules\ext\batik-bridge.jar;C:\Users\dam_aap\AppData\Roaming\NetBeans\12.4\modules\ext\batik-css.jar;C:\Users\dam_aap\AppData\Roaming\NetBeans\12.4\modules\ext\batik-dom.jar;C:\Users\dam_aap\AppData\Roaming\NetBeans\12.4\modules\ext\batik-ext.jar;C:\Users\dam_aap\AppData\Roaming\NetBeans\12.4\modules\ext\batik-gvt.jar;C:\Users\dam_aap\AppData\Roaming\NetBeans\12.4\modules\ext\batik-parser.jar;C:\Users\dam_aap\AppData\Roaming\NetBeans\12.4\modules\ext\batik-script.jar;C:\Users\dam_aap\AppData\Roaming\NetBeans\12.4\modules\ext\batik-svg-dom.jar;C:\Users\dam_aap\AppData\Roaming\NetBeans\12.4\modules\ext\batik-svggen.jar;C:\U
Launcher Type: SUN_STANDARD

[Global flags]
     intx CICompilerCount                          = 3                                         {product} {ergonomic}
     uint ConcGCThreads                            = 2                                         {product} {ergonomic}
     uint G1ConcRefinementThreads                  = 6                                         {product} {ergonomic}
   size_t G1HeapRegionSize                         = 1048576                                   {product} {ergonomic}
    uintx GCDrainStackTargetSize                   = 64                                        {product} {ergonomic}
   size_t InitialHeapSize                          = 132120576                                 {product} {ergonomic}
   size_t MarkStackSize                            = 4194304                                   {product} {ergonomic}
   size_t MaxHeapSize                              = 2090860544                                {product} {ergonomic}
   size_t MaxNewSize                               = 1254096896                                {product} {ergonomic}
   size_t MinHeapDeltaBytes                        = 1048576                                   {product} {ergonomic}
   size_t MinHeapSize                              = 8388608                                   {product} {ergonomic}
    uintx NonNMethodCodeHeapSize                   = 5832780                                {pd product} {ergonomic}
    uintx NonProfiledCodeHeapSize                  = 122912730                              {pd product} {ergonomic}
    uintx ProfiledCodeHeapSize                     = 122912730                              {pd product} {ergonomic}
    uintx ReservedCodeCacheSize                    = 251658240                              {pd product} {ergonomic}
     bool SegmentedCodeCache                       = true                                      {product} {ergonomic}
   size_t SoftMaxHeapSize                          = 2090860544                             {manageable} {ergonomic}
     bool UseCompressedClassPointers               = true                           {product lp64_product} {ergonomic}
     bool UseCompressedOops                        = true                           {product lp64_product} {ergonomic}
     bool UseG1GC                                  = true                                      {product} {ergonomic}
     bool UseLargePagesIndividualAllocation        = false                                  {pd product} {ergonomic}

Logging:
Log output configuration:
 #0: stdout all=warning uptime,level,tags
 #1: stderr all=off uptime,level,tags

Environment Variables:
JAVA_HOME=c:\jdk-16.0.1
PATH=C:\Program Files (x86)\VMware\VMware Player\bin\;C:\jdk-16.0.1\bin;C:\WINDOWS\system32;C:\WINDOWS;C:\WINDOWS\System32\Wbem;C:\WINDOWS\System32\WindowsPowerShell\v1.0\;C:\WINDOWS\System32\OpenSSH\;C:\Program Files\PowerShell\7\;C:\Program Files\Microsoft SQL Server\Client SDK\ODBC\170\Tools\Binn\;C:\Program Files (x86)\Microsoft SQL Server\150\Tools\Binn\;C:\Program Files\Microsoft SQL Server\150\Tools\Binn\;C:\Program Files\Microsoft SQL Server\150\DTS\Binn\;C:\Program Files\Azure Data Studio\bin;C:\Program Files\dotnet\;C:\ProgramData\chocolatey\bin;C:\flutter\bin;C:\Users\dam_aap\AppData\Local\Microsoft\WindowsApps;D:\Microsoft VS Code\bin;C:\Users\dam_aap\AppData\Local\Programs\Git\cmd
USERNAME=dam_aap
OS=Windows_NT
PROCESSOR_IDENTIFIER=Intel64 Family 6 Model 158 Stepping 10, GenuineIntel



---------------  S Y S T E M  ---------------

OS:
 Windows 10 , 64 bit Build 19041 (10.0.19041.1466)
OS uptime: 0 days 4:11 hours

CPU: total 6 (initial active 6) (6 cores per cpu, 1 threads per core) family 6 model 158 stepping 10 microcode 0xb4, cx8, cmov, fxsr, mmx, 3dnowpref, sse, sse2, sse3, ssse3, sse4.1, sse4.2, popcnt, lzcnt, tsc, tscinvbit, avx, avx2, aes, erms, clmul, bmi1, bmi2, rtm, adx, fma, vzeroupper, clflush, clflushopt

Memory: 4k page, system-wide physical 7973M (559M free)
TotalPageFile size 14885M (AvailPageFile size 7346M)
current process WorkingSet (physical memory assigned to process): 82M, peak: 111M
current process commit charge ("private bytes"): 128M, peak: 251M

vm_info: OpenJDK 64-Bit Server VM (16.0.1+9-24) for windows-amd64 JRE (16.0.1+9-24), built on Mar 26 2021 19:30:07 by "mach5one" with MS VC++ 16.7 (VS2019)

END.
