#
# A fatal error has been detected by the Java Runtime Environment:
#
#  EXCEPTION_ACCESS_VIOLATION (0xc0000005) at pc=0x0000000071b22cbd, pid=11396, tid=11556
#
# JRE version: OpenJDK Runtime Environment (16.0.1+9) (build 16.0.1+9-24)
# Java VM: OpenJDK 64-Bit Server VM (16.0.1+9-24, mixed mode, sharing, tiered, compressed oops, compressed class ptrs, g1 gc, windows-amd64)
# Problematic frame:
# C  [QtGui4.dll+0x62cbd]
#
# No core dump will be written. Minidumps are not enabled by default on client versions of Windows
#
# If you would like to submit a bug report, please visit:
#   https://bugreport.java.com/bugreport/crash.jsp
# The crash happened outside the Java Virtual Machine in native code.
# See problematic frame for where to report the bug.
#

---------------  S U M M A R Y ------------

Command Line: -Dfile.encoding=UTF-8 --module-path=C:\Users\dam_aap\Desktop\ProyectoConjunto\gym\Gimansio3.0\Gimnasio1.0\Interfaz\NetBeans\GymDam\build\classes gymdam.GymDam

Host: Intel(R) Core(TM) i5-9500 CPU @ 3.00GHz, 6 cores, 7G,  Windows 10 , 64 bit Build 19041 (10.0.19041.1466)
Time: Thu Feb 17 09:17:00 2022 Hora estándar romance elapsed time: 21.118080 seconds (0d 0h 0m 21s)

---------------  T H R E A D  ---------------

Current thread (0x00000185b6c2fcd0):  JavaThread "Finalizer" daemon [_thread_in_native, id=11556, stack(0x0000000516900000,0x0000000516a00000)]

Stack: [0x0000000516900000,0x0000000516a00000],  sp=0x00000005169fefa0,  free space=1019k
Native frames: (J=compiled Java code, j=interpreted, Vv=VM code, C=native code)
C  [QtGui4.dll+0x62cbd]

Java frames: (J=compiled Java code, j=interpreted, Vv=VM code)
J 833  com.trolltech.qt.internal.QtJambiObject.finalize()V (0 bytes) @ 0x00000185a84515eb [0x00000185a84515a0+0x000000000000004b]
J 827 c1 java.lang.ref.Finalizer.runFinalizer(Ljdk/internal/access/JavaLangAccess;)V java.base@16.0.1 (131 bytes) @ 0x00000185a100aca4 [0x00000185a100a640+0x0000000000000664]
j  java.lang.ref.Finalizer$FinalizerThread.run()V+46 java.base@16.0.1
v  ~StubRoutines::call_stub

siginfo: EXCEPTION_ACCESS_VIOLATION (0xc0000005), reading address 0x0000000000000008


Register to memory mapping:

RIP=0x0000000071b22cbd QtGui4.dll
RAX=0x0 is NULL
RBX=0x00000000ffffffff is an unallocated location in the heap
RCX=0x00000185b781a800 points into unknown readable memory: 0x0000000000000001 | 01 00 00 00 00 00 00 00
RDX=0x0000000000000001 is an unknown value
RSP=0x00000005169fefa0 is pointing into the stack for thread: 0x00000185b6c2fcd0
RBP=0x0000000000000001 is an unknown value
RSI=0x00000185b834d410 points into unknown readable memory: 0x0000000072113148 | 48 31 11 72 00 00 00 00
RDI=0x00000185b834d410 points into unknown readable memory: 0x0000000072113148 | 48 31 11 72 00 00 00 00
R8 =0x00000000000000bd is an unknown value
R9 =0x0000000000000040 is an unknown value
R10=0x0000000000000080 is an unknown value
R11=0xb52f7defdeed9eec is an unknown value
R12=0x00000185b834bc50 points into unknown readable memory: 0x00000000720bfe58 | 58 fe 0b 72 00 00 00 00
R13=0x00000185b8279410 points into unknown readable memory: 0x00000000721291f0 | f0 91 12 72 00 00 00 00
R14=0x0000000000001400 is an unknown value
R15=0x0 is NULL


Registers:
RAX=0x0000000000000000, RBX=0x00000000ffffffff, RCX=0x00000185b781a800, RDX=0x0000000000000001
RSP=0x00000005169fefa0, RBP=0x0000000000000001, RSI=0x00000185b834d410, RDI=0x00000185b834d410
R8 =0x00000000000000bd, R9 =0x0000000000000040, R10=0x0000000000000080, R11=0xb52f7defdeed9eec
R12=0x00000185b834bc50, R13=0x00000185b8279410, R14=0x0000000000001400, R15=0x0000000000000000
RIP=0x0000000071b22cbd, EFLAGS=0x0000000000010202

Top of Stack: (sp=0x00000005169fefa0)
0x00000005169fefa0:   00000185b781a800 00000000ffffffff
0x00000005169fefb0:   0000000000000001 00007ff8790d69d8
0x00000005169fefc0:   0000018500000000 0000000000000001
0x00000005169fefd0:   fffffffffffffffe 00000185b834bc50
0x00000005169fefe0:   0000000000000000 0000000071e3b1ce
0x00000005169feff0:   00000185b81c23d0 0000000000000001
0x00000005169ff000:   00000185b781a800 0000000000000000
0x00000005169ff010:   0000000000000001 0000000071e3aa44
0x00000005169ff020:   00000185b834d410 0000000000000001
0x00000005169ff030:   00000185b834c970 0000000000000000
0x00000005169ff040:   fffffffffffffffe 0000000000000000
0x00000005169ff050:   00000185b834d410 00007ff874cb29a5
0x00000005169ff060:   00000185b834d410 0000018500000000
0x00000005169ff070:   00000185b832c2f0 00000000726ee0a8
0x00000005169ff080:   fffffffffffffffe 00000000723c6298
0x00000005169ff090:   00000185b8279410 000000007254ab73 

Instructions: (pc=0x0000000071b22cbd)
0x0000000071b22bbd:   8b 0e 48 3b cb 74 1b ff 15 66 9b 58 00 84 c0 75
0x0000000071b22bcd:   0e ba 08 00 00 00 48 8b 0e ff 15 c4 9d 58 00 48
0x0000000071b22bdd:   89 1e 48 83 c4 38 41 5e 5f 5e 5b c3 cc cc cc cc
0x0000000071b22bed:   cc cc cc 40 57 48 83 ec 20 48 8b 41 f8 48 8b fa
0x0000000071b22bfd:   48 3b 90 40 01 00 00 74 6c 48 8b 41 f8 48 89 5c
0x0000000071b22c0d:   24 30 48 8d 59 f0 f7 80 c8 01 00 00 00 00 00 10
0x0000000071b22c1d:   74 0c 48 8b 43 20 48 8b 08 48 85 c9 75 22 41 b0
0x0000000071b22c2d:   01 ba 64 00 00 00 48 8b cb e8 95 2c 00 00 48 8b
0x0000000071b22c3d:   4b 08 33 d2 e8 fa 7b ff ff 48 8b 43 20 48 8b 08
0x0000000071b22c4d:   48 8b d7 ff 15 12 cf 58 00 48 8b 5c 24 30 85 c0
0x0000000071b22c5d:   75 13 48 8d 0d 52 db 59 00 48 83 c4 20 5f 48 ff
0x0000000071b22c6d:   25 fe a6 58 00 48 83 c4 20 5f c3 cc cc cc cc cc
0x0000000071b22c7d:   cc cc cc 85 d2 74 68 57 48 83 ec 40 48 c7 44 24
0x0000000071b22c8d:   30 fe ff ff ff 48 89 5c 24 50 8b da 48 8b f9 c7
0x0000000071b22c9d:   44 24 20 00 00 00 00 45 33 c9 45 33 c0 33 d2 48
0x0000000071b22cad:   8d 4c 24 60 e8 ba ba fd ff 90 ff 15 bb 9b 58 00
0x0000000071b22cbd:   48 8b 48 08 48 81 c1 28 01 00 00 4c 8d 4c 24 60
0x0000000071b22ccd:   4c 8b c7 8b d3 e8 f9 8c fe ff 90 48 8d 4c 24 60
0x0000000071b22cdd:   e8 ee e2 fc ff 48 8b 5c 24 50 48 83 c4 40 5f c3
0x0000000071b22ced:   cc cc cc 48 89 5c 24 10 48 89 6c 24 18 48 89 74
0x0000000071b22cfd:   24 20 57 48 81 ec 90 00 00 00 48 8b 05 62 4e 8a
0x0000000071b22d0d:   00 48 33 c4 48 89 84 24 80 00 00 00 48 8b f1 48
0x0000000071b22d1d:   8b 09 48 8b fa 48 83 c1 68 ba 01 00 00 00 ff 15
0x0000000071b22d2d:   ef 99 58 00 84 c0 74 08 48 8b ce e8 f3 7b fa ff
0x0000000071b22d3d:   48 8b 0e 48 8b d1 48 8b d9 4c 63 49 6c 8b 69 70
0x0000000071b22d4d:   4d 85 c9 78 42 48 8d 44 24 20 41 ba 08 00 00 00
0x0000000071b22d5d:   4c 2b d0 4a 8b 5c ca 08 48 3b d9 74 20 44 8b 07
0x0000000071b22d6d:   0f 1f 00 44 39 43 f8 7d 14 4b 8d 04 ca 48 8b d3
0x0000000071b22d7d:   48 03 c3 48 8b 5c 04 20 48 3b d9 75 e6 4a 89 54
0x0000000071b22d8d:   cc 20 49 ff c9 79 cc 48 3b d9 74 3d 8b 43 f8 39
0x0000000071b22d9d:   07 7c 36 48 8b 0e 4c 8b cb 48 8b 5b 08 48 3b d9
0x0000000071b22dad:   74 0e 8b 43 f8 41 39 41 f8 7c 05 40 b7 01 eb 03 


Stack slot to memory mapping:
stack at sp + 0 slots: 0x00000185b781a800 points into unknown readable memory: 0x0000000000000001 | 01 00 00 00 00 00 00 00
stack at sp + 1 slots: 0x00000000ffffffff is an unallocated location in the heap
stack at sp + 2 slots: 0x0000000000000001 is an unknown value
stack at sp + 3 slots: 0x00007ff8790d69d8 MSVCR120.dll
stack at sp + 4 slots: 0x0000018500000000 is an unknown value
stack at sp + 5 slots: 0x0000000000000001 is an unknown value
stack at sp + 6 slots: 0xfffffffffffffffe is an unknown value
stack at sp + 7 slots: 0x00000185b834bc50 points into unknown readable memory: 0x00000000720bfe58 | 58 fe 0b 72 00 00 00 00


---------------  P R O C E S S  ---------------

Threads class SMR info:
_java_thread_list=0x00000185b79abd30, length=16, elements={
0x00000185b6c2ef00, 0x00000185b6c2fcd0, 0x00000185b6c3c6e0, 0x00000185b6c3d1f0,
0x00000185b6c3fb10, 0x00000185b6c42850, 0x00000185b6c43540, 0x00000185b6c4bf50,
0x00000185b6c510f0, 0x00000185b78779a0, 0x00000185b78f9e30, 0x00000185b7f2ad30,
0x00000185b8669dd0, 0x00000185991c15f0, 0x00000185b82630c0, 0x00000185b7c87cd0
}

Java Threads: ( => current thread )
  0x00000185b6c2ef00 JavaThread "Reference Handler" daemon [_thread_blocked, id=11760, stack(0x0000000516800000,0x0000000516900000)]
=>0x00000185b6c2fcd0 JavaThread "Finalizer" daemon [_thread_in_native, id=11556, stack(0x0000000516900000,0x0000000516a00000)]
  0x00000185b6c3c6e0 JavaThread "Signal Dispatcher" daemon [_thread_blocked, id=11788, stack(0x0000000516a00000,0x0000000516b00000)]
  0x00000185b6c3d1f0 JavaThread "Attach Listener" daemon [_thread_blocked, id=12260, stack(0x0000000516b00000,0x0000000516c00000)]
  0x00000185b6c3fb10 JavaThread "Service Thread" daemon [_thread_blocked, id=11764, stack(0x0000000516c00000,0x0000000516d00000)]
  0x00000185b6c42850 JavaThread "Monitor Deflation Thread" daemon [_thread_blocked, id=6900, stack(0x0000000516d00000,0x0000000516e00000)]
  0x00000185b6c43540 JavaThread "C2 CompilerThread0" daemon [_thread_blocked, id=9148, stack(0x0000000516e00000,0x0000000516f00000)]
  0x00000185b6c4bf50 JavaThread "C1 CompilerThread0" daemon [_thread_blocked, id=1688, stack(0x0000000516f00000,0x0000000517000000)]
  0x00000185b6c510f0 JavaThread "Sweeper thread" daemon [_thread_blocked, id=2796, stack(0x0000000517000000,0x0000000517100000)]
  0x00000185b78779a0 JavaThread "Common-Cleaner" daemon [_thread_blocked, id=11008, stack(0x0000000517100000,0x0000000517200000)]
  0x00000185b78f9e30 JavaThread "Notification Thread" daemon [_thread_blocked, id=12152, stack(0x0000000517200000,0x0000000517300000)]
  0x00000185b7f2ad30 JavaThread "qtjambi-com.trolltech.qt.QThreadManager$NativeResourcesReleaseThread" daemon [_thread_blocked, id=11368, stack(0x0000000517500000,0x0000000517600000)]
  0x00000185b8669dd0 JavaThread "Thread-2" daemon [_thread_in_native, id=12004, stack(0x0000000517e00000,0x0000000517f00000)]
  0x00000185991c15f0 JavaThread "DestroyJavaVM" [_thread_blocked, id=10984, stack(0x0000000516100000,0x0000000516200000)]
  0x00000185b82630c0 JavaThread "qtjambi-com.trolltech.qt.QtJambi_LibraryShutdown" [_thread_blocked, id=12028, stack(0x0000000517d00000,0x0000000517e00000)]
  0x00000185b7c87cd0 JavaThread "Secondary finalizer" [_thread_in_native, id=11988, stack(0x0000000517f00000,0x0000000518000000)]

Other Threads:
  0x00000185b6c284a0 VMThread "VM Thread" [stack: 0x0000000516700000,0x0000000516800000] [id=8952]
  0x00000185991c2580 WatcherThread [stack: 0x0000000517300000,0x0000000517400000] [id=12176]
  0x0000018599204880 GCTaskThread "GC Thread#0" [stack: 0x0000000516200000,0x0000000516300000] [id=1484]
  0x00000185b82d6620 GCTaskThread "GC Thread#1" [stack: 0x0000000517400000,0x0000000517500000] [id=11984]
  0x00000185b81bc070 GCTaskThread "GC Thread#2" [stack: 0x0000000517600000,0x0000000517700000] [id=11196]
  0x00000185b81d3710 GCTaskThread "GC Thread#3" [stack: 0x0000000517700000,0x0000000517800000] [id=11888]
  0x00000185b81d5a30 GCTaskThread "GC Thread#4" [stack: 0x0000000517800000,0x0000000517900000] [id=12016]
  0x00000185b81d5d40 GCTaskThread "GC Thread#5" [stack: 0x0000000517900000,0x0000000517a00000] [id=11744]
  0x0000018599215210 ConcurrentGCThread "G1 Main Marker" [stack: 0x0000000516300000,0x0000000516400000] [id=7180]
  0x0000018599215c10 ConcurrentGCThread "G1 Conc#0" [stack: 0x0000000516400000,0x0000000516500000] [id=11120]
  0x00000185992992b0 ConcurrentGCThread "G1 Refine#0" [stack: 0x0000000516500000,0x0000000516600000] [id=8824]
  0x0000018599299cc0 ConcurrentGCThread "G1 Service" [stack: 0x0000000516600000,0x0000000516700000] [id=8832]

Threads with active compile tasks:

VM state: not at safepoint (normal execution)

VM Mutex/Monitor currently owned by a thread: None

Heap address: 0x0000000083600000, size: 1994 MB, Compressed Oops mode: 32-bit

CDS archive(s) mapped at: [0x0000000800000000-0x0000000800bb0000-0x0000000800bb0000), size 12255232, SharedBaseAddress: 0x0000000800000000, ArchiveRelocationMode: 0.
Compressed class space mapped at: 0x0000000800c00000-0x0000000840c00000, reserved size: 1073741824
Narrow klass base: 0x0000000800000000, Narrow klass shift: 3, Narrow klass range: 0x100000000

GC Precious Log:
 CPUs: 6 total, 6 available
 Memory: 7973M
 Large Page Support: Disabled
 NUMA Support: Disabled
 Compressed Oops: Enabled (32-bit)
 Heap Region Size: 1M
 Heap Min Capacity: 8M
 Heap Initial Capacity: 126M
 Heap Max Capacity: 1994M
 Pre-touch: Disabled
 Parallel Workers: 6
 Concurrent Workers: 2
 Concurrent Refinement Workers: 6
 Periodic GC: Disabled

Heap:
 garbage-first heap   total 17408K, used 4024K [0x0000000083600000, 0x0000000100000000)
  region size 1024K, 1 young (1024K), 0 survivors (0K)
 Metaspace       used 5506K, committed 5632K, reserved 1056768K
  class space    used 473K, committed 576K, reserved 1048576K

Heap Regions: E=young(eden), S=young(survivor), O=old, HS=humongous(starts), HC=humongous(continues), CS=collection set, F=free, OA=open archive, CA=closed archive, TAMS=top-at-mark-start (previous, next)
|   0|0x0000000083600000, 0x00000000836fed90, 0x0000000083700000| 99%| O|  |TAMS 0x0000000083600000, 0x0000000083600000| Untracked 
|   1|0x0000000083700000, 0x00000000837fffd8, 0x0000000083800000| 99%| O|  |TAMS 0x0000000083700000, 0x0000000083700000| Untracked 
|   2|0x0000000083800000, 0x0000000083900000, 0x0000000083900000|100%| O|  |TAMS 0x0000000083800000, 0x0000000083800000| Untracked 
|   3|0x0000000083900000, 0x000000008392dc20, 0x0000000083a00000| 17%| O|  |TAMS 0x0000000083900000, 0x0000000083900000| Untracked 
|   4|0x0000000083a00000, 0x0000000083a00000, 0x0000000083b00000|  0%| F|  |TAMS 0x0000000083a00000, 0x0000000083a00000| Untracked 
|   5|0x0000000083b00000, 0x0000000083b00000, 0x0000000083c00000|  0%| F|  |TAMS 0x0000000083b00000, 0x0000000083b00000| Untracked 
|   6|0x0000000083c00000, 0x0000000083c00000, 0x0000000083d00000|  0%| F|  |TAMS 0x0000000083c00000, 0x0000000083c00000| Untracked 
|   7|0x0000000083d00000, 0x0000000083d00000, 0x0000000083e00000|  0%| F|  |TAMS 0x0000000083d00000, 0x0000000083d00000| Untracked 
|   8|0x0000000083e00000, 0x0000000083e00000, 0x0000000083f00000|  0%| F|  |TAMS 0x0000000083e00000, 0x0000000083e00000| Untracked 
|   9|0x0000000083f00000, 0x0000000083f00000, 0x0000000084000000|  0%| F|  |TAMS 0x0000000083f00000, 0x0000000083f00000| Untracked 
|  10|0x0000000084000000, 0x0000000084000000, 0x0000000084100000|  0%| F|  |TAMS 0x0000000084000000, 0x0000000084000000| Untracked 
|  11|0x0000000084100000, 0x0000000084100000, 0x0000000084200000|  0%| F|  |TAMS 0x0000000084100000, 0x0000000084100000| Untracked 
|  12|0x0000000084200000, 0x0000000084200000, 0x0000000084300000|  0%| F|  |TAMS 0x0000000084200000, 0x0000000084200000| Untracked 
|  13|0x0000000084300000, 0x0000000084300000, 0x0000000084400000|  0%| F|  |TAMS 0x0000000084300000, 0x0000000084300000| Untracked 
|  14|0x0000000084400000, 0x0000000084400000, 0x0000000084500000|  0%| F|  |TAMS 0x0000000084400000, 0x0000000084400000| Untracked 
|  15|0x0000000084500000, 0x000000008450f5c8, 0x0000000084600000|  6%| E|  |TAMS 0x0000000084500000, 0x0000000084500000| Complete 
|  36|0x0000000085a00000, 0x0000000085ac1970, 0x0000000085b00000| 75%| O|  |TAMS 0x0000000085a00000, 0x0000000085a00000| Untracked 

Card table byte_map: [0x00000185afe30000,0x00000185b0220000] _byte_map_base: 0x00000185afa15000

Marking Bits (Prev, Next): (CMBitMap*) 0x0000018599204e80, (CMBitMap*) 0x0000018599204ec0
 Prev Bits: [0x00000185b0610000, 0x00000185b2538000)
 Next Bits: [0x00000185b2540000, 0x00000185b4468000)

Polling page: 0x00000185970d0000

Metaspace:

Usage:
  Non-class:      4.91 MB used.
      Class:    473.76 KB used.
       Both:      5.38 MB used.

Virtual space:
  Non-class space:        8.00 MB reserved,       4.94 MB ( 62%) committed,  1 nodes.
      Class space:        1.00 GB reserved,     576.00 KB ( <1%) committed,  1 nodes.
              Both:        1.01 GB reserved,       5.50 MB ( <1%) committed. 

Chunk freelists:
   Non-Class:  1.31 MB
       Class:  3.47 MB
        Both:  4.78 MB

MaxMetaspaceSize: 17179869184.00 GB
CompressedClassSpaceSize: 1.00 GB
 - commit_granule_bytes: 65536.
 - commit_granule_words: 8192.
 - virtual_space_node_default_size: 1048576.
 - enlarge_chunks_in_place: 1.
 - new_chunks_are_fully_committed: 0.
 - uncommit_free_chunks: 1.
 - use_allocation_guard: 0.
 - handle_deallocations: 1.


Internal statistics:

num_allocs_failed_limit: 0.
num_arena_births: 36.
num_arena_deaths: 0.
num_vsnodes_births: 2.
num_vsnodes_deaths: 0.
num_space_committed: 88.
num_space_uncommitted: 0.
num_chunks_returned_to_freelist: 0.
num_chunks_taken_from_freelist: 148.
num_chunk_merges: 0.
num_chunk_splits: 121.
num_chunks_enlarged: 105.
num_purges: 0.

CodeHeap 'non-profiled nmethods': size=120000Kb used=326Kb max_used=326Kb free=119674Kb
 bounds [0x00000185a8400000, 0x00000185a8670000, 0x00000185af930000]
CodeHeap 'profiled nmethods': size=120000Kb used=1303Kb max_used=1303Kb free=118696Kb
 bounds [0x00000185a0ed0000, 0x00000185a1140000, 0x00000185a8400000]
CodeHeap 'non-nmethods': size=5760Kb used=1162Kb max_used=1194Kb free=4597Kb
 bounds [0x00000185a0930000, 0x00000185a0ba0000, 0x00000185a0ed0000]
 total_blobs=1299 nmethods=850 adapters=362
 compilation: enabled
              stopped_count=0, restarted_count=0
 full_count=0

Compilation events (20 events):
Event: 21.089 Thread 0x00000185b6c4bf50  843       3       java.lang.String::getChars (54 bytes)
Event: 21.090 Thread 0x00000185b6c4bf50 nmethod 843 0x00000185a100e510 code [0x00000185a100e720, 0x00000185a100eb98]
Event: 21.090 Thread 0x00000185b6c4bf50  844       3       java.lang.StringLatin1::getChars (12 bytes)
Event: 21.090 Thread 0x00000185b6c4bf50 nmethod 844 0x00000185a100ed90 code [0x00000185a100ef40, 0x00000185a100f068]
Event: 21.098 Thread 0x00000185b6c4bf50  845       3       java.nio.Buffer::clear (20 bytes)
Event: 21.098 Thread 0x00000185b6c4bf50 nmethod 845 0x00000185a100f110 code [0x00000185a100f2a0, 0x00000185a100f3b8]
Event: 21.098 Thread 0x00000185b6c4bf50  846       3       java.nio.Buffer::flip (20 bytes)
Event: 21.098 Thread 0x00000185b6c4bf50 nmethod 846 0x00000185a100f490 code [0x00000185a100f620, 0x00000185a100f738]
Event: 21.098 Thread 0x00000185b6c4bf50  847       3       sun.nio.cs.UTF_8$Encoder::encodeArrayLoop (489 bytes)
Event: 21.100 Thread 0x00000185b6c4bf50 nmethod 847 0x00000185a100f810 code [0x00000185a100fe00, 0x00000185a1013168]
Event: 21.103 Thread 0x00000185b6c4bf50  848       3       java.lang.Integer::stringSize (47 bytes)
Event: 21.104 Thread 0x00000185b6c4bf50 nmethod 848 0x00000185a1014210 code [0x00000185a10143c0, 0x00000185a1014618]
Event: 21.104 Thread 0x00000185b6c4bf50  849       3       java.lang.Integer::getChars (131 bytes)
Event: 21.104 Thread 0x00000185b6c4bf50 nmethod 849 0x00000185a1014710 code [0x00000185a10148e0, 0x00000185a1014d18]
Event: 21.105 Thread 0x00000185b6c4bf50  850       3       jdk.internal.misc.VM::initLevel (4 bytes)
Event: 21.105 Thread 0x00000185b6c4bf50 nmethod 850 0x00000185a1014f90 code [0x00000185a1015120, 0x00000185a1015218]
Event: 21.105 Thread 0x00000185b6c4bf50  851       3       java.io.Writer::write (11 bytes)
Event: 21.105 Thread 0x00000185b6c4bf50 nmethod 851 0x00000185a1015290 code [0x00000185a1015460, 0x00000185a1015748]
Event: 21.105 Thread 0x00000185b6c4bf50  852  s    3       java.io.BufferedOutputStream::flush (12 bytes)
Event: 21.105 Thread 0x00000185b6c4bf50 nmethod 852 0x00000185a1015890 code [0x00000185a1015a60, 0x00000185a1015e78]

GC Heap History (6 events):
Event: 3.787 GC heap before
{Heap before GC invocations=0 (full 0):
 garbage-first heap   total 129024K, used 20480K [0x0000000083600000, 0x0000000100000000)
  region size 1024K, 21 young (21504K), 0 survivors (0K)
 Metaspace       used 4698K, committed 4864K, reserved 1056768K
  class space    used 395K, committed 512K, reserved 1048576K
}
Event: 3.790 GC heap after
{Heap after GC invocations=1 (full 0):
 garbage-first heap   total 129024K, used 3882K [0x0000000083600000, 0x0000000100000000)
  region size 1024K, 3 young (3072K), 3 survivors (3072K)
 Metaspace       used 4698K, committed 4864K, reserved 1056768K
  class space    used 395K, committed 512K, reserved 1048576K
}
Event: 21.034 GC heap before
{Heap before GC invocations=1 (full 0):
 garbage-first heap   total 129024K, used 11050K [0x0000000083600000, 0x0000000100000000)
  region size 1024K, 11 young (11264K), 3 survivors (3072K)
 Metaspace       used 5414K, committed 5632K, reserved 1056768K
  class space    used 466K, committed 576K, reserved 1048576K
}
Event: 21.041 GC heap after
{Heap after GC invocations=2 (full 1):
 garbage-first heap   total 20480K, used 4155K [0x0000000083600000, 0x0000000100000000)
  region size 1024K, 0 young (0K), 0 survivors (0K)
 Metaspace       used 5414K, committed 5632K, reserved 1056768K
  class space    used 466K, committed 576K, reserved 1048576K
}
Event: 21.106 GC heap before
{Heap before GC invocations=2 (full 1):
 garbage-first heap   total 20480K, used 4155K [0x0000000083600000, 0x0000000100000000)
  region size 1024K, 1 young (1024K), 0 survivors (0K)
 Metaspace       used 5506K, committed 5632K, reserved 1056768K
  class space    used 473K, committed 576K, reserved 1048576K
}
Event: 21.110 GC heap after
{Heap after GC invocations=3 (full 2):
 garbage-first heap   total 17408K, used 4024K [0x0000000083600000, 0x0000000100000000)
  region size 1024K, 0 young (0K), 0 survivors (0K)
 Metaspace       used 5506K, committed 5632K, reserved 1056768K
  class space    used 473K, committed 576K, reserved 1048576K
}

Deoptimization events (20 events):
Event: 0.126 Thread 0x00000185991c15f0 DEOPT PACKING pc=0x00000185a0f07cd6 sp=0x00000005161fc9d0
Event: 0.126 Thread 0x00000185991c15f0 DEOPT UNPACKING pc=0x00000185a097dece sp=0x00000005161fbe58 mode 0
Event: 0.132 Thread 0x00000185991c15f0 DEOPT PACKING pc=0x00000185a0f068e8 sp=0x00000005161fcb20
Event: 0.132 Thread 0x00000185991c15f0 DEOPT UNPACKING pc=0x00000185a097dece sp=0x00000005161fbfb0 mode 0
Event: 0.133 Thread 0x00000185991c15f0 DEOPT PACKING pc=0x00000185a0f068e8 sp=0x00000005161fcb20
Event: 0.133 Thread 0x00000185991c15f0 DEOPT UNPACKING pc=0x00000185a097dece sp=0x00000005161fbfb0 mode 0
Event: 0.136 Thread 0x00000185991c15f0 DEOPT PACKING pc=0x00000185a0f068e8 sp=0x00000005161fcb20
Event: 0.136 Thread 0x00000185991c15f0 DEOPT UNPACKING pc=0x00000185a097dece sp=0x00000005161fbfb0 mode 0
Event: 0.138 Thread 0x00000185991c15f0 DEOPT PACKING pc=0x00000185a0f068e8 sp=0x00000005161fcb20
Event: 0.138 Thread 0x00000185991c15f0 DEOPT UNPACKING pc=0x00000185a097dece sp=0x00000005161fbfb0 mode 0
Event: 0.259 Thread 0x00000185991c15f0 DEOPT PACKING pc=0x00000185a0f100ae sp=0x00000005161feda0
Event: 0.259 Thread 0x00000185991c15f0 DEOPT UNPACKING pc=0x00000185a097dece sp=0x00000005161fe250 mode 0
Event: 13.482 Thread 0x00000185991c15f0 DEOPT PACKING pc=0x00000185a0ffb7fc sp=0x00000005161fa0c0
Event: 13.482 Thread 0x00000185991c15f0 DEOPT UNPACKING pc=0x00000185a097dece sp=0x00000005161f95c0 mode 0
Event: 13.482 Thread 0x00000185991c15f0 Uncommon trap: trap_request=0xfffffff4 fr.pc=0x00000185a8446498 relative=0x0000000000002e18
Event: 13.482 Thread 0x00000185991c15f0 Uncommon trap: reason=null_check action=make_not_entrant pc=0x00000185a8446498 method=com.trolltech.qt.internal.QtJambiInternal.isSignal(Ljava/lang/Class;)Z @ 3 c2
Event: 13.482 Thread 0x00000185991c15f0 DEOPT PACKING pc=0x00000185a8446498 sp=0x00000005161fa0c0
Event: 13.482 Thread 0x00000185991c15f0 DEOPT UNPACKING pc=0x00000185a097d72e sp=0x00000005161f9fc8 mode 2
Event: 17.895 Thread 0x00000185991c15f0 DEOPT PACKING pc=0x00000185a0fd745a sp=0x00000005161f9c60
Event: 17.895 Thread 0x00000185991c15f0 DEOPT UNPACKING pc=0x00000185a097dece sp=0x00000005161f9198 mode 0

Classes unloaded (0 events):
No events

Classes redefined (0 events):
No events

Internal exceptions (6 events):
Event: 0.058 Thread 0x00000185991c15f0 Exception <a 'sun/nio/fs/WindowsException'{0x000000008b235790}> (0x000000008b235790) 
thrown [t:\workspace\open\src\hotspot\share\prims\jni.cpp, line 579]
Event: 0.058 Thread 0x00000185991c15f0 Exception <a 'sun/nio/fs/WindowsException'{0x000000008b235db0}> (0x000000008b235db0) 
thrown [t:\workspace\open\src\hotspot\share\prims\jni.cpp, line 579]
Event: 0.059 Thread 0x00000185991c15f0 Exception <a 'sun/nio/fs/WindowsException'{0x000000008b238620}> (0x000000008b238620) 
thrown [t:\workspace\open\src\hotspot\share\prims\jni.cpp, line 579]
Event: 0.160 Thread 0x00000185991c15f0 Exception <a 'java/lang/NoSuchMethodError'{0x000000008a50f478}: 'void java.lang.invoke.DirectMethodHandle$Holder.invokeSpecial(java.lang.Object, java.lang.Object, java.lang.Object)'> (0x000000008a50f478) 
thrown [t:\workspace\open\src\hotspot\share\interpreter\linkResolver.cpp, line 790]
Event: 0.161 Thread 0x00000185991c15f0 Exception <a 'java/lang/NoSuchMethodError'{0x000000008a51fb18}: 'java.lang.Object java.lang.invoke.DirectMethodHandle$Holder.invokeStatic(java.lang.Object)'> (0x000000008a51fb18) 
thrown [t:\workspace\open\src\hotspot\share\interpreter\linkResolver.cpp, line 790]
Event: 13.482 Thread 0x00000185991c15f0 Implicit null exception at 0x00000185a8444e64 to 0x00000185a8446454

Events (20 events):
Event: 21.041 Executing  VM operation: G1CollectFull done
Event: 21.041 loading class java/lang/ref/Finalizer$2
Event: 21.041 loading class java/lang/ref/Finalizer$2 done
Event: 21.041 loading class java/lang/ref/Finalizer$1
Event: 21.041 loading class java/lang/ref/Finalizer$1 done
Event: 21.041 Thread 0x00000185b8830730 Thread added: 0x00000185b8830730
Event: 21.044 Thread 0x00000185b8830730 Thread exited: 0x00000185b8830730
Event: 21.044 Thread 0x00000185b8669dd0 Thread added: 0x00000185b8669dd0
Event: 21.056 Thread 0x00000185991c15f0 Thread exited: 0x00000185991c15f0
Event: 21.056 Thread 0x00000185991c15f0 Thread added: 0x00000185991c15f0
Event: 21.056 Thread 0x00000185b82630c0 Thread added: 0x00000185b82630c0
Event: 21.058 loading class java/lang/Throwable$WrappedPrintStream
Event: 21.058 loading class java/lang/Throwable$PrintStreamOrWriter
Event: 21.058 loading class java/lang/Throwable$PrintStreamOrWriter done
Event: 21.058 loading class java/lang/Throwable$WrappedPrintStream done
Event: 21.058 loading class java/lang/StackTraceElement$HashedModules
Event: 21.058 loading class java/lang/StackTraceElement$HashedModules done
Event: 21.106 Executing  VM operation: G1CollectFull
Event: 21.110 Executing  VM operation: G1CollectFull done
Event: 21.111 Thread 0x00000185b7c87cd0 Thread added: 0x00000185b7c87cd0


Dynamic libraries:
0x00007ff659dd0000 - 0x00007ff659dde000 	C:\jdk-16.0.1\bin\java.exe
0x00007ff8dd2d0000 - 0x00007ff8dd4c5000 	C:\WINDOWS\SYSTEM32\ntdll.dll
0x00007ff8dc110000 - 0x00007ff8dc1ce000 	C:\WINDOWS\System32\KERNEL32.DLL
0x00007ff8dac80000 - 0x00007ff8daf48000 	C:\WINDOWS\System32\KERNELBASE.dll
0x00007ff8db210000 - 0x00007ff8db310000 	C:\WINDOWS\System32\ucrtbase.dll
0x00007ff8b6130000 - 0x00007ff8b6149000 	C:\jdk-16.0.1\bin\VCRUNTIME140.dll
0x00007ff8ced20000 - 0x00007ff8ced38000 	C:\jdk-16.0.1\bin\jli.dll
0x00007ff8db670000 - 0x00007ff8db811000 	C:\WINDOWS\System32\USER32.dll
0x00007ff8dab40000 - 0x00007ff8dab62000 	C:\WINDOWS\System32\win32u.dll
0x00007ff8cfa90000 - 0x00007ff8cfd2a000 	C:\WINDOWS\WinSxS\amd64_microsoft.windows.common-controls_6595b64144ccf1df_6.0.19041.1110_none_60b5254171f9507e\COMCTL32.dll
0x00007ff8dd260000 - 0x00007ff8dd28b000 	C:\WINDOWS\System32\GDI32.dll
0x00007ff8dba30000 - 0x00007ff8dbace000 	C:\WINDOWS\System32\msvcrt.dll
0x00007ff8daf50000 - 0x00007ff8db05d000 	C:\WINDOWS\System32\gdi32full.dll
0x00007ff8db0c0000 - 0x00007ff8db15d000 	C:\WINDOWS\System32\msvcp_win.dll
0x00007ff8dc380000 - 0x00007ff8dc3b0000 	C:\WINDOWS\System32\IMM32.DLL
0x00007ff8aa3a0000 - 0x00007ff8aa3ac000 	C:\jdk-16.0.1\bin\vcruntime140_1.dll
0x00007ff88fd90000 - 0x00007ff88fe21000 	C:\jdk-16.0.1\bin\msvcp140.dll
0x00007ff890030000 - 0x00007ff890bdb000 	C:\jdk-16.0.1\bin\server\jvm.dll
0x00007ff8dc000000 - 0x00007ff8dc0ae000 	C:\WINDOWS\System32\ADVAPI32.dll
0x00007ff8dcd40000 - 0x00007ff8dcddc000 	C:\WINDOWS\System32\sechost.dll
0x00007ff8db900000 - 0x00007ff8dba25000 	C:\WINDOWS\System32\RPCRT4.dll
0x00007ff8dc4a0000 - 0x00007ff8dc4a8000 	C:\WINDOWS\System32\PSAPI.DLL
0x00007ff8cff40000 - 0x00007ff8cff67000 	C:\WINDOWS\SYSTEM32\WINMM.dll
0x00007ff8d4600000 - 0x00007ff8d4609000 	C:\WINDOWS\SYSTEM32\WSOCK32.dll
0x00007ff8dc410000 - 0x00007ff8dc47b000 	C:\WINDOWS\System32\WS2_32.dll
0x00007ff8d5b50000 - 0x00007ff8d5b5a000 	C:\WINDOWS\SYSTEM32\VERSION.dll
0x00007ff8d88f0000 - 0x00007ff8d8902000 	C:\WINDOWS\SYSTEM32\kernel.appcore.dll
0x00007ff8a6d30000 - 0x00007ff8a6d3a000 	C:\jdk-16.0.1\bin\jimage.dll
0x00007ff8cea00000 - 0x00007ff8cebe4000 	C:\WINDOWS\SYSTEM32\DBGHELP.DLL
0x00007ff8ce6f0000 - 0x00007ff8ce71c000 	C:\WINDOWS\SYSTEM32\dbgcore.DLL
0x00007ff8dabf0000 - 0x00007ff8dac72000 	C:\WINDOWS\System32\bcryptPrimitives.dll
0x00007ff8a56b0000 - 0x00007ff8a56d5000 	C:\jdk-16.0.1\bin\java.dll
0x00007ff8dc5f0000 - 0x00007ff8dcd34000 	C:\WINDOWS\System32\SHELL32.dll
0x00007ff8d8af0000 - 0x00007ff8d9285000 	C:\WINDOWS\SYSTEM32\windows.storage.dll
0x00007ff8db310000 - 0x00007ff8db665000 	C:\WINDOWS\System32\combase.dll
0x00007ff8da360000 - 0x00007ff8da38e000 	C:\WINDOWS\SYSTEM32\Wldp.dll
0x00007ff8dc540000 - 0x00007ff8dc5ed000 	C:\WINDOWS\System32\SHCORE.dll
0x00007ff8db8a0000 - 0x00007ff8db8f5000 	C:\WINDOWS\System32\shlwapi.dll
0x00007ff8da920000 - 0x00007ff8da93f000 	C:\WINDOWS\SYSTEM32\profapi.dll
0x00007ff899900000 - 0x00007ff899919000 	C:\jdk-16.0.1\bin\net.dll
0x00007ff8d4270000 - 0x00007ff8d437c000 	C:\WINDOWS\SYSTEM32\WINHTTP.dll
0x00007ff8da0c0000 - 0x00007ff8da12a000 	C:\WINDOWS\system32\mswsock.dll
0x00007ff88ffd0000 - 0x00007ff88ffe3000 	C:\jdk-16.0.1\bin\nio.dll
0x00007ff88ffb0000 - 0x00007ff88ffc8000 	C:\jdk-16.0.1\bin\zip.dll
0x00007ff8a6d20000 - 0x00007ff8a6d30000 	C:\jdk-16.0.1\bin\verify.dll
0x0000000072430000 - 0x000000007270e000 	C:\Users\dam_aap\AppData\Local\Temp\QtJambi_dam_aap_amd64_4.8.7_msvc2013x64-20150908-1314\lib\QtCore4.dll
0x00007ff8dc250000 - 0x00007ff8dc37a000 	C:\WINDOWS\System32\ole32.dll
0x00007ff8b30c0000 - 0x00007ff8b3166000 	C:\WINDOWS\SYSTEM32\MSVCP120.dll
0x00007ff879070000 - 0x00007ff87915f000 	C:\WINDOWS\SYSTEM32\MSVCR120.dll
0x00007ff8cc8d0000 - 0x00007ff8cc910000 	C:\Users\dam_aap\AppData\Local\Temp\QtJambi_dam_aap_amd64_4.8.7_msvc2013x64-20150908-1314\lib\qtjambi.dll
0x00007ff878f40000 - 0x00007ff87906f000 	C:\Users\dam_aap\AppData\Local\Temp\QtJambi_dam_aap_amd64_4.8.7_msvc2013x64-20150908-1314\lib\com_trolltech_qt_core.dll
0x0000000071ac0000 - 0x000000007242e000 	C:\Users\dam_aap\AppData\Local\Temp\QtJambi_dam_aap_amd64_4.8.7_msvc2013x64-20150908-1314\lib\QtGui4.dll
0x00007ff8dcf00000 - 0x00007ff8dcfda000 	C:\WINDOWS\System32\COMDLG32.dll
0x00007ff8dd190000 - 0x00007ff8dd25d000 	C:\WINDOWS\System32\OLEAUT32.dll
0x00007ff8a4c90000 - 0x00007ff8a4d25000 	C:\WINDOWS\SYSTEM32\WINSPOOL.DRV
0x00007ff874b00000 - 0x00007ff87522f000 	C:\Users\dam_aap\AppData\Local\Temp\QtJambi_dam_aap_amd64_4.8.7_msvc2013x64-20150908-1314\lib\com_trolltech_qt_gui.dll
0x00007ff8d8410000 - 0x00007ff8d84ae000 	C:\WINDOWS\system32\uxtheme.dll
0x00007ff8dcde0000 - 0x00007ff8dcef5000 	C:\WINDOWS\System32\MSCTF.dll
0x00007ff8d76e0000 - 0x00007ff8d76ed000 	C:\Users\dam_aap\AppData\Local\Temp\QtJambi_dam_aap_amd64_4.8.7_msvc2013x64-20150908-1314\plugins\imageformats\qgif4.dll
0x00007ff8d75d0000 - 0x00007ff8d75de000 	C:\Users\dam_aap\AppData\Local\Temp\QtJambi_dam_aap_amd64_4.8.7_msvc2013x64-20150908-1314\plugins\imageformats\qico4.dll
0x00007ff8ba2f0000 - 0x00007ff8ba32d000 	C:\Users\dam_aap\AppData\Local\Temp\QtJambi_dam_aap_amd64_4.8.7_msvc2013x64-20150908-1314\plugins\imageformats\qjpeg4.dll
0x00007ff8b3340000 - 0x00007ff8b3389000 	C:\Users\dam_aap\AppData\Local\Temp\QtJambi_dam_aap_amd64_4.8.7_msvc2013x64-20150908-1314\plugins\imageformats\qmng4.dll
0x00007ff8b31e0000 - 0x00007ff8b323b000 	C:\Users\dam_aap\AppData\Local\Temp\QtJambi_dam_aap_amd64_4.8.7_msvc2013x64-20150908-1314\plugins\imageformats\qtiff4.dll
0x00007ff8d32d0000 - 0x00007ff8d33c9000 	C:\WINDOWS\SYSTEM32\textinputframework.dll
0x00007ff8d7ed0000 - 0x00007ff8d7fc2000 	C:\WINDOWS\System32\CoreMessaging.dll
0x00007ff8d7a70000 - 0x00007ff8d7dce000 	C:\WINDOWS\System32\CoreUIComponents.dll
0x00007ff8d9630000 - 0x00007ff8d9663000 	C:\WINDOWS\SYSTEM32\ntmarta.dll
0x00007ff8d7440000 - 0x00007ff8d7594000 	C:\WINDOWS\SYSTEM32\wintypes.dll
0x00007ff8b0b00000 - 0x00007ff8b0bb0000 	C:\WINDOWS\WinSxS\amd64_microsoft.windows.common-controls_6595b64144ccf1df_5.82.19041.1110_none_792d1c772443f647\comctl32.dll
0x00007ff8dbf50000 - 0x00007ff8dbff9000 	C:\WINDOWS\System32\clbcatq.dll
0x00007ff8c1b40000 - 0x00007ff8c1b7b000 	C:\WINDOWS\SYSTEM32\dxcore.dll
0x00007ff8dab70000 - 0x00007ff8dabbe000 	C:\WINDOWS\System32\cfgmgr32.dll

dbghelp: loaded successfully - version: 4.0.5 - missing functions: none
symbol engine: initialized successfully - sym options: 0x614 - pdb path: .;C:\jdk-16.0.1\bin;C:\WINDOWS\SYSTEM32;C:\WINDOWS\WinSxS\amd64_microsoft.windows.common-controls_6595b64144ccf1df_6.0.19041.1110_none_60b5254171f9507e;C:\jdk-16.0.1\bin\server;C:\Users\dam_aap\AppData\Local\Temp\QtJambi_dam_aap_amd64_4.8.7_msvc2013x64-20150908-1314\lib;C:\Users\dam_aap\AppData\Local\Temp\QtJambi_dam_aap_amd64_4.8.7_msvc2013x64-20150908-1314\plugins\imageformats;C:\WINDOWS\WinSxS\amd64_microsoft.windows.common-controls_6595b64144ccf1df_5.82.19041.1110_none_792d1c772443f647

VM Arguments:
jvm_args: -Dfile.encoding=UTF-8 --module-path=C:\Users\dam_aap\Desktop\ProyectoConjunto\gym\Gimansio3.0\Gimnasio1.0\Interfaz\NetBeans\GymDam\build\classes 
java_command: gymdam.GymDam
java_class_path (initial): D:\qtjambi-community-4.8.7-win64-msvc2013\qtjambi-4.8.7.jar;D:\qtjambi-community-4.8.7-win64-msvc2013\qtjambi-designer-4.8.7.jar;D:\qtjambi-community-4.8.7-win64-msvc2013\qtjambi-examples-4.8.7.jar;D:\qtjambi-community-4.8.7-win64-msvc2013\qtjambi-examples-src.jar;D:\qtjambi-community-4.8.7-win64-msvc2013\qtjambi-native-win64-msvc2013x64-4.8.7.jar;D:\qtjambi-community-4.8.7-win64-msvc2013\qtjambi-src.jar;C:\Users\dam_aap\Desktop\json\json-20211205.jar;C:\Program Files\NetBeans-12.4\netbeans\ide\modules\ext\jaxb\jaxb-impl.jar;C:\Program Files\NetBeans-12.4\netbeans\ide\modules\ext\jaxb\jaxb-xjc.jar;C:\Program Files\NetBeans-12.4\netbeans\java\modules\ext\jaxws22\FastInfoset.jar;C:\Program Files\NetBeans-12.4\netbeans\java\modules\ext\jaxws22\gmbal-api-only.jar;C:\Program Files\NetBeans-12.4\netbeans\java\modules\ext\jaxws22\ha-api.jar;C:\Program Files\NetBeans-12.4\netbeans\java\modules\ext\jaxws22\javax.mail_1.4.jar;C:\Program Files\NetBeans-12.4\netbeans\java\modules\ext\jaxws22\jaxws-rt.jar;C:\Program Files\NetBeans-12.4\netbeans\java\modules\ext\jaxws22\jaxws-tools.jar;C:\Program Files\NetBeans-12.4\netbeans\java\modules\ext\jaxws22\management-api.jar;C:\Program Files\NetBeans-12.4\netbeans\java\modules\ext\jaxws22\mimepull.jar;C:\Program Files\NetBeans-12.4\netbeans\java\modules\ext\jaxws22\policy.jar;C:\Program Files\NetBeans-12.4\netbeans\java\modules\ext\jaxws22\saaj-impl.jar;C:\Program Files\NetBeans-12.4\netbeans\java\modules\ext\jaxws22\stax-ex.jar;C:\Program Files\NetBeans-12.4\netbeans\java\modules\ext\jaxws22\stax2-api.jar;C:\Program Files\NetBeans-12.4\netbeans\java\modules\ext\jaxws22\streambuffer.jar;C:\Program Files\NetBeans-12.4\netbeans\java\modules\ext\jaxws22\woodstox-core-asl.jar;C:\Program Files\NetBeans-12.4\netbeans\java\modules\ext\jaxws22\api\jaxws-api.jar;C:\Program Files\NetBeans-12.4\netbeans\java\modules\ext\jaxws22\api\jsr181-api.jar;C:\Program Files\NetBeans-12.4\netbeans\java\modules\ext\jaxws22\api\java
Launcher Type: SUN_STANDARD

[Global flags]
     intx CICompilerCount                          = 3                                         {product} {ergonomic}
     uint ConcGCThreads                            = 2                                         {product} {ergonomic}
     uint G1ConcRefinementThreads                  = 6                                         {product} {ergonomic}
   size_t G1HeapRegionSize                         = 1048576                                   {product} {ergonomic}
    uintx GCDrainStackTargetSize                   = 64                                        {product} {ergonomic}
   size_t InitialHeapSize                          = 132120576                                 {product} {ergonomic}
   size_t MarkStackSize                            = 4194304                                   {product} {ergonomic}
   size_t MaxHeapSize                              = 2090860544                                {product} {ergonomic}
   size_t MaxNewSize                               = 1254096896                                {product} {ergonomic}
   size_t MinHeapDeltaBytes                        = 1048576                                   {product} {ergonomic}
   size_t MinHeapSize                              = 8388608                                   {product} {ergonomic}
    uintx NonNMethodCodeHeapSize                   = 5832780                                {pd product} {ergonomic}
    uintx NonProfiledCodeHeapSize                  = 122912730                              {pd product} {ergonomic}
    uintx ProfiledCodeHeapSize                     = 122912730                              {pd product} {ergonomic}
    uintx ReservedCodeCacheSize                    = 251658240                              {pd product} {ergonomic}
     bool SegmentedCodeCache                       = true                                      {product} {ergonomic}
   size_t SoftMaxHeapSize                          = 2090860544                             {manageable} {ergonomic}
     bool UseCompressedClassPointers               = true                           {product lp64_product} {ergonomic}
     bool UseCompressedOops                        = true                           {product lp64_product} {ergonomic}
     bool UseG1GC                                  = true                                      {product} {ergonomic}
     bool UseLargePagesIndividualAllocation        = false                                  {pd product} {ergonomic}

Logging:
Log output configuration:
 #0: stdout all=warning uptime,level,tags
 #1: stderr all=off uptime,level,tags

Environment Variables:
JAVA_HOME=c:\jdk-16.0.1
PATH=C:\Program Files (x86)\VMware\VMware Player\bin\;C:\jdk-16.0.1\bin;C:\WINDOWS\system32;C:\WINDOWS;C:\WINDOWS\System32\Wbem;C:\WINDOWS\System32\WindowsPowerShell\v1.0\;C:\WINDOWS\System32\OpenSSH\;C:\Program Files\PowerShell\7\;C:\Program Files\Microsoft SQL Server\Client SDK\ODBC\170\Tools\Binn\;C:\Program Files (x86)\Microsoft SQL Server\150\Tools\Binn\;C:\Program Files\Microsoft SQL Server\150\Tools\Binn\;C:\Program Files\Microsoft SQL Server\150\DTS\Binn\;C:\Program Files\Azure Data Studio\bin;C:\Program Files\dotnet\;C:\ProgramData\chocolatey\bin;C:\flutter\bin;C:\Users\dam_aap\AppData\Local\Microsoft\WindowsApps;D:\Microsoft VS Code\bin;C:\Users\dam_aap\AppData\Local\Programs\Git\cmd;C:\Users\dam_aap\AppData\Local\gitkraken\bin
USERNAME=dam_aap
OS=Windows_NT
PROCESSOR_IDENTIFIER=Intel64 Family 6 Model 158 Stepping 10, GenuineIntel



---------------  S Y S T E M  ---------------

OS:
 Windows 10 , 64 bit Build 19041 (10.0.19041.1466)
OS uptime: 0 days 1:08 hours

CPU: total 6 (initial active 6) (6 cores per cpu, 1 threads per core) family 6 model 158 stepping 10 microcode 0xb4, cx8, cmov, fxsr, mmx, 3dnowpref, sse, sse2, sse3, ssse3, sse4.1, sse4.2, popcnt, lzcnt, tsc, tscinvbit, avx, avx2, aes, erms, clmul, bmi1, bmi2, rtm, adx, fma, vzeroupper, clflush, clflushopt

Memory: 4k page, system-wide physical 7973M (1313M free)
TotalPageFile size 14885M (AvailPageFile size 6300M)
current process WorkingSet (physical memory assigned to process): 72M, peak: 102M
current process commit charge ("private bytes"): 115M, peak: 241M

vm_info: OpenJDK 64-Bit Server VM (16.0.1+9-24) for windows-amd64 JRE (16.0.1+9-24), built on Mar 26 2021 19:30:07 by "mach5one" with MS VC++ 16.7 (VS2019)

END.
