#
# A fatal error has been detected by the Java Runtime Environment:
#
#  EXCEPTION_ACCESS_VIOLATION (0xc0000005) at pc=0x000000006ebe2cbd, pid=7180, tid=8168
#
# JRE version: OpenJDK Runtime Environment (16.0.1+9) (build 16.0.1+9-24)
# Java VM: OpenJDK 64-Bit Server VM (16.0.1+9-24, mixed mode, sharing, tiered, compressed oops, compressed class ptrs, g1 gc, windows-amd64)
# Problematic frame:
# C  [QtGui4.dll+0x62cbd]
#
# No core dump will be written. Minidumps are not enabled by default on client versions of Windows
#
# If you would like to submit a bug report, please visit:
#   https://bugreport.java.com/bugreport/crash.jsp
# The crash happened outside the Java Virtual Machine in native code.
# See problematic frame for where to report the bug.
#

---------------  S U M M A R Y ------------

Command Line: -Dfile.encoding=UTF-8 --module-path=C:\Users\dam_aap\Desktop\ProyectoConjunto\gym\Gimansio3.0\Gimnasio1.0\Interfaz\NetBeans\GymDam\build\classes gymdam.GymDam

Host: Intel(R) Core(TM) i5-9500 CPU @ 3.00GHz, 6 cores, 7G,  Windows 10 , 64 bit Build 19041 (10.0.19041.1466)
Time: Wed Feb 16 12:31:11 2022 Hora estándar romance elapsed time: 14.859423 seconds (0d 0h 0m 14s)

---------------  T H R E A D  ---------------

Current thread (0x000001ffa31cec20):  
[error occurred during error reporting (printing current thread), id 0xc0000005, EXCEPTION_ACCESS_VIOLATION (0xc0000005) at pc=0x00007ffd0cf60e00]

Stack: [0x00000005a1600000,0x00000005a1700000],  sp=0x00000005a16febe0,  free space=1018k
Native frames: (J=compiled Java code, j=interpreted, Vv=VM code, C=native code)
C  [QtGui4.dll+0x62cbd]

Java frames: (J=compiled Java code, j=interpreted, Vv=VM code)
J 745  com.trolltech.qt.internal.QtJambiObject.finalize()V (0 bytes) @ 0x000001ff949ec8eb [0x000001ff949ec8a0+0x000000000000004b]
J 738 c1 java.lang.ref.Finalizer.runFinalizer(Ljdk/internal/access/JavaLangAccess;)V java.base@16.0.1 (131 bytes) @ 0x000001ff8d58e324 [0x000001ff8d58dcc0+0x0000000000000664]
j  java.lang.ref.Finalizer$FinalizerThread.run()V+46 java.base@16.0.1
v  ~StubRoutines::call_stub

siginfo: EXCEPTION_ACCESS_VIOLATION (0xc0000005), reading address 0x0000000000000008


Register to memory mapping:

RIP=0x000000006ebe2cbd QtGui4.dll
RAX=0x0 is NULL
RBX=0x00000000ffffffff is an unallocated location in the heap
RCX=0x000001ffa47aa250 points into unknown readable memory: 0x0000000000000001 | 01 00 00 00 00 00 00 00
RDX=0x0000000000000001 is an unknown value
RSP=0x00000005a16febe0 is pointing into the stack for thread: 0x000001ffa31cec20
RBP=0x0000000000000001 is an unknown value
RSI=0x000001ffa46ddd20 points into unknown readable memory: 0x000000006f1d3148 | 48 31 1d 6f 00 00 00 00
RDI=0x000001ffa46ddd20 points into unknown readable memory: 0x000000006f1d3148 | 48 31 1d 6f 00 00 00 00
R8 =0x00000000000000a6 is an unknown value
R9 =0x0000000000000040 is an unknown value
R10=0x0000000000000080 is an unknown value
R11=0xffedd9f7d6cffffe is an unknown value
R12=0x000001ffa46dc9c0 points into unknown readable memory: 0x000000006f17fe58 | 58 fe 17 6f 00 00 00 00
R13=0x000001ffa5a70400 points into unknown readable memory: 0x000000006f1e91f0 | f0 91 1e 6f 00 00 00 00
R14=0x0 is NULL
R15=0x0 is NULL


Registers:
RAX=0x0000000000000000, RBX=0x00000000ffffffff, RCX=0x000001ffa47aa250, RDX=0x0000000000000001
RSP=0x00000005a16febe0, RBP=0x0000000000000001, RSI=0x000001ffa46ddd20, RDI=0x000001ffa46ddd20
R8 =0x00000000000000a6, R9 =0x0000000000000040, R10=0x0000000000000080, R11=0xffedd9f7d6cffffe
R12=0x000001ffa46dc9c0, R13=0x000001ffa5a70400, R14=0x0000000000000000, R15=0x0000000000000000
RIP=0x000000006ebe2cbd, EFLAGS=0x0000000000010206

Top of Stack: (sp=0x00000005a16febe0)
0x00000005a16febe0:   000001ffa47aa250 00000000ffffffff
0x00000005a16febf0:   0000000000000001 00007ffd217e69d8
0x00000005a16fec00:   000001ff00000000 0000000000000001
0x00000005a16fec10:   fffffffffffffffe 000001ffa46dc9c0
0x00000005a16fec20:   0000000000000000 000000006eefb1ce
0x00000005a16fec30:   000001ffa460e2e0 0000000000000001
0x00000005a16fec40:   000001ffa47aa250 0000000000000000
0x00000005a16fec50:   0000000000000001 000000006eefaa44
0x00000005a16fec60:   000001ffa46ddd20 0000000000000001
0x00000005a16fec70:   000001ffa46dda00 0000000000000000
0x00000005a16fec80:   fffffffffffffffe 0000000000000000
0x00000005a16fec90:   000001ffa46ddd20 00007ffd08a129a5
0x00000005a16feca0:   000001ffa46ddd20 000001ff00000000
0x00000005a16fecb0:   000001ffa47b2af0 000000006f7ae0a8
0x00000005a16fecc0:   fffffffffffffffe 000000006f486298
0x00000005a16fecd0:   000001ffa5a70400 000000006f60ab73 

Instructions: (pc=0x000000006ebe2cbd)
0x000000006ebe2bbd:   8b 0e 48 3b cb 74 1b ff 15 66 9b 58 00 84 c0 75
0x000000006ebe2bcd:   0e ba 08 00 00 00 48 8b 0e ff 15 c4 9d 58 00 48
0x000000006ebe2bdd:   89 1e 48 83 c4 38 41 5e 5f 5e 5b c3 cc cc cc cc
0x000000006ebe2bed:   cc cc cc 40 57 48 83 ec 20 48 8b 41 f8 48 8b fa
0x000000006ebe2bfd:   48 3b 90 40 01 00 00 74 6c 48 8b 41 f8 48 89 5c
0x000000006ebe2c0d:   24 30 48 8d 59 f0 f7 80 c8 01 00 00 00 00 00 10
0x000000006ebe2c1d:   74 0c 48 8b 43 20 48 8b 08 48 85 c9 75 22 41 b0
0x000000006ebe2c2d:   01 ba 64 00 00 00 48 8b cb e8 95 2c 00 00 48 8b
0x000000006ebe2c3d:   4b 08 33 d2 e8 fa 7b ff ff 48 8b 43 20 48 8b 08
0x000000006ebe2c4d:   48 8b d7 ff 15 12 cf 58 00 48 8b 5c 24 30 85 c0
0x000000006ebe2c5d:   75 13 48 8d 0d 52 db 59 00 48 83 c4 20 5f 48 ff
0x000000006ebe2c6d:   25 fe a6 58 00 48 83 c4 20 5f c3 cc cc cc cc cc
0x000000006ebe2c7d:   cc cc cc 85 d2 74 68 57 48 83 ec 40 48 c7 44 24
0x000000006ebe2c8d:   30 fe ff ff ff 48 89 5c 24 50 8b da 48 8b f9 c7
0x000000006ebe2c9d:   44 24 20 00 00 00 00 45 33 c9 45 33 c0 33 d2 48
0x000000006ebe2cad:   8d 4c 24 60 e8 ba ba fd ff 90 ff 15 bb 9b 58 00
0x000000006ebe2cbd:   48 8b 48 08 48 81 c1 28 01 00 00 4c 8d 4c 24 60
0x000000006ebe2ccd:   4c 8b c7 8b d3 e8 f9 8c fe ff 90 48 8d 4c 24 60
0x000000006ebe2cdd:   e8 ee e2 fc ff 48 8b 5c 24 50 48 83 c4 40 5f c3
0x000000006ebe2ced:   cc cc cc 48 89 5c 24 10 48 89 6c 24 18 48 89 74
0x000000006ebe2cfd:   24 20 57 48 81 ec 90 00 00 00 48 8b 05 62 4e 8a
0x000000006ebe2d0d:   00 48 33 c4 48 89 84 24 80 00 00 00 48 8b f1 48
0x000000006ebe2d1d:   8b 09 48 8b fa 48 83 c1 68 ba 01 00 00 00 ff 15
0x000000006ebe2d2d:   ef 99 58 00 84 c0 74 08 48 8b ce e8 f3 7b fa ff
0x000000006ebe2d3d:   48 8b 0e 48 8b d1 48 8b d9 4c 63 49 6c 8b 69 70
0x000000006ebe2d4d:   4d 85 c9 78 42 48 8d 44 24 20 41 ba 08 00 00 00
0x000000006ebe2d5d:   4c 2b d0 4a 8b 5c ca 08 48 3b d9 74 20 44 8b 07
0x000000006ebe2d6d:   0f 1f 00 44 39 43 f8 7d 14 4b 8d 04 ca 48 8b d3
0x000000006ebe2d7d:   48 03 c3 48 8b 5c 04 20 48 3b d9 75 e6 4a 89 54
0x000000006ebe2d8d:   cc 20 49 ff c9 79 cc 48 3b d9 74 3d 8b 43 f8 39
0x000000006ebe2d9d:   07 7c 36 48 8b 0e 4c 8b cb 48 8b 5b 08 48 3b d9
0x000000006ebe2dad:   74 0e 8b 43 f8 41 39 41 f8 7c 05 40 b7 01 eb 03 


Stack slot to memory mapping:
stack at sp + 0 slots: 0x000001ffa47aa250 points into unknown readable memory: 0x0000000000000001 | 01 00 00 00 00 00 00 00
stack at sp + 1 slots: 0x00000000ffffffff is an unallocated location in the heap
stack at sp + 2 slots: 0x0000000000000001 is an unknown value
stack at sp + 3 slots: 0x00007ffd217e69d8 MSVCR120.dll
stack at sp + 4 slots: 0x000001ff00000000 is an unknown value
stack at sp + 5 slots: 0x0000000000000001 is an unknown value
stack at sp + 6 slots: 0xfffffffffffffffe is an unknown value
stack at sp + 7 slots: 0x000001ffa46dc9c0 points into unknown readable memory: 0x000000006f17fe58 | 58 fe 17 6f 00 00 00 00


---------------  P R O C E S S  ---------------

Threads class SMR info:
_java_thread_list=0x000001ffa5b1cda0, length=13, elements={
0x000001ffa31cdd60, 0x000001ffa31cec20, 0x000001ffa31dd900, 0x000001ffa31e0410,
0x000001ffa31e0e10, 0x000001ffa31e1810, 0x000001ffa31ee060, 0x000001ffa31eeb50,
0x000001ffa32035b0, 0x000001ffa3c3c7a0, 0x000001ffa3d01340, 0x000001ff85772240,
0x000001ffa454a900
}

Java Threads: ( => current thread )
  0x000001ffa31cdd60 JavaThread "Reference Handler" daemon [_thread_blocked, id=7668, stack(0x00000005a1500000,0x00000005a1600000)]
=>0x000001ffa31cec20 JavaThread "Finalizer" daemon [_thread_in_native, id=8168, stack(0x00000005a1600000,0x00000005a1700000)]
  0x000001ffa31dd900 JavaThread "Signal Dispatcher" daemon [_thread_blocked, id=2484, stack(0x00000005a1700000,0x00000005a1800000)]
  0x000001ffa31e0410 JavaThread "Attach Listener" daemon [_thread_blocked, id=11512, stack(0x00000005a1800000,0x00000005a1900000)]
  0x000001ffa31e0e10 JavaThread "Service Thread" daemon [_thread_blocked, id=9432, stack(0x00000005a1900000,0x00000005a1a00000)]
  0x000001ffa31e1810 JavaThread "Monitor Deflation Thread" daemon [_thread_blocked, id=11956, stack(0x00000005a1a00000,0x00000005a1b00000)]
  0x000001ffa31ee060 JavaThread "C2 CompilerThread0" daemon [_thread_blocked, id=11884, stack(0x00000005a1b00000,0x00000005a1c00000)]
  0x000001ffa31eeb50 JavaThread "C1 CompilerThread0" daemon [_thread_blocked, id=12200, stack(0x00000005a1c00000,0x00000005a1d00000)]
  0x000001ffa32035b0 JavaThread "Sweeper thread" daemon [_thread_blocked, id=10860, stack(0x00000005a1d00000,0x00000005a1e00000)]
  0x000001ffa3c3c7a0 JavaThread "Common-Cleaner" daemon [_thread_blocked, id=11732, stack(0x00000005a1e00000,0x00000005a1f00000)]
  0x000001ffa3d01340 JavaThread "Notification Thread" daemon [_thread_blocked, id=12084, stack(0x00000005a1f00000,0x00000005a2000000)]
  0x000001ff85772240 JavaThread "DestroyJavaVM" [_thread_blocked, id=9268, stack(0x00000005a0e00000,0x00000005a0f00000)]
  0x000001ffa454a900 JavaThread "Thread-2" daemon [_thread_in_native, id=11996, stack(0x00000005a2b00000,0x00000005a2c00000)]

Other Threads:
  0x000001ffa31ca110 VMThread "VM Thread" [stack: 0x00000005a1400000,0x00000005a1500000] [id=7588]
  0x000001ff857732c0 WatcherThread [stack: 0x00000005a2000000,0x00000005a2100000] [id=3576]
  0x000001ff857b0d60 GCTaskThread "GC Thread#0" [stack: 0x00000005a0f00000,0x00000005a1000000] [id=10544]
  0x000001ffa479ed00 GCTaskThread "GC Thread#1" [stack: 0x00000005a2100000,0x00000005a2200000] [id=11608]
  0x000001ffa479f010 GCTaskThread "GC Thread#2" [stack: 0x00000005a2300000,0x00000005a2400000] [id=11444]
  0x000001ffa479f320 GCTaskThread "GC Thread#3" [stack: 0x00000005a2400000,0x00000005a2500000] [id=11284]
  0x000001ffa479f630 GCTaskThread "GC Thread#4" [stack: 0x00000005a2500000,0x00000005a2600000] [id=11940]
  0x000001ffa5a14860 GCTaskThread "GC Thread#5" [stack: 0x00000005a2600000,0x00000005a2700000] [id=12196]
  0x000001ff857c17e0 ConcurrentGCThread "G1 Main Marker" [stack: 0x00000005a1000000,0x00000005a1100000] [id=10116]
  0x000001ff857c2a70 ConcurrentGCThread "G1 Conc#0" [stack: 0x00000005a1100000,0x00000005a1200000] [id=9100]
  0x000001ff85848ee0 ConcurrentGCThread "G1 Refine#0" [stack: 0x00000005a1200000,0x00000005a1300000] [id=10260]
  0x000001ff858499e0 ConcurrentGCThread "G1 Service" [stack: 0x00000005a1300000,0x00000005a1400000] [id=10204]

Threads with active compile tasks:

VM state: not at safepoint (normal execution)

VM Mutex/Monitor currently owned by a thread: None

Heap address: 0x0000000083600000, size: 1994 MB, Compressed Oops mode: 32-bit

CDS archive(s) mapped at: [0x0000000800000000-0x0000000800bb0000-0x0000000800bb0000), size 12255232, SharedBaseAddress: 0x0000000800000000, ArchiveRelocationMode: 0.
Compressed class space mapped at: 0x0000000800c00000-0x0000000840c00000, reserved size: 1073741824
Narrow klass base: 0x0000000800000000, Narrow klass shift: 3, Narrow klass range: 0x100000000

GC Precious Log:
 CPUs: 6 total, 6 available
 Memory: 7973M
 Large Page Support: Disabled
 NUMA Support: Disabled
 Compressed Oops: Enabled (32-bit)
 Heap Region Size: 1M
 Heap Min Capacity: 8M
 Heap Initial Capacity: 126M
 Heap Max Capacity: 1994M
 Pre-touch: Disabled
 Parallel Workers: 6
 Concurrent Workers: 2
 Concurrent Refinement Workers: 6
 Periodic GC: Disabled

Heap:
 garbage-first heap   total 14336K, used 3770K [0x0000000083600000, 0x0000000100000000)
  region size 1024K, 1 young (1024K), 0 survivors (0K)
 Metaspace       used 4844K, committed 5056K, reserved 1056768K
  class space    used 407K, committed 512K, reserved 1048576K

Heap Regions: E=young(eden), S=young(survivor), O=old, HS=humongous(starts), HC=humongous(continues), CS=collection set, F=free, OA=open archive, CA=closed archive, TAMS=top-at-mark-start (previous, next)
|   0|0x0000000083600000, 0x00000000836f9858, 0x0000000083700000| 97%| O|  |TAMS 0x0000000083600000, 0x0000000083600000| Untracked 
|   1|0x0000000083700000, 0x00000000837fff98, 0x0000000083800000| 99%| O|  |TAMS 0x0000000083700000, 0x0000000083700000| Untracked 
|   2|0x0000000083800000, 0x00000000838ffe80, 0x0000000083900000| 99%| O|  |TAMS 0x0000000083800000, 0x0000000083800000| Untracked 
|   3|0x0000000083900000, 0x00000000839b51a0, 0x0000000083a00000| 70%| O|  |TAMS 0x0000000083900000, 0x0000000083900000| Untracked 
|   4|0x0000000083a00000, 0x0000000083a00000, 0x0000000083b00000|  0%| F|  |TAMS 0x0000000083a00000, 0x0000000083a00000| Untracked 
|   5|0x0000000083b00000, 0x0000000083b00000, 0x0000000083c00000|  0%| F|  |TAMS 0x0000000083b00000, 0x0000000083b00000| Untracked 
|   6|0x0000000083c00000, 0x0000000083c00000, 0x0000000083d00000|  0%| F|  |TAMS 0x0000000083c00000, 0x0000000083c00000| Untracked 
|   7|0x0000000083d00000, 0x0000000083d00000, 0x0000000083e00000|  0%| F|  |TAMS 0x0000000083d00000, 0x0000000083d00000| Untracked 
|   8|0x0000000083e00000, 0x0000000083e00000, 0x0000000083f00000|  0%| F|  |TAMS 0x0000000083e00000, 0x0000000083e00000| Untracked 
|   9|0x0000000083f00000, 0x0000000083f00000, 0x0000000084000000|  0%| F|  |TAMS 0x0000000083f00000, 0x0000000083f00000| Untracked 
|  10|0x0000000084000000, 0x0000000084000000, 0x0000000084100000|  0%| F|  |TAMS 0x0000000084000000, 0x0000000084000000| Untracked 
|  11|0x0000000084100000, 0x0000000084100000, 0x0000000084200000|  0%| F|  |TAMS 0x0000000084100000, 0x0000000084100000| Untracked 
|  12|0x0000000084200000, 0x0000000084200000, 0x0000000084300000|  0%| F|  |TAMS 0x0000000084200000, 0x0000000084200000| Untracked 
|  13|0x0000000084300000, 0x000000008430ccd8, 0x0000000084400000|  5%| E|  |TAMS 0x0000000084300000, 0x0000000084300000| Complete 

Card table byte_map: [0x000001ff9c3e0000,0x000001ff9c7d0000] _byte_map_base: 0x000001ff9bfc5000

Marking Bits (Prev, Next): (CMBitMap*) 0x000001ff857b1490, (CMBitMap*) 0x000001ff857b1450
 Prev Bits: [0x000001ff9eaf0000, 0x000001ffa0a18000)
 Next Bits: [0x000001ff9cbc0000, 0x000001ff9eae8000)

Polling page: 0x000001ff83650000

Metaspace:

Usage:
  Non-class:      4.33 MB used.
      Class:    407.43 KB used.
       Both:      4.73 MB used.

Virtual space:
  Non-class space:        8.00 MB reserved,       4.44 MB ( 55%) committed,  1 nodes.
      Class space:        1.00 GB reserved,     512.00 KB ( <1%) committed,  1 nodes.
              Both:        1.01 GB reserved,       4.94 MB ( <1%) committed. 

Chunk freelists:
   Non-Class:  1.80 MB
       Class:  3.53 MB
        Both:  5.33 MB

MaxMetaspaceSize: 17179869184.00 GB
CompressedClassSpaceSize: 1.00 GB
 - commit_granule_bytes: 65536.
 - commit_granule_words: 8192.
 - virtual_space_node_default_size: 1048576.
 - enlarge_chunks_in_place: 1.
 - new_chunks_are_fully_committed: 0.
 - uncommit_free_chunks: 1.
 - use_allocation_guard: 0.
 - handle_deallocations: 1.


Internal statistics:

num_allocs_failed_limit: 0.
num_arena_births: 34.
num_arena_deaths: 0.
num_vsnodes_births: 2.
num_vsnodes_deaths: 0.
num_space_committed: 79.
num_space_uncommitted: 0.
num_chunks_returned_to_freelist: 0.
num_chunks_taken_from_freelist: 123.
num_chunk_merges: 0.
num_chunk_splits: 102.
num_chunks_enlarged: 89.
num_purges: 0.

CodeHeap 'non-profiled nmethods': size=120000Kb used=246Kb max_used=246Kb free=119753Kb
 bounds [0x000001ff949b0000, 0x000001ff94c20000, 0x000001ff9bee0000]
CodeHeap 'profiled nmethods': size=120000Kb used=1137Kb max_used=1137Kb free=118862Kb
 bounds [0x000001ff8d480000, 0x000001ff8d6f0000, 0x000001ff949b0000]
CodeHeap 'non-nmethods': size=5760Kb used=1160Kb max_used=1175Kb free=4599Kb
 bounds [0x000001ff8cee0000, 0x000001ff8d150000, 0x000001ff8d480000]
 total_blobs=1209 nmethods=765 adapters=357
 compilation: enabled
              stopped_count=0, restarted_count=0
 full_count=0

Compilation events (20 events):
Event: 14.826 Thread 0x000001ffa31eeb50  756       1       java.lang.reflect.Field::getModifiers (5 bytes)
Event: 14.826 Thread 0x000001ffa31eeb50 nmethod 756 0x000001ff949ed490 code [0x000001ff949ed620, 0x000001ff949ed6f8]
Event: 14.830 Thread 0x000001ffa31eeb50  757       3       java.lang.String::getChars (54 bytes)
Event: 14.831 Thread 0x000001ffa31eeb50 nmethod 757 0x000001ff8d595390 code [0x000001ff8d5955a0, 0x000001ff8d595a18]
Event: 14.831 Thread 0x000001ffa31eeb50  758       3       java.lang.StringLatin1::getChars (12 bytes)
Event: 14.831 Thread 0x000001ffa31eeb50 nmethod 758 0x000001ff8d595c10 code [0x000001ff8d595dc0, 0x000001ff8d595ee8]
Event: 14.836 Thread 0x000001ffa31eeb50  759       3       java.nio.Buffer::flip (20 bytes)
Event: 14.836 Thread 0x000001ffa31eeb50 nmethod 759 0x000001ff8d595f90 code [0x000001ff8d596120, 0x000001ff8d596238]
Event: 14.836 Thread 0x000001ffa31eeb50  760       3       java.nio.Buffer::clear (20 bytes)
Event: 14.836 Thread 0x000001ffa31eeb50 nmethod 760 0x000001ff8d596310 code [0x000001ff8d5964a0, 0x000001ff8d5965b8]
Event: 14.837 Thread 0x000001ffa31eeb50  761       3       sun.nio.cs.UTF_8$Encoder::encodeArrayLoop (489 bytes)
Event: 14.838 Thread 0x000001ffa31eeb50 nmethod 761 0x000001ff8d596690 code [0x000001ff8d596c80, 0x000001ff8d599fe8]
Event: 14.844 Thread 0x000001ffa31eeb50  762       3       java.net.URL::toString (5 bytes)
Event: 14.844 Thread 0x000001ffa31eeb50 nmethod 762 0x000001ff8d59b090 code [0x000001ff8d59b240, 0x000001ff8d59b468]
Event: 14.846 Thread 0x000001ffa31eeb50  764   !   3       java.io.BufferedWriter::write (117 bytes)
Event: 14.847 Thread 0x000001ffa31eeb50 nmethod 764 0x000001ff8d59b590 code [0x000001ff8d59b7a0, 0x000001ff8d59bd88]
Event: 14.847 Thread 0x000001ffa31eeb50  763       3       java.io.Writer::write (11 bytes)
Event: 14.847 Thread 0x000001ffa31ee060  765       4       java.lang.String::toString (2 bytes)
Event: 14.847 Thread 0x000001ffa31eeb50 nmethod 763 0x000001ff8d59c110 code [0x000001ff8d59c2e0, 0x000001ff8d59c5c8]
Event: 14.847 Thread 0x000001ffa31ee060 nmethod 765 0x000001ff949ed790 code [0x000001ff949ed900, 0x000001ff949ed978]

GC Heap History (6 events):
Event: 2.147 GC heap before
{Heap before GC invocations=0 (full 0):
 garbage-first heap   total 129024K, used 20480K [0x0000000083600000, 0x0000000100000000)
  region size 1024K, 21 young (21504K), 0 survivors (0K)
 Metaspace       used 4696K, committed 4864K, reserved 1056768K
  class space    used 395K, committed 512K, reserved 1048576K
}
Event: 2.150 GC heap after
{Heap after GC invocations=1 (full 0):
 garbage-first heap   total 129024K, used 4057K [0x0000000083600000, 0x0000000100000000)
  region size 1024K, 3 young (3072K), 3 survivors (3072K)
 Metaspace       used 4696K, committed 4864K, reserved 1056768K
  class space    used 395K, committed 512K, reserved 1048576K
}
Event: 14.763 GC heap before
{Heap before GC invocations=1 (full 0):
 garbage-first heap   total 129024K, used 4057K [0x0000000083600000, 0x0000000100000000)
  region size 1024K, 4 young (4096K), 3 survivors (3072K)
 Metaspace       used 4707K, committed 4928K, reserved 1056768K
  class space    used 395K, committed 512K, reserved 1048576K
}
Event: 14.770 GC heap after
{Heap after GC invocations=2 (full 1):
 garbage-first heap   total 14336K, used 3841K [0x0000000083600000, 0x0000000100000000)
  region size 1024K, 0 young (0K), 0 survivors (0K)
 Metaspace       used 4707K, committed 4928K, reserved 1056768K
  class space    used 395K, committed 512K, reserved 1048576K
}
Event: 14.847 GC heap before
{Heap before GC invocations=2 (full 1):
 garbage-first heap   total 14336K, used 3841K [0x0000000083600000, 0x0000000100000000)
  region size 1024K, 1 young (1024K), 0 survivors (0K)
 Metaspace       used 4800K, committed 4928K, reserved 1056768K
  class space    used 402K, committed 512K, reserved 1048576K
}
Event: 14.853 GC heap after
{Heap after GC invocations=3 (full 2):
 garbage-first heap   total 14336K, used 3771K [0x0000000083600000, 0x0000000100000000)
  region size 1024K, 0 young (0K), 0 survivors (0K)
 Metaspace       used 4800K, committed 4928K, reserved 1056768K
  class space    used 402K, committed 512K, reserved 1048576K
}

Deoptimization events (20 events):
Event: 0.096 Thread 0x000001ff85772240 DEOPT PACKING pc=0x000001ff8d488051 sp=0x00000005a0efda00
Event: 0.096 Thread 0x000001ff85772240 DEOPT UNPACKING pc=0x000001ff8cf2dece sp=0x00000005a0efce78 mode 0
Event: 0.115 Thread 0x000001ff85772240 Uncommon trap: trap_request=0xffffff45 fr.pc=0x000001ff949c9884 relative=0x0000000000000064
Event: 0.115 Thread 0x000001ff85772240 Uncommon trap: reason=unstable_if action=reinterpret pc=0x000001ff949c9884 method=java.io.WinNTFileSystem.isSlash(C)Z @ 9 c2
Event: 0.115 Thread 0x000001ff85772240 DEOPT PACKING pc=0x000001ff949c9884 sp=0x00000005a0efc740
Event: 0.115 Thread 0x000001ff85772240 DEOPT UNPACKING pc=0x000001ff8cf2d72e sp=0x00000005a0efc6c8 mode 2
Event: 0.123 Thread 0x000001ff85772240 DEOPT PACKING pc=0x000001ff8d4d4a78 sp=0x00000005a0efc6a0
Event: 0.123 Thread 0x000001ff85772240 DEOPT UNPACKING pc=0x000001ff8cf2dece sp=0x00000005a0efbb00 mode 0
Event: 0.124 Thread 0x000001ff85772240 DEOPT PACKING pc=0x000001ff8d4b7cd6 sp=0x00000005a0efc7f0
Event: 0.124 Thread 0x000001ff85772240 DEOPT UNPACKING pc=0x000001ff8cf2dece sp=0x00000005a0efbc78 mode 0
Event: 0.131 Thread 0x000001ff85772240 DEOPT PACKING pc=0x000001ff8d4b74e8 sp=0x00000005a0efc750
Event: 0.131 Thread 0x000001ff85772240 DEOPT UNPACKING pc=0x000001ff8cf2dece sp=0x00000005a0efbbe0 mode 0
Event: 0.132 Thread 0x000001ff85772240 DEOPT PACKING pc=0x000001ff8d4b74e8 sp=0x00000005a0efc940
Event: 0.132 Thread 0x000001ff85772240 DEOPT UNPACKING pc=0x000001ff8cf2dece sp=0x00000005a0efbdd0 mode 0
Event: 0.134 Thread 0x000001ff85772240 DEOPT PACKING pc=0x000001ff8d4b74e8 sp=0x00000005a0efc940
Event: 0.134 Thread 0x000001ff85772240 DEOPT UNPACKING pc=0x000001ff8cf2dece sp=0x00000005a0efbdd0 mode 0
Event: 0.136 Thread 0x000001ff85772240 DEOPT PACKING pc=0x000001ff8d4b74e8 sp=0x00000005a0efc940
Event: 0.136 Thread 0x000001ff85772240 DEOPT UNPACKING pc=0x000001ff8cf2dece sp=0x00000005a0efbdd0 mode 0
Event: 0.137 Thread 0x000001ff85772240 DEOPT PACKING pc=0x000001ff8d4b74e8 sp=0x00000005a0efc940
Event: 0.137 Thread 0x000001ff85772240 DEOPT UNPACKING pc=0x000001ff8cf2dece sp=0x00000005a0efbdd0 mode 0

Classes unloaded (0 events):
No events

Classes redefined (0 events):
No events

Internal exceptions (5 events):
Event: 0.059 Thread 0x000001ff85772240 Exception <a 'sun/nio/fs/WindowsException'{0x000000008b235698}> (0x000000008b235698) 
thrown [t:\workspace\open\src\hotspot\share\prims\jni.cpp, line 579]
Event: 0.059 Thread 0x000001ff85772240 Exception <a 'sun/nio/fs/WindowsException'{0x000000008b235cb8}> (0x000000008b235cb8) 
thrown [t:\workspace\open\src\hotspot\share\prims\jni.cpp, line 579]
Event: 0.060 Thread 0x000001ff85772240 Exception <a 'sun/nio/fs/WindowsException'{0x000000008b238fd8}> (0x000000008b238fd8) 
thrown [t:\workspace\open\src\hotspot\share\prims\jni.cpp, line 579]
Event: 0.157 Thread 0x000001ff85772240 Exception <a 'java/lang/NoSuchMethodError'{0x000000008a6a4c28}: 'void java.lang.invoke.DirectMethodHandle$Holder.invokeSpecial(java.lang.Object, java.lang.Object, java.lang.Object)'> (0x000000008a6a4c28) 
thrown [t:\workspace\open\src\hotspot\share\interpreter\linkResolver.cpp, line 790]
Event: 0.158 Thread 0x000001ff85772240 Exception <a 'java/lang/NoSuchMethodError'{0x000000008a6b52c8}: 'java.lang.Object java.lang.invoke.DirectMethodHandle$Holder.invokeStatic(java.lang.Object)'> (0x000000008a6b52c8) 
thrown [t:\workspace\open\src\hotspot\share\interpreter\linkResolver.cpp, line 790]

Events (20 events):
Event: 14.762 Executing  VM operation: G1CollectFull
Event: 14.770 Executing  VM operation: G1CollectFull done
Event: 14.770 loading class java/lang/ref/Finalizer$2
Event: 14.770 loading class java/lang/ref/Finalizer$2 done
Event: 14.770 loading class java/lang/ref/Finalizer$1
Event: 14.770 loading class java/lang/ref/Finalizer$1 done
Event: 14.770 Thread 0x000001ffa41b13d0 Thread added: 0x000001ffa41b13d0
Event: 14.793 Thread 0x000001ffa41b13d0 Thread exited: 0x000001ffa41b13d0
Event: 14.802 Thread 0x000001ff85772240 Thread exited: 0x000001ff85772240
Event: 14.802 Thread 0x000001ff85772240 Thread added: 0x000001ff85772240
Event: 14.802 Thread 0x000001ffa3d06860 Thread added: 0x000001ffa3d06860
Event: 14.804 loading class java/lang/Throwable$WrappedPrintStream
Event: 14.804 loading class java/lang/Throwable$PrintStreamOrWriter
Event: 14.804 loading class java/lang/Throwable$PrintStreamOrWriter done
Event: 14.804 loading class java/lang/Throwable$WrappedPrintStream done
Event: 14.804 loading class java/lang/StackTraceElement$HashedModules
Event: 14.804 loading class java/lang/StackTraceElement$HashedModules done
Event: 14.847 Executing  VM operation: G1CollectFull
Event: 14.853 Executing  VM operation: G1CollectFull done
Event: 14.853 Thread 0x000001ffa454a900 Thread added: 0x000001ffa454a900


Dynamic libraries:
0x00007ff7f3ee0000 - 0x00007ff7f3eee000 	C:\jdk-16.0.1\bin\java.exe
0x00007ffd69690000 - 0x00007ffd69885000 	C:\WINDOWS\SYSTEM32\ntdll.dll
0x00007ffd67c70000 - 0x00007ffd67d2e000 	C:\WINDOWS\System32\KERNEL32.DLL
0x00007ffd66da0000 - 0x00007ffd67068000 	C:\WINDOWS\System32\KERNELBASE.dll
0x00007ffd675d0000 - 0x00007ffd676d0000 	C:\WINDOWS\System32\ucrtbase.dll
0x00007ffd22eb0000 - 0x00007ffd22ec8000 	C:\jdk-16.0.1\bin\jli.dll
0x00007ffd61cb0000 - 0x00007ffd61cc9000 	C:\jdk-16.0.1\bin\VCRUNTIME140.dll
0x00007ffd69390000 - 0x00007ffd69531000 	C:\WINDOWS\System32\USER32.dll
0x00007ffd5beb0000 - 0x00007ffd5c14a000 	C:\WINDOWS\WinSxS\amd64_microsoft.windows.common-controls_6595b64144ccf1df_6.0.19041.1110_none_60b5254171f9507e\COMCTL32.dll
0x00007ffd671a0000 - 0x00007ffd671c2000 	C:\WINDOWS\System32\win32u.dll
0x00007ffd67eb0000 - 0x00007ffd67edb000 	C:\WINDOWS\System32\GDI32.dll
0x00007ffd67d40000 - 0x00007ffd67dde000 	C:\WINDOWS\System32\msvcrt.dll
0x00007ffd67330000 - 0x00007ffd6743d000 	C:\WINDOWS\System32\gdi32full.dll
0x00007ffd67100000 - 0x00007ffd6719d000 	C:\WINDOWS\System32\msvcp_win.dll
0x00007ffd695c0000 - 0x00007ffd695f0000 	C:\WINDOWS\System32\IMM32.DLL
0x00007ffd61ca0000 - 0x00007ffd61cac000 	C:\jdk-16.0.1\bin\vcruntime140_1.dll
0x00007ffd3f6a0000 - 0x00007ffd3f731000 	C:\jdk-16.0.1\bin\msvcp140.dll
0x00007ffd0ce40000 - 0x00007ffd0d9eb000 	C:\jdk-16.0.1\bin\server\jvm.dll
0x00007ffd68b90000 - 0x00007ffd68c3e000 	C:\WINDOWS\System32\ADVAPI32.dll
0x00007ffd68200000 - 0x00007ffd6829c000 	C:\WINDOWS\System32\sechost.dll
0x00007ffd680d0000 - 0x00007ffd681f5000 	C:\WINDOWS\System32\RPCRT4.dll
0x00007ffd67f90000 - 0x00007ffd67f98000 	C:\WINDOWS\System32\PSAPI.DLL
0x00007ffd62260000 - 0x00007ffd62269000 	C:\WINDOWS\SYSTEM32\WSOCK32.dll
0x00007ffd5bc20000 - 0x00007ffd5bc47000 	C:\WINDOWS\SYSTEM32\WINMM.dll
0x00007ffd619b0000 - 0x00007ffd619ba000 	C:\WINDOWS\SYSTEM32\VERSION.dll
0x00007ffd68940000 - 0x00007ffd689ab000 	C:\WINDOWS\System32\WS2_32.dll
0x00007ffd64cb0000 - 0x00007ffd64cc2000 	C:\WINDOWS\SYSTEM32\kernel.appcore.dll
0x00007ffd61c90000 - 0x00007ffd61c9a000 	C:\jdk-16.0.1\bin\jimage.dll
0x00007ffd5af80000 - 0x00007ffd5b164000 	C:\WINDOWS\SYSTEM32\DBGHELP.DLL
0x00007ffd5a620000 - 0x00007ffd5a64c000 	C:\WINDOWS\SYSTEM32\dbgcore.DLL
0x00007ffd67070000 - 0x00007ffd670f2000 	C:\WINDOWS\System32\bcryptPrimitives.dll
0x00007ffd5bb10000 - 0x00007ffd5bb35000 	C:\jdk-16.0.1\bin\java.dll
0x00007ffd68c40000 - 0x00007ffd69384000 	C:\WINDOWS\System32\SHELL32.dll
0x00007ffd64eb0000 - 0x00007ffd65645000 	C:\WINDOWS\SYSTEM32\windows.storage.dll
0x00007ffd676d0000 - 0x00007ffd67a25000 	C:\WINDOWS\System32\combase.dll
0x00007ffd66720000 - 0x00007ffd6674e000 	C:\WINDOWS\SYSTEM32\Wldp.dll
0x00007ffd682a0000 - 0x00007ffd6834d000 	C:\WINDOWS\System32\SHCORE.dll
0x00007ffd67a30000 - 0x00007ffd67a85000 	C:\WINDOWS\System32\shlwapi.dll
0x00007ffd66ce0000 - 0x00007ffd66cff000 	C:\WINDOWS\SYSTEM32\profapi.dll
0x00007ffd5bad0000 - 0x00007ffd5bae9000 	C:\jdk-16.0.1\bin\net.dll
0x00007ffd61a40000 - 0x00007ffd61b4c000 	C:\WINDOWS\SYSTEM32\WINHTTP.dll
0x00007ffd66480000 - 0x00007ffd664ea000 	C:\WINDOWS\system32\mswsock.dll
0x00007ffd46790000 - 0x00007ffd467a3000 	C:\jdk-16.0.1\bin\nio.dll
0x00007ffd46770000 - 0x00007ffd46788000 	C:\jdk-16.0.1\bin\zip.dll
0x00007ffd5bac0000 - 0x00007ffd5bad0000 	C:\jdk-16.0.1\bin\verify.dll
0x000000006f4f0000 - 0x000000006f7ce000 	C:\Users\dam_aap\AppData\Local\Temp\QtJambi_dam_aap_amd64_4.8.7_msvc2013x64-20150908-1314\lib\QtCore4.dll
0x00007ffd67fa0000 - 0x00007ffd680ca000 	C:\WINDOWS\System32\ole32.dll
0x00007ffd23060000 - 0x00007ffd23106000 	C:\WINDOWS\SYSTEM32\MSVCP120.dll
0x00007ffd21780000 - 0x00007ffd2186f000 	C:\WINDOWS\SYSTEM32\MSVCR120.dll
0x00007ffd23130000 - 0x00007ffd23170000 	C:\Users\dam_aap\AppData\Local\Temp\QtJambi_dam_aap_amd64_4.8.7_msvc2013x64-20150908-1314\lib\qtjambi.dll
0x00007ffd15d00000 - 0x00007ffd15e2f000 	C:\Users\dam_aap\AppData\Local\Temp\QtJambi_dam_aap_amd64_4.8.7_msvc2013x64-20150908-1314\lib\com_trolltech_qt_core.dll
0x000000006eb80000 - 0x000000006f4ee000 	C:\Users\dam_aap\AppData\Local\Temp\QtJambi_dam_aap_amd64_4.8.7_msvc2013x64-20150908-1314\lib\QtGui4.dll
0x00007ffd687d0000 - 0x00007ffd688aa000 	C:\WINDOWS\System32\COMDLG32.dll
0x00007ffd67de0000 - 0x00007ffd67ead000 	C:\WINDOWS\System32\OLEAUT32.dll
0x00007ffd3abf0000 - 0x00007ffd3ac85000 	C:\WINDOWS\SYSTEM32\WINSPOOL.DRV
0x00007ffd08860000 - 0x00007ffd08f8f000 	C:\Users\dam_aap\AppData\Local\Temp\QtJambi_dam_aap_amd64_4.8.7_msvc2013x64-20150908-1314\lib\com_trolltech_qt_gui.dll
0x00007ffd647d0000 - 0x00007ffd6486e000 	C:\WINDOWS\system32\uxtheme.dll
0x00007ffd68a70000 - 0x00007ffd68b85000 	C:\WINDOWS\System32\MSCTF.dll
0x00007ffd5bb80000 - 0x00007ffd5bb8d000 	C:\Users\dam_aap\AppData\Local\Temp\QtJambi_dam_aap_amd64_4.8.7_msvc2013x64-20150908-1314\plugins\imageformats\qgif4.dll
0x00007ffd23050000 - 0x00007ffd2305e000 	C:\Users\dam_aap\AppData\Local\Temp\QtJambi_dam_aap_amd64_4.8.7_msvc2013x64-20150908-1314\plugins\imageformats\qico4.dll
0x00007ffd23010000 - 0x00007ffd2304d000 	C:\Users\dam_aap\AppData\Local\Temp\QtJambi_dam_aap_amd64_4.8.7_msvc2013x64-20150908-1314\plugins\imageformats\qjpeg4.dll
0x00007ffd22fc0000 - 0x00007ffd23009000 	C:\Users\dam_aap\AppData\Local\Temp\QtJambi_dam_aap_amd64_4.8.7_msvc2013x64-20150908-1314\plugins\imageformats\qmng4.dll
0x00007ffd22770000 - 0x00007ffd227cb000 	C:\Users\dam_aap\AppData\Local\Temp\QtJambi_dam_aap_amd64_4.8.7_msvc2013x64-20150908-1314\plugins\imageformats\qtiff4.dll
0x00007ffd5fde0000 - 0x00007ffd5fed9000 	C:\WINDOWS\SYSTEM32\textinputframework.dll
0x00007ffd63e30000 - 0x00007ffd6418e000 	C:\WINDOWS\System32\CoreUIComponents.dll
0x00007ffd64190000 - 0x00007ffd64282000 	C:\WINDOWS\System32\CoreMessaging.dll
0x00007ffd659f0000 - 0x00007ffd65a23000 	C:\WINDOWS\SYSTEM32\ntmarta.dll
0x00007ffd63760000 - 0x00007ffd638b4000 	C:\WINDOWS\SYSTEM32\wintypes.dll
0x00007ffd3d9c0000 - 0x00007ffd3da70000 	C:\WINDOWS\WinSxS\amd64_microsoft.windows.common-controls_6595b64144ccf1df_5.82.19041.1110_none_792d1c772443f647\comctl32.dll
0x00007ffd67ee0000 - 0x00007ffd67f89000 	C:\WINDOWS\System32\clbcatq.dll
0x00007ffd54930000 - 0x00007ffd5496b000 	C:\WINDOWS\SYSTEM32\dxcore.dll
0x00007ffd672e0000 - 0x00007ffd6732e000 	C:\WINDOWS\System32\cfgmgr32.dll

dbghelp: loaded successfully - version: 4.0.5 - missing functions: none
symbol engine: initialized successfully - sym options: 0x614 - pdb path: .;C:\jdk-16.0.1\bin;C:\WINDOWS\SYSTEM32;C:\WINDOWS\WinSxS\amd64_microsoft.windows.common-controls_6595b64144ccf1df_6.0.19041.1110_none_60b5254171f9507e;C:\jdk-16.0.1\bin\server;C:\Users\dam_aap\AppData\Local\Temp\QtJambi_dam_aap_amd64_4.8.7_msvc2013x64-20150908-1314\lib;C:\Users\dam_aap\AppData\Local\Temp\QtJambi_dam_aap_amd64_4.8.7_msvc2013x64-20150908-1314\plugins\imageformats;C:\WINDOWS\WinSxS\amd64_microsoft.windows.common-controls_6595b64144ccf1df_5.82.19041.1110_none_792d1c772443f647

VM Arguments:
jvm_args: -Dfile.encoding=UTF-8 --module-path=C:\Users\dam_aap\Desktop\ProyectoConjunto\gym\Gimansio3.0\Gimnasio1.0\Interfaz\NetBeans\GymDam\build\classes 
java_command: gymdam.GymDam
java_class_path (initial): D:\qtjambi-community-4.8.7-win64-msvc2013\qtjambi-4.8.7.jar;D:\qtjambi-community-4.8.7-win64-msvc2013\qtjambi-designer-4.8.7.jar;D:\qtjambi-community-4.8.7-win64-msvc2013\qtjambi-examples-4.8.7.jar;D:\qtjambi-community-4.8.7-win64-msvc2013\qtjambi-examples-src.jar;D:\qtjambi-community-4.8.7-win64-msvc2013\qtjambi-native-win64-msvc2013x64-4.8.7.jar;D:\qtjambi-community-4.8.7-win64-msvc2013\qtjambi-src.jar;C:\Users\dam_aap\Desktop\json\json-20211205.jar;C:\Program Files\NetBeans-12.4\netbeans\ide\modules\ext\jaxb\jaxb-impl.jar;C:\Program Files\NetBeans-12.4\netbeans\ide\modules\ext\jaxb\jaxb-xjc.jar;C:\Program Files\NetBeans-12.4\netbeans\java\modules\ext\jaxws22\FastInfoset.jar;C:\Program Files\NetBeans-12.4\netbeans\java\modules\ext\jaxws22\gmbal-api-only.jar;C:\Program Files\NetBeans-12.4\netbeans\java\modules\ext\jaxws22\ha-api.jar;C:\Program Files\NetBeans-12.4\netbeans\java\modules\ext\jaxws22\javax.mail_1.4.jar;C:\Program Files\NetBeans-12.4\netbeans\java\modules\ext\jaxws22\jaxws-rt.jar;C:\Program Files\NetBeans-12.4\netbeans\java\modules\ext\jaxws22\jaxws-tools.jar;C:\Program Files\NetBeans-12.4\netbeans\java\modules\ext\jaxws22\management-api.jar;C:\Program Files\NetBeans-12.4\netbeans\java\modules\ext\jaxws22\mimepull.jar;C:\Program Files\NetBeans-12.4\netbeans\java\modules\ext\jaxws22\policy.jar;C:\Program Files\NetBeans-12.4\netbeans\java\modules\ext\jaxws22\saaj-impl.jar;C:\Program Files\NetBeans-12.4\netbeans\java\modules\ext\jaxws22\stax-ex.jar;C:\Program Files\NetBeans-12.4\netbeans\java\modules\ext\jaxws22\stax2-api.jar;C:\Program Files\NetBeans-12.4\netbeans\java\modules\ext\jaxws22\streambuffer.jar;C:\Program Files\NetBeans-12.4\netbeans\java\modules\ext\jaxws22\woodstox-core-asl.jar;C:\Program Files\NetBeans-12.4\netbeans\java\modules\ext\jaxws22\api\jaxws-api.jar;C:\Program Files\NetBeans-12.4\netbeans\java\modules\ext\jaxws22\api\jsr181-api.jar;C:\Program Files\NetBeans-12.4\netbeans\java\modules\ext\jaxws22\api\java
Launcher Type: SUN_STANDARD

[Global flags]
     intx CICompilerCount                          = 3                                         {product} {ergonomic}
     uint ConcGCThreads                            = 2                                         {product} {ergonomic}
     uint G1ConcRefinementThreads                  = 6                                         {product} {ergonomic}
   size_t G1HeapRegionSize                         = 1048576                                   {product} {ergonomic}
    uintx GCDrainStackTargetSize                   = 64                                        {product} {ergonomic}
   size_t InitialHeapSize                          = 132120576                                 {product} {ergonomic}
   size_t MarkStackSize                            = 4194304                                   {product} {ergonomic}
   size_t MaxHeapSize                              = 2090860544                                {product} {ergonomic}
   size_t MaxNewSize                               = 1254096896                                {product} {ergonomic}
   size_t MinHeapDeltaBytes                        = 1048576                                   {product} {ergonomic}
   size_t MinHeapSize                              = 8388608                                   {product} {ergonomic}
    uintx NonNMethodCodeHeapSize                   = 5832780                                {pd product} {ergonomic}
    uintx NonProfiledCodeHeapSize                  = 122912730                              {pd product} {ergonomic}
    uintx ProfiledCodeHeapSize                     = 122912730                              {pd product} {ergonomic}
    uintx ReservedCodeCacheSize                    = 251658240                              {pd product} {ergonomic}
     bool SegmentedCodeCache                       = true                                      {product} {ergonomic}
   size_t SoftMaxHeapSize                          = 2090860544                             {manageable} {ergonomic}
     bool UseCompressedClassPointers               = true                           {product lp64_product} {ergonomic}
     bool UseCompressedOops                        = true                           {product lp64_product} {ergonomic}
     bool UseG1GC                                  = true                                      {product} {ergonomic}
     bool UseLargePagesIndividualAllocation        = false                                  {pd product} {ergonomic}

Logging:
Log output configuration:
 #0: stdout all=warning uptime,level,tags
 #1: stderr all=off uptime,level,tags

Environment Variables:
JAVA_HOME=c:\jdk-16.0.1
PATH=C:\Program Files (x86)\VMware\VMware Player\bin\;C:\jdk-16.0.1\bin;C:\WINDOWS\system32;C:\WINDOWS;C:\WINDOWS\System32\Wbem;C:\WINDOWS\System32\WindowsPowerShell\v1.0\;C:\WINDOWS\System32\OpenSSH\;C:\Program Files\PowerShell\7\;C:\Program Files\Microsoft SQL Server\Client SDK\ODBC\170\Tools\Binn\;C:\Program Files (x86)\Microsoft SQL Server\150\Tools\Binn\;C:\Program Files\Microsoft SQL Server\150\Tools\Binn\;C:\Program Files\Microsoft SQL Server\150\DTS\Binn\;C:\Program Files\Azure Data Studio\bin;C:\Program Files\dotnet\;C:\ProgramData\chocolatey\bin;C:\flutter\bin;C:\Users\dam_aap\AppData\Local\Microsoft\WindowsApps;D:\Microsoft VS Code\bin;C:\Users\dam_aap\AppData\Local\Programs\Git\cmd
USERNAME=dam_aap
OS=Windows_NT
PROCESSOR_IDENTIFIER=Intel64 Family 6 Model 158 Stepping 10, GenuineIntel



---------------  S Y S T E M  ---------------

OS:
 Windows 10 , 64 bit Build 19041 (10.0.19041.1466)
OS uptime: 0 days 3:55 hours

CPU: total 6 (initial active 6) (6 cores per cpu, 1 threads per core) family 6 model 158 stepping 10 microcode 0xb4, cx8, cmov, fxsr, mmx, 3dnowpref, sse, sse2, sse3, ssse3, sse4.1, sse4.2, popcnt, lzcnt, tsc, tscinvbit, avx, avx2, aes, erms, clmul, bmi1, bmi2, rtm, adx, fma, vzeroupper, clflush, clflushopt

Memory: 4k page, system-wide physical 7973M (888M free)
TotalPageFile size 14885M (AvailPageFile size 4895M)
current process WorkingSet (physical memory assigned to process): 66M, peak: 94M
current process commit charge ("private bytes"): 106M, peak: 235M

vm_info: OpenJDK 64-Bit Server VM (16.0.1+9-24) for windows-amd64 JRE (16.0.1+9-24), built on Mar 26 2021 19:30:07 by "mach5one" with MS VC++ 16.7 (VS2019)

END.
