#
# A fatal error has been detected by the Java Runtime Environment:
#
#  EXCEPTION_ACCESS_VIOLATION (0xc0000005) at pc=0x0000000073692cbd, pid=9036, tid=900
#
# JRE version: OpenJDK Runtime Environment (16.0.1+9) (build 16.0.1+9-24)
# Java VM: OpenJDK 64-Bit Server VM (16.0.1+9-24, mixed mode, sharing, tiered, compressed oops, compressed class ptrs, g1 gc, windows-amd64)
# Problematic frame:
# C  [QtGui4.dll+0x62cbd]
#
# No core dump will be written. Minidumps are not enabled by default on client versions of Windows
#
# If you would like to submit a bug report, please visit:
#   https://bugreport.java.com/bugreport/crash.jsp
# The crash happened outside the Java Virtual Machine in native code.
# See problematic frame for where to report the bug.
#

---------------  S U M M A R Y ------------

Command Line: -Dfile.encoding=UTF-8 --module-path=C:\Users\dam_aap\Desktop\ProyectoConjunto\gym\Gimansio3.0\Gimnasio1.0\Interfaz\NetBeans\GymDam\build\classes gymdam.GymDam

Host: Intel(R) Core(TM) i5-9500 CPU @ 3.00GHz, 6 cores, 7G,  Windows 10 , 64 bit Build 19041 (10.0.19041.1466)
Time: Tue Feb 15 09:02:27 2022 Hora estándar romance elapsed time: 13.795078 seconds (0d 0h 0m 13s)

---------------  T H R E A D  ---------------

Current thread (0x000001993b6eb040):  JavaThread "Finalizer" daemon [_thread_in_native, id=900, stack(0x00000096b8b00000,0x00000096b8c00000)]

Stack: [0x00000096b8b00000,0x00000096b8c00000],  sp=0x00000096b8bfed90,  free space=1019k
Native frames: (J=compiled Java code, j=interpreted, Vv=VM code, C=native code)
C  [QtGui4.dll+0x62cbd]

Java frames: (J=compiled Java code, j=interpreted, Vv=VM code)
J 714  com.trolltech.qt.internal.QtJambiObject.finalize()V (0 bytes) @ 0x000001992c72de6b [0x000001992c72de20+0x000000000000004b]
J 707 c1 java.lang.ref.Finalizer.runFinalizer(Ljdk/internal/access/JavaLangAccess;)V java.base@16.0.1 (131 bytes) @ 0x00000199252c7da4 [0x00000199252c7740+0x0000000000000664]
j  java.lang.ref.Finalizer$FinalizerThread.run()V+46 java.base@16.0.1
v  ~StubRoutines::call_stub

siginfo: EXCEPTION_ACCESS_VIOLATION (0xc0000005), reading address 0x0000000000000008


Register to memory mapping:

RIP=0x0000000073692cbd QtGui4.dll
RAX=0x0 is NULL
RBX=0x00000000fffffffe is an unallocated location in the heap
RCX=0x000001993ca20e50 points into unknown readable memory: 0x0000000000000001 | 01 00 00 00 00 00 00 00
RDX=0x0000000000000001 is an unknown value
RSP=0x00000096b8bfed90 is pointing into the stack for thread: 0x000001993b6eb040
RBP=0x0 is NULL
RSI=0x000001993e2af880 points into unknown readable memory: 0x0000000073c83148 | 48 31 c8 73 00 00 00 00
RDI=0x000001993e2af880 points into unknown readable memory: 0x0000000073c83148 | 48 31 c8 73 00 00 00 00
R8 =0x000000000000062e is an unknown value
R9 =0x0000000000000040 is an unknown value
R10=0x0000000000000600 is an unknown value
R11=0xce07992bfa6ede97 is an unknown value
R12=0x000001993e2af420 points into unknown readable memory: 0x0000000073c2fe58 | 58 fe c2 73 00 00 00 00
R13=0x000001993cafb8c0 points into unknown readable memory: 0x0000000073c991f0 | f0 91 c9 73 00 00 00 00
R14=0x0 is NULL
R15=0x0 is NULL


Registers:
RAX=0x0000000000000000, RBX=0x00000000fffffffe, RCX=0x000001993ca20e50, RDX=0x0000000000000001
RSP=0x00000096b8bfed90, RBP=0x0000000000000000, RSI=0x000001993e2af880, RDI=0x000001993e2af880
R8 =0x000000000000062e, R9 =0x0000000000000040, R10=0x0000000000000600, R11=0xce07992bfa6ede97
R12=0x000001993e2af420, R13=0x000001993cafb8c0, R14=0x0000000000000000, R15=0x0000000000000000
RIP=0x0000000073692cbd, EFLAGS=0x0000000000010202

Top of Stack: (sp=0x00000096b8bfed90)
0x00000096b8bfed90:   000001993ca20e50 00000000fffffffe
0x00000096b8bfeda0:   0000000000000000 00007ffc0fc269d8
0x00000096b8bfedb0:   0000019900000000 0000000000000000
0x00000096b8bfedc0:   fffffffffffffffe 000001993b6eb040
0x00000096b8bfedd0:   0000000000000000 00000000739ab1ce
0x00000096b8bfede0:   000001993c153c90 0000000000000001
0x00000096b8bfedf0:   000001993ca20e50 000001993b6eb570
0x00000096b8bfee00:   0000000000000001 00000000739aaa44
0x00000096b8bfee10:   000001993e2af880 0000000000000000
0x00000096b8bfee20:   000001993c815240 000001993b6eb300
0x00000096b8bfee30:   fffffffffffffffe 000000007380cd63
0x00000096b8bfee40:   000001993e2af880 00007ffbe25729a5
0x00000096b8bfee50:   000001993e2af880 000001993b6eb300
0x00000096b8bfee60:   000001993e2aed40 000000007380ca74
0x00000096b8bfee70:   fffffffffffffffe 0000000073f36298
0x00000096b8bfee80:   000001993cafb8c0 00000000740bab73 

Instructions: (pc=0x0000000073692cbd)
0x0000000073692bbd:   8b 0e 48 3b cb 74 1b ff 15 66 9b 58 00 84 c0 75
0x0000000073692bcd:   0e ba 08 00 00 00 48 8b 0e ff 15 c4 9d 58 00 48
0x0000000073692bdd:   89 1e 48 83 c4 38 41 5e 5f 5e 5b c3 cc cc cc cc
0x0000000073692bed:   cc cc cc 40 57 48 83 ec 20 48 8b 41 f8 48 8b fa
0x0000000073692bfd:   48 3b 90 40 01 00 00 74 6c 48 8b 41 f8 48 89 5c
0x0000000073692c0d:   24 30 48 8d 59 f0 f7 80 c8 01 00 00 00 00 00 10
0x0000000073692c1d:   74 0c 48 8b 43 20 48 8b 08 48 85 c9 75 22 41 b0
0x0000000073692c2d:   01 ba 64 00 00 00 48 8b cb e8 95 2c 00 00 48 8b
0x0000000073692c3d:   4b 08 33 d2 e8 fa 7b ff ff 48 8b 43 20 48 8b 08
0x0000000073692c4d:   48 8b d7 ff 15 12 cf 58 00 48 8b 5c 24 30 85 c0
0x0000000073692c5d:   75 13 48 8d 0d 52 db 59 00 48 83 c4 20 5f 48 ff
0x0000000073692c6d:   25 fe a6 58 00 48 83 c4 20 5f c3 cc cc cc cc cc
0x0000000073692c7d:   cc cc cc 85 d2 74 68 57 48 83 ec 40 48 c7 44 24
0x0000000073692c8d:   30 fe ff ff ff 48 89 5c 24 50 8b da 48 8b f9 c7
0x0000000073692c9d:   44 24 20 00 00 00 00 45 33 c9 45 33 c0 33 d2 48
0x0000000073692cad:   8d 4c 24 60 e8 ba ba fd ff 90 ff 15 bb 9b 58 00
0x0000000073692cbd:   48 8b 48 08 48 81 c1 28 01 00 00 4c 8d 4c 24 60
0x0000000073692ccd:   4c 8b c7 8b d3 e8 f9 8c fe ff 90 48 8d 4c 24 60
0x0000000073692cdd:   e8 ee e2 fc ff 48 8b 5c 24 50 48 83 c4 40 5f c3
0x0000000073692ced:   cc cc cc 48 89 5c 24 10 48 89 6c 24 18 48 89 74
0x0000000073692cfd:   24 20 57 48 81 ec 90 00 00 00 48 8b 05 62 4e 8a
0x0000000073692d0d:   00 48 33 c4 48 89 84 24 80 00 00 00 48 8b f1 48
0x0000000073692d1d:   8b 09 48 8b fa 48 83 c1 68 ba 01 00 00 00 ff 15
0x0000000073692d2d:   ef 99 58 00 84 c0 74 08 48 8b ce e8 f3 7b fa ff
0x0000000073692d3d:   48 8b 0e 48 8b d1 48 8b d9 4c 63 49 6c 8b 69 70
0x0000000073692d4d:   4d 85 c9 78 42 48 8d 44 24 20 41 ba 08 00 00 00
0x0000000073692d5d:   4c 2b d0 4a 8b 5c ca 08 48 3b d9 74 20 44 8b 07
0x0000000073692d6d:   0f 1f 00 44 39 43 f8 7d 14 4b 8d 04 ca 48 8b d3
0x0000000073692d7d:   48 03 c3 48 8b 5c 04 20 48 3b d9 75 e6 4a 89 54
0x0000000073692d8d:   cc 20 49 ff c9 79 cc 48 3b d9 74 3d 8b 43 f8 39
0x0000000073692d9d:   07 7c 36 48 8b 0e 4c 8b cb 48 8b 5b 08 48 3b d9
0x0000000073692dad:   74 0e 8b 43 f8 41 39 41 f8 7c 05 40 b7 01 eb 03 


Stack slot to memory mapping:
stack at sp + 0 slots: 0x000001993ca20e50 points into unknown readable memory: 0x0000000000000001 | 01 00 00 00 00 00 00 00
stack at sp + 1 slots: 0x00000000fffffffe is an unallocated location in the heap
stack at sp + 2 slots: 0x0 is NULL
stack at sp + 3 slots: 0x00007ffc0fc269d8 MSVCR120.dll
stack at sp + 4 slots: 0x0000019900000000 is an unknown value
stack at sp + 5 slots: 0x0 is NULL
stack at sp + 6 slots: 0xfffffffffffffffe is an unknown value
stack at sp + 7 slots: 0x000001993b6eb040 is a thread


---------------  P R O C E S S  ---------------

Threads class SMR info:
_java_thread_list=0x000001993c4cbcf0, length=15, elements={
0x000001993b6ea180, 0x000001993b6eb040, 0x000001993b6f66d0, 0x000001993b6f72d0,
0x000001993b6f9de0, 0x000001993b6fa7e0, 0x000001993b6fb510, 0x000001993b6fc000,
0x000001993b700670, 0x000001991bdbd260, 0x000001993c211ac0, 0x000001993c3c2c00,
0x000001991bcd83b0, 0x000001993c8dbac0, 0x000001993c759c70
}

Java Threads: ( => current thread )
  0x000001993b6ea180 JavaThread "Reference Handler" daemon [_thread_blocked, id=6484, stack(0x00000096b8a00000,0x00000096b8b00000)]
=>0x000001993b6eb040 JavaThread "Finalizer" daemon [_thread_in_native, id=900, stack(0x00000096b8b00000,0x00000096b8c00000)]
  0x000001993b6f66d0 JavaThread "Signal Dispatcher" daemon [_thread_blocked, id=10048, stack(0x00000096b8c00000,0x00000096b8d00000)]
  0x000001993b6f72d0 JavaThread "Attach Listener" daemon [_thread_blocked, id=9716, stack(0x00000096b8d00000,0x00000096b8e00000)]
  0x000001993b6f9de0 JavaThread "Service Thread" daemon [_thread_blocked, id=6916, stack(0x00000096b8e00000,0x00000096b8f00000)]
  0x000001993b6fa7e0 JavaThread "Monitor Deflation Thread" daemon [_thread_blocked, id=9764, stack(0x00000096b8f00000,0x00000096b9000000)]
  0x000001993b6fb510 JavaThread "C2 CompilerThread0" daemon [_thread_blocked, id=5388, stack(0x00000096b9000000,0x00000096b9100000)]
  0x000001993b6fc000 JavaThread "C1 CompilerThread0" daemon [_thread_blocked, id=7992, stack(0x00000096b9100000,0x00000096b9200000)]
  0x000001993b700670 JavaThread "Sweeper thread" daemon [_thread_blocked, id=5932, stack(0x00000096b9200000,0x00000096b9300000)]
  0x000001991bdbd260 JavaThread "Common-Cleaner" daemon [_thread_blocked, id=8596, stack(0x00000096b9300000,0x00000096b9400000)]
  0x000001993c211ac0 JavaThread "Notification Thread" daemon [_thread_blocked, id=6048, stack(0x00000096b9400000,0x00000096b9500000)]
  0x000001993c3c2c00 JavaThread "qtjambi-com.trolltech.qt.QThreadManager$NativeResourcesReleaseThread" daemon [_thread_blocked, id=9408, stack(0x00000096b9700000,0x00000096b9800000)]
  0x000001991bcd83b0 JavaThread "DestroyJavaVM" [_thread_blocked, id=10424, stack(0x00000096b8300000,0x00000096b8400000)]
  0x000001993c8dbac0 JavaThread "qtjambi-com.trolltech.qt.QtJambi_LibraryShutdown" [_thread_blocked, id=10080, stack(0x00000096ba100000,0x00000096ba200000)]
  0x000001993c759c70 JavaThread "Secondary finalizer" [_thread_in_native, id=5176, stack(0x00000096ba000000,0x00000096ba100000)]

Other Threads:
  0x000001993b6e3230 VMThread "VM Thread" [stack: 0x00000096b8900000,0x00000096b8a00000] [id=6164]
  0x000001991bcd9430 WatcherThread [stack: 0x00000096b9500000,0x00000096b9600000] [id=10700]
  0x000001991bd19e50 GCTaskThread "GC Thread#0" [stack: 0x00000096b8400000,0x00000096b8500000] [id=556]
  0x000001993e38f590 GCTaskThread "GC Thread#1" [stack: 0x00000096b9a00000,0x00000096b9b00000] [id=6492]
  0x000001993e38f8a0 GCTaskThread "GC Thread#2" [stack: 0x00000096b9b00000,0x00000096b9c00000] [id=8348]
  0x000001993c1484d0 GCTaskThread "GC Thread#3" [stack: 0x00000096b9c00000,0x00000096b9d00000] [id=3960]
  0x000001993c1487e0 GCTaskThread "GC Thread#4" [stack: 0x00000096b9d00000,0x00000096b9e00000] [id=7664]
  0x000001993e38ffc0 GCTaskThread "GC Thread#5" [stack: 0x00000096b9e00000,0x00000096b9f00000] [id=2196]
  0x000001991bd2a8d0 ConcurrentGCThread "G1 Main Marker" [stack: 0x00000096b8500000,0x00000096b8600000] [id=10056]
  0x000001991bd2b3c0 ConcurrentGCThread "G1 Conc#0" [stack: 0x00000096b8600000,0x00000096b8700000] [id=7716]
  0x000001991bdb13f0 ConcurrentGCThread "G1 Refine#0" [stack: 0x00000096b8700000,0x00000096b8800000] [id=6908]
  0x000001991bdb1ef0 ConcurrentGCThread "G1 Service" [stack: 0x00000096b8800000,0x00000096b8900000] [id=9316]

Threads with active compile tasks:

VM state: not at safepoint (normal execution)

VM Mutex/Monitor currently owned by a thread: None

Heap address: 0x0000000083600000, size: 1994 MB, Compressed Oops mode: 32-bit

CDS archive(s) mapped at: [0x0000000800000000-0x0000000800bb0000-0x0000000800bb0000), size 12255232, SharedBaseAddress: 0x0000000800000000, ArchiveRelocationMode: 0.
Compressed class space mapped at: 0x0000000800c00000-0x0000000840c00000, reserved size: 1073741824
Narrow klass base: 0x0000000800000000, Narrow klass shift: 3, Narrow klass range: 0x100000000

GC Precious Log:
 CPUs: 6 total, 6 available
 Memory: 7973M
 Large Page Support: Disabled
 NUMA Support: Disabled
 Compressed Oops: Enabled (32-bit)
 Heap Region Size: 1M
 Heap Min Capacity: 8M
 Heap Initial Capacity: 126M
 Heap Max Capacity: 1994M
 Pre-touch: Disabled
 Parallel Workers: 6
 Concurrent Workers: 2
 Concurrent Refinement Workers: 6
 Periodic GC: Disabled

Heap:
 garbage-first heap   total 10240K, used 2113K [0x0000000083600000, 0x0000000100000000)
  region size 1024K, 1 young (1024K), 0 survivors (0K)
 Metaspace       used 5526K, committed 5696K, reserved 1056768K
  class space    used 486K, committed 576K, reserved 1048576K

Heap Regions: E=young(eden), S=young(survivor), O=old, HS=humongous(starts), HC=humongous(continues), CS=collection set, F=free, OA=open archive, CA=closed archive, TAMS=top-at-mark-start (previous, next)
|   0|0x0000000083600000, 0x00000000836ffff0, 0x0000000083700000| 99%| O|  |TAMS 0x0000000083600000, 0x0000000083600000| Untracked 
|   1|0x0000000083700000, 0x0000000083800000, 0x0000000083800000|100%| O|  |TAMS 0x0000000083700000, 0x0000000083700000| Untracked 
|   2|0x0000000083800000, 0x00000000838106d0, 0x0000000083900000|  6%| O|  |TAMS 0x0000000083800000, 0x0000000083800000| Untracked 
|   3|0x0000000083900000, 0x0000000083900000, 0x0000000083a00000|  0%| F|  |TAMS 0x0000000083900000, 0x0000000083900000| Untracked 
|   4|0x0000000083a00000, 0x0000000083a00000, 0x0000000083b00000|  0%| F|  |TAMS 0x0000000083a00000, 0x0000000083a00000| Untracked 
|   5|0x0000000083b00000, 0x0000000083b00000, 0x0000000083c00000|  0%| F|  |TAMS 0x0000000083b00000, 0x0000000083b00000| Untracked 
|   6|0x0000000083c00000, 0x0000000083c00000, 0x0000000083d00000|  0%| F|  |TAMS 0x0000000083c00000, 0x0000000083c00000| Untracked 
|   7|0x0000000083d00000, 0x0000000083d00000, 0x0000000083e00000|  0%| F|  |TAMS 0x0000000083d00000, 0x0000000083d00000| Untracked 
|   8|0x0000000083e00000, 0x0000000083e00000, 0x0000000083f00000|  0%| F|  |TAMS 0x0000000083e00000, 0x0000000083e00000| Untracked 
|   9|0x0000000083f00000, 0x0000000083f06d40, 0x0000000084000000|  2%| E|  |TAMS 0x0000000083f00000, 0x0000000083f00000| Complete 

Card table byte_map: [0x0000019934870000,0x0000019934c60000] _byte_map_base: 0x0000019934455000

Marking Bits (Prev, Next): (CMBitMap*) 0x000001991bd1a540, (CMBitMap*) 0x000001991bd1a580
 Prev Bits: [0x0000019935050000, 0x0000019936f78000)
 Next Bits: [0x0000019936f80000, 0x0000019938ea8000)

Polling page: 0x0000019924c00000

Metaspace:

Usage:
  Non-class:      4.92 MB used.
      Class:    486.52 KB used.
       Both:      5.40 MB used.

Virtual space:
  Non-class space:        8.00 MB reserved,       5.00 MB ( 62%) committed,  1 nodes.
      Class space:        1.00 GB reserved,     576.00 KB ( <1%) committed,  1 nodes.
              Both:        1.01 GB reserved,       5.56 MB ( <1%) committed. 

Chunk freelists:
   Non-Class:  1.22 MB
       Class:  3.47 MB
        Both:  4.69 MB

MaxMetaspaceSize: 17179869184.00 GB
CompressedClassSpaceSize: 1.00 GB
 - commit_granule_bytes: 65536.
 - commit_granule_words: 8192.
 - virtual_space_node_default_size: 1048576.
 - enlarge_chunks_in_place: 1.
 - new_chunks_are_fully_committed: 0.
 - uncommit_free_chunks: 1.
 - use_allocation_guard: 0.
 - handle_deallocations: 1.


Internal statistics:

num_allocs_failed_limit: 0.
num_arena_births: 36.
num_arena_deaths: 0.
num_vsnodes_births: 2.
num_vsnodes_deaths: 0.
num_space_committed: 89.
num_space_uncommitted: 0.
num_chunks_returned_to_freelist: 0.
num_chunks_taken_from_freelist: 152.
num_chunk_merges: 0.
num_chunk_splits: 124.
num_chunks_enlarged: 108.
num_purges: 0.

CodeHeap 'non-profiled nmethods': size=120000Kb used=320Kb max_used=320Kb free=119679Kb
 bounds [0x000001992c6f0000, 0x000001992c960000, 0x0000019933c20000]
CodeHeap 'profiled nmethods': size=120000Kb used=1138Kb max_used=1138Kb free=118861Kb
 bounds [0x00000199251c0000, 0x0000019925430000, 0x000001992c6f0000]
CodeHeap 'non-nmethods': size=5760Kb used=1162Kb max_used=1197Kb free=4597Kb
 bounds [0x0000019924c20000, 0x0000019924e90000, 0x00000199251c0000]
 total_blobs=1188 nmethods=739 adapters=362
 compilation: enabled
              stopped_count=0, restarted_count=0
 full_count=0

Compilation events (20 events):
Event: 13.751 Thread 0x000001993b6fc000  730       3       java.nio.ByteBuffer::arrayOffset (35 bytes)
Event: 13.751 Thread 0x000001993b6fc000 nmethod 730 0x00000199252d4810 code [0x00000199252d49e0, 0x00000199252d4c58]
Event: 13.761 Thread 0x000001993b6fc000  731       3       java.io.BufferedWriter::ensureOpen (18 bytes)
Event: 13.761 Thread 0x000001993b6fc000 nmethod 731 0x00000199252d4d90 code [0x00000199252d4f40, 0x00000199252d5168]
Event: 13.761 Thread 0x000001993b6fc000  732       3       java.nio.CharBuffer::arrayOffset (35 bytes)
Event: 13.761 Thread 0x000001993b6fc000 nmethod 732 0x00000199252d5210 code [0x00000199252d53e0, 0x00000199252d5658]
Event: 13.763 Thread 0x000001993b6fc000  733       3       java.lang.String::valueOf (15 bytes)
Event: 13.763 Thread 0x000001993b6fc000 nmethod 733 0x00000199252d5790 code [0x00000199252d5940, 0x00000199252d5b48]
Event: 13.763 Thread 0x000001993b6fc000  734       3       java.lang.String::getChars (54 bytes)
Event: 13.764 Thread 0x000001993b6fc000 nmethod 734 0x00000199252d5c10 code [0x00000199252d5e20, 0x00000199252d6298]
Event: 13.764 Thread 0x000001993b6fc000  735       3       java.lang.StringLatin1::getChars (12 bytes)
Event: 13.764 Thread 0x000001993b6fc000 nmethod 735 0x00000199252d6490 code [0x00000199252d6640, 0x00000199252d6768]
Event: 13.771 Thread 0x000001993b6fc000  736       3       sun.nio.cs.UTF_8$Encoder::encodeArrayLoop (489 bytes)
Event: 13.772 Thread 0x000001993b6fc000 nmethod 736 0x00000199252d6810 code [0x00000199252d6e00, 0x00000199252da168]
Event: 13.779 Thread 0x000001993b6fc000  737       3       java.util.zip.InflaterInputStream::close (34 bytes)
Event: 13.779 Thread 0x000001993b6fc000 nmethod 737 0x00000199252db210 code [0x00000199252db3e0, 0x00000199252db698]
Event: 13.780 Thread 0x000001993b6fc000  739   !   3       java.io.BufferedWriter::write (117 bytes)
Event: 13.780 Thread 0x000001993b6fc000 nmethod 739 0x00000199252db790 code [0x00000199252db9a0, 0x00000199252dbf88]
Event: 13.780 Thread 0x000001993b6fc000  738       3       java.io.Writer::write (11 bytes)
Event: 13.780 Thread 0x000001993b6fc000 nmethod 738 0x00000199252dc310 code [0x00000199252dc4e0, 0x00000199252dc7c8]

GC Heap History (6 events):
Event: 7.877 GC heap before
{Heap before GC invocations=0 (full 0):
 garbage-first heap   total 129024K, used 20480K [0x0000000083600000, 0x0000000100000000)
  region size 1024K, 21 young (21504K), 0 survivors (0K)
 Metaspace       used 5409K, committed 5568K, reserved 1056768K
  class space    used 478K, committed 576K, reserved 1048576K
}
Event: 7.880 GC heap after
{Heap after GC invocations=1 (full 0):
 garbage-first heap   total 129024K, used 2249K [0x0000000083600000, 0x0000000100000000)
  region size 1024K, 3 young (3072K), 3 survivors (3072K)
 Metaspace       used 5409K, committed 5568K, reserved 1056768K
  class space    used 478K, committed 576K, reserved 1048576K
}
Event: 13.719 GC heap before
{Heap before GC invocations=1 (full 0):
 garbage-first heap   total 129024K, used 3273K [0x0000000083600000, 0x0000000100000000)
  region size 1024K, 5 young (5120K), 3 survivors (3072K)
 Metaspace       used 5434K, committed 5632K, reserved 1056768K
  class space    used 479K, committed 576K, reserved 1048576K
}
Event: 13.725 GC heap after
{Heap after GC invocations=2 (full 1):
 garbage-first heap   total 14336K, used 2144K [0x0000000083600000, 0x0000000100000000)
  region size 1024K, 0 young (0K), 0 survivors (0K)
 Metaspace       used 5434K, committed 5632K, reserved 1056768K
  class space    used 479K, committed 576K, reserved 1048576K
}
Event: 13.781 GC heap before
{Heap before GC invocations=2 (full 1):
 garbage-first heap   total 14336K, used 2144K [0x0000000083600000, 0x0000000100000000)
  region size 1024K, 1 young (1024K), 0 survivors (0K)
 Metaspace       used 5526K, committed 5696K, reserved 1056768K
  class space    used 486K, committed 576K, reserved 1048576K
}
Event: 13.788 GC heap after
{Heap after GC invocations=3 (full 2):
 garbage-first heap   total 10240K, used 2113K [0x0000000083600000, 0x0000000100000000)
  region size 1024K, 0 young (0K), 0 survivors (0K)
 Metaspace       used 5526K, committed 5696K, reserved 1056768K
  class space    used 486K, committed 576K, reserved 1048576K
}

Deoptimization events (20 events):
Event: 0.153 Thread 0x000001991bcd83b0 DEOPT PACKING pc=0x00000199251c68e7 sp=0x00000096b83fdda0
Event: 0.153 Thread 0x000001991bcd83b0 DEOPT UNPACKING pc=0x0000019924c6dece sp=0x00000096b83fd1c0 mode 0
Event: 7.871 Thread 0x000001991bcd83b0 DEOPT PACKING pc=0x00000199252802da sp=0x00000096b83f8be0
Event: 7.871 Thread 0x000001991bcd83b0 DEOPT UNPACKING pc=0x0000019924c6dece sp=0x00000096b83f8118 mode 0
Event: 7.873 Thread 0x000001991bcd83b0 DEOPT PACKING pc=0x00000199252802da sp=0x00000096b83f8720
Event: 7.873 Thread 0x000001991bcd83b0 DEOPT UNPACKING pc=0x0000019924c6dece sp=0x00000096b83f7c58 mode 0
Event: 7.875 Thread 0x000001991bcd83b0 DEOPT PACKING pc=0x00000199252802da sp=0x00000096b83f89a0
Event: 7.875 Thread 0x000001991bcd83b0 DEOPT UNPACKING pc=0x0000019924c6dece sp=0x00000096b83f7ed8 mode 0
Event: 7.877 Thread 0x000001991bcd83b0 DEOPT PACKING pc=0x00000199252802da sp=0x00000096b83f8770
Event: 7.877 Thread 0x000001991bcd83b0 DEOPT UNPACKING pc=0x0000019924c6dece sp=0x00000096b83f7ca8 mode 0
Event: 8.694 Thread 0x000001991bcd83b0 DEOPT PACKING pc=0x00000199252b11fc sp=0x00000096b83f9a90
Event: 8.694 Thread 0x000001991bcd83b0 DEOPT UNPACKING pc=0x0000019924c6dece sp=0x00000096b83f8f90 mode 0
Event: 8.694 Thread 0x000001991bcd83b0 Uncommon trap: trap_request=0xfffffff4 fr.pc=0x000001992c7332cc relative=0x000000000000354c
Event: 8.694 Thread 0x000001991bcd83b0 Uncommon trap: reason=null_check action=make_not_entrant pc=0x000001992c7332cc method=com.trolltech.qt.internal.QtJambiInternal.isSignal(Ljava/lang/Class;)Z @ 3 c2
Event: 8.694 Thread 0x000001991bcd83b0 DEOPT PACKING pc=0x000001992c7332cc sp=0x00000096b83f9a80
Event: 8.694 Thread 0x000001991bcd83b0 DEOPT UNPACKING pc=0x0000019924c6d72e sp=0x00000096b83f9998 mode 2
Event: 8.695 Thread 0x000001991bcd83b0 Uncommon trap: trap_request=0xfffffff4 fr.pc=0x000001992c729114 relative=0x0000000000002d34
Event: 8.695 Thread 0x000001991bcd83b0 Uncommon trap: reason=null_check action=make_not_entrant pc=0x000001992c729114 method=com.trolltech.qt.internal.QtJambiInternal.isSignal(Ljava/lang/Class;)Z @ 3 c2
Event: 8.695 Thread 0x000001991bcd83b0 DEOPT PACKING pc=0x000001992c729114 sp=0x00000096b83f9ab0
Event: 8.695 Thread 0x000001991bcd83b0 DEOPT UNPACKING pc=0x0000019924c6d72e sp=0x00000096b83f9998 mode 2

Classes unloaded (0 events):
No events

Classes redefined (0 events):
No events

Internal exceptions (7 events):
Event: 0.043 Thread 0x000001991bcd83b0 Exception <a 'sun/nio/fs/WindowsException'{0x000000008b221dd0}> (0x000000008b221dd0) 
thrown [t:\workspace\open\src\hotspot\share\prims\jni.cpp, line 579]
Event: 0.043 Thread 0x000001991bcd83b0 Exception <a 'sun/nio/fs/WindowsException'{0x000000008b2223f0}> (0x000000008b2223f0) 
thrown [t:\workspace\open\src\hotspot\share\prims\jni.cpp, line 579]
Event: 0.044 Thread 0x000001991bcd83b0 Exception <a 'sun/nio/fs/WindowsException'{0x000000008b2251a8}> (0x000000008b2251a8) 
thrown [t:\workspace\open\src\hotspot\share\prims\jni.cpp, line 579]
Event: 0.093 Thread 0x000001991bcd83b0 Exception <a 'java/lang/NoSuchMethodError'{0x000000008b03fce0}: 'void java.lang.invoke.DirectMethodHandle$Holder.invokeSpecial(java.lang.Object, java.lang.Object, java.lang.Object)'> (0x000000008b03fce0) 
thrown [t:\workspace\open\src\hotspot\share\interpreter\linkResolver.cpp, line 790]
Event: 0.095 Thread 0x000001991bcd83b0 Exception <a 'java/lang/NoSuchMethodError'{0x000000008b050648}: 'java.lang.Object java.lang.invoke.DirectMethodHandle$Holder.invokeStatic(java.lang.Object)'> (0x000000008b050648) 
thrown [t:\workspace\open\src\hotspot\share\interpreter\linkResolver.cpp, line 790]
Event: 8.694 Thread 0x000001991bcd83b0 Implicit null exception at 0x000001992c731564 to 0x000001992c733288
Event: 8.695 Thread 0x000001991bcd83b0 Implicit null exception at 0x000001992c727684 to 0x000001992c7290b0

Events (20 events):
Event: 13.725 Executing  VM operation: G1CollectFull done
Event: 13.725 loading class java/lang/ref/Finalizer$2
Event: 13.726 loading class java/lang/ref/Finalizer$2 done
Event: 13.726 loading class java/lang/ref/Finalizer$1
Event: 13.726 loading class java/lang/ref/Finalizer$1 done
Event: 13.726 Thread 0x000001993e4db010 Thread added: 0x000001993e4db010
Event: 13.728 Thread 0x000001993e4db010 Thread exited: 0x000001993e4db010
Event: 13.736 Thread 0x000001991bcd83b0 Thread exited: 0x000001991bcd83b0
Event: 13.736 Thread 0x000001991bcd83b0 Thread added: 0x000001991bcd83b0
Event: 13.736 Thread 0x000001993c8dbac0 Thread added: 0x000001993c8dbac0
Event: 13.737 Thread 0x000001993e2883c0 Thread exited: 0x000001993e2883c0
Event: 13.738 loading class java/lang/Throwable$WrappedPrintStream
Event: 13.738 loading class java/lang/Throwable$PrintStreamOrWriter
Event: 13.738 loading class java/lang/Throwable$PrintStreamOrWriter done
Event: 13.738 loading class java/lang/Throwable$WrappedPrintStream done
Event: 13.738 loading class java/lang/StackTraceElement$HashedModules
Event: 13.738 loading class java/lang/StackTraceElement$HashedModules done
Event: 13.781 Executing  VM operation: G1CollectFull
Event: 13.788 Executing  VM operation: G1CollectFull done
Event: 13.788 Thread 0x000001993c759c70 Thread added: 0x000001993c759c70


Dynamic libraries:
0x00007ff65f9c0000 - 0x00007ff65f9ce000 	C:\jdk-16.0.1\bin\java.exe
0x00007ffc32b30000 - 0x00007ffc32d25000 	C:\WINDOWS\SYSTEM32\ntdll.dll
0x00007ffc321b0000 - 0x00007ffc3226e000 	C:\WINDOWS\System32\KERNEL32.DLL
0x00007ffc306b0000 - 0x00007ffc30978000 	C:\WINDOWS\System32\KERNELBASE.dll
0x00007ffc309e0000 - 0x00007ffc30ae0000 	C:\WINDOWS\System32\ucrtbase.dll
0x00007ffc04e70000 - 0x00007ffc04e89000 	C:\jdk-16.0.1\bin\VCRUNTIME140.dll
0x00007ffc2b450000 - 0x00007ffc2b468000 	C:\jdk-16.0.1\bin\jli.dll
0x00007ffc30d70000 - 0x00007ffc30f11000 	C:\WINDOWS\System32\USER32.dll
0x00007ffc30450000 - 0x00007ffc30472000 	C:\WINDOWS\System32\win32u.dll
0x00007ffc25030000 - 0x00007ffc252ca000 	C:\WINDOWS\WinSxS\amd64_microsoft.windows.common-controls_6595b64144ccf1df_6.0.19041.1110_none_60b5254171f9507e\COMCTL32.dll
0x00007ffc31920000 - 0x00007ffc3194b000 	C:\WINDOWS\System32\GDI32.dll
0x00007ffc30f20000 - 0x00007ffc30fbe000 	C:\WINDOWS\System32\msvcrt.dll
0x00007ffc30570000 - 0x00007ffc3067d000 	C:\WINDOWS\System32\gdi32full.dll
0x00007ffc304d0000 - 0x00007ffc3056d000 	C:\WINDOWS\System32\msvcp_win.dll
0x00007ffc31530000 - 0x00007ffc31560000 	C:\WINDOWS\System32\IMM32.DLL
0x00007ffc04e60000 - 0x00007ffc04e6c000 	C:\jdk-16.0.1\bin\vcruntime140_1.dll
0x00007ffbdbbb0000 - 0x00007ffbdbc41000 	C:\jdk-16.0.1\bin\msvcp140.dll
0x00007ffbda5c0000 - 0x00007ffbdb16b000 	C:\jdk-16.0.1\bin\server\jvm.dll
0x00007ffc31870000 - 0x00007ffc3191e000 	C:\WINDOWS\System32\ADVAPI32.dll
0x00007ffc31770000 - 0x00007ffc3180c000 	C:\WINDOWS\System32\sechost.dll
0x00007ffc323d0000 - 0x00007ffc324f5000 	C:\WINDOWS\System32\RPCRT4.dll
0x00007ffc30fc0000 - 0x00007ffc30fc8000 	C:\WINDOWS\System32\PSAPI.DLL
0x00007ffc04e90000 - 0x00007ffc04e99000 	C:\WINDOWS\SYSTEM32\WSOCK32.dll
0x00007ffc26110000 - 0x00007ffc26137000 	C:\WINDOWS\SYSTEM32\WINMM.dll
0x00007ffc2b110000 - 0x00007ffc2b11a000 	C:\WINDOWS\SYSTEM32\VERSION.dll
0x00007ffc32360000 - 0x00007ffc323cb000 	C:\WINDOWS\System32\WS2_32.dll
0x00007ffc2e150000 - 0x00007ffc2e162000 	C:\WINDOWS\SYSTEM32\kernel.appcore.dll
0x00007ffc04060000 - 0x00007ffc0406a000 	C:\jdk-16.0.1\bin\jimage.dll
0x00007ffc23cf0000 - 0x00007ffc23ed4000 	C:\WINDOWS\SYSTEM32\DBGHELP.DLL
0x00007ffc23830000 - 0x00007ffc2385c000 	C:\WINDOWS\SYSTEM32\dbgcore.DLL
0x00007ffc30ae0000 - 0x00007ffc30b62000 	C:\WINDOWS\System32\bcryptPrimitives.dll
0x00007ffbe0f60000 - 0x00007ffbe0f85000 	C:\jdk-16.0.1\bin\java.dll
0x00007ffc31a60000 - 0x00007ffc321a4000 	C:\WINDOWS\System32\SHELL32.dll
0x00007ffc2e350000 - 0x00007ffc2eae5000 	C:\WINDOWS\SYSTEM32\windows.storage.dll
0x00007ffc326b0000 - 0x00007ffc32a05000 	C:\WINDOWS\System32\combase.dll
0x00007ffc2fbc0000 - 0x00007ffc2fbee000 	C:\WINDOWS\SYSTEM32\Wldp.dll
0x00007ffc30b70000 - 0x00007ffc30c1d000 	C:\WINDOWS\System32\SHCORE.dll
0x00007ffc32280000 - 0x00007ffc322d5000 	C:\WINDOWS\System32\shlwapi.dll
0x00007ffc30180000 - 0x00007ffc3019f000 	C:\WINDOWS\SYSTEM32\profapi.dll
0x00007ffbfc3a0000 - 0x00007ffbfc3b9000 	C:\jdk-16.0.1\bin\net.dll
0x00007ffc29340000 - 0x00007ffc2944c000 	C:\WINDOWS\SYSTEM32\WINHTTP.dll
0x00007ffc2f920000 - 0x00007ffc2f98a000 	C:\WINDOWS\system32\mswsock.dll
0x00007ffbe0f40000 - 0x00007ffbe0f53000 	C:\jdk-16.0.1\bin\nio.dll
0x00007ffbe0f20000 - 0x00007ffbe0f38000 	C:\jdk-16.0.1\bin\zip.dll
0x00007ffbe0f10000 - 0x00007ffbe0f20000 	C:\jdk-16.0.1\bin\verify.dll
0x0000000073fa0000 - 0x000000007427e000 	C:\Users\dam_aap\AppData\Local\Temp\QtJambi_dam_aap_amd64_4.8.7_msvc2013x64-20150908-1314\lib\QtCore4.dll
0x00007ffc30c20000 - 0x00007ffc30d4a000 	C:\WINDOWS\System32\ole32.dll
0x00007ffc24550000 - 0x00007ffc245f6000 	C:\WINDOWS\SYSTEM32\MSVCP120.dll
0x00007ffc0fbc0000 - 0x00007ffc0fcaf000 	C:\WINDOWS\SYSTEM32\MSVCR120.dll
0x00007ffc2af90000 - 0x00007ffc2afd0000 	C:\Users\dam_aap\AppData\Local\Temp\QtJambi_dam_aap_amd64_4.8.7_msvc2013x64-20150908-1314\lib\qtjambi.dll
0x00007ffc084f0000 - 0x00007ffc0861f000 	C:\Users\dam_aap\AppData\Local\Temp\QtJambi_dam_aap_amd64_4.8.7_msvc2013x64-20150908-1314\lib\com_trolltech_qt_core.dll
0x0000000073630000 - 0x0000000073f9e000 	C:\Users\dam_aap\AppData\Local\Temp\QtJambi_dam_aap_amd64_4.8.7_msvc2013x64-20150908-1314\lib\QtGui4.dll
0x00007ffc32a10000 - 0x00007ffc32aea000 	C:\WINDOWS\System32\COMDLG32.dll
0x00007ffc31450000 - 0x00007ffc3151d000 	C:\WINDOWS\System32\OLEAUT32.dll
0x00007ffbfc5b0000 - 0x00007ffbfc645000 	C:\WINDOWS\SYSTEM32\WINSPOOL.DRV
0x00007ffbe23c0000 - 0x00007ffbe2aef000 	C:\Users\dam_aap\AppData\Local\Temp\QtJambi_dam_aap_amd64_4.8.7_msvc2013x64-20150908-1314\lib\com_trolltech_qt_gui.dll
0x00007ffc2dc70000 - 0x00007ffc2dd0e000 	C:\WINDOWS\system32\uxtheme.dll
0x00007ffc31650000 - 0x00007ffc31765000 	C:\WINDOWS\System32\MSCTF.dll
0x00007ffc2cbf0000 - 0x00007ffc2cbfd000 	C:\Users\dam_aap\AppData\Local\Temp\QtJambi_dam_aap_amd64_4.8.7_msvc2013x64-20150908-1314\plugins\imageformats\qgif4.dll
0x00007ffc2cb80000 - 0x00007ffc2cb8e000 	C:\Users\dam_aap\AppData\Local\Temp\QtJambi_dam_aap_amd64_4.8.7_msvc2013x64-20150908-1314\plugins\imageformats\qico4.dll
0x00007ffc2ac20000 - 0x00007ffc2ac5d000 	C:\Users\dam_aap\AppData\Local\Temp\QtJambi_dam_aap_amd64_4.8.7_msvc2013x64-20150908-1314\plugins\imageformats\qjpeg4.dll
0x00007ffc24500000 - 0x00007ffc24549000 	C:\Users\dam_aap\AppData\Local\Temp\QtJambi_dam_aap_amd64_4.8.7_msvc2013x64-20150908-1314\plugins\imageformats\qmng4.dll
0x00007ffc1e8c0000 - 0x00007ffc1e91b000 	C:\Users\dam_aap\AppData\Local\Temp\QtJambi_dam_aap_amd64_4.8.7_msvc2013x64-20150908-1314\plugins\imageformats\qtiff4.dll
0x00007ffc295b0000 - 0x00007ffc296a9000 	C:\WINDOWS\SYSTEM32\textinputframework.dll
0x00007ffc2d2d0000 - 0x00007ffc2d62e000 	C:\WINDOWS\System32\CoreUIComponents.dll
0x00007ffc2d630000 - 0x00007ffc2d722000 	C:\WINDOWS\System32\CoreMessaging.dll
0x00007ffc2cc00000 - 0x00007ffc2cd54000 	C:\WINDOWS\SYSTEM32\wintypes.dll
0x00007ffc2eec0000 - 0x00007ffc2eef3000 	C:\WINDOWS\SYSTEM32\ntmarta.dll
0x00007ffc06a50000 - 0x00007ffc06b00000 	C:\WINDOWS\WinSxS\amd64_microsoft.windows.common-controls_6595b64144ccf1df_5.82.19041.1110_none_792d1c772443f647\comctl32.dll
0x00007ffc31950000 - 0x00007ffc319f9000 	C:\WINDOWS\System32\clbcatq.dll
0x00007ffc175e0000 - 0x00007ffc1761b000 	C:\WINDOWS\SYSTEM32\dxcore.dll
0x00007ffc30480000 - 0x00007ffc304ce000 	C:\WINDOWS\System32\cfgmgr32.dll

dbghelp: loaded successfully - version: 4.0.5 - missing functions: none
symbol engine: initialized successfully - sym options: 0x614 - pdb path: .;C:\jdk-16.0.1\bin;C:\WINDOWS\SYSTEM32;C:\WINDOWS\WinSxS\amd64_microsoft.windows.common-controls_6595b64144ccf1df_6.0.19041.1110_none_60b5254171f9507e;C:\jdk-16.0.1\bin\server;C:\Users\dam_aap\AppData\Local\Temp\QtJambi_dam_aap_amd64_4.8.7_msvc2013x64-20150908-1314\lib;C:\Users\dam_aap\AppData\Local\Temp\QtJambi_dam_aap_amd64_4.8.7_msvc2013x64-20150908-1314\plugins\imageformats;C:\WINDOWS\WinSxS\amd64_microsoft.windows.common-controls_6595b64144ccf1df_5.82.19041.1110_none_792d1c772443f647

VM Arguments:
jvm_args: -Dfile.encoding=UTF-8 --module-path=C:\Users\dam_aap\Desktop\ProyectoConjunto\gym\Gimansio3.0\Gimnasio1.0\Interfaz\NetBeans\GymDam\build\classes 
java_command: gymdam.GymDam
java_class_path (initial): D:\qtjambi-community-4.8.7-win64-msvc2013\qtjambi-4.8.7.jar;D:\qtjambi-community-4.8.7-win64-msvc2013\qtjambi-designer-4.8.7.jar;D:\qtjambi-community-4.8.7-win64-msvc2013\qtjambi-examples-4.8.7.jar;D:\qtjambi-community-4.8.7-win64-msvc2013\qtjambi-examples-src.jar;D:\qtjambi-community-4.8.7-win64-msvc2013\qtjambi-native-win64-msvc2013x64-4.8.7.jar;D:\qtjambi-community-4.8.7-win64-msvc2013\qtjambi-src.jar;C:\Users\dam_aap\Desktop\ProyectoConjunto\gym\Gimansio3.0\Gimnasio1.0\Interfaz\NetBeans\GymDam\build\classes
Launcher Type: SUN_STANDARD

[Global flags]
     intx CICompilerCount                          = 3                                         {product} {ergonomic}
     uint ConcGCThreads                            = 2                                         {product} {ergonomic}
     uint G1ConcRefinementThreads                  = 6                                         {product} {ergonomic}
   size_t G1HeapRegionSize                         = 1048576                                   {product} {ergonomic}
    uintx GCDrainStackTargetSize                   = 64                                        {product} {ergonomic}
   size_t InitialHeapSize                          = 132120576                                 {product} {ergonomic}
   size_t MarkStackSize                            = 4194304                                   {product} {ergonomic}
   size_t MaxHeapSize                              = 2090860544                                {product} {ergonomic}
   size_t MaxNewSize                               = 1254096896                                {product} {ergonomic}
   size_t MinHeapDeltaBytes                        = 1048576                                   {product} {ergonomic}
   size_t MinHeapSize                              = 8388608                                   {product} {ergonomic}
    uintx NonNMethodCodeHeapSize                   = 5832780                                {pd product} {ergonomic}
    uintx NonProfiledCodeHeapSize                  = 122912730                              {pd product} {ergonomic}
    uintx ProfiledCodeHeapSize                     = 122912730                              {pd product} {ergonomic}
    uintx ReservedCodeCacheSize                    = 251658240                              {pd product} {ergonomic}
     bool SegmentedCodeCache                       = true                                      {product} {ergonomic}
   size_t SoftMaxHeapSize                          = 2090860544                             {manageable} {ergonomic}
     bool UseCompressedClassPointers               = true                           {product lp64_product} {ergonomic}
     bool UseCompressedOops                        = true                           {product lp64_product} {ergonomic}
     bool UseG1GC                                  = true                                      {product} {ergonomic}
     bool UseLargePagesIndividualAllocation        = false                                  {pd product} {ergonomic}

Logging:
Log output configuration:
 #0: stdout all=warning uptime,level,tags
 #1: stderr all=off uptime,level,tags

Environment Variables:
JAVA_HOME=c:\jdk-16.0.1
PATH=C:\Program Files (x86)\VMware\VMware Player\bin\;C:\jdk-16.0.1\bin;C:\WINDOWS\system32;C:\WINDOWS;C:\WINDOWS\System32\Wbem;C:\WINDOWS\System32\WindowsPowerShell\v1.0\;C:\WINDOWS\System32\OpenSSH\;C:\Program Files\PowerShell\7\;C:\Program Files\Microsoft SQL Server\Client SDK\ODBC\170\Tools\Binn\;C:\Program Files (x86)\Microsoft SQL Server\150\Tools\Binn\;C:\Program Files\Microsoft SQL Server\150\Tools\Binn\;C:\Program Files\Microsoft SQL Server\150\DTS\Binn\;C:\Program Files\Azure Data Studio\bin;C:\Program Files\dotnet\;C:\ProgramData\chocolatey\bin;C:\flutter\bin;C:\Users\dam_aap\AppData\Local\Microsoft\WindowsApps;D:\Microsoft VS Code\bin;C:\Users\dam_aap\AppData\Local\Programs\Git\cmd
USERNAME=dam_aap
OS=Windows_NT
PROCESSOR_IDENTIFIER=Intel64 Family 6 Model 158 Stepping 10, GenuineIntel



---------------  S Y S T E M  ---------------

OS:
 Windows 10 , 64 bit Build 19041 (10.0.19041.1466)
OS uptime: 0 days 0:50 hours

CPU: total 6 (initial active 6) (6 cores per cpu, 1 threads per core) family 6 model 158 stepping 10 microcode 0xb4, cx8, cmov, fxsr, mmx, 3dnowpref, sse, sse2, sse3, ssse3, sse4.1, sse4.2, popcnt, lzcnt, tsc, tscinvbit, avx, avx2, aes, erms, clmul, bmi1, bmi2, rtm, adx, fma, vzeroupper, clflush, clflushopt

Memory: 4k page, system-wide physical 7973M (2435M free)
TotalPageFile size 14885M (AvailPageFile size 8551M)
current process WorkingSet (physical memory assigned to process): 69M, peak: 98M
current process commit charge ("private bytes"): 110M, peak: 237M

vm_info: OpenJDK 64-Bit Server VM (16.0.1+9-24) for windows-amd64 JRE (16.0.1+9-24), built on Mar 26 2021 19:30:07 by "mach5one" with MS VC++ 16.7 (VS2019)

END.
