#
# A fatal error has been detected by the Java Runtime Environment:
#
#  EXCEPTION_ACCESS_VIOLATION (0xc0000005) at pc=0x0000000073692cbd, pid=3208, tid=6412
#
# JRE version: OpenJDK Runtime Environment (16.0.1+9) (build 16.0.1+9-24)
# Java VM: OpenJDK 64-Bit Server VM (16.0.1+9-24, mixed mode, sharing, tiered, compressed oops, compressed class ptrs, g1 gc, windows-amd64)
# Problematic frame:
# C  [QtGui4.dll+0x62cbd]
#
# No core dump will be written. Minidumps are not enabled by default on client versions of Windows
#
# If you would like to submit a bug report, please visit:
#   https://bugreport.java.com/bugreport/crash.jsp
# The crash happened outside the Java Virtual Machine in native code.
# See problematic frame for where to report the bug.
#

---------------  S U M M A R Y ------------

Command Line: -Dfile.encoding=UTF-8 --module-path=C:\Users\dam_aap\Desktop\ProyectoConjunto\gym\Gimansio3.0\Gimnasio1.0\Interfaz\NetBeans\GymDam\build\classes gymdam.GymDam

Host: Intel(R) Core(TM) i5-9500 CPU @ 3.00GHz, 6 cores, 7G,  Windows 10 , 64 bit Build 19041 (10.0.19041.1466)
Time: Tue Feb 15 10:10:15 2022 Hora estándar romance elapsed time: 9.328857 seconds (0d 0h 0m 9s)

---------------  T H R E A D  ---------------

Current thread (0x00000180e30eb0c0):  JavaThread "Unknown thread" [_thread_in_native, id=6412, stack(0x0000000462200000,0x0000000462300000)]

Stack: [0x0000000462200000,0x0000000462300000],  sp=0x00000004622fe860,  free space=1018k
Native frames: (J=compiled Java code, j=interpreted, Vv=VM code, C=native code)
C  [QtGui4.dll+0x62cbd]

Java frames: (J=compiled Java code, j=interpreted, Vv=VM code)
J 609  com.trolltech.qt.internal.QtJambiObject.finalize()V (0 bytes) @ 0x00000180d48e0beb [0x00000180d48e0ba0+0x000000000000004b]
J 603 c1 java.lang.ref.Finalizer.runFinalizer(Ljdk/internal/access/JavaLangAccess;)V java.base@16.0.1 (131 bytes) @ 0x00000180cd44e324 [0x00000180cd44dcc0+0x0000000000000664]
j  java.lang.ref.Finalizer$FinalizerThread.run()V+46 java.base@16.0.1
v  ~StubRoutines::call_stub

siginfo: EXCEPTION_ACCESS_VIOLATION (0xc0000005), reading address 0x0000000000000008


Register to memory mapping:

RIP=0x0000000073692cbd QtGui4.dll
RAX=0x0 is NULL
RBX=0x00000000ffffffff is an unallocated location in the heap
RCX=0x00000180e4575d20 points into unknown readable memory: 0x0000000000000001 | 01 00 00 00 00 00 00 00
RDX=0x0000000000000001 is an unknown value
RSP=0x00000004622fe860 is pointing into the stack for thread: 0x00000180e30eb0c0
RBP=0x0 is NULL
RSI=0x00000180e4385e20 points into unknown readable memory: 0x0000000073c83148 | 48 31 c8 73 00 00 00 00
RDI=0x00000180e4385e20 points into unknown readable memory: 0x0000000073c83148 | 48 31 c8 73 00 00 00 00
R8 =0x00000000000001d8 is an unknown value
R9 =0x000000000000003b is an unknown value
R10=0x00000000000001c0 is an unknown value
R11=0xd54fa202eefb017f is an unknown value
R12=0x00000180e4385dd0 points into unknown readable memory: 0x0000000073c2fe58 | 58 fe c2 73 00 00 00 00
R13=0x00000180e4476770 points into unknown readable memory: 0x0000000073c991f0 | f0 91 c9 73 00 00 00 00
R14=0x0 is NULL
R15=0x0 is NULL


Registers:
RAX=0x0000000000000000, RBX=0x00000000ffffffff, RCX=0x00000180e4575d20, RDX=0x0000000000000001
RSP=0x00000004622fe860, RBP=0x0000000000000000, RSI=0x00000180e4385e20, RDI=0x00000180e4385e20
R8 =0x00000000000001d8, R9 =0x000000000000003b, R10=0x00000000000001c0, R11=0xd54fa202eefb017f
R12=0x00000180e4385dd0, R13=0x00000180e4476770, R14=0x0000000000000000, R15=0x0000000000000000
RIP=0x0000000073692cbd, EFLAGS=0x0000000000010202

Top of Stack: (sp=0x00000004622fe860)
0x00000004622fe860:   00000180e4575d20 00000000ffffffff
0x00000004622fe870:   0000000000000000 00007ffbe98669d8
0x00000004622fe880:   0000018000000000 0000000000000000
0x00000004622fe890:   fffffffffffffffe 00000180e30eb0c0
0x00000004622fe8a0:   0000000000000000 00000000739ab1ce
0x00000004622fe8b0:   00000180e4159a10 0000000000000001
0x00000004622fe8c0:   00000180e4575d20 00000180e30eb5f0
0x00000004622fe8d0:   0000000000000001 00000000739aaa44
0x00000004622fe8e0:   00000180e4385e20 0000000000000000
0x00000004622fe8f0:   00000180e3f29860 00000180e30eb300
0x00000004622fe900:   fffffffffffffffe 000000007380cd63
0x00000004622fe910:   00000180e4385e20 00007ffbe23329a5
0x00000004622fe920:   00000180e4385e20 00000180e30eb300
0x00000004622fe930:   00000180e438d260 000000007380ca74
0x00000004622fe940:   fffffffffffffffe 0000000073f36298
0x00000004622fe950:   00000180e4476770 00000000740bab73 

Instructions: (pc=0x0000000073692cbd)
0x0000000073692bbd:   8b 0e 48 3b cb 74 1b ff 15 66 9b 58 00 84 c0 75
0x0000000073692bcd:   0e ba 08 00 00 00 48 8b 0e ff 15 c4 9d 58 00 48
0x0000000073692bdd:   89 1e 48 83 c4 38 41 5e 5f 5e 5b c3 cc cc cc cc
0x0000000073692bed:   cc cc cc 40 57 48 83 ec 20 48 8b 41 f8 48 8b fa
0x0000000073692bfd:   48 3b 90 40 01 00 00 74 6c 48 8b 41 f8 48 89 5c
0x0000000073692c0d:   24 30 48 8d 59 f0 f7 80 c8 01 00 00 00 00 00 10
0x0000000073692c1d:   74 0c 48 8b 43 20 48 8b 08 48 85 c9 75 22 41 b0
0x0000000073692c2d:   01 ba 64 00 00 00 48 8b cb e8 95 2c 00 00 48 8b
0x0000000073692c3d:   4b 08 33 d2 e8 fa 7b ff ff 48 8b 43 20 48 8b 08
0x0000000073692c4d:   48 8b d7 ff 15 12 cf 58 00 48 8b 5c 24 30 85 c0
0x0000000073692c5d:   75 13 48 8d 0d 52 db 59 00 48 83 c4 20 5f 48 ff
0x0000000073692c6d:   25 fe a6 58 00 48 83 c4 20 5f c3 cc cc cc cc cc
0x0000000073692c7d:   cc cc cc 85 d2 74 68 57 48 83 ec 40 48 c7 44 24
0x0000000073692c8d:   30 fe ff ff ff 48 89 5c 24 50 8b da 48 8b f9 c7
0x0000000073692c9d:   44 24 20 00 00 00 00 45 33 c9 45 33 c0 33 d2 48
0x0000000073692cad:   8d 4c 24 60 e8 ba ba fd ff 90 ff 15 bb 9b 58 00
0x0000000073692cbd:   48 8b 48 08 48 81 c1 28 01 00 00 4c 8d 4c 24 60
0x0000000073692ccd:   4c 8b c7 8b d3 e8 f9 8c fe ff 90 48 8d 4c 24 60
0x0000000073692cdd:   e8 ee e2 fc ff 48 8b 5c 24 50 48 83 c4 40 5f c3
0x0000000073692ced:   cc cc cc 48 89 5c 24 10 48 89 6c 24 18 48 89 74
0x0000000073692cfd:   24 20 57 48 81 ec 90 00 00 00 48 8b 05 62 4e 8a
0x0000000073692d0d:   00 48 33 c4 48 89 84 24 80 00 00 00 48 8b f1 48
0x0000000073692d1d:   8b 09 48 8b fa 48 83 c1 68 ba 01 00 00 00 ff 15
0x0000000073692d2d:   ef 99 58 00 84 c0 74 08 48 8b ce e8 f3 7b fa ff
0x0000000073692d3d:   48 8b 0e 48 8b d1 48 8b d9 4c 63 49 6c 8b 69 70
0x0000000073692d4d:   4d 85 c9 78 42 48 8d 44 24 20 41 ba 08 00 00 00
0x0000000073692d5d:   4c 2b d0 4a 8b 5c ca 08 48 3b d9 74 20 44 8b 07
0x0000000073692d6d:   0f 1f 00 44 39 43 f8 7d 14 4b 8d 04 ca 48 8b d3
0x0000000073692d7d:   48 03 c3 48 8b 5c 04 20 48 3b d9 75 e6 4a 89 54
0x0000000073692d8d:   cc 20 49 ff c9 79 cc 48 3b d9 74 3d 8b 43 f8 39
0x0000000073692d9d:   07 7c 36 48 8b 0e 4c 8b cb 48 8b 5b 08 48 3b d9
0x0000000073692dad:   74 0e 8b 43 f8 41 39 41 f8 7c 05 40 b7 01 eb 03 


Stack slot to memory mapping:
stack at sp + 0 slots: 0x00000180e4575d20 points into unknown readable memory: 0x0000000000000001 | 01 00 00 00 00 00 00 00
stack at sp + 1 slots: 0x00000000ffffffff is an unallocated location in the heap
stack at sp + 2 slots: 0x0 is NULL
stack at sp + 3 slots: 0x00007ffbe98669d8 MSVCR120.dll
stack at sp + 4 slots: 0x0000018000000000 is an unknown value
stack at sp + 5 slots: 0x0 is NULL
stack at sp + 6 slots: 0xfffffffffffffffe is an unknown value
stack at sp + 7 slots: 0x00000180e30eb0c0 is a thread


---------------  P R O C E S S  ---------------

Threads class SMR info:
_java_thread_list=0x00000180e45d6650, length=13, elements={
0x00000180e30ea200, 0x00000180e30eb0c0, 0x00000180e30f9030, 0x00000180e30f9c30,
0x00000180e30fc640, 0x00000180e30fe050, 0x00000180e311ed90, 0x00000180e311f880,
0x00000180e3123ef0, 0x00000180e3c56380, 0x00000180e3cfe8b0, 0x00000180e45d6830,
0x00000180c566d340
}

Java Threads: ( => current thread )
  0x00000180e30ea200 JavaThread "Reference Handler" daemon [_thread_blocked, id=1876, stack(0x0000000462100000,0x0000000462200000)]
=>0x00000180e30eb0c0 JavaThread "Finalizer" daemon [_thread_in_native, id=6412, stack(0x0000000462200000,0x0000000462300000)]
  0x00000180e30f9030 JavaThread "Signal Dispatcher" daemon [_thread_blocked, id=8664, stack(0x0000000462300000,0x0000000462400000)]
  0x00000180e30f9c30 JavaThread "Attach Listener" daemon [_thread_blocked, id=8672, stack(0x0000000462400000,0x0000000462500000)]
  0x00000180e30fc640 JavaThread "Service Thread" daemon [_thread_blocked, id=8184, stack(0x0000000462500000,0x0000000462600000)]
  0x00000180e30fe050 JavaThread "Monitor Deflation Thread" daemon [_thread_blocked, id=7800, stack(0x0000000462600000,0x0000000462700000)]
  0x00000180e311ed90 JavaThread "C2 CompilerThread0" daemon [_thread_blocked, id=4748, stack(0x0000000462700000,0x0000000462800000)]
  0x00000180e311f880 JavaThread "C1 CompilerThread0" daemon [_thread_blocked, id=4956, stack(0x0000000462800000,0x0000000462900000)]
  0x00000180e3123ef0 JavaThread "Sweeper thread" daemon [_thread_blocked, id=8876, stack(0x0000000462900000,0x0000000462a00000)]
  0x00000180e3c56380 JavaThread "Common-Cleaner" daemon [_thread_blocked, id=8168, stack(0x0000000462a00000,0x0000000462b00000)]
  0x00000180e3cfe8b0 JavaThread "Notification Thread" daemon [_thread_blocked, id=10448, stack(0x0000000462b00000,0x0000000462c00000)]
  0x00000180e45d6830 JavaThread "Thread-2" daemon [_thread_in_native, id=5564, stack(0x0000000463700000,0x0000000463800000)]
  0x00000180c566d340 JavaThread "DestroyJavaVM" [_thread_blocked, id=3844, stack(0x0000000461a00000,0x0000000461b00000)]

Other Threads:
  0x00000180e30e4500 VMThread "VM Thread" [stack: 0x0000000462000000,0x0000000462100000] [id=432]
  0x00000180c566e3c0 WatcherThread [stack: 0x0000000462c00000,0x0000000462d00000] [id=9860]
  0x00000180c56ab9e0 GCTaskThread "GC Thread#0" [stack: 0x0000000461b00000,0x0000000461c00000] [id=5392]
  0x00000180e4589f10 GCTaskThread "GC Thread#1" [stack: 0x0000000463100000,0x0000000463200000] [id=6584]
  0x00000180e45ccf10 GCTaskThread "GC Thread#2" [stack: 0x0000000463200000,0x0000000463300000] [id=7436]
  0x00000180e45d60d0 GCTaskThread "GC Thread#3" [stack: 0x0000000463300000,0x0000000463400000] [id=2300]
  0x00000180e45a8730 GCTaskThread "GC Thread#4" [stack: 0x0000000463400000,0x0000000463500000] [id=6908]
  0x00000180e45a8a40 GCTaskThread "GC Thread#5" [stack: 0x0000000463500000,0x0000000463600000] [id=6312]
  0x00000180c56bc460 ConcurrentGCThread "G1 Main Marker" [stack: 0x0000000461c00000,0x0000000461d00000] [id=2732]
  0x00000180c56bcf50 ConcurrentGCThread "G1 Conc#0" [stack: 0x0000000461d00000,0x0000000461e00000] [id=4652]
  0x00000180c573d610 ConcurrentGCThread "G1 Refine#0" [stack: 0x0000000461e00000,0x0000000461f00000] [id=3172]
  0x00000180c573f0a0 ConcurrentGCThread "G1 Service" [stack: 0x0000000461f00000,0x0000000462000000] [id=9176]

Threads with active compile tasks:

VM state: not at safepoint (normal execution)

VM Mutex/Monitor currently owned by a thread: None

Heap address: 0x0000000083600000, size: 1994 MB, Compressed Oops mode: 32-bit

CDS archive(s) mapped at: [0x0000000800000000-0x0000000800bb0000-0x0000000800bb0000), size 12255232, SharedBaseAddress: 0x0000000800000000, ArchiveRelocationMode: 0.
Compressed class space mapped at: 0x0000000800c00000-0x0000000840c00000, reserved size: 1073741824
Narrow klass base: 0x0000000800000000, Narrow klass shift: 3, Narrow klass range: 0x100000000

GC Precious Log:
 CPUs: 6 total, 6 available
 Memory: 7973M
 Large Page Support: Disabled
 NUMA Support: Disabled
 Compressed Oops: Enabled (32-bit)
 Heap Region Size: 1M
 Heap Min Capacity: 8M
 Heap Initial Capacity: 126M
 Heap Max Capacity: 1994M
 Pre-touch: Disabled
 Parallel Workers: 6
 Concurrent Workers: 2
 Concurrent Refinement Workers: 6
 Periodic GC: Disabled

Heap:
 garbage-first heap   total 8192K, used 1822K [0x0000000083600000, 0x0000000100000000)
  region size 1024K, 1 young (1024K), 0 survivors (0K)
 Metaspace       used 4998K, committed 5120K, reserved 1056768K
  class space    used 446K, committed 512K, reserved 1048576K

Heap Regions: E=young(eden), S=young(survivor), O=old, HS=humongous(starts), HC=humongous(continues), CS=collection set, F=free, OA=open archive, CA=closed archive, TAMS=top-at-mark-start (previous, next)
|   0|0x0000000083600000, 0x00000000836ffff0, 0x0000000083700000| 99%| O|  |TAMS 0x0000000083600000, 0x0000000083600000| Untracked 
|   1|0x0000000083700000, 0x00000000837c7b58, 0x0000000083800000| 78%| O|  |TAMS 0x0000000083700000, 0x0000000083700000| Untracked 
|   2|0x0000000083800000, 0x0000000083800000, 0x0000000083900000|  0%| F|  |TAMS 0x0000000083800000, 0x0000000083800000| Untracked 
|   3|0x0000000083900000, 0x0000000083900000, 0x0000000083a00000|  0%| F|  |TAMS 0x0000000083900000, 0x0000000083900000| Untracked 
|   4|0x0000000083a00000, 0x0000000083a00000, 0x0000000083b00000|  0%| F|  |TAMS 0x0000000083a00000, 0x0000000083a00000| Untracked 
|   5|0x0000000083b00000, 0x0000000083b00000, 0x0000000083c00000|  0%| F|  |TAMS 0x0000000083b00000, 0x0000000083b00000| Untracked 
|   6|0x0000000083c00000, 0x0000000083c00000, 0x0000000083d00000|  0%| F|  |TAMS 0x0000000083c00000, 0x0000000083c00000| Untracked 
|   7|0x0000000083d00000, 0x0000000083d036a8, 0x0000000083e00000|  1%| E|  |TAMS 0x0000000083d00000, 0x0000000083d00000| Complete 

Card table byte_map: [0x00000180dc2e0000,0x00000180dc6d0000] _byte_map_base: 0x00000180dbec5000

Marking Bits (Prev, Next): (CMBitMap*) 0x00000180c56ac110, (CMBitMap*) 0x00000180c56ac0d0
 Prev Bits: [0x00000180de9f0000, 0x00000180e0918000)
 Next Bits: [0x00000180dcac0000, 0x00000180de9e8000)

Polling page: 0x00000180c4e50000

Metaspace:

Usage:
  Non-class:      4.45 MB used.
      Class:    446.75 KB used.
       Both:      4.88 MB used.

Virtual space:
  Non-class space:        8.00 MB reserved,       4.50 MB ( 56%) committed,  1 nodes.
      Class space:        1.00 GB reserved,     512.00 KB ( <1%) committed,  1 nodes.
              Both:        1.01 GB reserved,       5.00 MB ( <1%) committed. 

Chunk freelists:
   Non-Class:  1.62 MB
       Class:  3.51 MB
        Both:  5.13 MB

MaxMetaspaceSize: 17179869184.00 GB
CompressedClassSpaceSize: 1.00 GB
 - commit_granule_bytes: 65536.
 - commit_granule_words: 8192.
 - virtual_space_node_default_size: 1048576.
 - enlarge_chunks_in_place: 1.
 - new_chunks_are_fully_committed: 0.
 - uncommit_free_chunks: 1.
 - use_allocation_guard: 0.
 - handle_deallocations: 1.


Internal statistics:

num_allocs_failed_limit: 0.
num_arena_births: 36.
num_arena_deaths: 0.
num_vsnodes_births: 2.
num_vsnodes_deaths: 0.
num_space_committed: 80.
num_space_uncommitted: 0.
num_chunks_returned_to_freelist: 0.
num_chunks_taken_from_freelist: 136.
num_chunk_merges: 0.
num_chunk_splits: 110.
num_chunks_enlarged: 94.
num_purges: 0.

CodeHeap 'non-profiled nmethods': size=120000Kb used=200Kb max_used=200Kb free=119799Kb
 bounds [0x00000180d48b0000, 0x00000180d4b20000, 0x00000180dbde0000]
CodeHeap 'profiled nmethods': size=120000Kb used=877Kb max_used=877Kb free=119122Kb
 bounds [0x00000180cd380000, 0x00000180cd5f0000, 0x00000180d48b0000]
CodeHeap 'non-nmethods': size=5760Kb used=1160Kb max_used=1176Kb free=4599Kb
 bounds [0x00000180ccde0000, 0x00000180cd050000, 0x00000180cd380000]
 total_blobs=1075 nmethods=630 adapters=358
 compilation: enabled
              stopped_count=0, restarted_count=0
 full_count=0

Compilation events (20 events):
Event: 9.298 Thread 0x00000180e311f880  620       3       jdk.internal.misc.VM::initLevel (4 bytes)
Event: 9.298 Thread 0x00000180e311f880 nmethod 620 0x00000180cd453e90 code [0x00000180cd454020, 0x00000180cd454118]
Event: 9.298 Thread 0x00000180e311f880  621       3       jdk.internal.misc.VM::isModuleSystemInited (13 bytes)
Event: 9.298 Thread 0x00000180e311f880 nmethod 621 0x00000180cd454190 code [0x00000180cd454340, 0x00000180cd4544f8]
Event: 9.301 Thread 0x00000180e311f880  622       3       java.lang.String::getChars (54 bytes)
Event: 9.301 Thread 0x00000180e311f880 nmethod 622 0x00000180cd454590 code [0x00000180cd4547a0, 0x00000180cd454c18]
Event: 9.301 Thread 0x00000180e311f880  623       3       java.lang.StringLatin1::getChars (12 bytes)
Event: 9.301 Thread 0x00000180e311f880 nmethod 623 0x00000180cd454e10 code [0x00000180cd454fc0, 0x00000180cd4550e8]
Event: 9.302 Thread 0x00000180e311ed90  624       4       java.lang.String::toString (2 bytes)
Event: 9.302 Thread 0x00000180e311ed90 nmethod 624 0x00000180d48e1590 code [0x00000180d48e1700, 0x00000180d48e1778]
Event: 9.307 Thread 0x00000180e311f880  625       3       sun.nio.cs.UTF_8$Encoder::encodeArrayLoop (489 bytes)
Event: 9.308 Thread 0x00000180e311f880 nmethod 625 0x00000180cd455190 code [0x00000180cd455780, 0x00000180cd458ae8]
Event: 9.314 Thread 0x00000180e311f880  626       3       jdk.internal.ref.PhantomCleanable::clean (16 bytes)
Event: 9.314 Thread 0x00000180e311f880 nmethod 626 0x00000180cd459b90 code [0x00000180cd459d60, 0x00000180cd45a048]
Event: 9.314 Thread 0x00000180e311f880  627       3       jdk.internal.ref.CleanerImpl$PhantomCleanableRef::performCleanup (10 bytes)
Event: 9.314 Thread 0x00000180e311f880 nmethod 627 0x00000180cd45a190 code [0x00000180cd45a340, 0x00000180cd45a528]
Event: 9.316 Thread 0x00000180e311f880  629   !   3       java.io.BufferedWriter::write (117 bytes)
Event: 9.317 Thread 0x00000180e311f880 nmethod 629 0x00000180cd45a610 code [0x00000180cd45a820, 0x00000180cd45ae08]
Event: 9.317 Thread 0x00000180e311f880  628       3       java.io.Writer::write (11 bytes)
Event: 9.317 Thread 0x00000180e311f880 nmethod 628 0x00000180cd45b190 code [0x00000180cd45b360, 0x00000180cd45b648]

GC Heap History (4 events):
Event: 9.253 GC heap before
{Heap before GC invocations=0 (full 0):
 garbage-first heap   total 129024K, used 10240K [0x0000000083600000, 0x0000000100000000)
  region size 1024K, 12 young (12288K), 0 survivors (0K)
 Metaspace       used 4858K, committed 4992K, reserved 1056768K
  class space    used 433K, committed 512K, reserved 1048576K
}
Event: 9.258 GC heap after
{Heap after GC invocations=1 (full 1):
 garbage-first heap   total 10240K, used 1903K [0x0000000083600000, 0x0000000100000000)
  region size 1024K, 0 young (0K), 0 survivors (0K)
 Metaspace       used 4858K, committed 4992K, reserved 1056768K
  class space    used 433K, committed 512K, reserved 1048576K
}
Event: 9.318 GC heap before
{Heap before GC invocations=1 (full 1):
 garbage-first heap   total 10240K, used 1903K [0x0000000083600000, 0x0000000100000000)
  region size 1024K, 1 young (1024K), 0 survivors (0K)
 Metaspace       used 4955K, committed 5120K, reserved 1056768K
  class space    used 441K, committed 512K, reserved 1048576K
}
Event: 9.322 GC heap after
{Heap after GC invocations=2 (full 2):
 garbage-first heap   total 8192K, used 1823K [0x0000000083600000, 0x0000000100000000)
  region size 1024K, 0 young (0K), 0 survivors (0K)
 Metaspace       used 4955K, committed 5120K, reserved 1056768K
  class space    used 441K, committed 512K, reserved 1048576K
}

Deoptimization events (6 events):
Event: 0.057 Thread 0x00000180c566d340 Uncommon trap: trap_request=0xffffff45 fr.pc=0x00000180d48be044 relative=0x0000000000000324
Event: 0.057 Thread 0x00000180c566d340 Uncommon trap: reason=unstable_if action=reinterpret pc=0x00000180d48be044 method=java.util.zip.ZipCoder$UTF8ZipCoder.normalizedHash([BII)I @ 74 c2
Event: 0.057 Thread 0x00000180c566d340 DEOPT PACKING pc=0x00000180d48be044 sp=0x0000000461afdcc0
Event: 0.057 Thread 0x00000180c566d340 DEOPT UNPACKING pc=0x00000180cce2d72e sp=0x0000000461afdc50 mode 2
Event: 0.154 Thread 0x00000180c566d340 DEOPT PACKING pc=0x00000180cd386d67 sp=0x0000000461afe130
Event: 0.154 Thread 0x00000180c566d340 DEOPT UNPACKING pc=0x00000180cce2dece sp=0x0000000461afd550 mode 0

Classes unloaded (0 events):
No events

Classes redefined (0 events):
No events

Internal exceptions (5 events):
Event: 0.042 Thread 0x00000180c566d340 Exception <a 'sun/nio/fs/WindowsException'{0x000000008b221dd0}> (0x000000008b221dd0) 
thrown [t:\workspace\open\src\hotspot\share\prims\jni.cpp, line 579]
Event: 0.042 Thread 0x00000180c566d340 Exception <a 'sun/nio/fs/WindowsException'{0x000000008b2223f0}> (0x000000008b2223f0) 
thrown [t:\workspace\open\src\hotspot\share\prims\jni.cpp, line 579]
Event: 0.043 Thread 0x00000180c566d340 Exception <a 'sun/nio/fs/WindowsException'{0x000000008b225c10}> (0x000000008b225c10) 
thrown [t:\workspace\open\src\hotspot\share\prims\jni.cpp, line 579]
Event: 0.093 Thread 0x00000180c566d340 Exception <a 'java/lang/NoSuchMethodError'{0x000000008b040110}: 'void java.lang.invoke.DirectMethodHandle$Holder.invokeSpecial(java.lang.Object, java.lang.Object, java.lang.Object)'> (0x000000008b040110) 
thrown [t:\workspace\open\src\hotspot\share\interpreter\linkResolver.cpp, line 790]
Event: 0.095 Thread 0x00000180c566d340 Exception <a 'java/lang/NoSuchMethodError'{0x000000008b0507b0}: 'java.lang.Object java.lang.invoke.DirectMethodHandle$Holder.invokeStatic(java.lang.Object)'> (0x000000008b0507b0) 
thrown [t:\workspace\open\src\hotspot\share\interpreter\linkResolver.cpp, line 790]

Events (20 events):
Event: 9.258 Executing  VM operation: G1CollectFull done
Event: 9.258 loading class java/lang/ref/Finalizer$2
Event: 9.258 loading class java/lang/ref/Finalizer$2 done
Event: 9.258 loading class java/lang/ref/Finalizer$1
Event: 9.258 loading class java/lang/ref/Finalizer$1 done
Event: 9.258 Thread 0x00000180e45d6830 Thread added: 0x00000180e45d6830
Event: 9.260 Thread 0x00000180e45d6830 Thread exited: 0x00000180e45d6830
Event: 9.261 Thread 0x00000180e45d6830 Thread added: 0x00000180e45d6830
Event: 9.269 Thread 0x00000180c566d340 Thread exited: 0x00000180c566d340
Event: 9.269 Thread 0x00000180c566d340 Thread added: 0x00000180c566d340
Event: 9.269 Thread 0x00000180e40b1460 Thread added: 0x00000180e40b1460
Event: 9.271 loading class java/lang/Throwable$WrappedPrintStream
Event: 9.271 loading class java/lang/Throwable$PrintStreamOrWriter
Event: 9.271 loading class java/lang/Throwable$PrintStreamOrWriter done
Event: 9.271 loading class java/lang/Throwable$WrappedPrintStream done
Event: 9.272 loading class java/lang/StackTraceElement$HashedModules
Event: 9.272 loading class java/lang/StackTraceElement$HashedModules done
Event: 9.318 Executing  VM operation: G1CollectFull
Event: 9.322 Executing  VM operation: G1CollectFull done
Event: 9.322 Thread 0x00000180e4182070 Thread added: 0x00000180e4182070


Dynamic libraries:
0x00007ff65f9c0000 - 0x00007ff65f9ce000 	C:\jdk-16.0.1\bin\java.exe
0x00007ffc32b30000 - 0x00007ffc32d25000 	C:\WINDOWS\SYSTEM32\ntdll.dll
0x00007ffc321b0000 - 0x00007ffc3226e000 	C:\WINDOWS\System32\KERNEL32.DLL
0x00007ffc306b0000 - 0x00007ffc30978000 	C:\WINDOWS\System32\KERNELBASE.dll
0x00007ffc309e0000 - 0x00007ffc30ae0000 	C:\WINDOWS\System32\ucrtbase.dll
0x00007ffc04e70000 - 0x00007ffc04e89000 	C:\jdk-16.0.1\bin\VCRUNTIME140.dll
0x00007ffc245e0000 - 0x00007ffc245f8000 	C:\jdk-16.0.1\bin\jli.dll
0x00007ffc30d70000 - 0x00007ffc30f11000 	C:\WINDOWS\System32\USER32.dll
0x00007ffc30450000 - 0x00007ffc30472000 	C:\WINDOWS\System32\win32u.dll
0x00007ffc25030000 - 0x00007ffc252ca000 	C:\WINDOWS\WinSxS\amd64_microsoft.windows.common-controls_6595b64144ccf1df_6.0.19041.1110_none_60b5254171f9507e\COMCTL32.dll
0x00007ffc31920000 - 0x00007ffc3194b000 	C:\WINDOWS\System32\GDI32.dll
0x00007ffc30f20000 - 0x00007ffc30fbe000 	C:\WINDOWS\System32\msvcrt.dll
0x00007ffc30570000 - 0x00007ffc3067d000 	C:\WINDOWS\System32\gdi32full.dll
0x00007ffc304d0000 - 0x00007ffc3056d000 	C:\WINDOWS\System32\msvcp_win.dll
0x00007ffc31530000 - 0x00007ffc31560000 	C:\WINDOWS\System32\IMM32.DLL
0x00007ffc04e60000 - 0x00007ffc04e6c000 	C:\jdk-16.0.1\bin\vcruntime140_1.dll
0x00007ffbdbbb0000 - 0x00007ffbdbc41000 	C:\jdk-16.0.1\bin\msvcp140.dll
0x00007ffbda5c0000 - 0x00007ffbdb16b000 	C:\jdk-16.0.1\bin\server\jvm.dll
0x00007ffc31870000 - 0x00007ffc3191e000 	C:\WINDOWS\System32\ADVAPI32.dll
0x00007ffc31770000 - 0x00007ffc3180c000 	C:\WINDOWS\System32\sechost.dll
0x00007ffc323d0000 - 0x00007ffc324f5000 	C:\WINDOWS\System32\RPCRT4.dll
0x00007ffc30fc0000 - 0x00007ffc30fc8000 	C:\WINDOWS\System32\PSAPI.DLL
0x00007ffc04e90000 - 0x00007ffc04e99000 	C:\WINDOWS\SYSTEM32\WSOCK32.dll
0x00007ffc26110000 - 0x00007ffc26137000 	C:\WINDOWS\SYSTEM32\WINMM.dll
0x00007ffc2b110000 - 0x00007ffc2b11a000 	C:\WINDOWS\SYSTEM32\VERSION.dll
0x00007ffc32360000 - 0x00007ffc323cb000 	C:\WINDOWS\System32\WS2_32.dll
0x00007ffc2e150000 - 0x00007ffc2e162000 	C:\WINDOWS\SYSTEM32\kernel.appcore.dll
0x00007ffc04060000 - 0x00007ffc0406a000 	C:\jdk-16.0.1\bin\jimage.dll
0x00007ffc23cf0000 - 0x00007ffc23ed4000 	C:\WINDOWS\SYSTEM32\DBGHELP.DLL
0x00007ffc23830000 - 0x00007ffc2385c000 	C:\WINDOWS\SYSTEM32\dbgcore.DLL
0x00007ffc30ae0000 - 0x00007ffc30b62000 	C:\WINDOWS\System32\bcryptPrimitives.dll
0x00007ffbe0f60000 - 0x00007ffbe0f85000 	C:\jdk-16.0.1\bin\java.dll
0x00007ffc31a60000 - 0x00007ffc321a4000 	C:\WINDOWS\System32\SHELL32.dll
0x00007ffc2e350000 - 0x00007ffc2eae5000 	C:\WINDOWS\SYSTEM32\windows.storage.dll
0x00007ffc326b0000 - 0x00007ffc32a05000 	C:\WINDOWS\System32\combase.dll
0x00007ffc2fbc0000 - 0x00007ffc2fbee000 	C:\WINDOWS\SYSTEM32\Wldp.dll
0x00007ffc30b70000 - 0x00007ffc30c1d000 	C:\WINDOWS\System32\SHCORE.dll
0x00007ffc32280000 - 0x00007ffc322d5000 	C:\WINDOWS\System32\shlwapi.dll
0x00007ffc30180000 - 0x00007ffc3019f000 	C:\WINDOWS\SYSTEM32\profapi.dll
0x00007ffbfc3a0000 - 0x00007ffbfc3b9000 	C:\jdk-16.0.1\bin\net.dll
0x00007ffc29340000 - 0x00007ffc2944c000 	C:\WINDOWS\SYSTEM32\WINHTTP.dll
0x00007ffc2f920000 - 0x00007ffc2f98a000 	C:\WINDOWS\system32\mswsock.dll
0x00007ffbe0f40000 - 0x00007ffbe0f53000 	C:\jdk-16.0.1\bin\nio.dll
0x00007ffbe0f20000 - 0x00007ffbe0f38000 	C:\jdk-16.0.1\bin\zip.dll
0x00007ffbe0f10000 - 0x00007ffbe0f20000 	C:\jdk-16.0.1\bin\verify.dll
0x0000000073fa0000 - 0x000000007427e000 	C:\Users\dam_aap\AppData\Local\Temp\QtJambi_dam_aap_amd64_4.8.7_msvc2013x64-20150908-1314\lib\QtCore4.dll
0x00007ffc30c20000 - 0x00007ffc30d4a000 	C:\WINDOWS\System32\ole32.dll
0x00007ffbe9800000 - 0x00007ffbe98ef000 	C:\WINDOWS\SYSTEM32\MSVCR120.dll
0x00007ffbe9750000 - 0x00007ffbe97f6000 	C:\WINDOWS\SYSTEM32\MSVCP120.dll
0x00007ffc245a0000 - 0x00007ffc245e0000 	C:\Users\dam_aap\AppData\Local\Temp\QtJambi_dam_aap_amd64_4.8.7_msvc2013x64-20150908-1314\lib\qtjambi.dll
0x00007ffbe5690000 - 0x00007ffbe57bf000 	C:\Users\dam_aap\AppData\Local\Temp\QtJambi_dam_aap_amd64_4.8.7_msvc2013x64-20150908-1314\lib\com_trolltech_qt_core.dll
0x0000000073630000 - 0x0000000073f9e000 	C:\Users\dam_aap\AppData\Local\Temp\QtJambi_dam_aap_amd64_4.8.7_msvc2013x64-20150908-1314\lib\QtGui4.dll
0x00007ffc32a10000 - 0x00007ffc32aea000 	C:\WINDOWS\System32\COMDLG32.dll
0x00007ffc31450000 - 0x00007ffc3151d000 	C:\WINDOWS\System32\OLEAUT32.dll
0x00007ffbfc5b0000 - 0x00007ffbfc645000 	C:\WINDOWS\SYSTEM32\WINSPOOL.DRV
0x00007ffbe2180000 - 0x00007ffbe28af000 	C:\Users\dam_aap\AppData\Local\Temp\QtJambi_dam_aap_amd64_4.8.7_msvc2013x64-20150908-1314\lib\com_trolltech_qt_gui.dll
0x00007ffc2dc70000 - 0x00007ffc2dd0e000 	C:\WINDOWS\system32\uxtheme.dll
0x00007ffc31650000 - 0x00007ffc31765000 	C:\WINDOWS\System32\MSCTF.dll
0x00007ffc2cbf0000 - 0x00007ffc2cbfd000 	C:\Users\dam_aap\AppData\Local\Temp\QtJambi_dam_aap_amd64_4.8.7_msvc2013x64-20150908-1314\plugins\imageformats\qgif4.dll
0x00007ffc2b440000 - 0x00007ffc2b44e000 	C:\Users\dam_aap\AppData\Local\Temp\QtJambi_dam_aap_amd64_4.8.7_msvc2013x64-20150908-1314\plugins\imageformats\qico4.dll
0x00007ffc0fac0000 - 0x00007ffc0fafd000 	C:\Users\dam_aap\AppData\Local\Temp\QtJambi_dam_aap_amd64_4.8.7_msvc2013x64-20150908-1314\plugins\imageformats\qjpeg4.dll
0x00007ffc06560000 - 0x00007ffc065a9000 	C:\Users\dam_aap\AppData\Local\Temp\QtJambi_dam_aap_amd64_4.8.7_msvc2013x64-20150908-1314\plugins\imageformats\qmng4.dll
0x00007ffbe7e70000 - 0x00007ffbe7ecb000 	C:\Users\dam_aap\AppData\Local\Temp\QtJambi_dam_aap_amd64_4.8.7_msvc2013x64-20150908-1314\plugins\imageformats\qtiff4.dll
0x00007ffc295b0000 - 0x00007ffc296a9000 	C:\WINDOWS\SYSTEM32\textinputframework.dll
0x00007ffc2d2d0000 - 0x00007ffc2d62e000 	C:\WINDOWS\System32\CoreUIComponents.dll
0x00007ffc2d630000 - 0x00007ffc2d722000 	C:\WINDOWS\System32\CoreMessaging.dll
0x00007ffc2eec0000 - 0x00007ffc2eef3000 	C:\WINDOWS\SYSTEM32\ntmarta.dll
0x00007ffc2cc00000 - 0x00007ffc2cd54000 	C:\WINDOWS\SYSTEM32\wintypes.dll
0x00007ffc06a50000 - 0x00007ffc06b00000 	C:\WINDOWS\WinSxS\amd64_microsoft.windows.common-controls_6595b64144ccf1df_5.82.19041.1110_none_792d1c772443f647\comctl32.dll
0x00007ffc31950000 - 0x00007ffc319f9000 	C:\WINDOWS\System32\clbcatq.dll
0x00007ffc175e0000 - 0x00007ffc1761b000 	C:\WINDOWS\SYSTEM32\dxcore.dll
0x00007ffc30480000 - 0x00007ffc304ce000 	C:\WINDOWS\System32\cfgmgr32.dll

dbghelp: loaded successfully - version: 4.0.5 - missing functions: none
symbol engine: initialized successfully - sym options: 0x614 - pdb path: .;C:\jdk-16.0.1\bin;C:\WINDOWS\SYSTEM32;C:\WINDOWS\WinSxS\amd64_microsoft.windows.common-controls_6595b64144ccf1df_6.0.19041.1110_none_60b5254171f9507e;C:\jdk-16.0.1\bin\server;C:\Users\dam_aap\AppData\Local\Temp\QtJambi_dam_aap_amd64_4.8.7_msvc2013x64-20150908-1314\lib;C:\Users\dam_aap\AppData\Local\Temp\QtJambi_dam_aap_amd64_4.8.7_msvc2013x64-20150908-1314\plugins\imageformats;C:\WINDOWS\WinSxS\amd64_microsoft.windows.common-controls_6595b64144ccf1df_5.82.19041.1110_none_792d1c772443f647

VM Arguments:
jvm_args: -Dfile.encoding=UTF-8 --module-path=C:\Users\dam_aap\Desktop\ProyectoConjunto\gym\Gimansio3.0\Gimnasio1.0\Interfaz\NetBeans\GymDam\build\classes 
java_command: gymdam.GymDam
java_class_path (initial): D:\qtjambi-community-4.8.7-win64-msvc2013\qtjambi-4.8.7.jar;D:\qtjambi-community-4.8.7-win64-msvc2013\qtjambi-designer-4.8.7.jar;D:\qtjambi-community-4.8.7-win64-msvc2013\qtjambi-examples-4.8.7.jar;D:\qtjambi-community-4.8.7-win64-msvc2013\qtjambi-examples-src.jar;D:\qtjambi-community-4.8.7-win64-msvc2013\qtjambi-native-win64-msvc2013x64-4.8.7.jar;D:\qtjambi-community-4.8.7-win64-msvc2013\qtjambi-src.jar;C:\Users\dam_aap\Desktop\ProyectoConjunto\gym\Gimansio3.0\Gimnasio1.0\Interfaz\NetBeans\GymDam\build\classes
Launcher Type: SUN_STANDARD

[Global flags]
     intx CICompilerCount                          = 3                                         {product} {ergonomic}
     uint ConcGCThreads                            = 2                                         {product} {ergonomic}
     uint G1ConcRefinementThreads                  = 6                                         {product} {ergonomic}
   size_t G1HeapRegionSize                         = 1048576                                   {product} {ergonomic}
    uintx GCDrainStackTargetSize                   = 64                                        {product} {ergonomic}
   size_t InitialHeapSize                          = 132120576                                 {product} {ergonomic}
   size_t MarkStackSize                            = 4194304                                   {product} {ergonomic}
   size_t MaxHeapSize                              = 2090860544                                {product} {ergonomic}
   size_t MaxNewSize                               = 1254096896                                {product} {ergonomic}
   size_t MinHeapDeltaBytes                        = 1048576                                   {product} {ergonomic}
   size_t MinHeapSize                              = 8388608                                   {product} {ergonomic}
    uintx NonNMethodCodeHeapSize                   = 5832780                                {pd product} {ergonomic}
    uintx NonProfiledCodeHeapSize                  = 122912730                              {pd product} {ergonomic}
    uintx ProfiledCodeHeapSize                     = 122912730                              {pd product} {ergonomic}
    uintx ReservedCodeCacheSize                    = 251658240                              {pd product} {ergonomic}
     bool SegmentedCodeCache                       = true                                      {product} {ergonomic}
   size_t SoftMaxHeapSize                          = 2090860544                             {manageable} {ergonomic}
     bool UseCompressedClassPointers               = true                           {product lp64_product} {ergonomic}
     bool UseCompressedOops                        = true                           {product lp64_product} {ergonomic}
     bool UseG1GC                                  = true                                      {product} {ergonomic}
     bool UseLargePagesIndividualAllocation        = false                                  {pd product} {ergonomic}

Logging:
Log output configuration:
 #0: stdout all=warning uptime,level,tags
 #1: stderr all=off uptime,level,tags

Environment Variables:
JAVA_HOME=c:\jdk-16.0.1
PATH=C:\Program Files (x86)\VMware\VMware Player\bin\;C:\jdk-16.0.1\bin;C:\WINDOWS\system32;C:\WINDOWS;C:\WINDOWS\System32\Wbem;C:\WINDOWS\System32\WindowsPowerShell\v1.0\;C:\WINDOWS\System32\OpenSSH\;C:\Program Files\PowerShell\7\;C:\Program Files\Microsoft SQL Server\Client SDK\ODBC\170\Tools\Binn\;C:\Program Files (x86)\Microsoft SQL Server\150\Tools\Binn\;C:\Program Files\Microsoft SQL Server\150\Tools\Binn\;C:\Program Files\Microsoft SQL Server\150\DTS\Binn\;C:\Program Files\Azure Data Studio\bin;C:\Program Files\dotnet\;C:\ProgramData\chocolatey\bin;C:\flutter\bin;C:\Users\dam_aap\AppData\Local\Microsoft\WindowsApps;D:\Microsoft VS Code\bin;C:\Users\dam_aap\AppData\Local\Programs\Git\cmd
USERNAME=dam_aap
OS=Windows_NT
PROCESSOR_IDENTIFIER=Intel64 Family 6 Model 158 Stepping 10, GenuineIntel



---------------  S Y S T E M  ---------------

OS:
 Windows 10 , 64 bit Build 19041 (10.0.19041.1466)
OS uptime: 0 days 1:58 hours

CPU: total 6 (initial active 6) (6 cores per cpu, 1 threads per core) family 6 model 158 stepping 10 microcode 0xb4, cx8, cmov, fxsr, mmx, 3dnowpref, sse, sse2, sse3, ssse3, sse4.1, sse4.2, popcnt, lzcnt, tsc, tscinvbit, avx, avx2, aes, erms, clmul, bmi1, bmi2, rtm, adx, fma, vzeroupper, clflush, clflushopt

Memory: 4k page, system-wide physical 7973M (2409M free)
TotalPageFile size 14885M (AvailPageFile size 8144M)
current process WorkingSet (physical memory assigned to process): 63M, peak: 77M
current process commit charge ("private bytes"): 99M, peak: 231M

vm_info: OpenJDK 64-Bit Server VM (16.0.1+9-24) for windows-amd64 JRE (16.0.1+9-24), built on Mar 26 2021 19:30:07 by "mach5one" with MS VC++ 16.7 (VS2019)

END.
