#
# A fatal error has been detected by the Java Runtime Environment:
#
#  EXCEPTION_ACCESS_VIOLATION (0xc0000005) at pc=0x000000006ebe2cbd, pid=2140, tid=9360
#
# JRE version: OpenJDK Runtime Environment (16.0.1+9) (build 16.0.1+9-24)
# Java VM: OpenJDK 64-Bit Server VM (16.0.1+9-24, mixed mode, sharing, tiered, compressed oops, compressed class ptrs, g1 gc, windows-amd64)
# Problematic frame:
# C  [QtGui4.dll+0x62cbd]
#
# No core dump will be written. Minidumps are not enabled by default on client versions of Windows
#
# If you would like to submit a bug report, please visit:
#   https://bugreport.java.com/bugreport/crash.jsp
# The crash happened outside the Java Virtual Machine in native code.
# See problematic frame for where to report the bug.
#

---------------  S U M M A R Y ------------

Command Line: -Dfile.encoding=UTF-8 --module-path=C:\Users\dam_aap\Desktop\ProyectoConjunto\gym\Gimansio3.0\Gimnasio1.0\Interfaz\NetBeans\GymDam\build\classes gymdam.GymDam

Host: Intel(R) Core(TM) i5-9500 CPU @ 3.00GHz, 6 cores, 7G,  Windows 10 , 64 bit Build 19041 (10.0.19041.1466)
Time: Wed Feb 16 12:24:06 2022 Hora estándar romance elapsed time: 145.120668 seconds (0d 0h 2m 25s)

---------------  T H R E A D  ---------------

Current thread (0x00000268fec81d80):  JavaThread "" daemon [_thread_in_native, id=9360, stack(0x000000761b400000,0x000000761b500000)]

Stack: [0x000000761b400000,0x000000761b500000],  sp=0x000000761b4fecd0,  free space=1019k
Native frames: (J=compiled Java code, j=interpreted, Vv=VM code, C=native code)
C  [QtGui4.dll+0x62cbd]

Java frames: (J=compiled Java code, j=interpreted, Vv=VM code)
J 744  com.trolltech.qt.internal.QtJambiObject.finalize()V (0 bytes) @ 0x0000026887b0d0eb [0x0000026887b0d0a0+0x000000000000004b]
J 738 c1 java.lang.ref.Finalizer.runFinalizer(Ljdk/internal/access/JavaLangAccess;)V java.base@16.0.1 (131 bytes) @ 0x00000268806ae2a4 [0x00000268806adc40+0x0000000000000664]
j  java.lang.ref.Finalizer$FinalizerThread.run()V+46 java.base@16.0.1
v  ~StubRoutines::call_stub

siginfo: EXCEPTION_ACCESS_VIOLATION (0xc0000005), reading address 0x0000000000000008


Register to memory mapping:

RIP=0x000000006ebe2cbd QtGui4.dll
RAX=0x0 is NULL
RBX=0x00000000ffffffff is an unallocated location in the heap
RCX=0x000002689316b7b0 points into unknown readable memory: 0x0000000000000001 | 01 00 00 00 00 00 00 00
RDX=0x0000000000000001 is an unknown value
RSP=0x000000761b4fecd0 is pointing into the stack for thread: 0x00000268fec81d80
RBP=0x0 is NULL
RSI=0x0000026893725930 points into unknown readable memory: 0x000000006f1d3148 | 48 31 1d 6f 00 00 00 00
RDI=0x0000026893725930 points into unknown readable memory: 0x000000006f1d3148 | 48 31 1d 6f 00 00 00 00
R8 =0x00000000000000a7 is an unknown value
R9 =0x0000000000000040 is an unknown value
R10=0x0000000000000080 is an unknown value
R11=0xffffffffffffffff is an unknown value
R12=0x0000026893725a20 points into unknown readable memory: 0x000000006f17fe58 | 58 fe 17 6f 00 00 00 00
R13=0x00000268ff8893d0 points into unknown readable memory: 0x000000006f1e91f0 | f0 91 1e 6f 00 00 00 00
R14=0x0 is NULL
R15=0x0 is NULL


Registers:
RAX=0x0000000000000000, RBX=0x00000000ffffffff, RCX=0x000002689316b7b0, RDX=0x0000000000000001
RSP=0x000000761b4fecd0, RBP=0x0000000000000000, RSI=0x0000026893725930, RDI=0x0000026893725930
R8 =0x00000000000000a7, R9 =0x0000000000000040, R10=0x0000000000000080, R11=0xffffffffffffffff
R12=0x0000026893725a20, R13=0x00000268ff8893d0, R14=0x0000000000000000, R15=0x0000000000000000
RIP=0x000000006ebe2cbd, EFLAGS=0x0000000000010202

Top of Stack: (sp=0x000000761b4fecd0)
0x000000761b4fecd0:   000002689316b7b0 00000000ffffffff
0x000000761b4fece0:   0000000000000000 00007ffd217e69d8
0x000000761b4fecf0:   0000026800000000 0000000000000000
0x000000761b4fed00:   fffffffffffffffe 00000268fec81d80
0x000000761b4fed10:   0000000000000000 000000006eefb1ce
0x000000761b4fed20:   00000268930d5590 0000000000000001
0x000000761b4fed30:   000002689316b7b0 00000268fec822b0
0x000000761b4fed40:   0000000000000001 000000006eefaa44
0x000000761b4fed50:   0000026893725930 0000000000000000
0x000000761b4fed60:   0000026893546820 00007ffd696b5ba1
0x000000761b4fed70:   fffffffffffffffe 000000006ed5cd63
0x000000761b4fed80:   0000026893725930 00007ffd086429a5
0x000000761b4fed90:   0000026893725930 00000268fec82000
0x000000761b4feda0:   00000268ff84c4f0 000000006ed5ca74
0x000000761b4fedb0:   fffffffffffffffe 000000006f486298
0x000000761b4fedc0:   00000268ff8893d0 000000006f60ab73 

Instructions: (pc=0x000000006ebe2cbd)
0x000000006ebe2bbd:   8b 0e 48 3b cb 74 1b ff 15 66 9b 58 00 84 c0 75
0x000000006ebe2bcd:   0e ba 08 00 00 00 48 8b 0e ff 15 c4 9d 58 00 48
0x000000006ebe2bdd:   89 1e 48 83 c4 38 41 5e 5f 5e 5b c3 cc cc cc cc
0x000000006ebe2bed:   cc cc cc 40 57 48 83 ec 20 48 8b 41 f8 48 8b fa
0x000000006ebe2bfd:   48 3b 90 40 01 00 00 74 6c 48 8b 41 f8 48 89 5c
0x000000006ebe2c0d:   24 30 48 8d 59 f0 f7 80 c8 01 00 00 00 00 00 10
0x000000006ebe2c1d:   74 0c 48 8b 43 20 48 8b 08 48 85 c9 75 22 41 b0
0x000000006ebe2c2d:   01 ba 64 00 00 00 48 8b cb e8 95 2c 00 00 48 8b
0x000000006ebe2c3d:   4b 08 33 d2 e8 fa 7b ff ff 48 8b 43 20 48 8b 08
0x000000006ebe2c4d:   48 8b d7 ff 15 12 cf 58 00 48 8b 5c 24 30 85 c0
0x000000006ebe2c5d:   75 13 48 8d 0d 52 db 59 00 48 83 c4 20 5f 48 ff
0x000000006ebe2c6d:   25 fe a6 58 00 48 83 c4 20 5f c3 cc cc cc cc cc
0x000000006ebe2c7d:   cc cc cc 85 d2 74 68 57 48 83 ec 40 48 c7 44 24
0x000000006ebe2c8d:   30 fe ff ff ff 48 89 5c 24 50 8b da 48 8b f9 c7
0x000000006ebe2c9d:   44 24 20 00 00 00 00 45 33 c9 45 33 c0 33 d2 48
0x000000006ebe2cad:   8d 4c 24 60 e8 ba ba fd ff 90 ff 15 bb 9b 58 00
0x000000006ebe2cbd:   48 8b 48 08 48 81 c1 28 01 00 00 4c 8d 4c 24 60
0x000000006ebe2ccd:   4c 8b c7 8b d3 e8 f9 8c fe ff 90 48 8d 4c 24 60
0x000000006ebe2cdd:   e8 ee e2 fc ff 48 8b 5c 24 50 48 83 c4 40 5f c3
0x000000006ebe2ced:   cc cc cc 48 89 5c 24 10 48 89 6c 24 18 48 89 74
0x000000006ebe2cfd:   24 20 57 48 81 ec 90 00 00 00 48 8b 05 62 4e 8a
0x000000006ebe2d0d:   00 48 33 c4 48 89 84 24 80 00 00 00 48 8b f1 48
0x000000006ebe2d1d:   8b 09 48 8b fa 48 83 c1 68 ba 01 00 00 00 ff 15
0x000000006ebe2d2d:   ef 99 58 00 84 c0 74 08 48 8b ce e8 f3 7b fa ff
0x000000006ebe2d3d:   48 8b 0e 48 8b d1 48 8b d9 4c 63 49 6c 8b 69 70
0x000000006ebe2d4d:   4d 85 c9 78 42 48 8d 44 24 20 41 ba 08 00 00 00
0x000000006ebe2d5d:   4c 2b d0 4a 8b 5c ca 08 48 3b d9 74 20 44 8b 07
0x000000006ebe2d6d:   0f 1f 00 44 39 43 f8 7d 14 4b 8d 04 ca 48 8b d3
0x000000006ebe2d7d:   48 03 c3 48 8b 5c 04 20 48 3b d9 75 e6 4a 89 54
0x000000006ebe2d8d:   cc 20 49 ff c9 79 cc 48 3b d9 74 3d 8b 43 f8 39
0x000000006ebe2d9d:   07 7c 36 48 8b 0e 4c 8b cb 48 8b 5b 08 48 3b d9
0x000000006ebe2dad:   74 0e 8b 43 f8 41 39 41 f8 7c 05 40 b7 01 eb 03 


Stack slot to memory mapping:
stack at sp + 0 slots: 0x000002689316b7b0 points into unknown readable memory: 0x0000000000000001 | 01 00 00 00 00 00 00 00
stack at sp + 1 slots: 0x00000000ffffffff is an unallocated location in the heap
stack at sp + 2 slots: 0x0 is NULL
stack at sp + 3 slots: 0x00007ffd217e69d8 MSVCR120.dll
stack at sp + 4 slots: 0x0000026800000000 is an unknown value
stack at sp + 5 slots: 0x0 is NULL
stack at sp + 6 slots: 0xfffffffffffffffe is an unknown value
stack at sp + 7 slots: 0x00000268fec81d80 is a thread


---------------  P R O C E S S  ---------------

Threads class SMR info:
_java_thread_list=0x0000026893a832c0, length=14, elements={
0x00000268fec81180, 0x00000268fec81d80, 0x00000268fec8d2f0, 0x00000268fec8ddf0,
0x00000268fec8e7f0, 0x00000268fec8f1f0, 0x00000268fec90f30, 0x00000268fec94f20,
0x00000268fec9f590, 0x00000268ff870d50, 0x00000268ff8edd70, 0x0000026893b31790,
0x00000268f4152240, 0x00000268ff90b050
}

Java Threads: ( => current thread )
  0x00000268fec81180 JavaThread "Reference Handler" daemon [_thread_blocked, id=6664, stack(0x000000761b300000,0x000000761b400000)]
=>0x00000268fec81d80 JavaThread "Finalizer" daemon [_thread_in_native, id=9360, stack(0x000000761b400000,0x000000761b500000)]
  0x00000268fec8d2f0 JavaThread "Signal Dispatcher" daemon [_thread_blocked, id=416, stack(0x000000761b500000,0x000000761b600000)]
  0x00000268fec8ddf0 JavaThread "Attach Listener" daemon [_thread_blocked, id=10116, stack(0x000000761b600000,0x000000761b700000)]
  0x00000268fec8e7f0 JavaThread "Service Thread" daemon [_thread_blocked, id=3268, stack(0x000000761b700000,0x000000761b800000)]
  0x00000268fec8f1f0 JavaThread "Monitor Deflation Thread" daemon [_thread_blocked, id=9952, stack(0x000000761b800000,0x000000761b900000)]
  0x00000268fec90f30 JavaThread "C2 CompilerThread0" daemon [_thread_blocked, id=5976, stack(0x000000761b900000,0x000000761ba00000)]
  0x00000268fec94f20 JavaThread "C1 CompilerThread0" daemon [_thread_blocked, id=3864, stack(0x000000761ba00000,0x000000761bb00000)]
  0x00000268fec9f590 JavaThread "Sweeper thread" daemon [_thread_blocked, id=8172, stack(0x000000761bb00000,0x000000761bc00000)]
  0x00000268ff870d50 JavaThread "Common-Cleaner" daemon [_thread_blocked, id=11872, stack(0x000000761bc00000,0x000000761bd00000)]
  0x00000268ff8edd70 JavaThread "Notification Thread" daemon [_thread_blocked, id=6436, stack(0x000000761bd00000,0x000000761be00000)]
  0x0000026893b31790 JavaThread "Keep-Alive-Timer" daemon [_thread_blocked, id=8796, stack(0x000000761ab00000,0x000000761ac00000)]
  0x00000268f4152240 JavaThread "DestroyJavaVM" [_thread_blocked, id=5936, stack(0x000000761ac00000,0x000000761ad00000)]
  0x00000268ff90b050 JavaThread "Thread-2" daemon [_thread_in_native, id=2712, stack(0x000000761c500000,0x000000761c600000)]

Other Threads:
  0x00000268fec7b280 VMThread "VM Thread" [stack: 0x000000761b200000,0x000000761b300000] [id=12212]
  0x00000268f4153000 WatcherThread [stack: 0x000000761be00000,0x000000761bf00000] [id=3024]
  0x00000268f4191700 GCTaskThread "GC Thread#0" [stack: 0x000000761ad00000,0x000000761ae00000] [id=11428]
  0x00000268ff818bc0 GCTaskThread "GC Thread#1" [stack: 0x000000761bf00000,0x000000761c000000] [id=2576]
  0x00000268ff86fa30 GCTaskThread "GC Thread#2" [stack: 0x000000761c100000,0x000000761c200000] [id=7492]
  0x00000268ff9f70a0 GCTaskThread "GC Thread#3" [stack: 0x000000761c200000,0x000000761c300000] [id=564]
  0x00000268ff9d4100 GCTaskThread "GC Thread#4" [stack: 0x000000761c300000,0x000000761c400000] [id=1844]
  0x00000268ff9010a0 GCTaskThread "GC Thread#5" [stack: 0x000000761c400000,0x000000761c500000] [id=3064]
  0x00000268f41a2020 ConcurrentGCThread "G1 Main Marker" [stack: 0x000000761ae00000,0x000000761af00000] [id=11640]
  0x00000268f41a3150 ConcurrentGCThread "G1 Conc#0" [stack: 0x000000761af00000,0x000000761b000000] [id=1852]
  0x00000268f4224320 ConcurrentGCThread "G1 Refine#0" [stack: 0x000000761b000000,0x000000761b100000] [id=7448]
  0x00000268f4224cc0 ConcurrentGCThread "G1 Service" [stack: 0x000000761b100000,0x000000761b200000] [id=12004]

Threads with active compile tasks:

VM state: not at safepoint (normal execution)

VM Mutex/Monitor currently owned by a thread: None

Heap address: 0x0000000083600000, size: 1994 MB, Compressed Oops mode: 32-bit

CDS archive(s) mapped at: [0x0000000800000000-0x0000000800bb0000-0x0000000800bb0000), size 12255232, SharedBaseAddress: 0x0000000800000000, ArchiveRelocationMode: 0.
Compressed class space mapped at: 0x0000000800c00000-0x0000000840c00000, reserved size: 1073741824
Narrow klass base: 0x0000000800000000, Narrow klass shift: 3, Narrow klass range: 0x100000000

GC Precious Log:
 CPUs: 6 total, 6 available
 Memory: 7973M
 Large Page Support: Disabled
 NUMA Support: Disabled
 Compressed Oops: Enabled (32-bit)
 Heap Region Size: 1M
 Heap Min Capacity: 8M
 Heap Initial Capacity: 126M
 Heap Max Capacity: 1994M
 Pre-touch: Disabled
 Parallel Workers: 6
 Concurrent Workers: 2
 Concurrent Refinement Workers: 6
 Periodic GC: Disabled

Heap:
 garbage-first heap   total 20480K, used 5650K [0x0000000083600000, 0x0000000100000000)
  region size 1024K, 1 young (1024K), 0 survivors (0K)
 Metaspace       used 10609K, committed 10752K, reserved 1064960K
  class space    used 1117K, committed 1152K, reserved 1048576K

Heap Regions: E=young(eden), S=young(survivor), O=old, HS=humongous(starts), HC=humongous(continues), CS=collection set, F=free, OA=open archive, CA=closed archive, TAMS=top-at-mark-start (previous, next)
|   0|0x0000000083600000, 0x00000000836ffff0, 0x0000000083700000| 99%| O|  |TAMS 0x0000000083600000, 0x0000000083600000| Untracked 
|   1|0x0000000083700000, 0x00000000837fd790, 0x0000000083800000| 99%| O|  |TAMS 0x0000000083700000, 0x0000000083700000| Untracked 
|   2|0x0000000083800000, 0x00000000838ffff0, 0x0000000083900000| 99%| O|  |TAMS 0x0000000083800000, 0x0000000083800000| Untracked 
|   3|0x0000000083900000, 0x00000000839ff150, 0x0000000083a00000| 99%| O|  |TAMS 0x0000000083900000, 0x0000000083900000| Untracked 
|   4|0x0000000083a00000, 0x0000000083a921d0, 0x0000000083b00000| 57%| O|  |TAMS 0x0000000083a00000, 0x0000000083a00000| Untracked 
|   5|0x0000000083b00000, 0x0000000083bf5e68, 0x0000000083c00000| 96%| O|  |TAMS 0x0000000083b00000, 0x0000000083b00000| Untracked 
|   6|0x0000000083c00000, 0x0000000083c00000, 0x0000000083d00000|  0%| F|  |TAMS 0x0000000083c00000, 0x0000000083c00000| Untracked 
|   7|0x0000000083d00000, 0x0000000083d00000, 0x0000000083e00000|  0%| F|  |TAMS 0x0000000083d00000, 0x0000000083d00000| Untracked 
|   8|0x0000000083e00000, 0x0000000083e00000, 0x0000000083f00000|  0%| F|  |TAMS 0x0000000083e00000, 0x0000000083e00000| Untracked 
|   9|0x0000000083f00000, 0x0000000083f00000, 0x0000000084000000|  0%| F|  |TAMS 0x0000000083f00000, 0x0000000083f00000| Untracked 
|  10|0x0000000084000000, 0x0000000084000000, 0x0000000084100000|  0%| F|  |TAMS 0x0000000084000000, 0x0000000084000000| Untracked 
|  11|0x0000000084100000, 0x0000000084100000, 0x0000000084200000|  0%| F|  |TAMS 0x0000000084100000, 0x0000000084100000| Untracked 
|  12|0x0000000084200000, 0x0000000084200000, 0x0000000084300000|  0%| F|  |TAMS 0x0000000084200000, 0x0000000084200000| Untracked 
|  13|0x0000000084300000, 0x0000000084300000, 0x0000000084400000|  0%| F|  |TAMS 0x0000000084300000, 0x0000000084300000| Untracked 
|  14|0x0000000084400000, 0x0000000084400000, 0x0000000084500000|  0%| F|  |TAMS 0x0000000084400000, 0x0000000084400000| Untracked 
|  15|0x0000000084500000, 0x0000000084500000, 0x0000000084600000|  0%| F|  |TAMS 0x0000000084500000, 0x0000000084500000| Untracked 
|  16|0x0000000084600000, 0x0000000084600000, 0x0000000084700000|  0%| F|  |TAMS 0x0000000084600000, 0x0000000084600000| Untracked 
|  17|0x0000000084700000, 0x0000000084700000, 0x0000000084800000|  0%| F|  |TAMS 0x0000000084700000, 0x0000000084700000| Untracked 
|  18|0x0000000084800000, 0x0000000084800000, 0x0000000084900000|  0%| F|  |TAMS 0x0000000084800000, 0x0000000084800000| Untracked 
| 104|0x0000000089e00000, 0x0000000089e0da78, 0x0000000089f00000|  5%| E|  |TAMS 0x0000000089e00000, 0x0000000089e00000| Complete 

Card table byte_map: [0x00000268fbdc0000,0x00000268fc1b0000] _byte_map_base: 0x00000268fb9a5000

Marking Bits (Prev, Next): (CMBitMap*) 0x00000268f4191cd0, (CMBitMap*) 0x00000268f4191c90
 Prev Bits: [0x000002688f000000, 0x0000026890f28000)
 Next Bits: [0x00000268fc5a0000, 0x00000268fe4c8000)

Polling page: 0x00000268f2120000

Metaspace:

Usage:
  Non-class:      9.27 MB used.
      Class:      1.09 MB used.
       Both:     10.36 MB used.

Virtual space:
  Non-class space:       16.00 MB reserved,       9.38 MB ( 59%) committed,  2 nodes.
      Class space:        1.00 GB reserved,       1.12 MB ( <1%) committed,  1 nodes.
              Both:        1.02 GB reserved,      10.50 MB (  1%) committed. 

Chunk freelists:
   Non-Class:  2.41 MB
       Class:  2.75 MB
        Both:  5.16 MB

MaxMetaspaceSize: 17179869184.00 GB
CompressedClassSpaceSize: 1.00 GB
 - commit_granule_bytes: 65536.
 - commit_granule_words: 8192.
 - virtual_space_node_default_size: 1048576.
 - enlarge_chunks_in_place: 1.
 - new_chunks_are_fully_committed: 0.
 - uncommit_free_chunks: 1.
 - use_allocation_guard: 0.
 - handle_deallocations: 1.


Internal statistics:

num_allocs_failed_limit: 0.
num_arena_births: 94.
num_arena_deaths: 0.
num_vsnodes_births: 3.
num_vsnodes_deaths: 0.
num_space_committed: 168.
num_space_uncommitted: 0.
num_chunks_returned_to_freelist: 0.
num_chunks_taken_from_freelist: 366.
num_chunk_merges: 0.
num_chunk_splits: 271.
num_chunks_enlarged: 219.
num_purges: 0.

CodeHeap 'non-profiled nmethods': size=120000Kb used=520Kb max_used=520Kb free=119479Kb
 bounds [0x0000026887ad0000, 0x0000026887d40000, 0x000002688f000000]
CodeHeap 'profiled nmethods': size=120000Kb used=2343Kb max_used=2343Kb free=117656Kb
 bounds [0x00000268805a0000, 0x0000026880810000, 0x0000026887ad0000]
CodeHeap 'non-nmethods': size=5760Kb used=1201Kb max_used=1230Kb free=4558Kb
 bounds [0x0000026880000000, 0x0000026880270000, 0x00000268805a0000]
 total_blobs=1927 nmethods=1428 adapters=412
 compilation: enabled
              stopped_count=0, restarted_count=0
 full_count=0

Compilation events (20 events):
Event: 145.084 Thread 0x00000268fec94f20 1419       3       java.nio.CharBuffer::hasArray (20 bytes)
Event: 145.084 Thread 0x00000268fec94f20 nmethod 1419 0x00000268807e6c90 code [0x00000268807e6e20, 0x00000268807e6fd8]
Event: 145.084 Thread 0x00000268fec94f20 1420       3       java.nio.ByteBuffer::hasArray (20 bytes)
Event: 145.084 Thread 0x00000268fec94f20 nmethod 1420 0x00000268807e7090 code [0x00000268807e7220, 0x00000268807e73d8]
Event: 145.088 Thread 0x00000268fec94f20 1421       3       java.io.PrintStream::ensureOpen (18 bytes)
Event: 145.088 Thread 0x00000268fec94f20 nmethod 1421 0x00000268807e7490 code [0x00000268807e7640, 0x00000268807e7868]
Event: 145.091 Thread 0x00000268fec90f30 1422       4       java.lang.StringLatin1::inflate (34 bytes)
Event: 145.091 Thread 0x00000268fec94f20 1423   !   3       java.io.BufferedWriter::write (117 bytes)
Event: 145.091 Thread 0x00000268fec94f20 nmethod 1423 0x00000268807e7910 code [0x00000268807e7b20, 0x00000268807e8108]
Event: 145.091 Thread 0x00000268fec94f20 1424       3       java.io.BufferedWriter::min (9 bytes)
Event: 145.091 Thread 0x00000268fec94f20 nmethod 1424 0x00000268807e8490 code [0x00000268807e8640, 0x00000268807e87b8]
Event: 145.091 Thread 0x00000268fec94f20 1425       3       java.io.Writer::write (11 bytes)
Event: 145.091 Thread 0x00000268fec94f20 nmethod 1425 0x00000268807e8890 code [0x00000268807e8a60, 0x00000268807e8d48]
Event: 145.093 Thread 0x00000268fec94f20 1426       3       java.io.OutputStream::flush (1 bytes)
Event: 145.094 Thread 0x00000268fec94f20 nmethod 1426 0x00000268807e8e90 code [0x00000268807e9020, 0x00000268807e9138]
Event: 145.094 Thread 0x00000268fec94f20 1427  s    3       java.io.BufferedOutputStream::flush (12 bytes)
Event: 145.095 Thread 0x00000268fec94f20 nmethod 1427 0x00000268807e9210 code [0x00000268807e93e0, 0x00000268807e97f8]
Event: 145.095 Thread 0x00000268fec94f20 1428       3       java.io.BufferedOutputStream::flushBuffer (29 bytes)
Event: 145.095 Thread 0x00000268fec94f20 nmethod 1428 0x00000268807e9910 code [0x00000268807e9ac0, 0x00000268807e9ce8]
Event: 145.096 Thread 0x00000268fec90f30 nmethod 1422 0x0000026887b51a90 code [0x0000026887b51c20, 0x0000026887b51f58]

GC Heap History (6 events):
Event: 8.472 GC heap before
{Heap before GC invocations=0 (full 0):
 garbage-first heap   total 129024K, used 20480K [0x0000000083600000, 0x0000000100000000)
  region size 1024K, 21 young (21504K), 0 survivors (0K)
 Metaspace       used 4836K, committed 4992K, reserved 1056768K
  class space    used 409K, committed 512K, reserved 1048576K
}
Event: 8.476 GC heap after
{Heap after GC invocations=1 (full 0):
 garbage-first heap   total 129024K, used 3939K [0x0000000083600000, 0x0000000100000000)
  region size 1024K, 3 young (3072K), 3 survivors (3072K)
 Metaspace       used 4836K, committed 4992K, reserved 1056768K
  class space    used 409K, committed 512K, reserved 1048576K
}
Event: 145.027 GC heap before
{Heap before GC invocations=1 (full 0):
 garbage-first heap   total 129024K, used 28515K [0x0000000083600000, 0x0000000100000000)
  region size 1024K, 28 young (28672K), 3 survivors (3072K)
 Metaspace       used 10538K, committed 10688K, reserved 1064960K
  class space    used 1109K, committed 1152K, reserved 1048576K
}
Event: 145.038 GC heap after
{Heap after GC invocations=2 (full 1):
 garbage-first heap   total 27648K, used 5698K [0x0000000083600000, 0x0000000100000000)
  region size 1024K, 0 young (0K), 0 survivors (0K)
 Metaspace       used 10538K, committed 10688K, reserved 1064960K
  class space    used 1109K, committed 1152K, reserved 1048576K
}
Event: 145.103 GC heap before
{Heap before GC invocations=2 (full 1):
 garbage-first heap   total 27648K, used 5698K [0x0000000083600000, 0x0000000100000000)
  region size 1024K, 1 young (1024K), 0 survivors (0K)
 Metaspace       used 10597K, committed 10752K, reserved 1064960K
  class space    used 1116K, committed 1152K, reserved 1048576K
}
Event: 145.113 GC heap after
{Heap after GC invocations=3 (full 2):
 garbage-first heap   total 20480K, used 5653K [0x0000000083600000, 0x0000000100000000)
  region size 1024K, 0 young (0K), 0 survivors (0K)
 Metaspace       used 10597K, committed 10752K, reserved 1064960K
  class space    used 1116K, committed 1152K, reserved 1048576K
}

Deoptimization events (20 events):
Event: 98.398 Thread 0x00000268f4152240 Uncommon trap: trap_request=0xffffffc6 fr.pc=0x0000026887b47b70 relative=0x00000000000013b0
Event: 98.398 Thread 0x00000268f4152240 Uncommon trap: reason=bimorphic_or_optimized_type_check action=maybe_recompile pc=0x0000026887b47b70 method=java.util.HashMap.putVal(ILjava/lang/Object;Ljava/lang/Object;ZZ)Ljava/lang/Object; @ 56 c2
Event: 98.398 Thread 0x00000268f4152240 DEOPT PACKING pc=0x0000026887b47b70 sp=0x000000761acf7d00
Event: 98.398 Thread 0x00000268f4152240 DEOPT UNPACKING pc=0x000002688004d72e sp=0x000000761acf7c30 mode 2
Event: 98.475 Thread 0x00000268f4152240 Uncommon trap: trap_request=0xffffff45 fr.pc=0x0000026887b1a36c relative=0x00000000000002ac
Event: 98.475 Thread 0x00000268f4152240 Uncommon trap: reason=unstable_if action=reinterpret pc=0x0000026887b1a36c method=java.util.HashMap.hash(Ljava/lang/Object;)I @ 1 c2
Event: 98.475 Thread 0x00000268f4152240 DEOPT PACKING pc=0x0000026887b1a36c sp=0x000000761acf9980
Event: 98.475 Thread 0x00000268f4152240 DEOPT UNPACKING pc=0x000002688004d72e sp=0x000000761acf9828 mode 2
Event: 98.475 Thread 0x00000268f4152240 Uncommon trap: trap_request=0xffffff45 fr.pc=0x0000026887b47d68 relative=0x00000000000015a8
Event: 98.475 Thread 0x00000268f4152240 Uncommon trap: reason=unstable_if action=reinterpret pc=0x0000026887b47d68 method=java.util.HashMap.hash(Ljava/lang/Object;)I @ 1 c2
Event: 98.475 Thread 0x00000268f4152240 DEOPT PACKING pc=0x0000026887b47d68 sp=0x000000761acf9920
Event: 98.475 Thread 0x00000268f4152240 DEOPT UNPACKING pc=0x000002688004d72e sp=0x000000761acf98d0 mode 2
Event: 98.475 Thread 0x00000268f4152240 Uncommon trap: trap_request=0xffffff45 fr.pc=0x0000026887b13990 relative=0x00000000000002d0
Event: 98.475 Thread 0x00000268f4152240 Uncommon trap: reason=unstable_if action=reinterpret pc=0x0000026887b13990 method=java.util.HashMap.hash(Ljava/lang/Object;)I @ 1 c2
Event: 98.475 Thread 0x00000268f4152240 DEOPT PACKING pc=0x0000026887b13990 sp=0x000000761acf9900
Event: 98.475 Thread 0x00000268f4152240 DEOPT UNPACKING pc=0x000002688004d72e sp=0x000000761acf9818 mode 2
Event: 98.475 Thread 0x00000268f4152240 Uncommon trap: trap_request=0xffffff45 fr.pc=0x0000026887b497bc relative=0x000000000000009c
Event: 98.475 Thread 0x00000268f4152240 Uncommon trap: reason=unstable_if action=reinterpret pc=0x0000026887b497bc method=java.util.HashMap.hash(Ljava/lang/Object;)I @ 1 c2
Event: 98.475 Thread 0x00000268f4152240 DEOPT PACKING pc=0x0000026887b497bc sp=0x000000761acf9930
Event: 98.475 Thread 0x00000268f4152240 DEOPT UNPACKING pc=0x000002688004d72e sp=0x000000761acf98c8 mode 2

Classes unloaded (0 events):
No events

Classes redefined (0 events):
No events

Internal exceptions (14 events):
Event: 0.058 Thread 0x00000268f4152240 Exception <a 'sun/nio/fs/WindowsException'{0x000000008b235698}> (0x000000008b235698) 
thrown [t:\workspace\open\src\hotspot\share\prims\jni.cpp, line 579]
Event: 0.058 Thread 0x00000268f4152240 Exception <a 'sun/nio/fs/WindowsException'{0x000000008b235cb8}> (0x000000008b235cb8) 
thrown [t:\workspace\open\src\hotspot\share\prims\jni.cpp, line 579]
Event: 0.059 Thread 0x00000268f4152240 Exception <a 'sun/nio/fs/WindowsException'{0x000000008b238fd8}> (0x000000008b238fd8) 
thrown [t:\workspace\open\src\hotspot\share\prims\jni.cpp, line 579]
Event: 0.154 Thread 0x00000268f4152240 Exception <a 'java/lang/NoSuchMethodError'{0x000000008a6a4c68}: 'void java.lang.invoke.DirectMethodHandle$Holder.invokeSpecial(java.lang.Object, java.lang.Object, java.lang.Object)'> (0x000000008a6a4c68) 
thrown [t:\workspace\open\src\hotspot\share\interpreter\linkResolver.cpp, line 790]
Event: 0.156 Thread 0x00000268f4152240 Exception <a 'java/lang/NoSuchMethodError'{0x000000008a6b5308}: 'java.lang.Object java.lang.invoke.DirectMethodHandle$Holder.invokeStatic(java.lang.Object)'> (0x000000008a6b5308) 
thrown [t:\workspace\open\src\hotspot\share\interpreter\linkResolver.cpp, line 790]
Event: 98.204 Thread 0x00000268f4152240 Exception <a 'java/lang/NoSuchMethodError'{0x000000008acba720}: 'java.lang.Object java.lang.invoke.DirectMethodHandle$Holder.invokeStaticInit(java.lang.Object)'> (0x000000008acba720) 
thrown [t:\workspace\open\src\hotspot\share\interpreter\linkResolver.cpp, line 790]
Event: 98.204 Thread 0x00000268f4152240 Exception <a 'java/lang/NoSuchMethodError'{0x000000008acc0a00}: 'java.lang.Object java.lang.invoke.DirectMethodHandle$Holder.invokeInterface(java.lang.Object, java.lang.Object)'> (0x000000008acc0a00) 
thrown [t:\workspace\open\src\hotspot\share\interpreter\linkResolver.cpp, line 790]
Event: 98.248 Thread 0x00000268f4152240 Exception <a 'java/lang/NoSuchMethodError'{0x000000008a85c7d0}: 'java.lang.Object java.lang.invoke.DirectMethodHandle$Holder.newInvokeSpecial(java.lang.Object, java.lang.Object, java.lang.Object, java.lang.Object, java.lang.Object)'> (0x000000008a85c7d0) 
thrown [t:\workspace\open\src\hotspot\share\interpreter\linkResolver.cpp, line 790]
Event: 98.312 Thread 0x00000268f4152240 Exception <a 'java/lang/NoSuchMethodError'{0x000000008a430b18}: 'java.lang.Object java.lang.invoke.DirectMethodHandle$Holder.invokeSpecial(java.lang.Object, java.lang.Object, java.lang.Object, java.lang.Object, java.lang.Object, java.lang.Object, int)'> (0x000000008a430b18) 
thrown [t:\workspace\open\src\hotspot\share\interpreter\linkResolver.cpp, line 790]
Event: 98.424 Thread 0x00000268f4152240 Exception <a 'java/lang/NoSuchMethodError'{0x0000000089942a38}: 'void java.lang.invoke.DirectMethodHandle$Holder.invokeStatic(java.lang.Object, java.lang.Object)'> (0x0000000089942a38) 
thrown [t:\workspace\open\src\hotspot\share\interpreter\linkResolver.cpp, line 790]
Event: 98.475 Thread 0x00000268f4152240 Implicit null exception at 0x0000026887b1a10c to 0x0000026887b1a350
Event: 98.475 Thread 0x00000268f4152240 Implicit null exception at 0x0000026887b46801 to 0x0000026887b47d54
Event: 98.475 Thread 0x00000268f4152240 Implicit null exception at 0x0000026887b13720 to 0x0000026887b13970
Event: 98.475 Thread 0x00000268f4152240 Implicit null exception at 0x0000026887b4972f to 0x0000026887b497ad

Events (20 events):
Event: 145.039 loading class java/lang/ref/Finalizer$2
Event: 145.039 loading class java/lang/ref/Finalizer$2 done
Event: 145.039 loading class java/lang/ref/Finalizer$1
Event: 145.039 loading class java/lang/ref/Finalizer$1 done
Event: 145.039 Thread 0x00000268ff82d3e0 Thread added: 0x00000268ff82d3e0
Event: 145.039 Thread 0x00000268ff82d3e0 Thread exited: 0x00000268ff82d3e0
Event: 145.049 Thread 0x00000268f4152240 Thread exited: 0x00000268f4152240
Event: 145.049 Thread 0x00000268f4152240 Thread added: 0x00000268f4152240
Event: 145.049 Thread 0x00000268ff82d3e0 Thread added: 0x00000268ff82d3e0
Event: 145.049 Thread 0x00000268936f4e80 Thread added: 0x00000268936f4e80
Event: 145.049 Thread 0x00000268936f4e80 Thread exited: 0x00000268936f4e80
Event: 145.050 loading class java/lang/Throwable$WrappedPrintStream
Event: 145.050 loading class java/lang/Throwable$PrintStreamOrWriter
Event: 145.050 loading class java/lang/Throwable$PrintStreamOrWriter done
Event: 145.050 loading class java/lang/Throwable$WrappedPrintStream done
Event: 145.051 loading class java/lang/StackTraceElement$HashedModules
Event: 145.051 loading class java/lang/StackTraceElement$HashedModules done
Event: 145.102 Executing  VM operation: G1CollectFull
Event: 145.113 Executing  VM operation: G1CollectFull done
Event: 145.114 Thread 0x00000268ff9027d0 Thread added: 0x00000268ff9027d0


Dynamic libraries:
0x00007ff7f3ee0000 - 0x00007ff7f3eee000 	C:\jdk-16.0.1\bin\java.exe
0x00007ffd69690000 - 0x00007ffd69885000 	C:\WINDOWS\SYSTEM32\ntdll.dll
0x00007ffd67c70000 - 0x00007ffd67d2e000 	C:\WINDOWS\System32\KERNEL32.DLL
0x00007ffd66da0000 - 0x00007ffd67068000 	C:\WINDOWS\System32\KERNELBASE.dll
0x00007ffd675d0000 - 0x00007ffd676d0000 	C:\WINDOWS\System32\ucrtbase.dll
0x00007ffd22eb0000 - 0x00007ffd22ec8000 	C:\jdk-16.0.1\bin\jli.dll
0x00007ffd61cb0000 - 0x00007ffd61cc9000 	C:\jdk-16.0.1\bin\VCRUNTIME140.dll
0x00007ffd69390000 - 0x00007ffd69531000 	C:\WINDOWS\System32\USER32.dll
0x00007ffd5beb0000 - 0x00007ffd5c14a000 	C:\WINDOWS\WinSxS\amd64_microsoft.windows.common-controls_6595b64144ccf1df_6.0.19041.1110_none_60b5254171f9507e\COMCTL32.dll
0x00007ffd671a0000 - 0x00007ffd671c2000 	C:\WINDOWS\System32\win32u.dll
0x00007ffd67d40000 - 0x00007ffd67dde000 	C:\WINDOWS\System32\msvcrt.dll
0x00007ffd67eb0000 - 0x00007ffd67edb000 	C:\WINDOWS\System32\GDI32.dll
0x00007ffd67330000 - 0x00007ffd6743d000 	C:\WINDOWS\System32\gdi32full.dll
0x00007ffd67100000 - 0x00007ffd6719d000 	C:\WINDOWS\System32\msvcp_win.dll
0x00007ffd695c0000 - 0x00007ffd695f0000 	C:\WINDOWS\System32\IMM32.DLL
0x00007ffd61ca0000 - 0x00007ffd61cac000 	C:\jdk-16.0.1\bin\vcruntime140_1.dll
0x00007ffd3f6a0000 - 0x00007ffd3f731000 	C:\jdk-16.0.1\bin\msvcp140.dll
0x00007ffd0ce40000 - 0x00007ffd0d9eb000 	C:\jdk-16.0.1\bin\server\jvm.dll
0x00007ffd68b90000 - 0x00007ffd68c3e000 	C:\WINDOWS\System32\ADVAPI32.dll
0x00007ffd68200000 - 0x00007ffd6829c000 	C:\WINDOWS\System32\sechost.dll
0x00007ffd680d0000 - 0x00007ffd681f5000 	C:\WINDOWS\System32\RPCRT4.dll
0x00007ffd67f90000 - 0x00007ffd67f98000 	C:\WINDOWS\System32\PSAPI.DLL
0x00007ffd62260000 - 0x00007ffd62269000 	C:\WINDOWS\SYSTEM32\WSOCK32.dll
0x00007ffd5bc20000 - 0x00007ffd5bc47000 	C:\WINDOWS\SYSTEM32\WINMM.dll
0x00007ffd619b0000 - 0x00007ffd619ba000 	C:\WINDOWS\SYSTEM32\VERSION.dll
0x00007ffd68940000 - 0x00007ffd689ab000 	C:\WINDOWS\System32\WS2_32.dll
0x00007ffd64cb0000 - 0x00007ffd64cc2000 	C:\WINDOWS\SYSTEM32\kernel.appcore.dll
0x00007ffd61c90000 - 0x00007ffd61c9a000 	C:\jdk-16.0.1\bin\jimage.dll
0x00007ffd5af80000 - 0x00007ffd5b164000 	C:\WINDOWS\SYSTEM32\DBGHELP.DLL
0x00007ffd5a620000 - 0x00007ffd5a64c000 	C:\WINDOWS\SYSTEM32\dbgcore.DLL
0x00007ffd67070000 - 0x00007ffd670f2000 	C:\WINDOWS\System32\bcryptPrimitives.dll
0x00007ffd5bb10000 - 0x00007ffd5bb35000 	C:\jdk-16.0.1\bin\java.dll
0x00007ffd68c40000 - 0x00007ffd69384000 	C:\WINDOWS\System32\SHELL32.dll
0x00007ffd64eb0000 - 0x00007ffd65645000 	C:\WINDOWS\SYSTEM32\windows.storage.dll
0x00007ffd676d0000 - 0x00007ffd67a25000 	C:\WINDOWS\System32\combase.dll
0x00007ffd66720000 - 0x00007ffd6674e000 	C:\WINDOWS\SYSTEM32\Wldp.dll
0x00007ffd682a0000 - 0x00007ffd6834d000 	C:\WINDOWS\System32\SHCORE.dll
0x00007ffd67a30000 - 0x00007ffd67a85000 	C:\WINDOWS\System32\shlwapi.dll
0x00007ffd66ce0000 - 0x00007ffd66cff000 	C:\WINDOWS\SYSTEM32\profapi.dll
0x00007ffd5bad0000 - 0x00007ffd5bae9000 	C:\jdk-16.0.1\bin\net.dll
0x00007ffd61a40000 - 0x00007ffd61b4c000 	C:\WINDOWS\SYSTEM32\WINHTTP.dll
0x00007ffd66480000 - 0x00007ffd664ea000 	C:\WINDOWS\system32\mswsock.dll
0x00007ffd46790000 - 0x00007ffd467a3000 	C:\jdk-16.0.1\bin\nio.dll
0x00007ffd46770000 - 0x00007ffd46788000 	C:\jdk-16.0.1\bin\zip.dll
0x00007ffd5bac0000 - 0x00007ffd5bad0000 	C:\jdk-16.0.1\bin\verify.dll
0x000000006f4f0000 - 0x000000006f7ce000 	C:\Users\dam_aap\AppData\Local\Temp\QtJambi_dam_aap_amd64_4.8.7_msvc2013x64-20150908-1314\lib\QtCore4.dll
0x00007ffd67fa0000 - 0x00007ffd680ca000 	C:\WINDOWS\System32\ole32.dll
0x00007ffd23060000 - 0x00007ffd23106000 	C:\WINDOWS\SYSTEM32\MSVCP120.dll
0x00007ffd21780000 - 0x00007ffd2186f000 	C:\WINDOWS\SYSTEM32\MSVCR120.dll
0x00007ffd23020000 - 0x00007ffd23060000 	C:\Users\dam_aap\AppData\Local\Temp\QtJambi_dam_aap_amd64_4.8.7_msvc2013x64-20150908-1314\lib\qtjambi.dll
0x00007ffd15d00000 - 0x00007ffd15e2f000 	C:\Users\dam_aap\AppData\Local\Temp\QtJambi_dam_aap_amd64_4.8.7_msvc2013x64-20150908-1314\lib\com_trolltech_qt_core.dll
0x000000006eb80000 - 0x000000006f4ee000 	C:\Users\dam_aap\AppData\Local\Temp\QtJambi_dam_aap_amd64_4.8.7_msvc2013x64-20150908-1314\lib\QtGui4.dll
0x00007ffd687d0000 - 0x00007ffd688aa000 	C:\WINDOWS\System32\COMDLG32.dll
0x00007ffd67de0000 - 0x00007ffd67ead000 	C:\WINDOWS\System32\OLEAUT32.dll
0x00007ffd3abf0000 - 0x00007ffd3ac85000 	C:\WINDOWS\SYSTEM32\WINSPOOL.DRV
0x00007ffd08490000 - 0x00007ffd08bbf000 	C:\Users\dam_aap\AppData\Local\Temp\QtJambi_dam_aap_amd64_4.8.7_msvc2013x64-20150908-1314\lib\com_trolltech_qt_gui.dll
0x00007ffd647d0000 - 0x00007ffd6486e000 	C:\WINDOWS\system32\uxtheme.dll
0x00007ffd68a70000 - 0x00007ffd68b85000 	C:\WINDOWS\System32\MSCTF.dll
0x00007ffd5bb80000 - 0x00007ffd5bb8d000 	C:\Users\dam_aap\AppData\Local\Temp\QtJambi_dam_aap_amd64_4.8.7_msvc2013x64-20150908-1314\plugins\imageformats\qgif4.dll
0x00007ffd23010000 - 0x00007ffd2301e000 	C:\Users\dam_aap\AppData\Local\Temp\QtJambi_dam_aap_amd64_4.8.7_msvc2013x64-20150908-1314\plugins\imageformats\qico4.dll
0x00007ffd22fd0000 - 0x00007ffd2300d000 	C:\Users\dam_aap\AppData\Local\Temp\QtJambi_dam_aap_amd64_4.8.7_msvc2013x64-20150908-1314\plugins\imageformats\qjpeg4.dll
0x00007ffd22780000 - 0x00007ffd227c9000 	C:\Users\dam_aap\AppData\Local\Temp\QtJambi_dam_aap_amd64_4.8.7_msvc2013x64-20150908-1314\plugins\imageformats\qmng4.dll
0x00007ffd226e0000 - 0x00007ffd2273b000 	C:\Users\dam_aap\AppData\Local\Temp\QtJambi_dam_aap_amd64_4.8.7_msvc2013x64-20150908-1314\plugins\imageformats\qtiff4.dll
0x00007ffd5fde0000 - 0x00007ffd5fed9000 	C:\WINDOWS\SYSTEM32\textinputframework.dll
0x00007ffd63e30000 - 0x00007ffd6418e000 	C:\WINDOWS\System32\CoreUIComponents.dll
0x00007ffd64190000 - 0x00007ffd64282000 	C:\WINDOWS\System32\CoreMessaging.dll
0x00007ffd659f0000 - 0x00007ffd65a23000 	C:\WINDOWS\SYSTEM32\ntmarta.dll
0x00007ffd63760000 - 0x00007ffd638b4000 	C:\WINDOWS\SYSTEM32\wintypes.dll
0x00007ffd3d9c0000 - 0x00007ffd3da70000 	C:\WINDOWS\WinSxS\amd64_microsoft.windows.common-controls_6595b64144ccf1df_5.82.19041.1110_none_792d1c772443f647\comctl32.dll
0x00007ffd67ee0000 - 0x00007ffd67f89000 	C:\WINDOWS\System32\clbcatq.dll
0x00007ffd331c0000 - 0x00007ffd331e4000 	C:\WINDOWS\SYSTEM32\edputil.dll
0x00007ffd661b0000 - 0x00007ffd6627b000 	C:\WINDOWS\SYSTEM32\DNSAPI.dll
0x00007ffd66170000 - 0x00007ffd661ab000 	C:\WINDOWS\SYSTEM32\IPHLPAPI.DLL
0x00007ffd67c40000 - 0x00007ffd67c48000 	C:\WINDOWS\System32\NSI.dll
0x00007ffd5f700000 - 0x00007ffd5f70a000 	C:\Windows\System32\rasadhlp.dll
0x00007ffd62280000 - 0x00007ffd622ff000 	C:\WINDOWS\System32\fwpuclnt.dll
0x00007ffd675a0000 - 0x00007ffd675c7000 	C:\WINDOWS\System32\bcrypt.dll
0x00007ffd54930000 - 0x00007ffd5496b000 	C:\WINDOWS\SYSTEM32\dxcore.dll
0x00007ffd672e0000 - 0x00007ffd6732e000 	C:\WINDOWS\System32\cfgmgr32.dll

dbghelp: loaded successfully - version: 4.0.5 - missing functions: none
symbol engine: initialized successfully - sym options: 0x614 - pdb path: .;C:\jdk-16.0.1\bin;C:\WINDOWS\SYSTEM32;C:\WINDOWS\WinSxS\amd64_microsoft.windows.common-controls_6595b64144ccf1df_6.0.19041.1110_none_60b5254171f9507e;C:\jdk-16.0.1\bin\server;C:\Users\dam_aap\AppData\Local\Temp\QtJambi_dam_aap_amd64_4.8.7_msvc2013x64-20150908-1314\lib;C:\Users\dam_aap\AppData\Local\Temp\QtJambi_dam_aap_amd64_4.8.7_msvc2013x64-20150908-1314\plugins\imageformats;C:\WINDOWS\WinSxS\amd64_microsoft.windows.common-controls_6595b64144ccf1df_5.82.19041.1110_none_792d1c772443f647

VM Arguments:
jvm_args: -Dfile.encoding=UTF-8 --module-path=C:\Users\dam_aap\Desktop\ProyectoConjunto\gym\Gimansio3.0\Gimnasio1.0\Interfaz\NetBeans\GymDam\build\classes 
java_command: gymdam.GymDam
java_class_path (initial): D:\qtjambi-community-4.8.7-win64-msvc2013\qtjambi-4.8.7.jar;D:\qtjambi-community-4.8.7-win64-msvc2013\qtjambi-designer-4.8.7.jar;D:\qtjambi-community-4.8.7-win64-msvc2013\qtjambi-examples-4.8.7.jar;D:\qtjambi-community-4.8.7-win64-msvc2013\qtjambi-examples-src.jar;D:\qtjambi-community-4.8.7-win64-msvc2013\qtjambi-native-win64-msvc2013x64-4.8.7.jar;D:\qtjambi-community-4.8.7-win64-msvc2013\qtjambi-src.jar;C:\Users\dam_aap\Desktop\json\json-20211205.jar;C:\Program Files\NetBeans-12.4\netbeans\ide\modules\ext\jaxb\jaxb-impl.jar;C:\Program Files\NetBeans-12.4\netbeans\ide\modules\ext\jaxb\jaxb-xjc.jar;C:\Program Files\NetBeans-12.4\netbeans\java\modules\ext\jaxws22\FastInfoset.jar;C:\Program Files\NetBeans-12.4\netbeans\java\modules\ext\jaxws22\gmbal-api-only.jar;C:\Program Files\NetBeans-12.4\netbeans\java\modules\ext\jaxws22\ha-api.jar;C:\Program Files\NetBeans-12.4\netbeans\java\modules\ext\jaxws22\javax.mail_1.4.jar;C:\Program Files\NetBeans-12.4\netbeans\java\modules\ext\jaxws22\jaxws-rt.jar;C:\Program Files\NetBeans-12.4\netbeans\java\modules\ext\jaxws22\jaxws-tools.jar;C:\Program Files\NetBeans-12.4\netbeans\java\modules\ext\jaxws22\management-api.jar;C:\Program Files\NetBeans-12.4\netbeans\java\modules\ext\jaxws22\mimepull.jar;C:\Program Files\NetBeans-12.4\netbeans\java\modules\ext\jaxws22\policy.jar;C:\Program Files\NetBeans-12.4\netbeans\java\modules\ext\jaxws22\saaj-impl.jar;C:\Program Files\NetBeans-12.4\netbeans\java\modules\ext\jaxws22\stax-ex.jar;C:\Program Files\NetBeans-12.4\netbeans\java\modules\ext\jaxws22\stax2-api.jar;C:\Program Files\NetBeans-12.4\netbeans\java\modules\ext\jaxws22\streambuffer.jar;C:\Program Files\NetBeans-12.4\netbeans\java\modules\ext\jaxws22\woodstox-core-asl.jar;C:\Program Files\NetBeans-12.4\netbeans\java\modules\ext\jaxws22\api\jaxws-api.jar;C:\Program Files\NetBeans-12.4\netbeans\java\modules\ext\jaxws22\api\jsr181-api.jar;C:\Program Files\NetBeans-12.4\netbeans\java\modules\ext\jaxws22\api\java
Launcher Type: SUN_STANDARD

[Global flags]
     intx CICompilerCount                          = 3                                         {product} {ergonomic}
     uint ConcGCThreads                            = 2                                         {product} {ergonomic}
     uint G1ConcRefinementThreads                  = 6                                         {product} {ergonomic}
   size_t G1HeapRegionSize                         = 1048576                                   {product} {ergonomic}
    uintx GCDrainStackTargetSize                   = 64                                        {product} {ergonomic}
   size_t InitialHeapSize                          = 132120576                                 {product} {ergonomic}
   size_t MarkStackSize                            = 4194304                                   {product} {ergonomic}
   size_t MaxHeapSize                              = 2090860544                                {product} {ergonomic}
   size_t MaxNewSize                               = 1254096896                                {product} {ergonomic}
   size_t MinHeapDeltaBytes                        = 1048576                                   {product} {ergonomic}
   size_t MinHeapSize                              = 8388608                                   {product} {ergonomic}
    uintx NonNMethodCodeHeapSize                   = 5832780                                {pd product} {ergonomic}
    uintx NonProfiledCodeHeapSize                  = 122912730                              {pd product} {ergonomic}
    uintx ProfiledCodeHeapSize                     = 122912730                              {pd product} {ergonomic}
    uintx ReservedCodeCacheSize                    = 251658240                              {pd product} {ergonomic}
     bool SegmentedCodeCache                       = true                                      {product} {ergonomic}
   size_t SoftMaxHeapSize                          = 2090860544                             {manageable} {ergonomic}
     bool UseCompressedClassPointers               = true                           {product lp64_product} {ergonomic}
     bool UseCompressedOops                        = true                           {product lp64_product} {ergonomic}
     bool UseG1GC                                  = true                                      {product} {ergonomic}
     bool UseLargePagesIndividualAllocation        = false                                  {pd product} {ergonomic}

Logging:
Log output configuration:
 #0: stdout all=warning uptime,level,tags
 #1: stderr all=off uptime,level,tags

Environment Variables:
JAVA_HOME=c:\jdk-16.0.1
PATH=C:\Program Files (x86)\VMware\VMware Player\bin\;C:\jdk-16.0.1\bin;C:\WINDOWS\system32;C:\WINDOWS;C:\WINDOWS\System32\Wbem;C:\WINDOWS\System32\WindowsPowerShell\v1.0\;C:\WINDOWS\System32\OpenSSH\;C:\Program Files\PowerShell\7\;C:\Program Files\Microsoft SQL Server\Client SDK\ODBC\170\Tools\Binn\;C:\Program Files (x86)\Microsoft SQL Server\150\Tools\Binn\;C:\Program Files\Microsoft SQL Server\150\Tools\Binn\;C:\Program Files\Microsoft SQL Server\150\DTS\Binn\;C:\Program Files\Azure Data Studio\bin;C:\Program Files\dotnet\;C:\ProgramData\chocolatey\bin;C:\flutter\bin;C:\Users\dam_aap\AppData\Local\Microsoft\WindowsApps;D:\Microsoft VS Code\bin;C:\Users\dam_aap\AppData\Local\Programs\Git\cmd
USERNAME=dam_aap
OS=Windows_NT
PROCESSOR_IDENTIFIER=Intel64 Family 6 Model 158 Stepping 10, GenuineIntel



---------------  S Y S T E M  ---------------

OS:
 Windows 10 , 64 bit Build 19041 (10.0.19041.1466)
OS uptime: 0 days 3:48 hours

CPU: total 6 (initial active 6) (6 cores per cpu, 1 threads per core) family 6 model 158 stepping 10 microcode 0xb4, cx8, cmov, fxsr, mmx, 3dnowpref, sse, sse2, sse3, ssse3, sse4.1, sse4.2, popcnt, lzcnt, tsc, tscinvbit, avx, avx2, aes, erms, clmul, bmi1, bmi2, rtm, adx, fma, vzeroupper, clflush, clflushopt

Memory: 4k page, system-wide physical 7973M (702M free)
TotalPageFile size 14885M (AvailPageFile size 4559M)
current process WorkingSet (physical memory assigned to process): 83M, peak: 114M
current process commit charge ("private bytes"): 127M, peak: 248M

vm_info: OpenJDK 64-Bit Server VM (16.0.1+9-24) for windows-amd64 JRE (16.0.1+9-24), built on Mar 26 2021 19:30:07 by "mach5one" with MS VC++ 16.7 (VS2019)

END.
