#
# A fatal error has been detected by the Java Runtime Environment:
#
#  EXCEPTION_ACCESS_VIOLATION (0xc0000005) at pc=0x0000000071b22cbd, pid=12132, tid=11368
#
# JRE version: OpenJDK Runtime Environment (16.0.1+9) (build 16.0.1+9-24)
# Java VM: OpenJDK 64-Bit Server VM (16.0.1+9-24, mixed mode, sharing, tiered, compressed oops, compressed class ptrs, g1 gc, windows-amd64)
# Problematic frame:
# C  [QtGui4.dll+0x62cbd]
#
# No core dump will be written. Minidumps are not enabled by default on client versions of Windows
#
# If you would like to submit a bug report, please visit:
#   https://bugreport.java.com/bugreport/crash.jsp
# The crash happened outside the Java Virtual Machine in native code.
# See problematic frame for where to report the bug.
#

---------------  S U M M A R Y ------------

Command Line: -Dfile.encoding=UTF-8 --module-path=C:\Users\dam_aap\Desktop\ProyectoConjunto\gym\Gimansio3.0\Gimnasio1.0\Interfaz\NetBeans\GymDam\build\classes gymdam.GymDam

Host: Intel(R) Core(TM) i5-9500 CPU @ 3.00GHz, 6 cores, 7G,  Windows 10 , 64 bit Build 19041 (10.0.19041.1466)
Time: Thu Feb 17 09:23:28 2022 Hora estándar romance elapsed time: 9.014331 seconds (0d 0h 0m 9s)

---------------  T H R E A D  ---------------

Current thread (0x0000020cff76c290):  
[error occurred during error reporting (printing current thread), id 0xc0000005, EXCEPTION_ACCESS_VIOLATION (0xc0000005) at pc=0x00007ff890150e00]

Stack: [0x000000ac23500000,0x000000ac23600000],  sp=0x000000ac235fea90,  free space=1018k
Native frames: (J=compiled Java code, j=interpreted, Vv=VM code, C=native code)
C  [QtGui4.dll+0x62cbd]

Java frames: (J=compiled Java code, j=interpreted, Vv=VM code)
J 740  com.trolltech.qt.internal.QtJambiObject.finalize()V (0 bytes) @ 0x0000020c87b0dd6b [0x0000020c87b0dd20+0x000000000000004b]
J 734 c1 java.lang.ref.Finalizer.runFinalizer(Ljdk/internal/access/JavaLangAccess;)V java.base@16.0.1 (131 bytes) @ 0x0000020c806adda4 [0x0000020c806ad740+0x0000000000000664]
j  java.lang.ref.Finalizer$FinalizerThread.run()V+46 java.base@16.0.1
v  ~StubRoutines::call_stub

siginfo: EXCEPTION_ACCESS_VIOLATION (0xc0000005), reading address 0x0000000000000008


Register to memory mapping:

RIP=0x0000000071b22cbd QtGui4.dll
RAX=0x0 is NULL
RBX=0x00000000ffffffff is an unallocated location in the heap
RCX=0x0000020c904c5260 points into unknown readable memory: 0x0000000000000001 | 01 00 00 00 00 00 00 00
RDX=0x0000000000000001 is an unknown value
RSP=0x000000ac235fea90 is pointing into the stack for thread: 0x0000020cff76c290
RBP=0x0000000000000001 is an unknown value
RSI=0x0000020c903d77e0 points into unknown readable memory: 0x0000000072113148 | 48 31 11 72 00 00 00 00
RDI=0x0000020c903d77e0 points into unknown readable memory: 0x0000000072113148 | 48 31 11 72 00 00 00 00
R8 =0x0000000000000062 is an unknown value
R9 =0x0000000000000040 is an unknown value
R10=0x0000000000000040 is an unknown value
R11=0x4822001080603154 is an unknown value
R12=0x0000020c903d74c0 points into unknown readable memory: 0x00000000720bfe58 | 58 fe 0b 72 00 00 00 00
R13=0x0000020c903c9870 points into unknown readable memory: 0x00000000721291f0 | f0 91 12 72 00 00 00 00
R14=0x0 is NULL
R15=0x0 is NULL


Registers:
RAX=0x0000000000000000, RBX=0x00000000ffffffff, RCX=0x0000020c904c5260, RDX=0x0000000000000001
RSP=0x000000ac235fea90, RBP=0x0000000000000001, RSI=0x0000020c903d77e0, RDI=0x0000020c903d77e0
R8 =0x0000000000000062, R9 =0x0000000000000040, R10=0x0000000000000040, R11=0x4822001080603154
R12=0x0000020c903d74c0, R13=0x0000020c903c9870, R14=0x0000000000000000, R15=0x0000000000000000
RIP=0x0000000071b22cbd, EFLAGS=0x0000000000010202

Top of Stack: (sp=0x000000ac235fea90)
0x000000ac235fea90:   0000020c904c5260 00000000ffffffff
0x000000ac235feaa0:   0000000000000001 00007ff88e2269d8
0x000000ac235feab0:   0000020c00000000 0000000000000001
0x000000ac235feac0:   fffffffffffffffe 0000020c903d74c0
0x000000ac235fead0:   0000000000000000 0000000071e3b1ce
0x000000ac235feae0:   0000020c918f0cc0 0000000000000001
0x000000ac235feaf0:   0000020c904c5260 0000000000000000
0x000000ac235feb00:   0000000000000001 0000000071e3aa44
0x000000ac235feb10:   0000020c903d77e0 0000000000000001
0x000000ac235feb20:   0000020c903d7ec0 0000000000000000
0x000000ac235feb30:   fffffffffffffffe 0000000000000000
0x000000ac235feb40:   0000020c903d77e0 00007ff874cb29a5
0x000000ac235feb50:   0000020c903d77e0 0000020c00000000
0x000000ac235feb60:   0000020c91851eb0 00000000726ee0a8
0x000000ac235feb70:   fffffffffffffffe 00000000723c6298
0x000000ac235feb80:   0000020c903c9870 000000007254ab73 

Instructions: (pc=0x0000000071b22cbd)
0x0000000071b22bbd:   8b 0e 48 3b cb 74 1b ff 15 66 9b 58 00 84 c0 75
0x0000000071b22bcd:   0e ba 08 00 00 00 48 8b 0e ff 15 c4 9d 58 00 48
0x0000000071b22bdd:   89 1e 48 83 c4 38 41 5e 5f 5e 5b c3 cc cc cc cc
0x0000000071b22bed:   cc cc cc 40 57 48 83 ec 20 48 8b 41 f8 48 8b fa
0x0000000071b22bfd:   48 3b 90 40 01 00 00 74 6c 48 8b 41 f8 48 89 5c
0x0000000071b22c0d:   24 30 48 8d 59 f0 f7 80 c8 01 00 00 00 00 00 10
0x0000000071b22c1d:   74 0c 48 8b 43 20 48 8b 08 48 85 c9 75 22 41 b0
0x0000000071b22c2d:   01 ba 64 00 00 00 48 8b cb e8 95 2c 00 00 48 8b
0x0000000071b22c3d:   4b 08 33 d2 e8 fa 7b ff ff 48 8b 43 20 48 8b 08
0x0000000071b22c4d:   48 8b d7 ff 15 12 cf 58 00 48 8b 5c 24 30 85 c0
0x0000000071b22c5d:   75 13 48 8d 0d 52 db 59 00 48 83 c4 20 5f 48 ff
0x0000000071b22c6d:   25 fe a6 58 00 48 83 c4 20 5f c3 cc cc cc cc cc
0x0000000071b22c7d:   cc cc cc 85 d2 74 68 57 48 83 ec 40 48 c7 44 24
0x0000000071b22c8d:   30 fe ff ff ff 48 89 5c 24 50 8b da 48 8b f9 c7
0x0000000071b22c9d:   44 24 20 00 00 00 00 45 33 c9 45 33 c0 33 d2 48
0x0000000071b22cad:   8d 4c 24 60 e8 ba ba fd ff 90 ff 15 bb 9b 58 00
0x0000000071b22cbd:   48 8b 48 08 48 81 c1 28 01 00 00 4c 8d 4c 24 60
0x0000000071b22ccd:   4c 8b c7 8b d3 e8 f9 8c fe ff 90 48 8d 4c 24 60
0x0000000071b22cdd:   e8 ee e2 fc ff 48 8b 5c 24 50 48 83 c4 40 5f c3
0x0000000071b22ced:   cc cc cc 48 89 5c 24 10 48 89 6c 24 18 48 89 74
0x0000000071b22cfd:   24 20 57 48 81 ec 90 00 00 00 48 8b 05 62 4e 8a
0x0000000071b22d0d:   00 48 33 c4 48 89 84 24 80 00 00 00 48 8b f1 48
0x0000000071b22d1d:   8b 09 48 8b fa 48 83 c1 68 ba 01 00 00 00 ff 15
0x0000000071b22d2d:   ef 99 58 00 84 c0 74 08 48 8b ce e8 f3 7b fa ff
0x0000000071b22d3d:   48 8b 0e 48 8b d1 48 8b d9 4c 63 49 6c 8b 69 70
0x0000000071b22d4d:   4d 85 c9 78 42 48 8d 44 24 20 41 ba 08 00 00 00
0x0000000071b22d5d:   4c 2b d0 4a 8b 5c ca 08 48 3b d9 74 20 44 8b 07
0x0000000071b22d6d:   0f 1f 00 44 39 43 f8 7d 14 4b 8d 04 ca 48 8b d3
0x0000000071b22d7d:   48 03 c3 48 8b 5c 04 20 48 3b d9 75 e6 4a 89 54
0x0000000071b22d8d:   cc 20 49 ff c9 79 cc 48 3b d9 74 3d 8b 43 f8 39
0x0000000071b22d9d:   07 7c 36 48 8b 0e 4c 8b cb 48 8b 5b 08 48 3b d9
0x0000000071b22dad:   74 0e 8b 43 f8 41 39 41 f8 7c 05 40 b7 01 eb 03 


Stack slot to memory mapping:
stack at sp + 0 slots: 0x0000020c904c5260 points into unknown readable memory: 0x0000000000000001 | 01 00 00 00 00 00 00 00
stack at sp + 1 slots: 0x00000000ffffffff is an unallocated location in the heap
stack at sp + 2 slots: 0x0000000000000001 is an unknown value
stack at sp + 3 slots: 0x00007ff88e2269d8 MSVCR120.dll
stack at sp + 4 slots: 0x0000020c00000000 is an unknown value
stack at sp + 5 slots: 0x0000000000000001 is an unknown value
stack at sp + 6 slots: 0xfffffffffffffffe is an unknown value
stack at sp + 7 slots: 0x0000020c903d74c0 points into unknown readable memory: 0x00000000720bfe58 | 58 fe 0b 72 00 00 00 00


---------------  P R O C E S S  ---------------

Threads class SMR info:
_java_thread_list=0x0000020c90318700, length=13, elements={
0x0000020cff76b3d0, 0x0000020cff76c290, 0x0000020cff777fb0, 0x0000020cff77a9d0,
0x0000020cff77b3d0, 0x0000020cff77cde0, 0x0000020cff78af50, 0x0000020cff78c8b0,
0x0000020cff7a1420, 0x0000020cff748dd0, 0x0000020c8fa40180, 0x0000020c904e8800,
0x0000020ceed214c0
}

Java Threads: ( => current thread )
  0x0000020cff76b3d0 JavaThread "Reference Handler" daemon [_thread_blocked, id=12152, stack(0x000000ac23400000,0x000000ac23500000)]
=>0x0000020cff76c290 JavaThread "Finalizer" daemon [_thread_in_native, id=11368, stack(0x000000ac23500000,0x000000ac23600000)]
  0x0000020cff777fb0 JavaThread "Signal Dispatcher" daemon [_thread_blocked, id=8892, stack(0x000000ac23600000,0x000000ac23700000)]
  0x0000020cff77a9d0 JavaThread "Attach Listener" daemon [_thread_blocked, id=13248, stack(0x000000ac23700000,0x000000ac23800000)]
  0x0000020cff77b3d0 JavaThread "Service Thread" daemon [_thread_blocked, id=13224, stack(0x000000ac23800000,0x000000ac23900000)]
  0x0000020cff77cde0 JavaThread "Monitor Deflation Thread" daemon [_thread_blocked, id=11696, stack(0x000000ac23900000,0x000000ac23a00000)]
  0x0000020cff78af50 JavaThread "C2 CompilerThread0" daemon [_thread_blocked, id=8888, stack(0x000000ac23a00000,0x000000ac23b00000)]
  0x0000020cff78c8b0 JavaThread "C1 CompilerThread0" daemon [_thread_blocked, id=7868, stack(0x000000ac23b00000,0x000000ac23c00000)]
  0x0000020cff7a1420 JavaThread "Sweeper thread" daemon [_thread_blocked, id=13244, stack(0x000000ac23c00000,0x000000ac23d00000)]
  0x0000020cff748dd0 JavaThread "Common-Cleaner" daemon [_thread_blocked, id=13076, stack(0x000000ac23d00000,0x000000ac23e00000)]
  0x0000020c8fa40180 JavaThread "Notification Thread" daemon [_thread_blocked, id=6156, stack(0x000000ac23e00000,0x000000ac23f00000)]
  0x0000020c904e8800 JavaThread "Thread-2" daemon [_thread_in_native, id=1720, stack(0x000000ac24a00000,0x000000ac24b00000)]
  0x0000020ceed214c0 JavaThread "DestroyJavaVM" [_thread_blocked, id=13196, stack(0x000000ac22d00000,0x000000ac22e00000)]

Other Threads:
  0x0000020cff765770 VMThread "VM Thread" [stack: 0x000000ac23300000,0x000000ac23400000] [id=11196]
  0x0000020c8f9fafd0 WatcherThread [stack: 0x000000ac23f00000,0x000000ac24000000] [id=10220]
  0x0000020ceed610e0 GCTaskThread "GC Thread#0" [stack: 0x000000ac22e00000,0x000000ac22f00000] [id=13208]
  0x0000020c9030e210 GCTaskThread "GC Thread#1" [stack: 0x000000ac24000000,0x000000ac24100000] [id=2788]
  0x0000020c9030e520 GCTaskThread "GC Thread#2" [stack: 0x000000ac24200000,0x000000ac24300000] [id=12180]
  0x0000020c9030a370 GCTaskThread "GC Thread#3" [stack: 0x000000ac24300000,0x000000ac24400000] [id=12400]
  0x0000020c9030a680 GCTaskThread "GC Thread#4" [stack: 0x000000ac24400000,0x000000ac24500000] [id=7312]
  0x0000020c9030ada0 GCTaskThread "GC Thread#5" [stack: 0x000000ac24500000,0x000000ac24600000] [id=11000]
  0x0000020ceed71b60 ConcurrentGCThread "G1 Main Marker" [stack: 0x000000ac22f00000,0x000000ac23000000] [id=13212]
  0x0000020ceed72df0 ConcurrentGCThread "G1 Conc#0" [stack: 0x000000ac23000000,0x000000ac23100000] [id=13216]
  0x0000020ceedfe180 ConcurrentGCThread "G1 Refine#0" [stack: 0x000000ac23100000,0x000000ac23200000] [id=12888]
  0x0000020cff613220 ConcurrentGCThread "G1 Service" [stack: 0x000000ac23200000,0x000000ac23300000] [id=11396]

Threads with active compile tasks:

VM state: not at safepoint (normal execution)

VM Mutex/Monitor currently owned by a thread: None

Heap address: 0x0000000083600000, size: 1994 MB, Compressed Oops mode: 32-bit

CDS archive(s) mapped at: [0x0000000800000000-0x0000000800bb0000-0x0000000800bb0000), size 12255232, SharedBaseAddress: 0x0000000800000000, ArchiveRelocationMode: 0.
Compressed class space mapped at: 0x0000000800c00000-0x0000000840c00000, reserved size: 1073741824
Narrow klass base: 0x0000000800000000, Narrow klass shift: 3, Narrow klass range: 0x100000000

GC Precious Log:
 CPUs: 6 total, 6 available
 Memory: 7973M
 Large Page Support: Disabled
 NUMA Support: Disabled
 Compressed Oops: Enabled (32-bit)
 Heap Region Size: 1M
 Heap Min Capacity: 8M
 Heap Initial Capacity: 126M
 Heap Max Capacity: 1994M
 Pre-touch: Disabled
 Parallel Workers: 6
 Concurrent Workers: 2
 Concurrent Refinement Workers: 6
 Periodic GC: Disabled

Heap:
 garbage-first heap   total 14336K, used 3772K [0x0000000083600000, 0x0000000100000000)
  region size 1024K, 1 young (1024K), 0 survivors (0K)
 Metaspace       used 4851K, committed 5056K, reserved 1056768K
  class space    used 408K, committed 512K, reserved 1048576K

Heap Regions: E=young(eden), S=young(survivor), O=old, HS=humongous(starts), HC=humongous(continues), CS=collection set, F=free, OA=open archive, CA=closed archive, TAMS=top-at-mark-start (previous, next)
|   0|0x0000000083600000, 0x00000000836eaf08, 0x0000000083700000| 91%| O|  |TAMS 0x0000000083600000, 0x0000000083600000| Untracked 
|   1|0x0000000083700000, 0x00000000837f6570, 0x0000000083800000| 96%| O|  |TAMS 0x0000000083700000, 0x0000000083700000| Untracked 
|   2|0x0000000083800000, 0x0000000083900000, 0x0000000083900000|100%| O|  |TAMS 0x0000000083800000, 0x0000000083800000| Untracked 
|   3|0x0000000083900000, 0x00000000839cdc18, 0x0000000083a00000| 80%| O|  |TAMS 0x0000000083900000, 0x0000000083900000| Untracked 
|   4|0x0000000083a00000, 0x0000000083a00000, 0x0000000083b00000|  0%| F|  |TAMS 0x0000000083a00000, 0x0000000083a00000| Untracked 
|   5|0x0000000083b00000, 0x0000000083b00000, 0x0000000083c00000|  0%| F|  |TAMS 0x0000000083b00000, 0x0000000083b00000| Untracked 
|   6|0x0000000083c00000, 0x0000000083c00000, 0x0000000083d00000|  0%| F|  |TAMS 0x0000000083c00000, 0x0000000083c00000| Untracked 
|   7|0x0000000083d00000, 0x0000000083d00000, 0x0000000083e00000|  0%| F|  |TAMS 0x0000000083d00000, 0x0000000083d00000| Untracked 
|   8|0x0000000083e00000, 0x0000000083e00000, 0x0000000083f00000|  0%| F|  |TAMS 0x0000000083e00000, 0x0000000083e00000| Untracked 
|   9|0x0000000083f00000, 0x0000000083f00000, 0x0000000084000000|  0%| F|  |TAMS 0x0000000083f00000, 0x0000000083f00000| Untracked 
|  10|0x0000000084000000, 0x0000000084000000, 0x0000000084100000|  0%| F|  |TAMS 0x0000000084000000, 0x0000000084000000| Untracked 
|  11|0x0000000084100000, 0x0000000084100000, 0x0000000084200000|  0%| F|  |TAMS 0x0000000084100000, 0x0000000084100000| Untracked 
|  12|0x0000000084200000, 0x0000000084200000, 0x0000000084300000|  0%| F|  |TAMS 0x0000000084200000, 0x0000000084200000| Untracked 
|  13|0x0000000084300000, 0x000000008430ccd8, 0x0000000084400000|  5%| E|  |TAMS 0x0000000084300000, 0x0000000084300000| Complete 

Card table byte_map: [0x0000020cf88c0000,0x0000020cf8cb0000] _byte_map_base: 0x0000020cf84a5000

Marking Bits (Prev, Next): (CMBitMap*) 0x0000020ceed61810, (CMBitMap*) 0x0000020ceed617d0
 Prev Bits: [0x0000020cfafd0000, 0x0000020cfcef8000)
 Next Bits: [0x0000020cf90a0000, 0x0000020cfafc8000)

Polling page: 0x0000020ceee00000

Metaspace:

Usage:
  Non-class:      4.34 MB used.
      Class:    408.52 KB used.
       Both:      4.74 MB used.

Virtual space:
  Non-class space:        8.00 MB reserved,       4.44 MB ( 55%) committed,  1 nodes.
      Class space:        1.00 GB reserved,     512.00 KB ( <1%) committed,  1 nodes.
              Both:        1.01 GB reserved,       4.94 MB ( <1%) committed. 

Chunk freelists:
   Non-Class:  1.80 MB
       Class:  3.53 MB
        Both:  5.33 MB

MaxMetaspaceSize: 17179869184.00 GB
CompressedClassSpaceSize: 1.00 GB
 - commit_granule_bytes: 65536.
 - commit_granule_words: 8192.
 - virtual_space_node_default_size: 1048576.
 - enlarge_chunks_in_place: 1.
 - new_chunks_are_fully_committed: 0.
 - uncommit_free_chunks: 1.
 - use_allocation_guard: 0.
 - handle_deallocations: 1.


Internal statistics:

num_allocs_failed_limit: 0.
num_arena_births: 34.
num_arena_deaths: 0.
num_vsnodes_births: 2.
num_vsnodes_deaths: 0.
num_space_committed: 79.
num_space_uncommitted: 0.
num_chunks_returned_to_freelist: 0.
num_chunks_taken_from_freelist: 123.
num_chunk_merges: 0.
num_chunk_splits: 102.
num_chunks_enlarged: 89.
num_purges: 0.

CodeHeap 'non-profiled nmethods': size=120000Kb used=249Kb max_used=249Kb free=119750Kb
 bounds [0x0000020c87ad0000, 0x0000020c87d40000, 0x0000020c8f000000]
CodeHeap 'profiled nmethods': size=120000Kb used=1139Kb max_used=1139Kb free=118861Kb
 bounds [0x0000020c805a0000, 0x0000020c80810000, 0x0000020c87ad0000]
CodeHeap 'non-nmethods': size=5760Kb used=1158Kb max_used=1173Kb free=4601Kb
 bounds [0x0000020c80000000, 0x0000020c80270000, 0x0000020c805a0000]
 total_blobs=1207 nmethods=763 adapters=357
 compilation: enabled
              stopped_count=0, restarted_count=0
 full_count=0

Compilation events (20 events):
Event: 8.981 Thread 0x0000020cff78c8b0  754       1       java.lang.reflect.Field::getModifiers (5 bytes)
Event: 8.982 Thread 0x0000020cff78c8b0 nmethod 754 0x0000020c87b0df90 code [0x0000020c87b0e120, 0x0000020c87b0e1f8]
Event: 8.982 Thread 0x0000020cff78c8b0  755       3       java.nio.Buffer::clear (20 bytes)
Event: 8.982 Thread 0x0000020cff78c8b0 nmethod 755 0x0000020c806b5510 code [0x0000020c806b56a0, 0x0000020c806b57b8]
Event: 8.982 Thread 0x0000020cff78c8b0  756       3       java.nio.Buffer::flip (20 bytes)
Event: 8.982 Thread 0x0000020cff78c8b0 nmethod 756 0x0000020c806b5890 code [0x0000020c806b5a20, 0x0000020c806b5b38]
Event: 8.983 Thread 0x0000020cff78c8b0  757       3       sun.nio.cs.UTF_8$Encoder::encodeArrayLoop (489 bytes)
Event: 8.985 Thread 0x0000020cff78c8b0 nmethod 757 0x0000020c806b5c10 code [0x0000020c806b6200, 0x0000020c806b9568]
Event: 8.989 Thread 0x0000020cff78c8b0  759   !   3       java.io.BufferedWriter::write (117 bytes)
Event: 8.989 Thread 0x0000020cff78c8b0 nmethod 759 0x0000020c806ba610 code [0x0000020c806ba820, 0x0000020c806bae08]
Event: 8.989 Thread 0x0000020cff78c8b0  758       3       java.io.Writer::write (11 bytes)
Event: 8.989 Thread 0x0000020cff78c8b0 nmethod 758 0x0000020c806bb190 code [0x0000020c806bb360, 0x0000020c806bb648]
Event: 8.989 Thread 0x0000020cff78c8b0  760  s    3       java.io.BufferedOutputStream::flush (12 bytes)
Event: 8.990 Thread 0x0000020cff78c8b0 nmethod 760 0x0000020c806bb790 code [0x0000020c806bb960, 0x0000020c806bbd78]
Event: 8.991 Thread 0x0000020cff78af50  761       4       java.lang.String::toString (2 bytes)
Event: 8.991 Thread 0x0000020cff78c8b0  762       3       java.lang.Integer::stringSize (47 bytes)
Event: 8.992 Thread 0x0000020cff78af50 nmethod 761 0x0000020c87b0e290 code [0x0000020c87b0e400, 0x0000020c87b0e478]
Event: 8.992 Thread 0x0000020cff78c8b0 nmethod 762 0x0000020c806bbe90 code [0x0000020c806bc040, 0x0000020c806bc298]
Event: 8.992 Thread 0x0000020cff78c8b0  763       3       java.lang.Integer::getChars (131 bytes)
Event: 8.992 Thread 0x0000020cff78c8b0 nmethod 763 0x0000020c806bc390 code [0x0000020c806bc560, 0x0000020c806bc998]

GC Heap History (6 events):
Event: 3.396 GC heap before
{Heap before GC invocations=0 (full 0):
 garbage-first heap   total 129024K, used 20480K [0x0000000083600000, 0x0000000100000000)
  region size 1024K, 21 young (21504K), 0 survivors (0K)
 Metaspace       used 4697K, committed 4928K, reserved 1056768K
  class space    used 395K, committed 512K, reserved 1048576K
}
Event: 3.399 GC heap after
{Heap after GC invocations=1 (full 0):
 garbage-first heap   total 129024K, used 4040K [0x0000000083600000, 0x0000000100000000)
  region size 1024K, 3 young (3072K), 3 survivors (3072K)
 Metaspace       used 4697K, committed 4928K, reserved 1056768K
  class space    used 395K, committed 512K, reserved 1048576K
}
Event: 8.947 GC heap before
{Heap before GC invocations=1 (full 0):
 garbage-first heap   total 129024K, used 4040K [0x0000000083600000, 0x0000000100000000)
  region size 1024K, 4 young (4096K), 3 survivors (3072K)
 Metaspace       used 4724K, committed 4928K, reserved 1056768K
  class space    used 397K, committed 512K, reserved 1048576K
}
Event: 8.953 GC heap after
{Heap after GC invocations=2 (full 1):
 garbage-first heap   total 14336K, used 3846K [0x0000000083600000, 0x0000000100000000)
  region size 1024K, 0 young (0K), 0 survivors (0K)
 Metaspace       used 4724K, committed 4928K, reserved 1056768K
  class space    used 397K, committed 512K, reserved 1048576K
}
Event: 8.998 GC heap before
{Heap before GC invocations=2 (full 1):
 garbage-first heap   total 14336K, used 3846K [0x0000000083600000, 0x0000000100000000)
  region size 1024K, 1 young (1024K), 0 survivors (0K)
 Metaspace       used 4808K, committed 4992K, reserved 1056768K
  class space    used 403K, committed 512K, reserved 1048576K
}
Event: 9.004 GC heap after
{Heap after GC invocations=3 (full 2):
 garbage-first heap   total 14336K, used 3773K [0x0000000083600000, 0x0000000100000000)
  region size 1024K, 0 young (0K), 0 survivors (0K)
 Metaspace       used 4808K, committed 4992K, reserved 1056768K
  class space    used 403K, committed 512K, reserved 1048576K
}

Deoptimization events (20 events):
Event: 0.106 Thread 0x0000020ceed214c0 DEOPT PACKING pc=0x0000020c87ae9184 sp=0x000000ac22dfc7f0
Event: 0.106 Thread 0x0000020ceed214c0 DEOPT UNPACKING pc=0x0000020c8004d72e sp=0x000000ac22dfc778 mode 2
Event: 0.118 Thread 0x0000020ceed214c0 DEOPT PACKING pc=0x0000020c805f34f8 sp=0x000000ac22dfc8d0
Event: 0.118 Thread 0x0000020ceed214c0 DEOPT UNPACKING pc=0x0000020c8004dece sp=0x000000ac22dfbd30 mode 0
Event: 0.121 Thread 0x0000020ceed214c0 DEOPT PACKING pc=0x0000020c805d5a68 sp=0x000000ac22dfc9f0
Event: 0.121 Thread 0x0000020ceed214c0 DEOPT UNPACKING pc=0x0000020c8004dece sp=0x000000ac22dfbe80 mode 0
Event: 0.122 Thread 0x0000020ceed214c0 DEOPT PACKING pc=0x0000020c805d70d6 sp=0x000000ac22dfc6b0
Event: 0.122 Thread 0x0000020ceed214c0 DEOPT UNPACKING pc=0x0000020c8004dece sp=0x000000ac22dfbb38 mode 0
Event: 0.123 Thread 0x0000020ceed214c0 DEOPT PACKING pc=0x0000020c805d5a68 sp=0x000000ac22dfc9f0
Event: 0.123 Thread 0x0000020ceed214c0 DEOPT UNPACKING pc=0x0000020c8004dece sp=0x000000ac22dfbe80 mode 0
Event: 0.123 Thread 0x0000020ceed214c0 DEOPT PACKING pc=0x0000020c805d70d6 sp=0x000000ac22dfc8a0
Event: 0.123 Thread 0x0000020ceed214c0 DEOPT UNPACKING pc=0x0000020c8004dece sp=0x000000ac22dfbd28 mode 0
Event: 0.125 Thread 0x0000020ceed214c0 DEOPT PACKING pc=0x0000020c805d5a68 sp=0x000000ac22dfc9f0
Event: 0.125 Thread 0x0000020ceed214c0 DEOPT UNPACKING pc=0x0000020c8004dece sp=0x000000ac22dfbe80 mode 0
Event: 0.127 Thread 0x0000020ceed214c0 DEOPT PACKING pc=0x0000020c805d5a68 sp=0x000000ac22dfc9f0
Event: 0.127 Thread 0x0000020ceed214c0 DEOPT UNPACKING pc=0x0000020c8004dece sp=0x000000ac22dfbe80 mode 0
Event: 0.128 Thread 0x0000020ceed214c0 DEOPT PACKING pc=0x0000020c805d5a68 sp=0x000000ac22dfc9f0
Event: 0.128 Thread 0x0000020ceed214c0 DEOPT UNPACKING pc=0x0000020c8004dece sp=0x000000ac22dfbe80 mode 0
Event: 0.244 Thread 0x0000020ceed214c0 DEOPT PACKING pc=0x0000020c805dec2e sp=0x000000ac22dfec70
Event: 0.244 Thread 0x0000020ceed214c0 DEOPT UNPACKING pc=0x0000020c8004dece sp=0x000000ac22dfe120 mode 0

Classes unloaded (0 events):
No events

Classes redefined (0 events):
No events

Internal exceptions (6 events):
Event: 0.053 Thread 0x0000020ceed214c0 Exception <a 'sun/nio/fs/WindowsException'{0x000000008b235790}> (0x000000008b235790) 
thrown [t:\workspace\open\src\hotspot\share\prims\jni.cpp, line 579]
Event: 0.053 Thread 0x0000020ceed214c0 Exception <a 'sun/nio/fs/WindowsException'{0x000000008b235db0}> (0x000000008b235db0) 
thrown [t:\workspace\open\src\hotspot\share\prims\jni.cpp, line 579]
Event: 0.054 Thread 0x0000020ceed214c0 Exception <a 'sun/nio/fs/WindowsException'{0x000000008b238620}> (0x000000008b238620) 
thrown [t:\workspace\open\src\hotspot\share\prims\jni.cpp, line 579]
Event: 0.147 Thread 0x0000020ceed214c0 Exception <a 'java/lang/NoSuchMethodError'{0x000000008a6a3740}: 'void java.lang.invoke.DirectMethodHandle$Holder.invokeSpecial(java.lang.Object, java.lang.Object, java.lang.Object)'> (0x000000008a6a3740) 
thrown [t:\workspace\open\src\hotspot\share\interpreter\linkResolver.cpp, line 790]
Event: 0.149 Thread 0x0000020ceed214c0 Exception <a 'java/lang/NoSuchMethodError'{0x000000008a6b3e48}: 'java.lang.Object java.lang.invoke.DirectMethodHandle$Holder.invokeStatic(java.lang.Object)'> (0x000000008a6b3e48) 
thrown [t:\workspace\open\src\hotspot\share\interpreter\linkResolver.cpp, line 790]
Event: 4.325 Thread 0x0000020ceed214c0 Exception <a 'java/lang/reflect/InvocationTargetException'{0x000000008b33b070}> (0x000000008b33b070) 
thrown [t:\workspace\open\src\hotspot\share\runtime\reflection.cpp, line 1157]

Events (20 events):
Event: 4.326 loading class java/lang/Throwable$WrappedPrintStream done
Event: 4.326 loading class java/lang/StackTraceElement$HashedModules
Event: 4.326 loading class java/lang/StackTraceElement$HashedModules done
Event: 4.410 Executing  VM operation: Cleanup
Event: 4.410 Executing  VM operation: Cleanup done
Event: 8.947 Executing  VM operation: G1CollectFull
Event: 8.953 Executing  VM operation: G1CollectFull done
Event: 8.953 loading class java/lang/ref/Finalizer$2
Event: 8.953 loading class java/lang/ref/Finalizer$2 done
Event: 8.953 loading class java/lang/ref/Finalizer$1
Event: 8.953 loading class java/lang/ref/Finalizer$1 done
Event: 8.953 Thread 0x0000020c904e8800 Thread added: 0x0000020c904e8800
Event: 8.955 Thread 0x0000020c904e8800 Thread exited: 0x0000020c904e8800
Event: 8.955 Thread 0x0000020c904e8800 Thread added: 0x0000020c904e8800
Event: 8.966 Thread 0x0000020ceed214c0 Thread exited: 0x0000020ceed214c0
Event: 8.966 Thread 0x0000020ceed214c0 Thread added: 0x0000020ceed214c0
Event: 8.966 Thread 0x0000020cff7cca40 Thread added: 0x0000020cff7cca40
Event: 8.998 Executing  VM operation: G1CollectFull
Event: 9.004 Executing  VM operation: G1CollectFull done
Event: 9.004 Thread 0x0000020c9050e290 Thread added: 0x0000020c9050e290


Dynamic libraries:
0x00007ff659dd0000 - 0x00007ff659dde000 	C:\jdk-16.0.1\bin\java.exe
0x00007ff8dd2d0000 - 0x00007ff8dd4c5000 	C:\WINDOWS\SYSTEM32\ntdll.dll
0x00007ff8dc110000 - 0x00007ff8dc1ce000 	C:\WINDOWS\System32\KERNEL32.DLL
0x00007ff8dac80000 - 0x00007ff8daf48000 	C:\WINDOWS\System32\KERNELBASE.dll
0x00007ff8db210000 - 0x00007ff8db310000 	C:\WINDOWS\System32\ucrtbase.dll
0x00007ff8b6130000 - 0x00007ff8b6149000 	C:\jdk-16.0.1\bin\VCRUNTIME140.dll
0x00007ff8ced20000 - 0x00007ff8ced38000 	C:\jdk-16.0.1\bin\jli.dll
0x00007ff8db670000 - 0x00007ff8db811000 	C:\WINDOWS\System32\USER32.dll
0x00007ff8cfa90000 - 0x00007ff8cfd2a000 	C:\WINDOWS\WinSxS\amd64_microsoft.windows.common-controls_6595b64144ccf1df_6.0.19041.1110_none_60b5254171f9507e\COMCTL32.dll
0x00007ff8dab40000 - 0x00007ff8dab62000 	C:\WINDOWS\System32\win32u.dll
0x00007ff8dd260000 - 0x00007ff8dd28b000 	C:\WINDOWS\System32\GDI32.dll
0x00007ff8dba30000 - 0x00007ff8dbace000 	C:\WINDOWS\System32\msvcrt.dll
0x00007ff8daf50000 - 0x00007ff8db05d000 	C:\WINDOWS\System32\gdi32full.dll
0x00007ff8db0c0000 - 0x00007ff8db15d000 	C:\WINDOWS\System32\msvcp_win.dll
0x00007ff8dc380000 - 0x00007ff8dc3b0000 	C:\WINDOWS\System32\IMM32.DLL
0x00007ff8aa3a0000 - 0x00007ff8aa3ac000 	C:\jdk-16.0.1\bin\vcruntime140_1.dll
0x00007ff88fd90000 - 0x00007ff88fe21000 	C:\jdk-16.0.1\bin\msvcp140.dll
0x00007ff890030000 - 0x00007ff890bdb000 	C:\jdk-16.0.1\bin\server\jvm.dll
0x00007ff8dc000000 - 0x00007ff8dc0ae000 	C:\WINDOWS\System32\ADVAPI32.dll
0x00007ff8dcd40000 - 0x00007ff8dcddc000 	C:\WINDOWS\System32\sechost.dll
0x00007ff8db900000 - 0x00007ff8dba25000 	C:\WINDOWS\System32\RPCRT4.dll
0x00007ff8dc4a0000 - 0x00007ff8dc4a8000 	C:\WINDOWS\System32\PSAPI.DLL
0x00007ff8d4600000 - 0x00007ff8d4609000 	C:\WINDOWS\SYSTEM32\WSOCK32.dll
0x00007ff8cff40000 - 0x00007ff8cff67000 	C:\WINDOWS\SYSTEM32\WINMM.dll
0x00007ff8dc410000 - 0x00007ff8dc47b000 	C:\WINDOWS\System32\WS2_32.dll
0x00007ff8d5b50000 - 0x00007ff8d5b5a000 	C:\WINDOWS\SYSTEM32\VERSION.dll
0x00007ff8d88f0000 - 0x00007ff8d8902000 	C:\WINDOWS\SYSTEM32\kernel.appcore.dll
0x00007ff8a6d30000 - 0x00007ff8a6d3a000 	C:\jdk-16.0.1\bin\jimage.dll
0x00007ff8cea00000 - 0x00007ff8cebe4000 	C:\WINDOWS\SYSTEM32\DBGHELP.DLL
0x00007ff8ce6f0000 - 0x00007ff8ce71c000 	C:\WINDOWS\SYSTEM32\dbgcore.DLL
0x00007ff8dabf0000 - 0x00007ff8dac72000 	C:\WINDOWS\System32\bcryptPrimitives.dll
0x00007ff8a56b0000 - 0x00007ff8a56d5000 	C:\jdk-16.0.1\bin\java.dll
0x00007ff8dc5f0000 - 0x00007ff8dcd34000 	C:\WINDOWS\System32\SHELL32.dll
0x00007ff8d8af0000 - 0x00007ff8d9285000 	C:\WINDOWS\SYSTEM32\windows.storage.dll
0x00007ff8db310000 - 0x00007ff8db665000 	C:\WINDOWS\System32\combase.dll
0x00007ff8da360000 - 0x00007ff8da38e000 	C:\WINDOWS\SYSTEM32\Wldp.dll
0x00007ff8dc540000 - 0x00007ff8dc5ed000 	C:\WINDOWS\System32\SHCORE.dll
0x00007ff8db8a0000 - 0x00007ff8db8f5000 	C:\WINDOWS\System32\shlwapi.dll
0x00007ff8da920000 - 0x00007ff8da93f000 	C:\WINDOWS\SYSTEM32\profapi.dll
0x00007ff899900000 - 0x00007ff899919000 	C:\jdk-16.0.1\bin\net.dll
0x00007ff8d4270000 - 0x00007ff8d437c000 	C:\WINDOWS\SYSTEM32\WINHTTP.dll
0x00007ff8da0c0000 - 0x00007ff8da12a000 	C:\WINDOWS\system32\mswsock.dll
0x00007ff88ffd0000 - 0x00007ff88ffe3000 	C:\jdk-16.0.1\bin\nio.dll
0x00007ff88ffb0000 - 0x00007ff88ffc8000 	C:\jdk-16.0.1\bin\zip.dll
0x00007ff8a6d20000 - 0x00007ff8a6d30000 	C:\jdk-16.0.1\bin\verify.dll
0x0000000072430000 - 0x000000007270e000 	C:\Users\dam_aap\AppData\Local\Temp\QtJambi_dam_aap_amd64_4.8.7_msvc2013x64-20150908-1314\lib\QtCore4.dll
0x00007ff8dc250000 - 0x00007ff8dc37a000 	C:\WINDOWS\System32\ole32.dll
0x00007ff8b30c0000 - 0x00007ff8b3166000 	C:\WINDOWS\SYSTEM32\MSVCP120.dll
0x00007ff88e1c0000 - 0x00007ff88e2af000 	C:\WINDOWS\SYSTEM32\MSVCR120.dll
0x00007ff8cc8d0000 - 0x00007ff8cc910000 	C:\Users\dam_aap\AppData\Local\Temp\QtJambi_dam_aap_amd64_4.8.7_msvc2013x64-20150908-1314\lib\qtjambi.dll
0x00007ff879030000 - 0x00007ff87915f000 	C:\Users\dam_aap\AppData\Local\Temp\QtJambi_dam_aap_amd64_4.8.7_msvc2013x64-20150908-1314\lib\com_trolltech_qt_core.dll
0x0000000071ac0000 - 0x000000007242e000 	C:\Users\dam_aap\AppData\Local\Temp\QtJambi_dam_aap_amd64_4.8.7_msvc2013x64-20150908-1314\lib\QtGui4.dll
0x00007ff8dcf00000 - 0x00007ff8dcfda000 	C:\WINDOWS\System32\COMDLG32.dll
0x00007ff8dd190000 - 0x00007ff8dd25d000 	C:\WINDOWS\System32\OLEAUT32.dll
0x00007ff8a4c90000 - 0x00007ff8a4d25000 	C:\WINDOWS\SYSTEM32\WINSPOOL.DRV
0x00007ff874b00000 - 0x00007ff87522f000 	C:\Users\dam_aap\AppData\Local\Temp\QtJambi_dam_aap_amd64_4.8.7_msvc2013x64-20150908-1314\lib\com_trolltech_qt_gui.dll
0x00007ff8d8410000 - 0x00007ff8d84ae000 	C:\WINDOWS\system32\uxtheme.dll
0x00007ff8dcde0000 - 0x00007ff8dcef5000 	C:\WINDOWS\System32\MSCTF.dll
0x00007ff8d76e0000 - 0x00007ff8d76ed000 	C:\Users\dam_aap\AppData\Local\Temp\QtJambi_dam_aap_amd64_4.8.7_msvc2013x64-20150908-1314\plugins\imageformats\qgif4.dll
0x00007ff8d75d0000 - 0x00007ff8d75de000 	C:\Users\dam_aap\AppData\Local\Temp\QtJambi_dam_aap_amd64_4.8.7_msvc2013x64-20150908-1314\plugins\imageformats\qico4.dll
0x00007ff8ba2f0000 - 0x00007ff8ba32d000 	C:\Users\dam_aap\AppData\Local\Temp\QtJambi_dam_aap_amd64_4.8.7_msvc2013x64-20150908-1314\plugins\imageformats\qjpeg4.dll
0x00007ff8ba230000 - 0x00007ff8ba279000 	C:\Users\dam_aap\AppData\Local\Temp\QtJambi_dam_aap_amd64_4.8.7_msvc2013x64-20150908-1314\plugins\imageformats\qmng4.dll
0x00007ff8b3330000 - 0x00007ff8b338b000 	C:\Users\dam_aap\AppData\Local\Temp\QtJambi_dam_aap_amd64_4.8.7_msvc2013x64-20150908-1314\plugins\imageformats\qtiff4.dll
0x00007ff8d32d0000 - 0x00007ff8d33c9000 	C:\WINDOWS\SYSTEM32\textinputframework.dll
0x00007ff8d7ed0000 - 0x00007ff8d7fc2000 	C:\WINDOWS\System32\CoreMessaging.dll
0x00007ff8d7a70000 - 0x00007ff8d7dce000 	C:\WINDOWS\System32\CoreUIComponents.dll
0x00007ff8d9630000 - 0x00007ff8d9663000 	C:\WINDOWS\SYSTEM32\ntmarta.dll
0x00007ff8d7440000 - 0x00007ff8d7594000 	C:\WINDOWS\SYSTEM32\wintypes.dll
0x00007ff8b0b00000 - 0x00007ff8b0bb0000 	C:\WINDOWS\WinSxS\amd64_microsoft.windows.common-controls_6595b64144ccf1df_5.82.19041.1110_none_792d1c772443f647\comctl32.dll
0x00007ff8dbf50000 - 0x00007ff8dbff9000 	C:\WINDOWS\System32\clbcatq.dll
0x00007ff8c1b40000 - 0x00007ff8c1b7b000 	C:\WINDOWS\SYSTEM32\dxcore.dll
0x00007ff8dab70000 - 0x00007ff8dabbe000 	C:\WINDOWS\System32\cfgmgr32.dll

dbghelp: loaded successfully - version: 4.0.5 - missing functions: none
symbol engine: initialized successfully - sym options: 0x614 - pdb path: .;C:\jdk-16.0.1\bin;C:\WINDOWS\SYSTEM32;C:\WINDOWS\WinSxS\amd64_microsoft.windows.common-controls_6595b64144ccf1df_6.0.19041.1110_none_60b5254171f9507e;C:\jdk-16.0.1\bin\server;C:\Users\dam_aap\AppData\Local\Temp\QtJambi_dam_aap_amd64_4.8.7_msvc2013x64-20150908-1314\lib;C:\Users\dam_aap\AppData\Local\Temp\QtJambi_dam_aap_amd64_4.8.7_msvc2013x64-20150908-1314\plugins\imageformats;C:\WINDOWS\WinSxS\amd64_microsoft.windows.common-controls_6595b64144ccf1df_5.82.19041.1110_none_792d1c772443f647

VM Arguments:
jvm_args: -Dfile.encoding=UTF-8 --module-path=C:\Users\dam_aap\Desktop\ProyectoConjunto\gym\Gimansio3.0\Gimnasio1.0\Interfaz\NetBeans\GymDam\build\classes 
java_command: gymdam.GymDam
java_class_path (initial): D:\qtjambi-community-4.8.7-win64-msvc2013\qtjambi-4.8.7.jar;D:\qtjambi-community-4.8.7-win64-msvc2013\qtjambi-designer-4.8.7.jar;D:\qtjambi-community-4.8.7-win64-msvc2013\qtjambi-examples-4.8.7.jar;D:\qtjambi-community-4.8.7-win64-msvc2013\qtjambi-examples-src.jar;D:\qtjambi-community-4.8.7-win64-msvc2013\qtjambi-native-win64-msvc2013x64-4.8.7.jar;D:\qtjambi-community-4.8.7-win64-msvc2013\qtjambi-src.jar;C:\Users\dam_aap\Desktop\json\json-20211205.jar;C:\Program Files\NetBeans-12.4\netbeans\ide\modules\ext\jaxb\jaxb-impl.jar;C:\Program Files\NetBeans-12.4\netbeans\ide\modules\ext\jaxb\jaxb-xjc.jar;C:\Program Files\NetBeans-12.4\netbeans\java\modules\ext\jaxws22\FastInfoset.jar;C:\Program Files\NetBeans-12.4\netbeans\java\modules\ext\jaxws22\gmbal-api-only.jar;C:\Program Files\NetBeans-12.4\netbeans\java\modules\ext\jaxws22\ha-api.jar;C:\Program Files\NetBeans-12.4\netbeans\java\modules\ext\jaxws22\javax.mail_1.4.jar;C:\Program Files\NetBeans-12.4\netbeans\java\modules\ext\jaxws22\jaxws-rt.jar;C:\Program Files\NetBeans-12.4\netbeans\java\modules\ext\jaxws22\jaxws-tools.jar;C:\Program Files\NetBeans-12.4\netbeans\java\modules\ext\jaxws22\management-api.jar;C:\Program Files\NetBeans-12.4\netbeans\java\modules\ext\jaxws22\mimepull.jar;C:\Program Files\NetBeans-12.4\netbeans\java\modules\ext\jaxws22\policy.jar;C:\Program Files\NetBeans-12.4\netbeans\java\modules\ext\jaxws22\saaj-impl.jar;C:\Program Files\NetBeans-12.4\netbeans\java\modules\ext\jaxws22\stax-ex.jar;C:\Program Files\NetBeans-12.4\netbeans\java\modules\ext\jaxws22\stax2-api.jar;C:\Program Files\NetBeans-12.4\netbeans\java\modules\ext\jaxws22\streambuffer.jar;C:\Program Files\NetBeans-12.4\netbeans\java\modules\ext\jaxws22\woodstox-core-asl.jar;C:\Program Files\NetBeans-12.4\netbeans\java\modules\ext\jaxws22\api\jaxws-api.jar;C:\Program Files\NetBeans-12.4\netbeans\java\modules\ext\jaxws22\api\jsr181-api.jar;C:\Program Files\NetBeans-12.4\netbeans\java\modules\ext\jaxws22\api\java
Launcher Type: SUN_STANDARD

[Global flags]
     intx CICompilerCount                          = 3                                         {product} {ergonomic}
     uint ConcGCThreads                            = 2                                         {product} {ergonomic}
     uint G1ConcRefinementThreads                  = 6                                         {product} {ergonomic}
   size_t G1HeapRegionSize                         = 1048576                                   {product} {ergonomic}
    uintx GCDrainStackTargetSize                   = 64                                        {product} {ergonomic}
   size_t InitialHeapSize                          = 132120576                                 {product} {ergonomic}
   size_t MarkStackSize                            = 4194304                                   {product} {ergonomic}
   size_t MaxHeapSize                              = 2090860544                                {product} {ergonomic}
   size_t MaxNewSize                               = 1254096896                                {product} {ergonomic}
   size_t MinHeapDeltaBytes                        = 1048576                                   {product} {ergonomic}
   size_t MinHeapSize                              = 8388608                                   {product} {ergonomic}
    uintx NonNMethodCodeHeapSize                   = 5832780                                {pd product} {ergonomic}
    uintx NonProfiledCodeHeapSize                  = 122912730                              {pd product} {ergonomic}
    uintx ProfiledCodeHeapSize                     = 122912730                              {pd product} {ergonomic}
    uintx ReservedCodeCacheSize                    = 251658240                              {pd product} {ergonomic}
     bool SegmentedCodeCache                       = true                                      {product} {ergonomic}
   size_t SoftMaxHeapSize                          = 2090860544                             {manageable} {ergonomic}
     bool UseCompressedClassPointers               = true                           {product lp64_product} {ergonomic}
     bool UseCompressedOops                        = true                           {product lp64_product} {ergonomic}
     bool UseG1GC                                  = true                                      {product} {ergonomic}
     bool UseLargePagesIndividualAllocation        = false                                  {pd product} {ergonomic}

Logging:
Log output configuration:
 #0: stdout all=warning uptime,level,tags
 #1: stderr all=off uptime,level,tags

Environment Variables:
JAVA_HOME=c:\jdk-16.0.1
PATH=C:\Program Files (x86)\VMware\VMware Player\bin\;C:\jdk-16.0.1\bin;C:\WINDOWS\system32;C:\WINDOWS;C:\WINDOWS\System32\Wbem;C:\WINDOWS\System32\WindowsPowerShell\v1.0\;C:\WINDOWS\System32\OpenSSH\;C:\Program Files\PowerShell\7\;C:\Program Files\Microsoft SQL Server\Client SDK\ODBC\170\Tools\Binn\;C:\Program Files (x86)\Microsoft SQL Server\150\Tools\Binn\;C:\Program Files\Microsoft SQL Server\150\Tools\Binn\;C:\Program Files\Microsoft SQL Server\150\DTS\Binn\;C:\Program Files\Azure Data Studio\bin;C:\Program Files\dotnet\;C:\ProgramData\chocolatey\bin;C:\flutter\bin;C:\Users\dam_aap\AppData\Local\Microsoft\WindowsApps;D:\Microsoft VS Code\bin;C:\Users\dam_aap\AppData\Local\Programs\Git\cmd;C:\Users\dam_aap\AppData\Local\gitkraken\bin
USERNAME=dam_aap
OS=Windows_NT
PROCESSOR_IDENTIFIER=Intel64 Family 6 Model 158 Stepping 10, GenuineIntel



---------------  S Y S T E M  ---------------

OS:
 Windows 10 , 64 bit Build 19041 (10.0.19041.1466)
OS uptime: 0 days 1:15 hours

CPU: total 6 (initial active 6) (6 cores per cpu, 1 threads per core) family 6 model 158 stepping 10 microcode 0xb4, cx8, cmov, fxsr, mmx, 3dnowpref, sse, sse2, sse3, ssse3, sse4.1, sse4.2, popcnt, lzcnt, tsc, tscinvbit, avx, avx2, aes, erms, clmul, bmi1, bmi2, rtm, adx, fma, vzeroupper, clflush, clflushopt

Memory: 4k page, system-wide physical 7973M (844M free)
TotalPageFile size 14885M (AvailPageFile size 5484M)
current process WorkingSet (physical memory assigned to process): 66M, peak: 93M
current process commit charge ("private bytes"): 106M, peak: 235M

vm_info: OpenJDK 64-Bit Server VM (16.0.1+9-24) for windows-amd64 JRE (16.0.1+9-24), built on Mar 26 2021 19:30:07 by "mach5one" with MS VC++ 16.7 (VS2019)

END.
