#
# A fatal error has been detected by the Java Runtime Environment:
#
#  EXCEPTION_ACCESS_VIOLATION (0xc0000005) at pc=0x000000006abe2cbd, pid=3508, tid=12400
#
# JRE version: OpenJDK Runtime Environment (16.0.1+9) (build 16.0.1+9-24)
# Java VM: OpenJDK 64-Bit Server VM (16.0.1+9-24, mixed mode, sharing, tiered, compressed oops, compressed class ptrs, g1 gc, windows-amd64)
# Problematic frame:
# C  [QtGui4.dll+0x62cbd]
#
# No core dump will be written. Minidumps are not enabled by default on client versions of Windows
#
# If you would like to submit a bug report, please visit:
#   https://bugreport.java.com/bugreport/crash.jsp
# The crash happened outside the Java Virtual Machine in native code.
# See problematic frame for where to report the bug.
#

---------------  S U M M A R Y ------------

Command Line: -Dfile.encoding=UTF-8 --module-path=C:\Users\dam_aap\Desktop\ProyectoConjunto\gym\Gimansio3.0\Gimnasio1.0\Interfaz\NetBeans\GymDam\build\classes gymdam.GymDam

Host: Intel(R) Core(TM) i5-9500 CPU @ 3.00GHz, 6 cores, 7G,  Windows 10 , 64 bit Build 19041 (10.0.19041.1466)
Time: Mon Feb 14 13:38:11 2022 Hora estándar romance elapsed time: 7.741557 seconds (0d 0h 0m 7s)

---------------  T H R E A D  ---------------

Current thread (0x000001cf61899000):  JavaThread "Unknown thread" [_thread_in_native, id=12400, stack(0x000000a748200000,0x000000a748300000)]

Stack: [0x000000a748200000,0x000000a748300000],  sp=0x000000a7482fed30,  free space=1019k
Native frames: (J=compiled Java code, j=interpreted, Vv=VM code, C=native code)
C  [QtGui4.dll+0x62cbd]

Java frames: (J=compiled Java code, j=interpreted, Vv=VM code)
J 682  com.trolltech.qt.internal.QtJambiObject.finalize()V (0 bytes) @ 0x000001cf530abfeb [0x000001cf530abfa0+0x000000000000004b]
J 676 c1 java.lang.ref.Finalizer.runFinalizer(Ljdk/internal/access/JavaLangAccess;)V java.base@16.0.1 (131 bytes) @ 0x000001cf4bc327a4 [0x000001cf4bc32140+0x0000000000000664]
j  java.lang.ref.Finalizer$FinalizerThread.run()V+46 java.base@16.0.1
v  ~StubRoutines::call_stub

siginfo: EXCEPTION_ACCESS_VIOLATION (0xc0000005), reading address 0x0000000000000008


Register to memory mapping:

RIP=0x000000006abe2cbd QtGui4.dll
RAX=0x0 is NULL
RBX=0x00000000ffffffff is an unallocated location in the heap
RCX=0x000001cf625436f0 points into unknown readable memory: 0x0000000000000001 | 01 00 00 00 00 00 00 00
RDX=0x0000000000000001 is an unknown value
RSP=0x000000a7482fed30 is pointing into the stack for thread: 0x000001cf61899000
RBP=0x0000000000000002 is an unknown value
RSI=0x000001cf62aba0b0 points into unknown readable memory: 0x000000006b1d3148 | 48 31 1d 6b 00 00 00 00
RDI=0x000001cf62aba0b0 points into unknown readable memory: 0x000000006b1d3148 | 48 31 1d 6b 00 00 00 00
R8 =0x0000000000000001 is an unknown value
R9 =0x000000000000001d is an unknown value
R10=0x0 is NULL
R11=0xafffade000000000 is an unknown value
R12=0x000001cf62aba6f0 points into unknown readable memory: 0x000000006b17fe58 | 58 fe 17 6b 00 00 00 00
R13=0x000001cf62ba2780 points into unknown readable memory: 0x000000006b1e91f0 | f0 91 1e 6b 00 00 00 00
R14=0x000000001ffb9d00 is an unknown value
R15=0x0 is NULL


Registers:
RAX=0x0000000000000000, RBX=0x00000000ffffffff, RCX=0x000001cf625436f0, RDX=0x0000000000000001
RSP=0x000000a7482fed30, RBP=0x0000000000000002, RSI=0x000001cf62aba0b0, RDI=0x000001cf62aba0b0
R8 =0x0000000000000001, R9 =0x000000000000001d, R10=0x0000000000000000, R11=0xafffade000000000
R12=0x000001cf62aba6f0, R13=0x000001cf62ba2780, R14=0x000000001ffb9d00, R15=0x0000000000000000
RIP=0x000000006abe2cbd, EFLAGS=0x0000000000010202

Top of Stack: (sp=0x000000a7482fed30)
0x000000a7482fed30:   000001cf625436f0 00000000ffffffff
0x000000a7482fed40:   0000000000000002 00007ffda97369d8
0x000000a7482fed50:   000001cf00000000 0000000000000002
0x000000a7482fed60:   fffffffffffffffe 000001cf62aba6f0
0x000000a7482fed70:   0000000000000000 000000006aefb1ce
0x000000a7482fed80:   000001cf62a343c0 0000000000000001
0x000000a7482fed90:   000001cf625436f0 0000000000000000
0x000000a7482feda0:   0000000000000001 000000006aefaa44
0x000000a7482fedb0:   000001cf62aba0b0 0000000000000002
0x000000a7482fedc0:   000001cf62abaf60 0000000000000001
0x000000a7482fedd0:   fffffffffffffffe 0000000000000001
0x000000a7482fede0:   000001cf62aba0b0 00007ffd7a8529a5
0x000000a7482fedf0:   000001cf62aba0b0 000001cf00000000
0x000000a7482fee00:   000001cf62ad5e20 000000006b7ae0a8
0x000000a7482fee10:   fffffffffffffffe 000001cf62cba158
0x000000a7482fee20:   000001cf62ba2780 000000006b60ab73 

Instructions: (pc=0x000000006abe2cbd)
0x000000006abe2bbd:   8b 0e 48 3b cb 74 1b ff 15 66 9b 58 00 84 c0 75
0x000000006abe2bcd:   0e ba 08 00 00 00 48 8b 0e ff 15 c4 9d 58 00 48
0x000000006abe2bdd:   89 1e 48 83 c4 38 41 5e 5f 5e 5b c3 cc cc cc cc
0x000000006abe2bed:   cc cc cc 40 57 48 83 ec 20 48 8b 41 f8 48 8b fa
0x000000006abe2bfd:   48 3b 90 40 01 00 00 74 6c 48 8b 41 f8 48 89 5c
0x000000006abe2c0d:   24 30 48 8d 59 f0 f7 80 c8 01 00 00 00 00 00 10
0x000000006abe2c1d:   74 0c 48 8b 43 20 48 8b 08 48 85 c9 75 22 41 b0
0x000000006abe2c2d:   01 ba 64 00 00 00 48 8b cb e8 95 2c 00 00 48 8b
0x000000006abe2c3d:   4b 08 33 d2 e8 fa 7b ff ff 48 8b 43 20 48 8b 08
0x000000006abe2c4d:   48 8b d7 ff 15 12 cf 58 00 48 8b 5c 24 30 85 c0
0x000000006abe2c5d:   75 13 48 8d 0d 52 db 59 00 48 83 c4 20 5f 48 ff
0x000000006abe2c6d:   25 fe a6 58 00 48 83 c4 20 5f c3 cc cc cc cc cc
0x000000006abe2c7d:   cc cc cc 85 d2 74 68 57 48 83 ec 40 48 c7 44 24
0x000000006abe2c8d:   30 fe ff ff ff 48 89 5c 24 50 8b da 48 8b f9 c7
0x000000006abe2c9d:   44 24 20 00 00 00 00 45 33 c9 45 33 c0 33 d2 48
0x000000006abe2cad:   8d 4c 24 60 e8 ba ba fd ff 90 ff 15 bb 9b 58 00
0x000000006abe2cbd:   48 8b 48 08 48 81 c1 28 01 00 00 4c 8d 4c 24 60
0x000000006abe2ccd:   4c 8b c7 8b d3 e8 f9 8c fe ff 90 48 8d 4c 24 60
0x000000006abe2cdd:   e8 ee e2 fc ff 48 8b 5c 24 50 48 83 c4 40 5f c3
0x000000006abe2ced:   cc cc cc 48 89 5c 24 10 48 89 6c 24 18 48 89 74
0x000000006abe2cfd:   24 20 57 48 81 ec 90 00 00 00 48 8b 05 62 4e 8a
0x000000006abe2d0d:   00 48 33 c4 48 89 84 24 80 00 00 00 48 8b f1 48
0x000000006abe2d1d:   8b 09 48 8b fa 48 83 c1 68 ba 01 00 00 00 ff 15
0x000000006abe2d2d:   ef 99 58 00 84 c0 74 08 48 8b ce e8 f3 7b fa ff
0x000000006abe2d3d:   48 8b 0e 48 8b d1 48 8b d9 4c 63 49 6c 8b 69 70
0x000000006abe2d4d:   4d 85 c9 78 42 48 8d 44 24 20 41 ba 08 00 00 00
0x000000006abe2d5d:   4c 2b d0 4a 8b 5c ca 08 48 3b d9 74 20 44 8b 07
0x000000006abe2d6d:   0f 1f 00 44 39 43 f8 7d 14 4b 8d 04 ca 48 8b d3
0x000000006abe2d7d:   48 03 c3 48 8b 5c 04 20 48 3b d9 75 e6 4a 89 54
0x000000006abe2d8d:   cc 20 49 ff c9 79 cc 48 3b d9 74 3d 8b 43 f8 39
0x000000006abe2d9d:   07 7c 36 48 8b 0e 4c 8b cb 48 8b 5b 08 48 3b d9
0x000000006abe2dad:   74 0e 8b 43 f8 41 39 41 f8 7c 05 40 b7 01 eb 03 


Stack slot to memory mapping:
stack at sp + 0 slots: 0x000001cf625436f0 points into unknown readable memory: 0x0000000000000001 | 01 00 00 00 00 00 00 00
stack at sp + 1 slots: 0x00000000ffffffff is an unallocated location in the heap
stack at sp + 2 slots: 0x0000000000000002 is an unknown value
stack at sp + 3 slots: 0x00007ffda97369d8 MSVCR120.dll
stack at sp + 4 slots: 0x000001cf00000000 is an unknown value
stack at sp + 5 slots: 0x0000000000000002 is an unknown value
stack at sp + 6 slots: 0xfffffffffffffffe is an unknown value
stack at sp + 7 slots: 0x000001cf62aba6f0 points into unknown readable memory: 0x000000006b17fe58 | 58 fe 17 6b 00 00 00 00


---------------  P R O C E S S  ---------------

Threads class SMR info:
_java_thread_list=0x000001cf62a265f0, length=13, elements={
0x000001cf61897c20, 0x000001cf61899000, 0x000001cf618a5210, 0x000001cf618a5c20,
0x000001cf618a6530, 0x000001cf618a6e40, 0x000001cf618a8b40, 0x000001cf618a9540,
0x000001cf618afad0, 0x000001cf62469c60, 0x000001cf624fcff0, 0x000001cf6193a490,
0x000001cf43e2b860
}

Java Threads: ( => current thread )
  0x000001cf61897c20 JavaThread "Reference Handler" daemon [_thread_blocked, id=4688, stack(0x000000a748100000,0x000000a748200000)]
=>0x000001cf61899000 JavaThread "Finalizer" daemon [_thread_in_native, id=12400, stack(0x000000a748200000,0x000000a748300000)]
  0x000001cf618a5210 JavaThread "Signal Dispatcher" daemon [_thread_blocked, id=9592, stack(0x000000a748300000,0x000000a748400000)]
  0x000001cf618a5c20 JavaThread "Attach Listener" daemon [_thread_blocked, id=12716, stack(0x000000a748400000,0x000000a748500000)]
  0x000001cf618a6530 JavaThread "Service Thread" daemon [_thread_blocked, id=5432, stack(0x000000a748500000,0x000000a748600000)]
  0x000001cf618a6e40 JavaThread "Monitor Deflation Thread" daemon [_thread_blocked, id=5684, stack(0x000000a748600000,0x000000a748700000)]
  0x000001cf618a8b40 JavaThread "C2 CompilerThread0" daemon [_thread_blocked, id=9960, stack(0x000000a748700000,0x000000a748800000)]
  0x000001cf618a9540 JavaThread "C1 CompilerThread0" daemon [_thread_blocked, id=3548, stack(0x000000a748800000,0x000000a748900000)]
  0x000001cf618afad0 JavaThread "Sweeper thread" daemon [_thread_blocked, id=7432, stack(0x000000a748900000,0x000000a748a00000)]
  0x000001cf62469c60 JavaThread "Common-Cleaner" daemon [_thread_blocked, id=8588, stack(0x000000a748a00000,0x000000a748b00000)]
  0x000001cf624fcff0 JavaThread "Notification Thread" daemon [_thread_blocked, id=5040, stack(0x000000a748b00000,0x000000a748c00000)]
  0x000001cf6193a490 JavaThread "Thread-2" daemon [_thread_in_native, id=8672, stack(0x000000a749700000,0x000000a749800000)]
  0x000001cf43e2b860 JavaThread "DestroyJavaVM" [_thread_blocked, id=6876, stack(0x000000a747a00000,0x000000a747b00000)]

Other Threads:
  0x000001cf61891cb0 VMThread "VM Thread" [stack: 0x000000a748000000,0x000000a748100000] [id=6204]
  0x000001cf43e2ca00 WatcherThread [stack: 0x000000a748c00000,0x000000a748d00000] [id=2552]
  0x000001cf43e69f00 GCTaskThread "GC Thread#0" [stack: 0x000000a747b00000,0x000000a747c00000] [id=7832]
  0x000001cf64675010 GCTaskThread "GC Thread#1" [stack: 0x000000a749100000,0x000000a749200000] [id=12268]
  0x000001cf6194a5b0 GCTaskThread "GC Thread#2" [stack: 0x000000a749200000,0x000000a749300000] [id=2872]
  0x000001cf62fca290 GCTaskThread "GC Thread#3" [stack: 0x000000a749300000,0x000000a749400000] [id=11336]
  0x000001cf62fca5a0 GCTaskThread "GC Thread#4" [stack: 0x000000a749400000,0x000000a749500000] [id=1560]
  0x000001cf62fca8b0 GCTaskThread "GC Thread#5" [stack: 0x000000a749500000,0x000000a749600000] [id=7292]
  0x000001cf43e7a890 ConcurrentGCThread "G1 Main Marker" [stack: 0x000000a747c00000,0x000000a747d00000] [id=12576]
  0x000001cf43e7ba30 ConcurrentGCThread "G1 Conc#0" [stack: 0x000000a747d00000,0x000000a747e00000] [id=10932]
  0x000001cf43efcc70 ConcurrentGCThread "G1 Refine#0" [stack: 0x000000a747e00000,0x000000a747f00000] [id=11340]
  0x000001cf43efd680 ConcurrentGCThread "G1 Service" [stack: 0x000000a747f00000,0x000000a748000000] [id=5548]

Threads with active compile tasks:

VM state: not at safepoint (normal execution)

VM Mutex/Monitor currently owned by a thread: None

Heap address: 0x0000000083600000, size: 1994 MB, Compressed Oops mode: 32-bit

CDS archive(s) mapped at: [0x0000000800000000-0x0000000800bb0000-0x0000000800bb0000), size 12255232, SharedBaseAddress: 0x0000000800000000, ArchiveRelocationMode: 0.
Compressed class space mapped at: 0x0000000800c00000-0x0000000840c00000, reserved size: 1073741824
Narrow klass base: 0x0000000800000000, Narrow klass shift: 3, Narrow klass range: 0x100000000

GC Precious Log:
 CPUs: 6 total, 6 available
 Memory: 7973M
 Large Page Support: Disabled
 NUMA Support: Disabled
 Compressed Oops: Enabled (32-bit)
 Heap Region Size: 1M
 Heap Min Capacity: 8M
 Heap Initial Capacity: 126M
 Heap Max Capacity: 1994M
 Pre-touch: Disabled
 Parallel Workers: 6
 Concurrent Workers: 2
 Concurrent Refinement Workers: 6
 Periodic GC: Disabled

Heap:
 garbage-first heap   total 10240K, used 2050K [0x0000000083600000, 0x0000000100000000)
  region size 1024K, 1 young (1024K), 0 survivors (0K)
 Metaspace       used 5508K, committed 5632K, reserved 1056768K
  class space    used 491K, committed 576K, reserved 1048576K

Heap Regions: E=young(eden), S=young(survivor), O=old, HS=humongous(starts), HC=humongous(continues), CS=collection set, F=free, OA=open archive, CA=closed archive, TAMS=top-at-mark-start (previous, next)
|   0|0x0000000083600000, 0x00000000836ffff0, 0x0000000083700000| 99%| O|  |TAMS 0x0000000083600000, 0x0000000083600000| Untracked 
|   1|0x0000000083700000, 0x00000000837fffe0, 0x0000000083800000| 99%| O|  |TAMS 0x0000000083700000, 0x0000000083700000| Untracked 
|   2|0x0000000083800000, 0x0000000083800a10, 0x0000000083900000|  0%| O|  |TAMS 0x0000000083800000, 0x0000000083800000| Untracked 
|   3|0x0000000083900000, 0x0000000083900000, 0x0000000083a00000|  0%| F|  |TAMS 0x0000000083900000, 0x0000000083900000| Untracked 
|   4|0x0000000083a00000, 0x0000000083a00000, 0x0000000083b00000|  0%| F|  |TAMS 0x0000000083a00000, 0x0000000083a00000| Untracked 
|   5|0x0000000083b00000, 0x0000000083b00000, 0x0000000083c00000|  0%| F|  |TAMS 0x0000000083b00000, 0x0000000083b00000| Untracked 
|   6|0x0000000083c00000, 0x0000000083c00000, 0x0000000083d00000|  0%| F|  |TAMS 0x0000000083c00000, 0x0000000083c00000| Untracked 
|   7|0x0000000083d00000, 0x0000000083d00000, 0x0000000083e00000|  0%| F|  |TAMS 0x0000000083d00000, 0x0000000083d00000| Untracked 
|   8|0x0000000083e00000, 0x0000000083e00000, 0x0000000083f00000|  0%| F|  |TAMS 0x0000000083e00000, 0x0000000083e00000| Untracked 
|   9|0x0000000083f00000, 0x0000000083f036a8, 0x0000000084000000|  1%| E|  |TAMS 0x0000000083f00000, 0x0000000083f00000| Complete 

Card table byte_map: [0x000001cf5aaa0000,0x000001cf5ae90000] _byte_map_base: 0x000001cf5a685000

Marking Bits (Prev, Next): (CMBitMap*) 0x000001cf43e6a540, (CMBitMap*) 0x000001cf43e6a500
 Prev Bits: [0x000001cf5d1b0000, 0x000001cf5f0d8000)
 Next Bits: [0x000001cf5b280000, 0x000001cf5d1a8000)

Polling page: 0x000001cf43610000

Metaspace:

Usage:
  Non-class:      4.90 MB used.
      Class:    491.15 KB used.
       Both:      5.38 MB used.

Virtual space:
  Non-class space:        8.00 MB reserved,       4.94 MB ( 62%) committed,  1 nodes.
      Class space:        1.00 GB reserved,     576.00 KB ( <1%) committed,  1 nodes.
              Both:        1.01 GB reserved,       5.50 MB ( <1%) committed. 

Chunk freelists:
   Non-Class:  1.25 MB
       Class:  3.47 MB
        Both:  4.72 MB

MaxMetaspaceSize: 17179869184.00 GB
CompressedClassSpaceSize: 1.00 GB
 - commit_granule_bytes: 65536.
 - commit_granule_words: 8192.
 - virtual_space_node_default_size: 1048576.
 - enlarge_chunks_in_place: 1.
 - new_chunks_are_fully_committed: 0.
 - uncommit_free_chunks: 1.
 - use_allocation_guard: 0.
 - handle_deallocations: 1.


Internal statistics:

num_allocs_failed_limit: 0.
num_arena_births: 36.
num_arena_deaths: 0.
num_vsnodes_births: 2.
num_vsnodes_deaths: 0.
num_space_committed: 88.
num_space_uncommitted: 0.
num_chunks_returned_to_freelist: 0.
num_chunks_taken_from_freelist: 151.
num_chunk_merges: 0.
num_chunk_splits: 123.
num_chunks_enlarged: 107.
num_purges: 0.

CodeHeap 'non-profiled nmethods': size=120000Kb used=240Kb max_used=240Kb free=119759Kb
 bounds [0x000001cf53070000, 0x000001cf532e0000, 0x000001cf5a5a0000]
CodeHeap 'profiled nmethods': size=120000Kb used=1036Kb max_used=1036Kb free=118963Kb
 bounds [0x000001cf4bb40000, 0x000001cf4bdb0000, 0x000001cf53070000]
CodeHeap 'non-nmethods': size=5760Kb used=1164Kb max_used=1195Kb free=4595Kb
 bounds [0x000001cf4b5a0000, 0x000001cf4b810000, 0x000001cf4bb40000]
 total_blobs=1150 nmethods=700 adapters=363
 compilation: enabled
              stopped_count=0, restarted_count=0
 full_count=0

Compilation events (20 events):
Event: 7.698 Thread 0x000001cf618a9540  693       3       java.nio.ByteBuffer::arrayOffset (35 bytes)
Event: 7.698 Thread 0x000001cf618a9540 nmethod 693 0x000001cf4bc3b210 code [0x000001cf4bc3b3e0, 0x000001cf4bc3b658]
Event: 7.707 Thread 0x000001cf618a9540  694       3       java.io.BufferedWriter::ensureOpen (18 bytes)
Event: 7.708 Thread 0x000001cf618a9540 nmethod 694 0x000001cf4bc3b790 code [0x000001cf4bc3b940, 0x000001cf4bc3bb68]
Event: 7.708 Thread 0x000001cf618a9540  695       3       java.nio.CharBuffer::arrayOffset (35 bytes)
Event: 7.708 Thread 0x000001cf618a9540 nmethod 695 0x000001cf4bc3bc10 code [0x000001cf4bc3bde0, 0x000001cf4bc3c058]
Event: 7.709 Thread 0x000001cf618a9540  696       3       java.lang.String::valueOf (15 bytes)
Event: 7.709 Thread 0x000001cf618a9540 nmethod 696 0x000001cf4bc3c190 code [0x000001cf4bc3c340, 0x000001cf4bc3c548]
Event: 7.711 Thread 0x000001cf618a9540  697       3       java.lang.String::getChars (54 bytes)
Event: 7.711 Thread 0x000001cf618a9540 nmethod 697 0x000001cf4bc3c610 code [0x000001cf4bc3c820, 0x000001cf4bc3cc98]
Event: 7.711 Thread 0x000001cf618a9540  698       3       java.lang.StringLatin1::getChars (12 bytes)
Event: 7.711 Thread 0x000001cf618a9540 nmethod 698 0x000001cf4bc3ce90 code [0x000001cf4bc3d040, 0x000001cf4bc3d168]
Event: 7.717 Thread 0x000001cf618a9540  699       3       sun.nio.cs.UTF_8$Encoder::encodeArrayLoop (489 bytes)
Event: 7.718 Thread 0x000001cf618a9540 nmethod 699 0x000001cf4bc3d210 code [0x000001cf4bc3d800, 0x000001cf4bc40b68]
Event: 7.725 Thread 0x000001cf618a9540  700       3       java.util.zip.InflaterInputStream::close (34 bytes)
Event: 7.725 Thread 0x000001cf618a9540 nmethod 700 0x000001cf4bc41c10 code [0x000001cf4bc41de0, 0x000001cf4bc42098]
Event: 7.726 Thread 0x000001cf618a9540  702   !   3       java.io.BufferedWriter::write (117 bytes)
Event: 7.727 Thread 0x000001cf618a9540 nmethod 702 0x000001cf4bc42190 code [0x000001cf4bc423a0, 0x000001cf4bc42988]
Event: 7.727 Thread 0x000001cf618a9540  701       3       java.io.Writer::write (11 bytes)
Event: 7.727 Thread 0x000001cf618a9540 nmethod 701 0x000001cf4bc42d10 code [0x000001cf4bc42ee0, 0x000001cf4bc431c8]

GC Heap History (4 events):
Event: 7.665 GC heap before
{Heap before GC invocations=0 (full 0):
 garbage-first heap   total 129024K, used 16384K [0x0000000083600000, 0x0000000100000000)
  region size 1024K, 18 young (18432K), 0 survivors (0K)
 Metaspace       used 5363K, committed 5504K, reserved 1056768K
  class space    used 479K, committed 576K, reserved 1048576K
}
Event: 7.671 GC heap after
{Heap after GC invocations=1 (full 1):
 garbage-first heap   total 14336K, used 2125K [0x0000000083600000, 0x0000000100000000)
  region size 1024K, 0 young (0K), 0 survivors (0K)
 Metaspace       used 5363K, committed 5504K, reserved 1056768K
  class space    used 479K, committed 576K, reserved 1048576K
}
Event: 7.728 GC heap before
{Heap before GC invocations=1 (full 1):
 garbage-first heap   total 14336K, used 2125K [0x0000000083600000, 0x0000000100000000)
  region size 1024K, 1 young (1024K), 0 survivors (0K)
 Metaspace       used 5465K, committed 5632K, reserved 1056768K
  class space    used 485K, committed 576K, reserved 1048576K
}
Event: 7.733 GC heap after
{Heap after GC invocations=2 (full 2):
 garbage-first heap   total 10240K, used 2051K [0x0000000083600000, 0x0000000100000000)
  region size 1024K, 0 young (0K), 0 survivors (0K)
 Metaspace       used 5465K, committed 5632K, reserved 1056768K
  class space    used 485K, committed 576K, reserved 1048576K
}

Deoptimization events (4 events):
Event: 0.151 Thread 0x000001cf43e2b860 DEOPT PACKING pc=0x000001cf4bb51ee7 sp=0x000000a747afe030
Event: 0.151 Thread 0x000001cf43e2b860 DEOPT UNPACKING pc=0x000001cf4b5edece sp=0x000000a747afd450 mode 0
Event: 0.171 Thread 0x000001cf43e2b860 DEOPT PACKING pc=0x000001cf4bb465d1 sp=0x000000a747afd9a0
Event: 0.171 Thread 0x000001cf43e2b860 DEOPT UNPACKING pc=0x000001cf4b5edece sp=0x000000a747afce18 mode 0

Classes unloaded (0 events):
No events

Classes redefined (0 events):
No events

Internal exceptions (5 events):
Event: 0.042 Thread 0x000001cf43e2b860 Exception <a 'sun/nio/fs/WindowsException'{0x000000008b221dd0}> (0x000000008b221dd0) 
thrown [t:\workspace\open\src\hotspot\share\prims\jni.cpp, line 579]
Event: 0.042 Thread 0x000001cf43e2b860 Exception <a 'sun/nio/fs/WindowsException'{0x000000008b2223f0}> (0x000000008b2223f0) 
thrown [t:\workspace\open\src\hotspot\share\prims\jni.cpp, line 579]
Event: 0.043 Thread 0x000001cf43e2b860 Exception <a 'sun/nio/fs/WindowsException'{0x000000008b2251a8}> (0x000000008b2251a8) 
thrown [t:\workspace\open\src\hotspot\share\prims\jni.cpp, line 579]
Event: 0.093 Thread 0x000001cf43e2b860 Exception <a 'java/lang/NoSuchMethodError'{0x000000008b03c430}: 'void java.lang.invoke.DirectMethodHandle$Holder.invokeSpecial(java.lang.Object, java.lang.Object, java.lang.Object)'> (0x000000008b03c430) 
thrown [t:\workspace\open\src\hotspot\share\interpreter\linkResolver.cpp, line 790]
Event: 0.095 Thread 0x000001cf43e2b860 Exception <a 'java/lang/NoSuchMethodError'{0x000000008b04cd98}: 'java.lang.Object java.lang.invoke.DirectMethodHandle$Holder.invokeStatic(java.lang.Object)'> (0x000000008b04cd98) 
thrown [t:\workspace\open\src\hotspot\share\interpreter\linkResolver.cpp, line 790]

Events (20 events):
Event: 7.671 Executing  VM operation: G1CollectFull done
Event: 7.671 loading class java/lang/ref/Finalizer$2
Event: 7.671 loading class java/lang/ref/Finalizer$2 done
Event: 7.671 loading class java/lang/ref/Finalizer$1
Event: 7.671 loading class java/lang/ref/Finalizer$1 done
Event: 7.672 Thread 0x000001cf6193a490 Thread added: 0x000001cf6193a490
Event: 7.675 Thread 0x000001cf6193a490 Thread exited: 0x000001cf6193a490
Event: 7.675 Thread 0x000001cf6193a490 Thread added: 0x000001cf6193a490
Event: 7.682 Thread 0x000001cf43e2b860 Thread exited: 0x000001cf43e2b860
Event: 7.682 Thread 0x000001cf43e2b860 Thread added: 0x000001cf43e2b860
Event: 7.683 Thread 0x000001cf628b30b0 Thread added: 0x000001cf628b30b0
Event: 7.684 loading class java/lang/Throwable$WrappedPrintStream
Event: 7.684 loading class java/lang/Throwable$PrintStreamOrWriter
Event: 7.684 loading class java/lang/Throwable$PrintStreamOrWriter done
Event: 7.684 loading class java/lang/Throwable$WrappedPrintStream done
Event: 7.684 loading class java/lang/StackTraceElement$HashedModules
Event: 7.684 loading class java/lang/StackTraceElement$HashedModules done
Event: 7.728 Executing  VM operation: G1CollectFull
Event: 7.733 Executing  VM operation: G1CollectFull done
Event: 7.733 Thread 0x000001cf6298dbb0 Thread added: 0x000001cf6298dbb0


Dynamic libraries:
0x00007ff7cc930000 - 0x00007ff7cc93e000 	C:\jdk-16.0.1\bin\java.exe
0x00007ffdebf70000 - 0x00007ffdec165000 	C:\WINDOWS\SYSTEM32\ntdll.dll
0x00007ffdea5f0000 - 0x00007ffdea6ae000 	C:\WINDOWS\System32\KERNEL32.DLL
0x00007ffde9b60000 - 0x00007ffde9e28000 	C:\WINDOWS\System32\KERNELBASE.dll
0x00007ffde99d0000 - 0x00007ffde9ad0000 	C:\WINDOWS\System32\ucrtbase.dll
0x00007ffde4680000 - 0x00007ffde4698000 	C:\jdk-16.0.1\bin\jli.dll
0x00007ffde5940000 - 0x00007ffde5959000 	C:\jdk-16.0.1\bin\VCRUNTIME140.dll
0x00007ffdeb680000 - 0x00007ffdeb821000 	C:\WINDOWS\System32\USER32.dll
0x00007ffde9680000 - 0x00007ffde96a2000 	C:\WINDOWS\System32\win32u.dll
0x00007ffdde0a0000 - 0x00007ffdde33a000 	C:\WINDOWS\WinSxS\amd64_microsoft.windows.common-controls_6595b64144ccf1df_6.0.19041.1110_none_60b5254171f9507e\COMCTL32.dll
0x00007ffdeb910000 - 0x00007ffdeb93b000 	C:\WINDOWS\System32\GDI32.dll
0x00007ffdeaf40000 - 0x00007ffdeafde000 	C:\WINDOWS\System32\msvcrt.dll
0x00007ffde9760000 - 0x00007ffde986d000 	C:\WINDOWS\System32\gdi32full.dll
0x00007ffde9e60000 - 0x00007ffde9efd000 	C:\WINDOWS\System32\msvcp_win.dll
0x00007ffdeb650000 - 0x00007ffdeb680000 	C:\WINDOWS\System32\IMM32.DLL
0x00007ffde5a60000 - 0x00007ffde5a6c000 	C:\jdk-16.0.1\bin\vcruntime140_1.dll
0x00007ffdbf950000 - 0x00007ffdbf9e1000 	C:\jdk-16.0.1\bin\msvcp140.dll
0x00007ffd82d80000 - 0x00007ffd8392b000 	C:\jdk-16.0.1\bin\server\jvm.dll
0x00007ffdebb40000 - 0x00007ffdebbee000 	C:\WINDOWS\System32\ADVAPI32.dll
0x00007ffdebe90000 - 0x00007ffdebf2c000 	C:\WINDOWS\System32\sechost.dll
0x00007ffdea6c0000 - 0x00007ffdea7e5000 	C:\WINDOWS\System32\RPCRT4.dll
0x00007ffdebcd0000 - 0x00007ffdebcd8000 	C:\WINDOWS\System32\PSAPI.DLL
0x00007ffde4a60000 - 0x00007ffde4a6a000 	C:\WINDOWS\SYSTEM32\VERSION.dll
0x00007ffddedb0000 - 0x00007ffddedd7000 	C:\WINDOWS\SYSTEM32\WINMM.dll
0x00007ffde59e0000 - 0x00007ffde59e9000 	C:\WINDOWS\SYSTEM32\WSOCK32.dll
0x00007ffdeb580000 - 0x00007ffdeb5eb000 	C:\WINDOWS\System32\WS2_32.dll
0x00007ffde7590000 - 0x00007ffde75a2000 	C:\WINDOWS\SYSTEM32\kernel.appcore.dll
0x00007ffde5930000 - 0x00007ffde593a000 	C:\jdk-16.0.1\bin\jimage.dll
0x00007ffddd190000 - 0x00007ffddd374000 	C:\WINDOWS\SYSTEM32\DBGHELP.DLL
0x00007ffddcd10000 - 0x00007ffddcd3c000 	C:\WINDOWS\SYSTEM32\dbgcore.DLL
0x00007ffde9ad0000 - 0x00007ffde9b52000 	C:\WINDOWS\System32\bcryptPrimitives.dll
0x00007ffddd3f0000 - 0x00007ffddd415000 	C:\jdk-16.0.1\bin\java.dll
0x00007ffdea7f0000 - 0x00007ffdeaf34000 	C:\WINDOWS\System32\SHELL32.dll
0x00007ffde7790000 - 0x00007ffde7f25000 	C:\WINDOWS\SYSTEM32\windows.storage.dll
0x00007ffdeb220000 - 0x00007ffdeb575000 	C:\WINDOWS\System32\combase.dll
0x00007ffde9000000 - 0x00007ffde902e000 	C:\WINDOWS\SYSTEM32\Wldp.dll
0x00007ffdeb110000 - 0x00007ffdeb1bd000 	C:\WINDOWS\System32\SHCORE.dll
0x00007ffdeb5f0000 - 0x00007ffdeb645000 	C:\WINDOWS\System32\shlwapi.dll
0x00007ffde95c0000 - 0x00007ffde95df000 	C:\WINDOWS\SYSTEM32\profapi.dll
0x00007ffde4220000 - 0x00007ffde4239000 	C:\jdk-16.0.1\bin\net.dll
0x00007ffde2870000 - 0x00007ffde297c000 	C:\WINDOWS\SYSTEM32\WINHTTP.dll
0x00007ffde8d60000 - 0x00007ffde8dca000 	C:\WINDOWS\system32\mswsock.dll
0x00007ffddd3d0000 - 0x00007ffddd3e3000 	C:\jdk-16.0.1\bin\nio.dll
0x00007ffddd3b0000 - 0x00007ffddd3c8000 	C:\jdk-16.0.1\bin\zip.dll
0x00007ffde4b40000 - 0x00007ffde4b50000 	C:\jdk-16.0.1\bin\verify.dll
0x000000006b4f0000 - 0x000000006b7ce000 	C:\Users\dam_aap\AppData\Local\Temp\QtJambi_dam_aap_amd64_4.8.7_msvc2013x64-20150908-1314\lib\QtCore4.dll
0x00007ffdeb9f0000 - 0x00007ffdebb1a000 	C:\WINDOWS\System32\ole32.dll
0x00007ffdc0010000 - 0x00007ffdc00b6000 	C:\WINDOWS\SYSTEM32\MSVCP120.dll
0x00007ffda96d0000 - 0x00007ffda97bf000 	C:\WINDOWS\SYSTEM32\MSVCR120.dll
0x00007ffdc2640000 - 0x00007ffdc2680000 	C:\Users\dam_aap\AppData\Local\Temp\QtJambi_dam_aap_amd64_4.8.7_msvc2013x64-20150908-1314\lib\qtjambi.dll
0x00007ffda8320000 - 0x00007ffda844f000 	C:\Users\dam_aap\AppData\Local\Temp\QtJambi_dam_aap_amd64_4.8.7_msvc2013x64-20150908-1314\lib\com_trolltech_qt_core.dll
0x000000006ab80000 - 0x000000006b4ee000 	C:\Users\dam_aap\AppData\Local\Temp\QtJambi_dam_aap_amd64_4.8.7_msvc2013x64-20150908-1314\lib\QtGui4.dll
0x00007ffdebbf0000 - 0x00007ffdebcca000 	C:\WINDOWS\System32\COMDLG32.dll
0x00007ffdeb040000 - 0x00007ffdeb10d000 	C:\WINDOWS\System32\OLEAUT32.dll
0x00007ffdb3690000 - 0x00007ffdb3725000 	C:\WINDOWS\SYSTEM32\WINSPOOL.DRV
0x00007ffd7a6a0000 - 0x00007ffd7adcf000 	C:\Users\dam_aap\AppData\Local\Temp\QtJambi_dam_aap_amd64_4.8.7_msvc2013x64-20150908-1314\lib\com_trolltech_qt_gui.dll
0x00007ffde70b0000 - 0x00007ffde714e000 	C:\WINDOWS\system32\uxtheme.dll
0x00007ffdea040000 - 0x00007ffdea155000 	C:\WINDOWS\System32\MSCTF.dll
0x00007ffde46b0000 - 0x00007ffde46bd000 	C:\Users\dam_aap\AppData\Local\Temp\QtJambi_dam_aap_amd64_4.8.7_msvc2013x64-20150908-1314\plugins\imageformats\qgif4.dll
0x00007ffde46a0000 - 0x00007ffde46ae000 	C:\Users\dam_aap\AppData\Local\Temp\QtJambi_dam_aap_amd64_4.8.7_msvc2013x64-20150908-1314\plugins\imageformats\qico4.dll
0x00007ffdc1850000 - 0x00007ffdc188d000 	C:\Users\dam_aap\AppData\Local\Temp\QtJambi_dam_aap_amd64_4.8.7_msvc2013x64-20150908-1314\plugins\imageformats\qjpeg4.dll
0x00007ffdbfeb0000 - 0x00007ffdbfef9000 	C:\Users\dam_aap\AppData\Local\Temp\QtJambi_dam_aap_amd64_4.8.7_msvc2013x64-20150908-1314\plugins\imageformats\qmng4.dll
0x00007ffdbfdc0000 - 0x00007ffdbfe1b000 	C:\Users\dam_aap\AppData\Local\Temp\QtJambi_dam_aap_amd64_4.8.7_msvc2013x64-20150908-1314\plugins\imageformats\qtiff4.dll
0x00007ffde2ae0000 - 0x00007ffde2bd9000 	C:\WINDOWS\SYSTEM32\textinputframework.dll
0x00007ffde6850000 - 0x00007ffde6bae000 	C:\WINDOWS\System32\CoreUIComponents.dll
0x00007ffde6bb0000 - 0x00007ffde6ca2000 	C:\WINDOWS\System32\CoreMessaging.dll
0x00007ffde8300000 - 0x00007ffde8333000 	C:\WINDOWS\SYSTEM32\ntmarta.dll
0x00007ffde6040000 - 0x00007ffde6194000 	C:\WINDOWS\SYSTEM32\wintypes.dll
0x00007ffdbefa0000 - 0x00007ffdbf050000 	C:\WINDOWS\WinSxS\amd64_microsoft.windows.common-controls_6595b64144ccf1df_5.82.19041.1110_none_792d1c772443f647\comctl32.dll
0x00007ffdeb940000 - 0x00007ffdeb9e9000 	C:\WINDOWS\System32\clbcatq.dll
0x00007ffdd7f20000 - 0x00007ffdd7f5b000 	C:\WINDOWS\SYSTEM32\dxcore.dll
0x00007ffde9710000 - 0x00007ffde975e000 	C:\WINDOWS\System32\cfgmgr32.dll

dbghelp: loaded successfully - version: 4.0.5 - missing functions: none
symbol engine: initialized successfully - sym options: 0x614 - pdb path: .;C:\jdk-16.0.1\bin;C:\WINDOWS\SYSTEM32;C:\WINDOWS\WinSxS\amd64_microsoft.windows.common-controls_6595b64144ccf1df_6.0.19041.1110_none_60b5254171f9507e;C:\jdk-16.0.1\bin\server;C:\Users\dam_aap\AppData\Local\Temp\QtJambi_dam_aap_amd64_4.8.7_msvc2013x64-20150908-1314\lib;C:\Users\dam_aap\AppData\Local\Temp\QtJambi_dam_aap_amd64_4.8.7_msvc2013x64-20150908-1314\plugins\imageformats;C:\WINDOWS\WinSxS\amd64_microsoft.windows.common-controls_6595b64144ccf1df_5.82.19041.1110_none_792d1c772443f647

VM Arguments:
jvm_args: -Dfile.encoding=UTF-8 --module-path=C:\Users\dam_aap\Desktop\ProyectoConjunto\gym\Gimansio3.0\Gimnasio1.0\Interfaz\NetBeans\GymDam\build\classes 
java_command: gymdam.GymDam
java_class_path (initial): D:\qtjambi-community-4.8.7-win64-msvc2013\qtjambi-4.8.7.jar;D:\qtjambi-community-4.8.7-win64-msvc2013\qtjambi-designer-4.8.7.jar;D:\qtjambi-community-4.8.7-win64-msvc2013\qtjambi-examples-4.8.7.jar;D:\qtjambi-community-4.8.7-win64-msvc2013\qtjambi-examples-src.jar;D:\qtjambi-community-4.8.7-win64-msvc2013\qtjambi-native-win64-msvc2013x64-4.8.7.jar;D:\qtjambi-community-4.8.7-win64-msvc2013\qtjambi-src.jar;C:\Users\dam_aap\Desktop\ProyectoConjunto\gym\Gimansio3.0\Gimnasio1.0\Interfaz\NetBeans\GymDam\build\classes
Launcher Type: SUN_STANDARD

[Global flags]
     intx CICompilerCount                          = 3                                         {product} {ergonomic}
     uint ConcGCThreads                            = 2                                         {product} {ergonomic}
     uint G1ConcRefinementThreads                  = 6                                         {product} {ergonomic}
   size_t G1HeapRegionSize                         = 1048576                                   {product} {ergonomic}
    uintx GCDrainStackTargetSize                   = 64                                        {product} {ergonomic}
   size_t InitialHeapSize                          = 132120576                                 {product} {ergonomic}
   size_t MarkStackSize                            = 4194304                                   {product} {ergonomic}
   size_t MaxHeapSize                              = 2090860544                                {product} {ergonomic}
   size_t MaxNewSize                               = 1254096896                                {product} {ergonomic}
   size_t MinHeapDeltaBytes                        = 1048576                                   {product} {ergonomic}
   size_t MinHeapSize                              = 8388608                                   {product} {ergonomic}
    uintx NonNMethodCodeHeapSize                   = 5832780                                {pd product} {ergonomic}
    uintx NonProfiledCodeHeapSize                  = 122912730                              {pd product} {ergonomic}
    uintx ProfiledCodeHeapSize                     = 122912730                              {pd product} {ergonomic}
    uintx ReservedCodeCacheSize                    = 251658240                              {pd product} {ergonomic}
     bool SegmentedCodeCache                       = true                                      {product} {ergonomic}
   size_t SoftMaxHeapSize                          = 2090860544                             {manageable} {ergonomic}
     bool UseCompressedClassPointers               = true                           {product lp64_product} {ergonomic}
     bool UseCompressedOops                        = true                           {product lp64_product} {ergonomic}
     bool UseG1GC                                  = true                                      {product} {ergonomic}
     bool UseLargePagesIndividualAllocation        = false                                  {pd product} {ergonomic}

Logging:
Log output configuration:
 #0: stdout all=warning uptime,level,tags
 #1: stderr all=off uptime,level,tags

Environment Variables:
JAVA_HOME=c:\jdk-16.0.1
PATH=C:\Program Files (x86)\VMware\VMware Player\bin\;C:\jdk-16.0.1\bin;C:\WINDOWS\system32;C:\WINDOWS;C:\WINDOWS\System32\Wbem;C:\WINDOWS\System32\WindowsPowerShell\v1.0\;C:\WINDOWS\System32\OpenSSH\;C:\Program Files\PowerShell\7\;C:\Program Files\Microsoft SQL Server\Client SDK\ODBC\170\Tools\Binn\;C:\Program Files (x86)\Microsoft SQL Server\150\Tools\Binn\;C:\Program Files\Microsoft SQL Server\150\Tools\Binn\;C:\Program Files\Microsoft SQL Server\150\DTS\Binn\;C:\Program Files\Azure Data Studio\bin;C:\Program Files\dotnet\;C:\ProgramData\chocolatey\bin;C:\flutter\bin;C:\Users\dam_aap\AppData\Local\Microsoft\WindowsApps;D:\Microsoft VS Code\bin;C:\Users\dam_aap\AppData\Local\Programs\Git\cmd
USERNAME=dam_aap
OS=Windows_NT
PROCESSOR_IDENTIFIER=Intel64 Family 6 Model 158 Stepping 10, GenuineIntel



---------------  S Y S T E M  ---------------

OS:
 Windows 10 , 64 bit Build 19041 (10.0.19041.1466)
OS uptime: 0 days 4:35 hours

CPU: total 6 (initial active 6) (6 cores per cpu, 1 threads per core) family 6 model 158 stepping 10 microcode 0xb4, cx8, cmov, fxsr, mmx, 3dnowpref, sse, sse2, sse3, ssse3, sse4.1, sse4.2, popcnt, lzcnt, tsc, tscinvbit, avx, avx2, aes, erms, clmul, bmi1, bmi2, rtm, adx, fma, vzeroupper, clflush, clflushopt

Memory: 4k page, system-wide physical 7973M (2214M free)
TotalPageFile size 14885M (AvailPageFile size 7260M)
current process WorkingSet (physical memory assigned to process): 64M, peak: 87M
current process commit charge ("private bytes"): 105M, peak: 233M

vm_info: OpenJDK 64-Bit Server VM (16.0.1+9-24) for windows-amd64 JRE (16.0.1+9-24), built on Mar 26 2021 19:30:07 by "mach5one" with MS VC++ 16.7 (VS2019)

END.
