#
# A fatal error has been detected by the Java Runtime Environment:
#
#  EXCEPTION_ACCESS_VIOLATION (0xc0000005) at pc=0x0000000073102cbd, pid=4692, tid=9280
#
# JRE version: OpenJDK Runtime Environment (16.0.1+9) (build 16.0.1+9-24)
# Java VM: OpenJDK 64-Bit Server VM (16.0.1+9-24, mixed mode, sharing, tiered, compressed oops, compressed class ptrs, g1 gc, windows-amd64)
# Problematic frame:
# C  [QtGui4.dll+0x62cbd]
#
# No core dump will be written. Minidumps are not enabled by default on client versions of Windows
#
# If you would like to submit a bug report, please visit:
#   https://bugreport.java.com/bugreport/crash.jsp
# The crash happened outside the Java Virtual Machine in native code.
# See problematic frame for where to report the bug.
#

---------------  S U M M A R Y ------------

Command Line: -Dfile.encoding=UTF-8 --module-path=C:\Users\dam_aap\Desktop\ProyectoConjunto\gym\Gimansio3.0\Gimnasio1.0\Interfaz\NetBeans\GymDam\build\classes gymdam.GymDam

Host: Intel(R) Core(TM) i5-9500 CPU @ 3.00GHz, 6 cores, 7G,  Windows 10 , 64 bit Build 19041 (10.0.19041.1466)
Time: Mon Feb 21 09:26:27 2022 Hora estándar romance elapsed time: 1383.080208 seconds (0d 0h 23m 3s)

---------------  T H R E A D  ---------------

Current thread (0x000002623bdd81c0):  JavaThread "Secondary finalizer" [_thread_in_native, id=9280, stack(0x0000006be4a00000,0x0000006be4b00000)]

Stack: [0x0000006be4a00000,0x0000006be4b00000],  sp=0x0000006be4afeb70,  free space=1018k
Native frames: (J=compiled Java code, j=interpreted, Vv=VM code, C=native code)
C  [QtGui4.dll+0x62cbd]

Java frames: (J=compiled Java code, j=interpreted, Vv=VM code)
J 1034  com.trolltech.qt.internal.QtJambiObject.finalize()V (0 bytes) @ 0x000002622c5292eb [0x000002622c5292a0+0x000000000000004b]
J 772 c1 java.lang.ref.Finalizer.runFinalizer(Ljdk/internal/access/JavaLangAccess;)V java.base@16.0.1 (131 bytes) @ 0x00000262250bd124 [0x00000262250bcac0+0x0000000000000664]
j  java.lang.ref.Finalizer$2.run()V+33 java.base@16.0.1
j  java.lang.Thread.run()V+11 java.base@16.0.1
v  ~StubRoutines::call_stub

siginfo: EXCEPTION_ACCESS_VIOLATION (0xc0000005), reading address 0x0000000000000008


Register to memory mapping:

RIP=0x0000000073102cbd QtGui4.dll
RAX=0x0 is NULL
RBX=0x00000000ffffffff is an unallocated location in the heap
RCX=0x000002623c31cd00 points into unknown readable memory: 0x0000000000000001 | 01 00 00 00 00 00 00 00
RDX=0x0000000000000001 is an unknown value
RSP=0x0000006be4afeb70 is pointing into the stack for thread: 0x000002623bdd81c0
RBP=0x0 is NULL
RSI=0x000002623c30d950 points into unknown readable memory: 0x00000000736f3148 | 48 31 6f 73 00 00 00 00
RDI=0x000002623c30d950 points into unknown readable memory: 0x00000000736f3148 | 48 31 6f 73 00 00 00 00
R8 =0x0000000000000022 is an unknown value
R9 =0x000000000000003d is an unknown value
R10=0x0 is NULL
R11=0x000081c002004700 is an unknown value
R12=0x000002623c30d130 points into unknown readable memory: 0x000000007369fe58 | 58 fe 69 73 00 00 00 00
R13=0x000002623c3fe120 points into unknown readable memory: 0x00000000737091f0 | f0 91 70 73 00 00 00 00
R14=0x0 is NULL
R15=0x0 is NULL


Registers:
RAX=0x0000000000000000, RBX=0x00000000ffffffff, RCX=0x000002623c31cd00, RDX=0x0000000000000001
RSP=0x0000006be4afeb70, RBP=0x0000000000000000, RSI=0x000002623c30d950, RDI=0x000002623c30d950
R8 =0x0000000000000022, R9 =0x000000000000003d, R10=0x0000000000000000, R11=0x000081c002004700
R12=0x000002623c30d130, R13=0x000002623c3fe120, R14=0x0000000000000000, R15=0x0000000000000000
RIP=0x0000000073102cbd, EFLAGS=0x0000000000010206

Top of Stack: (sp=0x0000006be4afeb70)
0x0000006be4afeb70:   000002623c31cd00 00000000ffffffff
0x0000006be4afeb80:   0000000000000000 00007ffe7a2e69d8
0x0000006be4afeb90:   0000026200000000 0000000000000000
0x0000006be4afeba0:   fffffffffffffffe 0000000000000000
0x0000006be4afebb0:   0000000000000000 000000007341b1ce
0x0000006be4afebc0:   000002623bdbff90 0000000000000001
0x0000006be4afebd0:   000002623c31cd00 0000000000000030
0x0000006be4afebe0:   0000000000000001 000000007341aa44
0x0000006be4afebf0:   000002623c30d950 0000000000000000
0x0000006be4afec00:   000002621d365900 000002623bdd8400
0x0000006be4afec10:   fffffffffffffffe 000000007327cd63
0x0000006be4afec20:   000002623c30d950 00007ffe531629a5
0x0000006be4afec30:   000002623c30d950 000002623bdd8400
0x0000006be4afec40:   000002623d8acc10 000000007327ca74
0x0000006be4afec50:   fffffffffffffffe 00000000739a6298
0x0000006be4afec60:   000002623c3fe120 0000000073b2ab73 

Instructions: (pc=0x0000000073102cbd)
0x0000000073102bbd:   8b 0e 48 3b cb 74 1b ff 15 66 9b 58 00 84 c0 75
0x0000000073102bcd:   0e ba 08 00 00 00 48 8b 0e ff 15 c4 9d 58 00 48
0x0000000073102bdd:   89 1e 48 83 c4 38 41 5e 5f 5e 5b c3 cc cc cc cc
0x0000000073102bed:   cc cc cc 40 57 48 83 ec 20 48 8b 41 f8 48 8b fa
0x0000000073102bfd:   48 3b 90 40 01 00 00 74 6c 48 8b 41 f8 48 89 5c
0x0000000073102c0d:   24 30 48 8d 59 f0 f7 80 c8 01 00 00 00 00 00 10
0x0000000073102c1d:   74 0c 48 8b 43 20 48 8b 08 48 85 c9 75 22 41 b0
0x0000000073102c2d:   01 ba 64 00 00 00 48 8b cb e8 95 2c 00 00 48 8b
0x0000000073102c3d:   4b 08 33 d2 e8 fa 7b ff ff 48 8b 43 20 48 8b 08
0x0000000073102c4d:   48 8b d7 ff 15 12 cf 58 00 48 8b 5c 24 30 85 c0
0x0000000073102c5d:   75 13 48 8d 0d 52 db 59 00 48 83 c4 20 5f 48 ff
0x0000000073102c6d:   25 fe a6 58 00 48 83 c4 20 5f c3 cc cc cc cc cc
0x0000000073102c7d:   cc cc cc 85 d2 74 68 57 48 83 ec 40 48 c7 44 24
0x0000000073102c8d:   30 fe ff ff ff 48 89 5c 24 50 8b da 48 8b f9 c7
0x0000000073102c9d:   44 24 20 00 00 00 00 45 33 c9 45 33 c0 33 d2 48
0x0000000073102cad:   8d 4c 24 60 e8 ba ba fd ff 90 ff 15 bb 9b 58 00
0x0000000073102cbd:   48 8b 48 08 48 81 c1 28 01 00 00 4c 8d 4c 24 60
0x0000000073102ccd:   4c 8b c7 8b d3 e8 f9 8c fe ff 90 48 8d 4c 24 60
0x0000000073102cdd:   e8 ee e2 fc ff 48 8b 5c 24 50 48 83 c4 40 5f c3
0x0000000073102ced:   cc cc cc 48 89 5c 24 10 48 89 6c 24 18 48 89 74
0x0000000073102cfd:   24 20 57 48 81 ec 90 00 00 00 48 8b 05 62 4e 8a
0x0000000073102d0d:   00 48 33 c4 48 89 84 24 80 00 00 00 48 8b f1 48
0x0000000073102d1d:   8b 09 48 8b fa 48 83 c1 68 ba 01 00 00 00 ff 15
0x0000000073102d2d:   ef 99 58 00 84 c0 74 08 48 8b ce e8 f3 7b fa ff
0x0000000073102d3d:   48 8b 0e 48 8b d1 48 8b d9 4c 63 49 6c 8b 69 70
0x0000000073102d4d:   4d 85 c9 78 42 48 8d 44 24 20 41 ba 08 00 00 00
0x0000000073102d5d:   4c 2b d0 4a 8b 5c ca 08 48 3b d9 74 20 44 8b 07
0x0000000073102d6d:   0f 1f 00 44 39 43 f8 7d 14 4b 8d 04 ca 48 8b d3
0x0000000073102d7d:   48 03 c3 48 8b 5c 04 20 48 3b d9 75 e6 4a 89 54
0x0000000073102d8d:   cc 20 49 ff c9 79 cc 48 3b d9 74 3d 8b 43 f8 39
0x0000000073102d9d:   07 7c 36 48 8b 0e 4c 8b cb 48 8b 5b 08 48 3b d9
0x0000000073102dad:   74 0e 8b 43 f8 41 39 41 f8 7c 05 40 b7 01 eb 03 


Stack slot to memory mapping:
stack at sp + 0 slots: 0x000002623c31cd00 points into unknown readable memory: 0x0000000000000001 | 01 00 00 00 00 00 00 00
stack at sp + 1 slots: 0x00000000ffffffff is an unallocated location in the heap
stack at sp + 2 slots: 0x0 is NULL
stack at sp + 3 slots: 0x00007ffe7a2e69d8 MSVCR120.dll
stack at sp + 4 slots: 0x0000026200000000 is an unknown value
stack at sp + 5 slots: 0x0 is NULL
stack at sp + 6 slots: 0xfffffffffffffffe is an unknown value
stack at sp + 7 slots: 0x0 is NULL


---------------  P R O C E S S  ---------------

Threads class SMR info:
_java_thread_list=0x000002623b8dcdf0, length=17, elements={
0x000002623aced750, 0x000002623aceee20, 0x000002623acfda60, 0x000002623acfe660,
0x000002623acff060, 0x000002623acffa60, 0x000002623ad017a0, 0x000002623ad02290,
0x000002623ad06900, 0x000002623accb150, 0x000002623b9408f0, 0x000002623bfbabd0,
0x000002623c2a61b0, 0x000002621d292720, 0x000002623d6e3230, 0x000002623d944150,
0x000002623bdd81c0
}

Java Threads: ( => current thread )
  0x000002623aced750 JavaThread "Reference Handler" daemon [_thread_blocked, id=10912, stack(0x0000006be3500000,0x0000006be3600000)]
  0x000002623aceee20 JavaThread "Finalizer" daemon [_thread_blocked, id=5988, stack(0x0000006be3600000,0x0000006be3700000)]
  0x000002623acfda60 JavaThread "Signal Dispatcher" daemon [_thread_blocked, id=12224, stack(0x0000006be3700000,0x0000006be3800000)]
  0x000002623acfe660 JavaThread "Attach Listener" daemon [_thread_blocked, id=4436, stack(0x0000006be3800000,0x0000006be3900000)]
  0x000002623acff060 JavaThread "Service Thread" daemon [_thread_blocked, id=12540, stack(0x0000006be3900000,0x0000006be3a00000)]
  0x000002623acffa60 JavaThread "Monitor Deflation Thread" daemon [_thread_blocked, id=1640, stack(0x0000006be3a00000,0x0000006be3b00000)]
  0x000002623ad017a0 JavaThread "C2 CompilerThread0" daemon [_thread_blocked, id=6140, stack(0x0000006be3b00000,0x0000006be3c00000)]
  0x000002623ad02290 JavaThread "C1 CompilerThread0" daemon [_thread_blocked, id=14076, stack(0x0000006be3c00000,0x0000006be3d00000)]
  0x000002623ad06900 JavaThread "Sweeper thread" daemon [_thread_blocked, id=12748, stack(0x0000006be3d00000,0x0000006be3e00000)]
  0x000002623accb150 JavaThread "Common-Cleaner" daemon [_thread_blocked, id=13284, stack(0x0000006be3e00000,0x0000006be3f00000)]
  0x000002623b9408f0 JavaThread "Notification Thread" daemon [_thread_blocked, id=1664, stack(0x0000006be3f00000,0x0000006be4000000)]
  0x000002623bfbabd0 JavaThread "qtjambi-com.trolltech.qt.QThreadManager$NativeResourcesReleaseThread" daemon [_thread_blocked, id=9564, stack(0x0000006be4200000,0x0000006be4300000)]
  0x000002623c2a61b0 JavaThread "Java2D Disposer" daemon [_thread_blocked, id=3788, stack(0x0000006be4800000,0x0000006be4900000)]
  0x000002621d292720 JavaThread "DestroyJavaVM" [_thread_blocked, id=10676, stack(0x0000006be2e00000,0x0000006be2f00000)]
  0x000002623d6e3230 JavaThread "qtjambi-com.trolltech.qt.QtJambi_LibraryShutdown" [_thread_blocked, id=3684, stack(0x0000006be4900000,0x0000006be4a00000)]
  0x000002623d944150 JavaThread "AWT-Shutdown" [_thread_blocked, id=4544, stack(0x0000006be4c00000,0x0000006be4d00000)]
=>0x000002623bdd81c0 JavaThread "Secondary finalizer" [_thread_in_native, id=9280, stack(0x0000006be4a00000,0x0000006be4b00000)]

Other Threads:
  0x000002623ace7af0 VMThread "VM Thread" [stack: 0x0000006be3400000,0x0000006be3500000] [id=14188]
  0x000002621d2937a0 WatcherThread [stack: 0x0000006be4000000,0x0000006be4100000] [id=13736]
  0x000002621d2d12b0 GCTaskThread "GC Thread#0" [stack: 0x0000006be2f00000,0x0000006be3000000] [id=7888]
  0x000002623c1a3630 GCTaskThread "GC Thread#1" [stack: 0x0000006be4100000,0x0000006be4200000] [id=2700]
  0x000002623c1a3940 GCTaskThread "GC Thread#2" [stack: 0x0000006be4300000,0x0000006be4400000] [id=2036]
  0x000002623bdeda10 GCTaskThread "GC Thread#3" [stack: 0x0000006be4400000,0x0000006be4500000] [id=7012]
  0x000002623bdedd20 GCTaskThread "GC Thread#4" [stack: 0x0000006be4500000,0x0000006be4600000] [id=14168]
  0x000002623c1a3c50 GCTaskThread "GC Thread#5" [stack: 0x0000006be4600000,0x0000006be4700000] [id=12896]
  0x000002621d2e1d30 ConcurrentGCThread "G1 Main Marker" [stack: 0x0000006be3000000,0x0000006be3100000] [id=7776]
  0x000002621d2e2820 ConcurrentGCThread "G1 Conc#0" [stack: 0x0000006be3100000,0x0000006be3200000] [id=5928]
  0x000002621d363d70 ConcurrentGCThread "G1 Refine#0" [stack: 0x0000006be3200000,0x0000006be3300000] [id=5712]
  0x000002621d365c00 ConcurrentGCThread "G1 Service" [stack: 0x0000006be3300000,0x0000006be3400000] [id=5600]

Threads with active compile tasks:

VM state: not at safepoint (normal execution)

VM Mutex/Monitor currently owned by a thread: None

Heap address: 0x0000000083600000, size: 1994 MB, Compressed Oops mode: 32-bit

CDS archive(s) mapped at: [0x0000000800000000-0x0000000800bb0000-0x0000000800bb0000), size 12255232, SharedBaseAddress: 0x0000000800000000, ArchiveRelocationMode: 0.
Compressed class space mapped at: 0x0000000800c00000-0x0000000840c00000, reserved size: 1073741824
Narrow klass base: 0x0000000800000000, Narrow klass shift: 3, Narrow klass range: 0x100000000

GC Precious Log:
 CPUs: 6 total, 6 available
 Memory: 7973M
 Large Page Support: Disabled
 NUMA Support: Disabled
 Compressed Oops: Enabled (32-bit)
 Heap Region Size: 1M
 Heap Min Capacity: 8M
 Heap Initial Capacity: 126M
 Heap Max Capacity: 1994M
 Pre-touch: Disabled
 Parallel Workers: 6
 Concurrent Workers: 2
 Concurrent Refinement Workers: 6
 Periodic GC: Disabled

Heap:
 garbage-first heap   total 20480K, used 4586K [0x0000000083600000, 0x0000000100000000)
  region size 1024K, 1 young (1024K), 0 survivors (0K)
 Metaspace       used 9051K, committed 9216K, reserved 1064960K
  class space    used 878K, committed 960K, reserved 1048576K

Heap Regions: E=young(eden), S=young(survivor), O=old, HS=humongous(starts), HC=humongous(continues), CS=collection set, F=free, OA=open archive, CA=closed archive, TAMS=top-at-mark-start (previous, next)
|   0|0x0000000083600000, 0x00000000836ffff8, 0x0000000083700000| 99%| O|  |TAMS 0x0000000083600000, 0x0000000083600000| Untracked 
|   1|0x0000000083700000, 0x00000000837ffc00, 0x0000000083800000| 99%| O|  |TAMS 0x0000000083700000, 0x0000000083700000| Untracked 
|   2|0x0000000083800000, 0x00000000838ffff0, 0x0000000083900000| 99%| O|  |TAMS 0x0000000083800000, 0x0000000083800000| Untracked 
|   3|0x0000000083900000, 0x00000000839fffc8, 0x0000000083a00000| 99%| O|  |TAMS 0x0000000083900000, 0x0000000083900000| Untracked 
|   4|0x0000000083a00000, 0x0000000083a49598, 0x0000000083b00000| 28%| O|  |TAMS 0x0000000083a00000, 0x0000000083a00000| Untracked 
|   5|0x0000000083b00000, 0x0000000083b31760, 0x0000000083c00000| 19%| O|  |TAMS 0x0000000083b00000, 0x0000000083b00000| Untracked 
|   6|0x0000000083c00000, 0x0000000083c00000, 0x0000000083d00000|  0%| F|  |TAMS 0x0000000083c00000, 0x0000000083c00000| Untracked 
|   7|0x0000000083d00000, 0x0000000083d00000, 0x0000000083e00000|  0%| F|  |TAMS 0x0000000083d00000, 0x0000000083d00000| Untracked 
|   8|0x0000000083e00000, 0x0000000083e00000, 0x0000000083f00000|  0%| F|  |TAMS 0x0000000083e00000, 0x0000000083e00000| Untracked 
|   9|0x0000000083f00000, 0x0000000083f00000, 0x0000000084000000|  0%| F|  |TAMS 0x0000000083f00000, 0x0000000083f00000| Untracked 
|  10|0x0000000084000000, 0x0000000084000000, 0x0000000084100000|  0%| F|  |TAMS 0x0000000084000000, 0x0000000084000000| Untracked 
|  11|0x0000000084100000, 0x0000000084100000, 0x0000000084200000|  0%| F|  |TAMS 0x0000000084100000, 0x0000000084100000| Untracked 
|  12|0x0000000084200000, 0x0000000084200000, 0x0000000084300000|  0%| F|  |TAMS 0x0000000084200000, 0x0000000084200000| Untracked 
|  13|0x0000000084300000, 0x0000000084300000, 0x0000000084400000|  0%| F|  |TAMS 0x0000000084300000, 0x0000000084300000| Untracked 
|  14|0x0000000084400000, 0x0000000084400000, 0x0000000084500000|  0%| F|  |TAMS 0x0000000084400000, 0x0000000084400000| Untracked 
|  15|0x0000000084500000, 0x0000000084500000, 0x0000000084600000|  0%| F|  |TAMS 0x0000000084500000, 0x0000000084500000| Untracked 
|  16|0x0000000084600000, 0x0000000084600000, 0x0000000084700000|  0%| F|  |TAMS 0x0000000084600000, 0x0000000084600000| Untracked 
|  17|0x0000000084700000, 0x0000000084700000, 0x0000000084800000|  0%| F|  |TAMS 0x0000000084700000, 0x0000000084700000| Untracked 
|  18|0x0000000084800000, 0x0000000084800000, 0x0000000084900000|  0%| F|  |TAMS 0x0000000084800000, 0x0000000084800000| Untracked 
|  74|0x0000000088000000, 0x000000008800bf30, 0x0000000088100000|  4%| E|  |TAMS 0x0000000088000000, 0x0000000088000000| Complete 

Card table byte_map: [0x0000026233f00000,0x00000262342f0000] _byte_map_base: 0x0000026233ae5000

Marking Bits (Prev, Next): (CMBitMap*) 0x000002621d2d19a0, (CMBitMap*) 0x000002621d2d19e0
 Prev Bits: [0x00000262346e0000, 0x0000026236608000)
 Next Bits: [0x0000026236610000, 0x0000026238538000)

Polling page: 0x000002621b230000

Metaspace:

Usage:
  Non-class:      7.98 MB used.
      Class:    878.91 KB used.
       Both:      8.84 MB used.

Virtual space:
  Non-class space:       16.00 MB reserved,       8.06 MB ( 50%) committed,  2 nodes.
      Class space:        1.00 GB reserved,     960.00 KB ( <1%) committed,  1 nodes.
              Both:        1.02 GB reserved,       9.00 MB ( <1%) committed. 

Chunk freelists:
   Non-Class:  3.61 MB
       Class:  3.03 MB
        Both:  6.64 MB

MaxMetaspaceSize: 17179869184.00 GB
CompressedClassSpaceSize: 1.00 GB
 - commit_granule_bytes: 65536.
 - commit_granule_words: 8192.
 - virtual_space_node_default_size: 1048576.
 - enlarge_chunks_in_place: 1.
 - new_chunks_are_fully_committed: 0.
 - uncommit_free_chunks: 1.
 - use_allocation_guard: 0.
 - handle_deallocations: 1.


Internal statistics:

num_allocs_failed_limit: 0.
num_arena_births: 94.
num_arena_deaths: 0.
num_vsnodes_births: 3.
num_vsnodes_deaths: 0.
num_space_committed: 144.
num_space_uncommitted: 0.
num_chunks_returned_to_freelist: 0.
num_chunks_taken_from_freelist: 241.
num_chunk_merges: 0.
num_chunk_splits: 172.
num_chunks_enlarged: 118.
num_purges: 0.

CodeHeap 'non-profiled nmethods': size=120000Kb used=359Kb max_used=359Kb free=119640Kb
 bounds [0x000002622c4d0000, 0x000002622c740000, 0x0000026233a00000]
CodeHeap 'profiled nmethods': size=120000Kb used=1704Kb max_used=1704Kb free=118296Kb
 bounds [0x0000026224fa0000, 0x0000026225210000, 0x000002622c4d0000]
CodeHeap 'non-nmethods': size=5760Kb used=1237Kb max_used=1269Kb free=4522Kb
 bounds [0x0000026224a00000, 0x0000026224c70000, 0x0000026224fa0000]
 total_blobs=1598 nmethods=1051 adapters=460
 compilation: enabled
              stopped_count=0, restarted_count=0
 full_count=0

Compilation events (20 events):
Event: 1383.035 Thread 0x000002623ad02290 1043       3       java.io.BufferedWriter::ensureOpen (18 bytes)
Event: 1383.036 Thread 0x000002623ad02290 nmethod 1043 0x0000026225142590 code [0x0000026225142740, 0x0000026225142968]
Event: 1383.036 Thread 0x000002623ad02290 1044       3       java.lang.String::getChars (54 bytes)
Event: 1383.037 Thread 0x000002623ad02290 nmethod 1044 0x0000026225142a10 code [0x0000026225142c20, 0x0000026225143098]
Event: 1383.037 Thread 0x000002623ad02290 1045       3       java.lang.StringLatin1::getChars (12 bytes)
Event: 1383.038 Thread 0x000002623ad02290 nmethod 1045 0x0000026225143290 code [0x0000026225143440, 0x0000026225143568]
Event: 1383.039 Thread 0x000002623ad02290 1046       3       java.lang.String::valueOf (15 bytes)
Event: 1383.039 Thread 0x000002623ad02290 nmethod 1046 0x0000026225143610 code [0x00000262251437c0, 0x00000262251439c8]
Event: 1383.039 Thread 0x000002623ad017a0 1047       4       java.lang.AbstractStringBuilder::<init> (39 bytes)
Event: 1383.040 Thread 0x000002623ad017a0 nmethod 1047 0x000002622c529910 code [0x000002622c529aa0, 0x000002622c529cb8]
Event: 1383.045 Thread 0x000002623ad02290 1048       3       java.lang.AbstractStringBuilder::append (55 bytes)
Event: 1383.045 Thread 0x000002623ad02290 nmethod 1048 0x0000026225143a90 code [0x0000026225143c80, 0x0000026225143fb8]
Event: 1383.045 Thread 0x000002623ad02290 1049       3       sun.nio.cs.UTF_8$Encoder::encodeArrayLoop (489 bytes)
Event: 1383.047 Thread 0x000002623ad02290 nmethod 1049 0x0000026225144110 code [0x0000026225144700, 0x0000026225147a68]
Event: 1383.047 Thread 0x000002623ad02290 1050       3       java.nio.Buffer::flip (20 bytes)
Event: 1383.047 Thread 0x000002623ad02290 nmethod 1050 0x0000026225148b10 code [0x0000026225148ca0, 0x0000026225148db8]
Event: 1383.055 Thread 0x000002623ad02290 1052   !   3       java.io.BufferedWriter::write (117 bytes)
Event: 1383.062 Thread 0x000002623ad02290 nmethod 1052 0x0000026225148e90 code [0x00000262251490a0, 0x0000026225149688]
Event: 1383.062 Thread 0x000002623ad02290 1051       3       java.io.Writer::write (11 bytes)
Event: 1383.062 Thread 0x000002623ad02290 nmethod 1051 0x0000026225149a10 code [0x0000026225149be0, 0x0000026225149ec8]

GC Heap History (6 events):
Event: 6.308 GC heap before
{Heap before GC invocations=0 (full 0):
 garbage-first heap   total 129024K, used 20480K [0x0000000083600000, 0x0000000100000000)
  region size 1024K, 21 young (21504K), 0 survivors (0K)
 Metaspace       used 5661K, committed 5824K, reserved 1056768K
  class space    used 494K, committed 576K, reserved 1048576K
}
Event: 6.311 GC heap after
{Heap after GC invocations=1 (full 0):
 garbage-first heap   total 129024K, used 4030K [0x0000000083600000, 0x0000000100000000)
  region size 1024K, 3 young (3072K), 3 survivors (3072K)
 Metaspace       used 5661K, committed 5824K, reserved 1056768K
  class space    used 494K, committed 576K, reserved 1048576K
}
Event: 1382.937 GC heap before
{Heap before GC invocations=1 (full 0):
 garbage-first heap   total 129024K, used 14270K [0x0000000083600000, 0x0000000100000000)
  region size 1024K, 14 young (14336K), 3 survivors (3072K)
 Metaspace       used 8981K, committed 9152K, reserved 1064960K
  class space    used 872K, committed 960K, reserved 1048576K
}
Event: 1382.946 GC heap after
{Heap after GC invocations=2 (full 1):
 garbage-first heap   total 20480K, used 4650K [0x0000000083600000, 0x0000000100000000)
  region size 1024K, 0 young (0K), 0 survivors (0K)
 Metaspace       used 8981K, committed 9152K, reserved 1064960K
  class space    used 872K, committed 960K, reserved 1048576K
}
Event: 1383.055 GC heap before
{Heap before GC invocations=2 (full 1):
 garbage-first heap   total 20480K, used 4650K [0x0000000083600000, 0x0000000100000000)
  region size 1024K, 1 young (1024K), 0 survivors (0K)
 Metaspace       used 9050K, committed 9216K, reserved 1064960K
  class space    used 878K, committed 960K, reserved 1048576K
}
Event: 1383.061 GC heap after
{Heap after GC invocations=3 (full 2):
 garbage-first heap   total 20480K, used 4586K [0x0000000083600000, 0x0000000100000000)
  region size 1024K, 0 young (0K), 0 survivors (0K)
 Metaspace       used 9050K, committed 9216K, reserved 1064960K
  class space    used 878K, committed 960K, reserved 1048576K
}

Deoptimization events (20 events):
Event: 0.139 Thread 0x000002621d292720 DEOPT PACKING pc=0x0000026224ff4e78 sp=0x0000006be2efc300
Event: 0.139 Thread 0x000002621d292720 DEOPT UNPACKING pc=0x0000026224a4dece sp=0x0000006be2efb760 mode 0
Event: 0.142 Thread 0x000002621d292720 DEOPT PACKING pc=0x0000026224fd59d6 sp=0x0000006be2efc2d0
Event: 0.142 Thread 0x000002621d292720 DEOPT UNPACKING pc=0x0000026224a4dece sp=0x0000006be2efb758 mode 0
Event: 0.144 Thread 0x000002621d292720 DEOPT PACKING pc=0x0000026224fd3ce8 sp=0x0000006be2efc420
Event: 0.144 Thread 0x000002621d292720 DEOPT UNPACKING pc=0x0000026224a4dece sp=0x0000006be2efb8b0 mode 0
Event: 0.145 Thread 0x000002621d292720 DEOPT PACKING pc=0x0000026224fd3ce8 sp=0x0000006be2efc420
Event: 0.145 Thread 0x000002621d292720 DEOPT UNPACKING pc=0x0000026224a4dece sp=0x0000006be2efb8b0 mode 0
Event: 0.148 Thread 0x000002621d292720 DEOPT PACKING pc=0x0000026224fd3ce8 sp=0x0000006be2efc420
Event: 0.148 Thread 0x000002621d292720 DEOPT UNPACKING pc=0x0000026224a4dece sp=0x0000006be2efb8b0 mode 0
Event: 0.150 Thread 0x000002621d292720 DEOPT PACKING pc=0x0000026224fd3ce8 sp=0x0000006be2efc420
Event: 0.150 Thread 0x000002621d292720 DEOPT UNPACKING pc=0x0000026224a4dece sp=0x0000006be2efb8b0 mode 0
Event: 6.349 Thread 0x000002621d292720 Uncommon trap: trap_request=0xffffff45 fr.pc=0x000002622c4dec90 relative=0x0000000000000910
Event: 6.349 Thread 0x000002621d292720 Uncommon trap: reason=unstable_if action=reinterpret pc=0x000002622c4dec90 method=java.util.HashMap.putVal(ILjava/lang/Object;Ljava/lang/Object;ZZ)Ljava/lang/Object; @ 81 c2
Event: 6.349 Thread 0x000002621d292720 DEOPT PACKING pc=0x000002622c4dec90 sp=0x0000006be2ef89d0
Event: 6.349 Thread 0x000002621d292720 DEOPT UNPACKING pc=0x0000026224a4d72e sp=0x0000006be2ef8970 mode 2
Event: 6.374 Thread 0x000002621d292720 Uncommon trap: trap_request=0xffffff3d fr.pc=0x000002622c51305c relative=0x0000000000000b7c
Event: 6.374 Thread 0x000002621d292720 Uncommon trap: reason=unstable_fused_if action=reinterpret pc=0x000002622c51305c method=java.util.HashMap.resize()[Ljava/util/HashMap$Node; @ 31 c2
Event: 6.374 Thread 0x000002621d292720 DEOPT PACKING pc=0x000002622c51305c sp=0x0000006be2ef8f90
Event: 6.374 Thread 0x000002621d292720 DEOPT UNPACKING pc=0x0000026224a4d72e sp=0x0000006be2ef8f18 mode 2

Classes unloaded (0 events):
No events

Classes redefined (0 events):
No events

Internal exceptions (14 events):
Event: 0.066 Thread 0x000002621d292720 Exception <a 'sun/nio/fs/WindowsException'{0x000000008b235790}> (0x000000008b235790) 
thrown [t:\workspace\open\src\hotspot\share\prims\jni.cpp, line 579]
Event: 0.067 Thread 0x000002621d292720 Exception <a 'sun/nio/fs/WindowsException'{0x000000008b235db0}> (0x000000008b235db0) 
thrown [t:\workspace\open\src\hotspot\share\prims\jni.cpp, line 579]
Event: 0.068 Thread 0x000002621d292720 Exception <a 'sun/nio/fs/WindowsException'{0x000000008b238620}> (0x000000008b238620) 
thrown [t:\workspace\open\src\hotspot\share\prims\jni.cpp, line 579]
Event: 0.172 Thread 0x000002621d292720 Exception <a 'java/lang/NoSuchMethodError'{0x000000008a50f4e0}: 'void java.lang.invoke.DirectMethodHandle$Holder.invokeSpecial(java.lang.Object, java.lang.Object, java.lang.Object)'> (0x000000008a50f4e0) 
thrown [t:\workspace\open\src\hotspot\share\interpreter\linkResolver.cpp, line 790]
Event: 0.173 Thread 0x000002621d292720 Exception <a 'java/lang/NoSuchMethodError'{0x000000008a51fc00}: 'java.lang.Object java.lang.invoke.DirectMethodHandle$Holder.invokeStatic(java.lang.Object)'> (0x000000008a51fc00) 
thrown [t:\workspace\open\src\hotspot\share\interpreter\linkResolver.cpp, line 790]
Event: 6.296 Thread 0x000002621d292720 Exception <a 'java/lang/ClassNotFoundException'{0x0000000089fc7f30}: sun/awt/resources/spi/awtProvider> (0x0000000089fc7f30) 
thrown [t:\workspace\open\src\hotspot\share\classfile\systemDictionary.cpp, line 256]
Event: 6.303 Thread 0x000002621d292720 Exception <a 'java/io/FileNotFoundException'{0x0000000089ff6c28}> (0x0000000089ff6c28) 
thrown [t:\workspace\open\src\hotspot\share\prims\jni.cpp, line 579]
Event: 6.303 Thread 0x000002621d292720 Exception <a 'java/io/FileNotFoundException'{0x0000000089ff7f48}> (0x0000000089ff7f48) 
thrown [t:\workspace\open\src\hotspot\share\prims\jni.cpp, line 579]
Event: 6.331 Thread 0x000002621d292720 Exception <a 'java/lang/NoSuchMethodError'{0x000000008b37f040}: 'java.lang.Object java.lang.invoke.DirectMethodHandle$Holder.invokeStaticInit(java.lang.Object)'> (0x000000008b37f040) 
thrown [t:\workspace\open\src\hotspot\share\interpreter\linkResolver.cpp, line 790]
Event: 6.354 Thread 0x000002621d292720 Exception <a 'java/lang/NoSuchMethodError'{0x000000008b25a560}: 'java.lang.Object java.lang.invoke.DirectMethodHandle$Holder.newInvokeSpecial(java.lang.Object, java.lang.Object, java.lang.Object, java.lang.Object, java.lang.Object)'> (0x000000008b25a560) 
thrown [t:\workspace\open\src\hotspot\share\interpreter\linkResolver.cpp, line 790]
Event: 6.355 Thread 0x000002621d292720 Exception <a 'java/lang/NoSuchMethodError'{0x000000008b266048}: 'java.lang.Object java.lang.invoke.DirectMethodHandle$Holder.invokeStatic(java.lang.Object, int, java.lang.Object, java.lang.Object, java.lang.Object, java.lang.Object)'> (0x000000008b266048) 
thrown [t:\workspace\open\src\hotspot\share\interpreter\linkResolver.cpp, line 790]
Event: 6.357 Thread 0x000002621d292720 Exception <a 'java/lang/NoSuchMethodError'{0x000000008b28c110}: 'java.lang.Object java.lang.invoke.DirectMethodHandle$Holder.invokeStatic(java.lang.Object, int, java.lang.Object)'> (0x000000008b28c110) 
thrown [t:\workspace\open\src\hotspot\share\interpreter\linkResolver.cpp, line 790]
Event: 6.370 Thread 0x000002621d292720 Exception <a 'java/lang/ClassNotFoundException'{0x000000008b148d60}: com/sun/swing/internal/plaf/metal/resources/spi/metalProvider> (0x000000008b148d60) 
thrown [t:\workspace\open\src\hotspot\share\classfile\systemDictionary.cpp, line 256]
Event: 6.371 Thread 0x000002621d292720 Exception <a 'java/lang/ClassNotFoundException'{0x000000008b14d088}: com/sun/swing/internal/plaf/basic/resources/spi/basicProvider> (0x000000008b14d088) 
thrown [t:\workspace\open\src\hotspot\share\classfile\systemDictionary.cpp, line 256]

Events (20 events):
Event: 1382.948 loading class java/lang/ref/Finalizer$1
Event: 1382.948 loading class java/lang/ref/Finalizer$1 done
Event: 1382.948 Thread 0x000002623d902a10 Thread added: 0x000002623d902a10
Event: 1382.949 Thread 0x000002623d902a10 Thread exited: 0x000002623d902a10
Event: 1382.956 Thread 0x000002621d292720 Thread exited: 0x000002621d292720
Event: 1382.956 Thread 0x000002621d292720 Thread added: 0x000002621d292720
Event: 1382.956 Thread 0x000002623d6e3230 Thread added: 0x000002623d6e3230
Event: 1382.956 Thread 0x000002623d93b140 Thread added: 0x000002623d93b140
Event: 1382.957 Thread 0x000002623d944150 Thread added: 0x000002623d944150
Event: 1382.959 loading class java/lang/Throwable$WrappedPrintStream
Event: 1382.959 loading class java/lang/Throwable$PrintStreamOrWriter
Event: 1382.959 loading class java/lang/Throwable$PrintStreamOrWriter done
Event: 1382.959 loading class java/lang/Throwable$WrappedPrintStream done
Event: 1382.960 loading class java/lang/StackTraceElement$HashedModules
Event: 1382.960 loading class java/lang/StackTraceElement$HashedModules done
Event: 1382.960 Thread 0x000002623ad7c0a0 Thread exited: 0x000002623ad7c0a0
Event: 1383.055 Executing  VM operation: G1CollectFull
Event: 1383.061 Executing  VM operation: G1CollectFull done
Event: 1383.061 Thread 0x000002623bdd81c0 Thread added: 0x000002623bdd81c0
Event: 1383.062 Thread 0x000002623d93b140 Thread exited: 0x000002623d93b140


Dynamic libraries:
0x00007ff635070000 - 0x00007ff63507e000 	C:\jdk-16.0.1\bin\java.exe
0x00007ffea64d0000 - 0x00007ffea66c5000 	C:\WINDOWS\SYSTEM32\ntdll.dll
0x00007ffea63d0000 - 0x00007ffea648e000 	C:\WINDOWS\System32\KERNEL32.DLL
0x00007ffea3be0000 - 0x00007ffea3ea8000 	C:\WINDOWS\System32\KERNELBASE.dll
0x00007ffea3f40000 - 0x00007ffea4040000 	C:\WINDOWS\System32\ucrtbase.dll
0x00007ffe9f400000 - 0x00007ffe9f418000 	C:\jdk-16.0.1\bin\jli.dll
0x00007ffe9f050000 - 0x00007ffe9f069000 	C:\jdk-16.0.1\bin\VCRUNTIME140.dll
0x00007ffea6220000 - 0x00007ffea63c1000 	C:\WINDOWS\System32\USER32.dll
0x00007ffea44e0000 - 0x00007ffea4502000 	C:\WINDOWS\System32\win32u.dll
0x00007ffe982e0000 - 0x00007ffe9857a000 	C:\WINDOWS\WinSxS\amd64_microsoft.windows.common-controls_6595b64144ccf1df_6.0.19041.1110_none_60b5254171f9507e\COMCTL32.dll
0x00007ffea6060000 - 0x00007ffea608b000 	C:\WINDOWS\System32\GDI32.dll
0x00007ffea5470000 - 0x00007ffea550e000 	C:\WINDOWS\System32\msvcrt.dll
0x00007ffea4380000 - 0x00007ffea448d000 	C:\WINDOWS\System32\gdi32full.dll
0x00007ffea4250000 - 0x00007ffea42ed000 	C:\WINDOWS\System32\msvcp_win.dll
0x00007ffea6140000 - 0x00007ffea6170000 	C:\WINDOWS\System32\IMM32.DLL
0x00007ffe7efd0000 - 0x00007ffe7efdc000 	C:\jdk-16.0.1\bin\vcruntime140_1.dll
0x00007ffe5e4a0000 - 0x00007ffe5e531000 	C:\jdk-16.0.1\bin\msvcp140.dll
0x00007ffe4e0b0000 - 0x00007ffe4ec5b000 	C:\jdk-16.0.1\bin\server\jvm.dll
0x00007ffea4df0000 - 0x00007ffea4e9e000 	C:\WINDOWS\System32\ADVAPI32.dll
0x00007ffea6180000 - 0x00007ffea621c000 	C:\WINDOWS\System32\sechost.dll
0x00007ffea4510000 - 0x00007ffea4635000 	C:\WINDOWS\System32\RPCRT4.dll
0x00007ffea5df0000 - 0x00007ffea5df8000 	C:\WINDOWS\System32\PSAPI.DLL
0x00007ffe72f80000 - 0x00007ffe72f89000 	C:\WINDOWS\SYSTEM32\WSOCK32.dll
0x00007ffe98bf0000 - 0x00007ffe98c17000 	C:\WINDOWS\SYSTEM32\WINMM.dll
0x00007ffe9e9a0000 - 0x00007ffe9e9aa000 	C:\WINDOWS\SYSTEM32\VERSION.dll
0x00007ffea5900000 - 0x00007ffea596b000 	C:\WINDOWS\System32\WS2_32.dll
0x00007ffea1af0000 - 0x00007ffea1b02000 	C:\WINDOWS\SYSTEM32\kernel.appcore.dll
0x00007ffe5e490000 - 0x00007ffe5e49a000 	C:\jdk-16.0.1\bin\jimage.dll
0x00007ffe97b40000 - 0x00007ffe97d24000 	C:\WINDOWS\SYSTEM32\DBGHELP.DLL
0x00007ffe98040000 - 0x00007ffe9806c000 	C:\WINDOWS\SYSTEM32\dbgcore.DLL
0x00007ffea42f0000 - 0x00007ffea4372000 	C:\WINDOWS\System32\bcryptPrimitives.dll
0x00007ffe5e460000 - 0x00007ffe5e485000 	C:\jdk-16.0.1\bin\java.dll
0x00007ffea46a0000 - 0x00007ffea4de4000 	C:\WINDOWS\System32\SHELL32.dll
0x00007ffea1cf0000 - 0x00007ffea2485000 	C:\WINDOWS\SYSTEM32\windows.storage.dll
0x00007ffea4f80000 - 0x00007ffea52d5000 	C:\WINDOWS\System32\combase.dll
0x00007ffea3560000 - 0x00007ffea358e000 	C:\WINDOWS\SYSTEM32\Wldp.dll
0x00007ffea6090000 - 0x00007ffea613d000 	C:\WINDOWS\System32\SHCORE.dll
0x00007ffea5680000 - 0x00007ffea56d5000 	C:\WINDOWS\System32\shlwapi.dll
0x00007ffea3b20000 - 0x00007ffea3b3f000 	C:\WINDOWS\SYSTEM32\profapi.dll
0x00007ffe5e440000 - 0x00007ffe5e459000 	C:\jdk-16.0.1\bin\net.dll
0x00007ffe9ce00000 - 0x00007ffe9cf0c000 	C:\WINDOWS\SYSTEM32\WINHTTP.dll
0x00007ffea32c0000 - 0x00007ffea332a000 	C:\WINDOWS\system32\mswsock.dll
0x00007ffe4fd80000 - 0x00007ffe4fd93000 	C:\jdk-16.0.1\bin\nio.dll
0x00007ffe4fa40000 - 0x00007ffe4fa58000 	C:\jdk-16.0.1\bin\zip.dll
0x00007ffe55500000 - 0x00007ffe55510000 	C:\jdk-16.0.1\bin\verify.dll
0x0000000073a10000 - 0x0000000073cee000 	C:\Users\dam_aap\AppData\Local\Temp\QtJambi_dam_aap_amd64_4.8.7_msvc2013x64-20150908-1314\lib\QtCore4.dll
0x00007ffea52e0000 - 0x00007ffea540a000 	C:\WINDOWS\System32\ole32.dll
0x00007ffe959b0000 - 0x00007ffe95a56000 	C:\WINDOWS\SYSTEM32\MSVCP120.dll
0x00007ffe7a280000 - 0x00007ffe7a36f000 	C:\WINDOWS\SYSTEM32\MSVCR120.dll
0x00007ffe7c590000 - 0x00007ffe7c5d0000 	C:\Users\dam_aap\AppData\Local\Temp\QtJambi_dam_aap_amd64_4.8.7_msvc2013x64-20150908-1314\lib\qtjambi.dll
0x00007ffe7a150000 - 0x00007ffe7a27f000 	C:\Users\dam_aap\AppData\Local\Temp\QtJambi_dam_aap_amd64_4.8.7_msvc2013x64-20150908-1314\lib\com_trolltech_qt_core.dll
0x00000000730a0000 - 0x0000000073a0e000 	C:\Users\dam_aap\AppData\Local\Temp\QtJambi_dam_aap_amd64_4.8.7_msvc2013x64-20150908-1314\lib\QtGui4.dll
0x00007ffea4ea0000 - 0x00007ffea4f7a000 	C:\WINDOWS\System32\COMDLG32.dll
0x00007ffea5510000 - 0x00007ffea55dd000 	C:\WINDOWS\System32\OLEAUT32.dll
0x00007ffe6e3c0000 - 0x00007ffe6e455000 	C:\WINDOWS\SYSTEM32\WINSPOOL.DRV
0x00007ffe52fb0000 - 0x00007ffe536df000 	C:\Users\dam_aap\AppData\Local\Temp\QtJambi_dam_aap_amd64_4.8.7_msvc2013x64-20150908-1314\lib\com_trolltech_qt_gui.dll
0x00007ffea1610000 - 0x00007ffea16ae000 	C:\WINDOWS\system32\uxtheme.dll
0x00007ffea5700000 - 0x00007ffea5815000 	C:\WINDOWS\System32\MSCTF.dll
0x00007ffea08d0000 - 0x00007ffea08dd000 	C:\Users\dam_aap\AppData\Local\Temp\QtJambi_dam_aap_amd64_4.8.7_msvc2013x64-20150908-1314\plugins\imageformats\qgif4.dll
0x00007ffea07d0000 - 0x00007ffea07de000 	C:\Users\dam_aap\AppData\Local\Temp\QtJambi_dam_aap_amd64_4.8.7_msvc2013x64-20150908-1314\plugins\imageformats\qico4.dll
0x00007ffe7b220000 - 0x00007ffe7b25d000 	C:\Users\dam_aap\AppData\Local\Temp\QtJambi_dam_aap_amd64_4.8.7_msvc2013x64-20150908-1314\plugins\imageformats\qjpeg4.dll
0x00007ffe7b1d0000 - 0x00007ffe7b219000 	C:\Users\dam_aap\AppData\Local\Temp\QtJambi_dam_aap_amd64_4.8.7_msvc2013x64-20150908-1314\plugins\imageformats\qmng4.dll
0x00007ffe7a0f0000 - 0x00007ffe7a14b000 	C:\Users\dam_aap\AppData\Local\Temp\QtJambi_dam_aap_amd64_4.8.7_msvc2013x64-20150908-1314\plugins\imageformats\qtiff4.dll
0x00007ffe9caf0000 - 0x00007ffe9cbe9000 	C:\WINDOWS\SYSTEM32\textinputframework.dll
0x00007ffea10d0000 - 0x00007ffea11c2000 	C:\WINDOWS\System32\CoreMessaging.dll
0x00007ffea0c70000 - 0x00007ffea0fce000 	C:\WINDOWS\System32\CoreUIComponents.dll
0x00007ffea2860000 - 0x00007ffea2893000 	C:\WINDOWS\SYSTEM32\ntmarta.dll
0x00007ffea0450000 - 0x00007ffea05a4000 	C:\WINDOWS\SYSTEM32\wintypes.dll
0x00007ffe7a8e0000 - 0x00007ffe7a990000 	C:\WINDOWS\WinSxS\amd64_microsoft.windows.common-controls_6595b64144ccf1df_5.82.19041.1110_none_792d1c772443f647\comctl32.dll
0x00007ffe46970000 - 0x00007ffe46aef000 	C:\jdk-16.0.1\bin\awt.dll
0x00007ffea1350000 - 0x00007ffea13e0000 	C:\WINDOWS\SYSTEM32\apphelp.dll
0x00007ffea1910000 - 0x00007ffea193f000 	C:\WINDOWS\system32\DWMAPI.DLL
0x00007ffe975a0000 - 0x00007ffe976c5000 	C:\WINDOWS\system32\opengl32.dll
0x00007ffe96d20000 - 0x00007ffe96d4c000 	C:\WINDOWS\SYSTEM32\GLU32.dll
0x00007ffea5e00000 - 0x00007ffea5ea9000 	C:\WINDOWS\System32\clbcatq.dll
0x00007ffe918d0000 - 0x00007ffe9190b000 	C:\WINDOWS\SYSTEM32\dxcore.dll
0x00007ffea4490000 - 0x00007ffea44de000 	C:\WINDOWS\System32\cfgmgr32.dll

dbghelp: loaded successfully - version: 4.0.5 - missing functions: none
symbol engine: initialized successfully - sym options: 0x614 - pdb path: .;C:\jdk-16.0.1\bin;C:\WINDOWS\SYSTEM32;C:\WINDOWS\WinSxS\amd64_microsoft.windows.common-controls_6595b64144ccf1df_6.0.19041.1110_none_60b5254171f9507e;C:\jdk-16.0.1\bin\server;C:\Users\dam_aap\AppData\Local\Temp\QtJambi_dam_aap_amd64_4.8.7_msvc2013x64-20150908-1314\lib;C:\Users\dam_aap\AppData\Local\Temp\QtJambi_dam_aap_amd64_4.8.7_msvc2013x64-20150908-1314\plugins\imageformats;C:\WINDOWS\WinSxS\amd64_microsoft.windows.common-controls_6595b64144ccf1df_5.82.19041.1110_none_792d1c772443f647

VM Arguments:
jvm_args: -Dfile.encoding=UTF-8 --module-path=C:\Users\dam_aap\Desktop\ProyectoConjunto\gym\Gimansio3.0\Gimnasio1.0\Interfaz\NetBeans\GymDam\build\classes 
java_command: gymdam.GymDam
java_class_path (initial): D:\qtjambi-community-4.8.7-win64-msvc2013\qtjambi-4.8.7.jar;D:\qtjambi-community-4.8.7-win64-msvc2013\qtjambi-designer-4.8.7.jar;D:\qtjambi-community-4.8.7-win64-msvc2013\qtjambi-examples-4.8.7.jar;D:\qtjambi-community-4.8.7-win64-msvc2013\qtjambi-examples-src.jar;D:\qtjambi-community-4.8.7-win64-msvc2013\qtjambi-native-win64-msvc2013x64-4.8.7.jar;D:\qtjambi-community-4.8.7-win64-msvc2013\qtjambi-src.jar;C:\Users\dam_aap\Desktop\json\json-20211205.jar;C:\Program Files\NetBeans-12.4\netbeans\ide\modules\ext\jaxb\jaxb-impl.jar;C:\Program Files\NetBeans-12.4\netbeans\ide\modules\ext\jaxb\jaxb-xjc.jar;C:\Program Files\NetBeans-12.4\netbeans\java\modules\ext\jaxws22\FastInfoset.jar;C:\Program Files\NetBeans-12.4\netbeans\java\modules\ext\jaxws22\gmbal-api-only.jar;C:\Program Files\NetBeans-12.4\netbeans\java\modules\ext\jaxws22\ha-api.jar;C:\Program Files\NetBeans-12.4\netbeans\java\modules\ext\jaxws22\javax.mail_1.4.jar;C:\Program Files\NetBeans-12.4\netbeans\java\modules\ext\jaxws22\jaxws-rt.jar;C:\Program Files\NetBeans-12.4\netbeans\java\modules\ext\jaxws22\jaxws-tools.jar;C:\Program Files\NetBeans-12.4\netbeans\java\modules\ext\jaxws22\management-api.jar;C:\Program Files\NetBeans-12.4\netbeans\java\modules\ext\jaxws22\mimepull.jar;C:\Program Files\NetBeans-12.4\netbeans\java\modules\ext\jaxws22\policy.jar;C:\Program Files\NetBeans-12.4\netbeans\java\modules\ext\jaxws22\saaj-impl.jar;C:\Program Files\NetBeans-12.4\netbeans\java\modules\ext\jaxws22\stax-ex.jar;C:\Program Files\NetBeans-12.4\netbeans\java\modules\ext\jaxws22\stax2-api.jar;C:\Program Files\NetBeans-12.4\netbeans\java\modules\ext\jaxws22\streambuffer.jar;C:\Program Files\NetBeans-12.4\netbeans\java\modules\ext\jaxws22\woodstox-core-asl.jar;C:\Program Files\NetBeans-12.4\netbeans\java\modules\ext\jaxws22\api\jaxws-api.jar;C:\Program Files\NetBeans-12.4\netbeans\java\modules\ext\jaxws22\api\jsr181-api.jar;C:\Program Files\NetBeans-12.4\netbeans\java\modules\ext\jaxws22\api\java
Launcher Type: SUN_STANDARD

[Global flags]
     intx CICompilerCount                          = 3                                         {product} {ergonomic}
     uint ConcGCThreads                            = 2                                         {product} {ergonomic}
     uint G1ConcRefinementThreads                  = 6                                         {product} {ergonomic}
   size_t G1HeapRegionSize                         = 1048576                                   {product} {ergonomic}
    uintx GCDrainStackTargetSize                   = 64                                        {product} {ergonomic}
   size_t InitialHeapSize                          = 132120576                                 {product} {ergonomic}
   size_t MarkStackSize                            = 4194304                                   {product} {ergonomic}
   size_t MaxHeapSize                              = 2090860544                                {product} {ergonomic}
   size_t MaxNewSize                               = 1254096896                                {product} {ergonomic}
   size_t MinHeapDeltaBytes                        = 1048576                                   {product} {ergonomic}
   size_t MinHeapSize                              = 8388608                                   {product} {ergonomic}
    uintx NonNMethodCodeHeapSize                   = 5832780                                {pd product} {ergonomic}
    uintx NonProfiledCodeHeapSize                  = 122912730                              {pd product} {ergonomic}
    uintx ProfiledCodeHeapSize                     = 122912730                              {pd product} {ergonomic}
    uintx ReservedCodeCacheSize                    = 251658240                              {pd product} {ergonomic}
     bool SegmentedCodeCache                       = true                                      {product} {ergonomic}
   size_t SoftMaxHeapSize                          = 2090860544                             {manageable} {ergonomic}
     bool UseCompressedClassPointers               = true                           {product lp64_product} {ergonomic}
     bool UseCompressedOops                        = true                           {product lp64_product} {ergonomic}
     bool UseG1GC                                  = true                                      {product} {ergonomic}
     bool UseLargePagesIndividualAllocation        = false                                  {pd product} {ergonomic}

Logging:
Log output configuration:
 #0: stdout all=warning uptime,level,tags
 #1: stderr all=off uptime,level,tags

Environment Variables:
JAVA_HOME=c:\jdk-16.0.1
PATH=C:\Program Files (x86)\VMware\VMware Player\bin\;C:\jdk-16.0.1\bin;C:\WINDOWS\system32;C:\WINDOWS;C:\WINDOWS\System32\Wbem;C:\WINDOWS\System32\WindowsPowerShell\v1.0\;C:\WINDOWS\System32\OpenSSH\;C:\Program Files\PowerShell\7\;C:\Program Files\Microsoft SQL Server\Client SDK\ODBC\170\Tools\Binn\;C:\Program Files (x86)\Microsoft SQL Server\150\Tools\Binn\;C:\Program Files\Microsoft SQL Server\150\Tools\Binn\;C:\Program Files\Microsoft SQL Server\150\DTS\Binn\;C:\Program Files\Azure Data Studio\bin;C:\Program Files\dotnet\;C:\ProgramData\chocolatey\bin;C:\flutter\bin;C:\Users\dam_aap\AppData\Local\Microsoft\WindowsApps;D:\Microsoft VS Code\bin;C:\Users\dam_aap\AppData\Local\Programs\Git\cmd;C:\Users\dam_aap\AppData\Local\gitkraken\bin
USERNAME=dam_aap
OS=Windows_NT
PROCESSOR_IDENTIFIER=Intel64 Family 6 Model 158 Stepping 10, GenuineIntel



---------------  S Y S T E M  ---------------

OS:
 Windows 10 , 64 bit Build 19041 (10.0.19041.1466)
OS uptime: 0 days 1:06 hours

CPU: total 6 (initial active 6) (6 cores per cpu, 1 threads per core) family 6 model 158 stepping 10 microcode 0xb4, cx8, cmov, fxsr, mmx, 3dnowpref, sse, sse2, sse3, ssse3, sse4.1, sse4.2, popcnt, lzcnt, tsc, tscinvbit, avx, avx2, aes, erms, clmul, bmi1, bmi2, rtm, adx, fma, vzeroupper, clflush, clflushopt

Memory: 4k page, system-wide physical 7973M (1213M free)
TotalPageFile size 14885M (AvailPageFile size 5726M)
current process WorkingSet (physical memory assigned to process): 78M, peak: 108M
current process commit charge ("private bytes"): 121M, peak: 245M

vm_info: OpenJDK 64-Bit Server VM (16.0.1+9-24) for windows-amd64 JRE (16.0.1+9-24), built on Mar 26 2021 19:30:07 by "mach5one" with MS VC++ 16.7 (VS2019)

END.
